

================================================================
== Synthesis Summary Report of 'qaoa_kernel'
================================================================
+ General Information: 
    * Date:           Thu Nov 20 16:57:56 2025
    * Version:        2024.2 (Build 5238294 on Nov  8 2024)
    * Project:        qaoa_kernel
    * Solution:       hls (Vivado IP Flow Target)
    * Product family: zynq
    * Target device:  xc7z010-clg400-1
    

+ Performance & Resource Estimates: 
    
    PS: '+' for module; 'o' for loop; '*' for dataflow
    +-----------------------------------------------------+--------+-------+---------+-----------+----------+---------+-------+----------+----------+----------+-------------+--------------+-----+
    |                       Modules                       |  Issue |       | Latency |  Latency  | Iteration|         |  Trip |          |          |          |             |              |     |
    |                       & Loops                       |  Type  | Slack | (cycles)|    (ns)   |  Latency | Interval| Count | Pipelined|   BRAM   |    DSP   |      FF     |      LUT     | URAM|
    +-----------------------------------------------------+--------+-------+---------+-----------+----------+---------+-------+----------+----------+----------+-------------+--------------+-----+
    |+ qaoa_kernel*                                       |  Timing|  -7.93|   206110|  3.283e+06|         -|   206110|      -|  dataflow|  18 (15%)|  68 (85%)|  14394 (40%)|  29346 (166%)|    -|
    | + Block_entry_state_re_wr_d_rd_proc                 |  Timing|  -7.93|   206109|  3.283e+06|         -|   206109|      -|        no|  18 (15%)|  68 (85%)|  13927 (39%)|  28866 (164%)|    -|
    |  + Block_entry_state_re_wr_d_rd_proc_Pipeline_1     |       -|   3.00|      513|  5.130e+03|         -|      513|      -|        no|         -|         -|     11 (~0%)|      55 (~0%)|    -|
    |   o Loop 1                                          |       -|   8.00|      511|  5.110e+03|         1|        1|    512|       yes|         -|         -|            -|             -|    -|
    |  + qaoaStep_hls_3_1_s                               |  Timing|  -7.93|   205034|  3.266e+06|         -|   205034|      -|        no|  16 (13%)|  38 (47%)|   8066 (22%)|   16423 (93%)|    -|
    |   + build_feasible_superposition_3_s                |       -|   1.43|      514|  5.140e+03|         -|      514|      -|        no|         -|         -|     26 (~0%)|     141 (~0%)|    -|
    |    o VITIS_LOOP_60_2                                |       -|   8.00|      512|  5.120e+03|         2|        1|    512|       yes|         -|         -|            -|             -|    -|
    |   + applyCost_hls_3_s                               |  Timing|  -0.70|   156709|  1.567e+06|         -|   156709|      -|        no|    4 (3%)|  11 (13%)|   4647 (13%)|   11232 (63%)|    -|
    |    o VITIS_LOOP_86_1_VITIS_LOOP_61_1                |      II|   8.00|   156707|  1.567e+06|        45|        9|  17408|       yes|         -|         -|            -|             -|    -|
    |     + costHamiltonian_3_s                           |  Timing|  -0.70|       29|    290.000|         -|        9|      -|       yes|         -|    3 (3%)|    2983 (8%)|    9509 (54%)|    -|
    |   + applyMixer_hls_3_s                              |  Timing|  -7.93|    47806|  7.615e+05|         -|    47806|      -|        no|  12 (10%)|  25 (31%)|    3219 (9%)|    4720 (26%)|    -|
    |    + applyMixer_hls_3_Pipeline_VITIS_LOOP_61_1      |       -|   1.41|      134|  1.340e+03|         -|      134|      -|        no|    4 (3%)|         -|     605 (1%)|     1123 (6%)|    -|
    |     o VITIS_LOOP_61_1                               |      II|   8.00|      132|  1.320e+03|         3|        2|     66|       yes|         -|         -|            -|             -|    -|
    |    + applyMixer_hls_3_Pipeline_2                    |       -|   3.00|      513|  5.130e+03|         -|      513|      -|        no|         -|         -|     11 (~0%)|      55 (~0%)|    -|
    |     o Loop 1                                        |       -|   8.00|      511|  5.110e+03|         1|        1|    512|       yes|         -|         -|            -|             -|    -|
    |    + applyMixer_hls_3_Pipeline_3                    |       -|   3.00|      513|  5.130e+03|         -|      513|      -|        no|         -|         -|     11 (~0%)|      55 (~0%)|    -|
    |     o Loop 1                                        |       -|   8.00|      511|  5.110e+03|         1|        1|    512|       yes|         -|         -|            -|             -|    -|
    |    + applyMixer_hls_3_Pipeline_VITIS_LOOP_116_1     |       -|   1.49|      514|  5.140e+03|         -|      514|      -|        no|         -|         -|     23 (~0%)|      63 (~0%)|    -|
    |     o VITIS_LOOP_116_1                              |       -|   8.00|      512|  5.120e+03|         2|        1|    512|       yes|         -|         -|            -|             -|    -|
    |    + applyMixer_hls_3_Pipeline_VITIS_LOOP_166_7     |       -|   0.79|      514|  5.140e+03|         -|      514|      -|        no|         -|         -|     23 (~0%)|     127 (~0%)|    -|
    |     o VITIS_LOOP_166_7                              |       -|   8.00|      512|  5.120e+03|         2|        1|    512|       yes|         -|         -|            -|             -|    -|
    |    o VITIS_LOOP_127_2                               |       -|   8.00|    46248|  7.367e+05|     15416|        -|      3|        no|         -|         -|            -|             -|    -|
    |     o VITIS_LOOP_131_3                              |       -|   8.00|    15414|  2.455e+05|      5138|        -|      3|        no|         -|         -|            -|             -|    -|
    |      o VITIS_LOOP_132_4                             |       -|   8.00|     5136|  8.181e+04|      2568|        -|      2|        no|         -|         -|            -|             -|    -|
    |       + applyMixer_hls_3_Pipeline_VITIS_LOOP_134_5  |       -|   0.79|      514|  5.140e+03|         -|      514|      -|        no|         -|         -|     49 (~0%)|     127 (~0%)|    -|
    |        o VITIS_LOOP_134_5                           |       -|   8.00|      512|  5.120e+03|         2|        1|    512|       yes|         -|         -|            -|             -|    -|
    |       + applyMixer_hls_3_Pipeline_VITIS_LOOP_140_6  |  Timing|  -7.93|     2050|  3.265e+04|         -|     2050|      -|        no|         -|    6 (7%)|     906 (2%)|      920 (5%)|    -|
    |        o VITIS_LOOP_140_6                           |      II|   8.00|     2048|  3.262e+04|         4|        4|    512|       yes|         -|         -|            -|             -|    -|
    |  + expectation_cost_3_s                             |       -|   0.50|      555|  5.550e+03|         -|      555|      -|        no|         -|  26 (32%)|   5215 (14%)|   10203 (57%)|    -|
    |   + expectation_cost_3_Pipeline_VITIS_LOOP_177_1    |       -|   0.50|      544|  5.440e+03|         -|      544|      -|        no|         -|  26 (32%)|   4914 (13%)|   10076 (57%)|    -|
    |    o VITIS_LOOP_177_1                               |       -|   8.00|      542|  5.420e+03|        32|        1|    512|       yes|         -|         -|            -|             -|    -|
    | + Block_entry_proc_proc                             |       -|   4.37|        0|      0.000|         -|        0|      -|        no|         -|         -|     34 (~0%)|      20 (~0%)|    -|
    +-----------------------------------------------------+--------+-------+---------+-----------+----------+---------+-------+----------+----------+----------+-------------+--------------+-----+


================================================================
== HW Interfaces
================================================================
* S_AXILITE Interfaces
+---------------+------------+---------------+--------+----------+
| Interface     | Data Width | Address Width | Offset | Register |
+---------------+------------+---------------+--------+----------+
| s_axi_control | 32         | 7             | 64     | 0        |
+---------------+------------+---------------+--------+----------+

* S_AXILITE Registers
+---------------+-----------------+--------+-------+--------+----------------------------------+----------------------------------------------------------------------+
| Interface     | Register        | Offset | Width | Access | Description                      | Bit Fields                                                           |
+---------------+-----------------+--------+-------+--------+----------------------------------+----------------------------------------------------------------------+
| s_axi_control | CTRL            | 0x00   | 32    | RW     | Control signals                  | 0=AP_START 1=AP_DONE 2=AP_IDLE 3=AP_READY 7=AUTO_RESTART 9=INTERRUPT |
| s_axi_control | GIER            | 0x04   | 32    | RW     | Global Interrupt Enable Register | 0=Enable                                                             |
| s_axi_control | IP_IER          | 0x08   | 32    | RW     | IP Interrupt Enable Register     | 0=CHAN0_INT_EN 1=CHAN1_INT_EN                                        |
| s_axi_control | IP_ISR          | 0x0c   | 32    | RW     | IP Interrupt Status Register     | 0=CHAN0_INT_ST 1=CHAN1_INT_ST                                        |
| s_axi_control | ap_return       | 0x10   | 32    | R      | Data signal of ap_return         |                                                                      |
| s_axi_control | gamma           | 0x18   | 32    | W      | Data signal of gamma             |                                                                      |
| s_axi_control | beta            | 0x20   | 32    | W      | Data signal of beta              |                                                                      |
| s_axi_control | get_best_state  | 0x28   | 32    | W      | Data signal of get_best_state    |                                                                      |
| s_axi_control | best_state      | 0x30   | 32    | R      | Data signal of best_state        |                                                                      |
| s_axi_control | best_state_ctrl | 0x34   | 32    | R      | Control signal of best_state     | 0=best_state_ap_vld                                                  |
+---------------+-----------------+--------+-------+--------+----------------------------------+----------------------------------------------------------------------+

* TOP LEVEL CONTROL
+-----------+------------+-----------+
| Interface | Type       | Ports     |
+-----------+------------+-----------+
| ap_clk    | clock      | ap_clk    |
| ap_rst_n  | reset      | ap_rst_n  |
| interrupt | interrupt  | interrupt |
| ap_ctrl   | ap_ctrl_hs |           |
+-----------+------------+-----------+


================================================================
== SW I/O Information
================================================================
* Top Function Arguments
+----------------+-----------+----------------------------------------------+
| Argument       | Direction | Datatype                                     |
+----------------+-----------+----------------------------------------------+
| d              | in        | ap_fixed<32, 12, AP_TRN, AP_WRAP, 0> const * |
| gamma          | in        | ap_fixed<32, 12, AP_TRN, AP_WRAP, 0> const * |
| beta           | in        | ap_fixed<32, 12, AP_TRN, AP_WRAP, 0> const * |
| get_best_state | in        | bool                                         |
| best_state     | out       | unsigned int*                                |
| return         | out       | float                                        |
+----------------+-----------+----------------------------------------------+

* SW-to-HW Mapping
+----------------+---------------+----------+-------------------------------------------+
| Argument       | HW Interface  | HW Type  | HW Info                                   |
+----------------+---------------+----------+-------------------------------------------+
| d              | s_axi_control | memory   | name=d offset=64 range=64                 |
| gamma          | s_axi_control | register | name=gamma offset=0x18 range=32           |
| beta           | s_axi_control | register | name=beta offset=0x20 range=32            |
| get_best_state | s_axi_control | register | name=get_best_state offset=0x28 range=32  |
| best_state     | s_axi_control | register | name=best_state offset=0x30 range=32      |
| best_state     | s_axi_control | register | name=best_state_ctrl offset=0x34 range=32 |
| return         | s_axi_control | register | name=ap_return offset=0x10 range=32       |
+----------------+---------------+----------+-------------------------------------------+


================================================================
== M_AXI Burst Information
================================================================
 Note: All burst requests might be further partitioned into multiple requests during RTL generation based on max_read_burst_length or max_write_burst_length settings.


================================================================
== Bind Op Report
================================================================
+---------------------------------------------------+-----+--------+-----------------------------+-----------+------------------------+---------+
| Name                                              | DSP | Pragma | Variable                    | Op        | Impl                   | Latency |
+---------------------------------------------------+-----+--------+-----------------------------+-----------+------------------------+---------+
| + qaoa_kernel                                     | 68  |        |                             |           |                        |         |
|  + Block_entry_state_re_wr_d_rd_proc              | 68  |        |                             |           |                        |         |
|    grp_fu_183_p2                                  |     |        | icmp_ln231                  | seteq     | auto                   | 0       |
|    grp_fu_195_p2                                  |     |        | sub_ln231                   | sub       | fabric                 | 0       |
|    grp_fu_207_p1                                  |     |        | select_ln231                | select    | auto_sel               | 0       |
|    ctlz_32_32_1_1_U109                            |     |        | tmp_3_i                     | ctlz      | auto                   | 0       |
|    sub_ln231_1_fu_235_p2                          |     |        | sub_ln231_1                 | sub       | fabric                 | 0       |
|    add_ln231_fu_268_p2                            |     |        | add_ln231                   | add       | fabric                 | 0       |
|    icmp_ln231_1_fu_287_p2                         |     |        | icmp_ln231_1                | setgt     | auto                   | 0       |
|    sub_ln231_4_fu_293_p2                          |     |        | sub_ln231_4                 | sub       | fabric                 | 0       |
|    lshr_ln231_2_fu_302_p2                         |     |        | lshr_ln231_2                | lshr      | auto_pipe              | 0       |
|    and_ln231_fu_308_p2                            |     |        | and_ln231                   | and       | auto                   | 0       |
|    icmp_ln231_2_fu_314_p2                         |     |        | icmp_ln231_2                | setne     | auto                   | 0       |
|    phi_ln231_fu_320_p2                            |     |        | phi_ln231                   | and       | auto                   | 0       |
|    xor_ln231_fu_334_p2                            |     |        | xor_ln231                   | xor       | auto                   | 0       |
|    bitselect_1ns_32ns_32s_1_1_1_U110              |     |        | tmp_110                     | bitselect | auto                   | 0       |
|    mul_32s_32s_52_2_1_U112                        |     |        | phi_ln231_1                 | and       | auto                   | 0       |
|    or_ln231_fu_354_p2                             |     |        | or_ln231                    | or        | auto                   | 0       |
|    mul_32s_32s_52_2_1_U112                        |     |        | icmp_ln231_3                | setgt     | auto                   | 0       |
|    add_ln231_1_fu_370_p2                          |     |        | add_ln231_1                 | add       | fabric                 | 0       |
|    lshr_ln231_fu_383_p2                           |     |        | lshr_ln231                  | lshr      | auto_pipe              | 0       |
|    sub_ln231_2_fu_389_p2                          |     |        | sub_ln231_2                 | sub       | fabric                 | 0       |
|    shl_ln231_fu_402_p2                            |     |        | shl_ln231                   | shl       | auto_pipe              | 0       |
|    cond46_i_i53_i_i_i_i_fu_408_p3                 |     |        | cond46_i_i53_i_i_i_i        | select    | auto_sel               | 0       |
|    add_ln231_2_fu_416_p2                          |     |        | add_ln231_2                 | add       | fabric                 | 0       |
|    select_ln231_1_fu_444_p3                       |     |        | select_ln231_1              | select    | auto_sel               | 0       |
|    sub_ln231_3_fu_452_p2                          |     |        | sub_ln231_3                 | sub       | fabric                 | 0       |
|    add_ln231_3_fu_461_p2                          |     |        | add_ln231_3                 | add       | fabric                 | 0       |
|    grp_fu_183_p2                                  |     |        | icmp_ln228                  | seteq     | auto                   | 0       |
|    grp_fu_195_p2                                  |     |        | sub_ln228                   | sub       | fabric                 | 0       |
|    grp_fu_207_p1                                  |     |        | select_ln228                | select    | auto_sel               | 0       |
|    ctlz_32_32_1_1_U109                            |     |        | tmp_1_i                     | ctlz      | auto                   | 0       |
|    sub_ln228_1_fu_258_p2                          |     |        | sub_ln228_1                 | sub       | fabric                 | 0       |
|    add_ln228_fu_582_p2                            |     |        | add_ln228                   | add       | fabric                 | 0       |
|    icmp_ln228_1_fu_601_p2                         |     |        | icmp_ln228_1                | setgt     | auto                   | 0       |
|    sub_ln228_4_fu_607_p2                          |     |        | sub_ln228_4                 | sub       | fabric                 | 0       |
|    lshr_ln228_2_fu_616_p2                         |     |        | lshr_ln228_2                | lshr      | auto_pipe              | 0       |
|    and_ln228_fu_622_p2                            |     |        | and_ln228                   | and       | auto                   | 0       |
|    icmp_ln228_2_fu_628_p2                         |     |        | icmp_ln228_2                | setne     | auto                   | 0       |
|    phi_ln228_fu_634_p2                            |     |        | phi_ln228                   | and       | auto                   | 0       |
|    xor_ln228_fu_648_p2                            |     |        | xor_ln228                   | xor       | auto                   | 0       |
|    bitselect_1ns_32ns_32s_1_1_1_U111              |     |        | tmp_105                     | bitselect | auto                   | 0       |
|    phi_ln228_1_fu_662_p2                          |     |        | phi_ln228_1                 | and       | auto                   | 0       |
|    or_ln228_fu_668_p2                             |     |        | or_ln228                    | or        | auto                   | 0       |
|    icmp_ln228_3_fu_678_p2                         |     |        | icmp_ln228_3                | setgt     | auto                   | 0       |
|    add_ln228_1_fu_684_p2                          |     |        | add_ln228_1                 | add       | fabric                 | 0       |
|    lshr_ln228_fu_697_p2                           |     |        | lshr_ln228                  | lshr      | auto_pipe              | 0       |
|    sub_ln228_2_fu_703_p2                          |     |        | sub_ln228_2                 | sub       | fabric                 | 0       |
|    shl_ln228_fu_716_p2                            |     |        | shl_ln228                   | shl       | auto_pipe              | 0       |
|    cond46_i_i_i_i_i_i_fu_495_p3                   |     |        | cond46_i_i_i_i_i_i          | select    | auto_sel               | 0       |
|    add_ln228_2_fu_503_p2                          |     |        | add_ln228_2                 | add       | fabric                 | 0       |
|    select_ln228_1_fu_531_p3                       |     |        | select_ln228_1              | select    | auto_sel               | 0       |
|    sub_ln228_3_fu_539_p2                          |     |        | sub_ln228_3                 | sub       | fabric                 | 0       |
|    add_ln228_3_fu_548_p2                          |     |        | add_ln228_3                 | add       | fabric                 | 0       |
|   + Block_entry_state_re_wr_d_rd_proc_Pipeline_1  | 0   |        |                             |           |                        |         |
|     add_ln221_fu_88_p2                            |     |        | add_ln221                   | add       | fabric                 | 0       |
|     icmp_ln221_fu_94_p2                           |     |        | icmp_ln221                  | seteq     | auto                   | 0       |
|   + qaoaStep_hls_3_1_s                            | 38  |        |                             |           |                        |         |
|    + build_feasible_superposition_3_s             | 0   |        |                             |           |                        |         |
|      icmp_ln60_fu_107_p2                          |     |        | icmp_ln60                   | seteq     | auto                   | 0       |
|      add_ln60_fu_113_p2                           |     |        | add_ln60                    | add       | fabric                 | 0       |
|      icmp_ln73_fu_168_p2                          |     |        | icmp_ln73                   | seteq     | auto                   | 0       |
|      icmp_ln73_1_fu_222_p2                        |     |        | icmp_ln73_1                 | seteq     | auto                   | 0       |
|      icmp_ln73_2_fu_276_p2                        |     |        | icmp_ln73_2                 | setne     | auto                   | 0       |
|      phitmp_fu_287_p3                             |     |        | phitmp                      | select    | auto_sel               | 0       |
|      and_ln73_fu_294_p2                           |     |        | and_ln73                    | and       | auto                   | 0       |
|      phi_ln61_fu_298_p3                           |     |        | phi_ln61                    | select    | auto_sel               | 0       |
|    + applyCost_hls_3_s                            | 11  |        |                             |           |                        |         |
|      icmp_ln86_fu_266_p2                          |     |        | icmp_ln86                   | seteq     | auto                   | 0       |
|      add_ln86_1_fu_272_p2                         |     |        | add_ln86_1                  | add       | fabric                 | 0       |
|      add_ln86_fu_289_p2                           |     |        | add_ln86                    | add       | fabric                 | 0       |
|      icmp_ln61_fu_295_p2                          |     |        | icmp_ln61                   | seteq     | auto                   | 0       |
|      select_ln86_fu_301_p3                        |     |        | select_ln86                 | select    | auto_sel               | 0       |
|      select_ln86_1_fu_380_p3                      |     |        | select_ln86_1               | select    | auto_sel               | 0       |
|      select_ln86_2_fu_351_p3                      |     |        | select_ln86_2               | select    | auto_sel               | 0       |
|      select_ln86_3_fu_309_p3                      |     |        | select_ln86_3               | select    | auto_sel               | 0       |
|      first_iter_0_fu_417_p2                       |     |        | first_iter_0                | seteq     | auto                   | 0       |
|      sign0_fu_387_p2                              |     |        | sign0                       | setgt     | auto                   | 0       |
|      sub_ln211_fu_392_p2                          |     |        | sub_ln211                   | sub       | fabric                 | 0       |
|      inabs_fu_397_p3                              |     |        | inabs                       | select    | auto_sel               | 0       |
|      mul_32ns_46ns_76_3_1_U10                     | 6   |        | mul_ln38                    | mul       | auto                   | 2       |
|      mul_11ns_33ns_34_2_1_U9                      | 2   |        | mul_ln42                    | mul       | auto                   | 1       |
|      add_ln42_fu_475_p2                           |     |        | add_ln42                    | add       | fabric                 | 0       |
|      sub_ln228_fu_494_p2                          |     |        | sub_ln228                   | sub       | fabric                 | 0       |
|      icmp_ln225_fu_500_p2                         |     |        | icmp_ln225                  | seteq     | auto                   | 0       |
|      icmp_ln225_2_fu_505_p2                       |     |        | icmp_ln225_2                | seteq     | auto                   | 0       |
|      or_ln225_fu_510_p2                           |     |        | or_ln225                    | or        | auto                   | 0       |
|      empty_63_fu_540_p3                           |     |        | empty_63                    | select    | auto_sel               | 0       |
|      select_ln61_fu_552_p3                        |     |        | select_ln61                 | select    | auto_sel               | 0       |
|      x_s_fu_371_p2                                |     |        | x_s                         | ashr      | auto_pipe              | 0       |
|      y_s_fu_408_p2                                |     |        | y_s                         | ashr      | auto_pipe              | 0       |
|      add_ln76_fu_567_p2                           |     |        | add_ln76                    | add       | fabric                 | 0       |
|      sub_ln77_fu_571_p2                           |     |        | sub_ln77                    | sub       | fabric                 | 0       |
|      add_ln78_fu_610_p2                           |     |        | add_ln78                    | add       | fabric                 | 0       |
|      sub_ln81_fu_575_p2                           |     |        | sub_ln81                    | sub       | fabric                 | 0       |
|      add_ln82_fu_579_p2                           |     |        | add_ln82                    | add       | fabric                 | 0       |
|      sub_ln83_fu_615_p2                           |     |        | sub_ln83                    | sub       | fabric                 | 0       |
|      x_fu_583_p3                                  |     |        | x                           | select    | auto_sel               | 0       |
|      y_fu_591_p3                                  |     |        | y                           | select    | auto_sel               | 0       |
|      z_fu_620_p3                                  |     |        | z                           | select    | auto_sel               | 0       |
|      add_ln61_fu_322_p2                           |     |        | add_ln61                    | add       | fabric                 | 0       |
|      icmp_ln61_1_fu_328_p2                        |     |        | icmp_ln61_1                 | seteq     | auto                   | 0       |
|      sub_ln261_fu_627_p2                          |     |        | sub_ln261                   | sub       | fabric                 | 0       |
|      sub_ln254_fu_632_p2                          |     |        | sub_ln254                   | sub       | fabric                 | 0       |
|      icmp_ln248_fu_637_p2                         |     |        | icmp_ln248                  | seteq     | auto                   | 0       |
|      icmp_ln248_2_fu_642_p2                       |     |        | icmp_ln248_2                | seteq     | auto                   | 0       |
|      or_ln248_fu_647_p2                           |     |        | or_ln248                    | or        | auto                   | 0       |
|      sparsemux_7_2_33_1_1_U13                     |     |        | outsin_0_in_in_i            | sparsemux | onehotencoding_realdef | 0       |
|      sparsemux_7_2_33_1_1_U14                     |     |        | outcos_write_assign_in_in_i | sparsemux | onehotencoding_realdef | 0       |
|      sub_ln266_fu_725_p2                          |     |        | sub_ln266                   | sub       | fabric                 | 0       |
|      outsin_fu_731_p3                             |     |        | outsin                      | select    | auto_sel               | 0       |
|      add_ln65_fu_767_p2                           |     |        | add_ln65                    | add       | fabric                 | 0       |
|     + costHamiltonian_3_s                         | 3   |        |                             |           |                        |         |
|       select_ln19_fu_390_p3                       |     |        | select_ln19                 | select    | auto_sel               | 0       |
|       select_ln19_54_fu_405_p3                    |     |        | select_ln19_54              | select    | auto_sel               | 0       |
|       select_ln19_55_fu_412_p3                    |     |        | select_ln19_55              | select    | auto_sel               | 0       |
|       select_ln19_56_fu_427_p3                    |     |        | select_ln19_56              | select    | auto_sel               | 0       |
|       add_ln19_fu_434_p2                          |     |        | add_ln19                    | add       | fabric                 | 0       |
|       select_ln19_57_fu_548_p3                    |     |        | select_ln19_57              | select    | auto_sel               | 0       |
|       select_ln19_58_fu_562_p3                    |     |        | select_ln19_58              | select    | auto_sel               | 0       |
|       add_ln19_26_fu_569_p2                       |     |        | add_ln19_26                 | add       | fabric                 | 0       |
|       select_ln19_59_fu_744_p3                    |     |        | select_ln19_59              | select    | auto_sel               | 0       |
|       select_ln19_60_fu_759_p3                    |     |        | select_ln19_60              | select    | auto_sel               | 0       |
|       add_ln19_27_fu_766_p2                       |     |        | add_ln19_27                 | add       | fabric                 | 0       |
|       select_ln19_61_fu_836_p3                    |     |        | select_ln19_61              | select    | auto_sel               | 0       |
|       select_ln19_62_fu_850_p3                    |     |        | select_ln19_62              | select    | auto_sel               | 0       |
|       add_ln19_28_fu_857_p2                       |     |        | add_ln19_28                 | add       | fabric                 | 0       |
|       select_ln19_63_fu_979_p3                    |     |        | select_ln19_63              | select    | auto_sel               | 0       |
|       select_ln19_64_fu_993_p3                    |     |        | select_ln19_64              | select    | auto_sel               | 0       |
|       add_ln19_29_fu_1000_p2                      |     |        | add_ln19_29                 | add       | fabric                 | 0       |
|       select_ln19_65_fu_1078_p3                   |     |        | select_ln19_65              | select    | auto_sel               | 0       |
|       select_ln19_66_fu_1093_p3                   |     |        | select_ln19_66              | select    | auto_sel               | 0       |
|       add_ln19_30_fu_1100_p2                      |     |        | add_ln19_30                 | add       | fabric                 | 0       |
|       select_ln19_67_fu_1170_p3                   |     |        | select_ln19_67              | select    | auto_sel               | 0       |
|       select_ln19_68_fu_1184_p3                   |     |        | select_ln19_68              | select    | auto_sel               | 0       |
|       add_ln19_31_fu_1191_p2                      |     |        | add_ln19_31                 | add       | fabric                 | 0       |
|       select_ln19_69_fu_1222_p3                   |     |        | select_ln19_69              | select    | auto_sel               | 0       |
|       select_ln19_70_fu_1236_p3                   |     |        | select_ln19_70              | select    | auto_sel               | 0       |
|       add_ln19_32_fu_1243_p2                      |     |        | add_ln19_32                 | add       | fabric                 | 0       |
|       select_ln19_71_fu_1273_p3                   |     |        | select_ln19_71              | select    | auto_sel               | 0       |
|       select_ln19_72_fu_1288_p3                   |     |        | select_ln19_72              | select    | auto_sel               | 0       |
|       add_ln19_33_fu_1295_p2                      |     |        | add_ln19_33                 | add       | fabric                 | 0       |
|       select_ln19_73_fu_1318_p3                   |     |        | select_ln19_73              | select    | auto_sel               | 0       |
|       select_ln19_74_fu_1332_p3                   |     |        | select_ln19_74              | select    | auto_sel               | 0       |
|       add_ln19_34_fu_1339_p2                      |     |        | add_ln19_34                 | add       | fabric                 | 0       |
|       select_ln19_75_fu_1362_p3                   |     |        | select_ln19_75              | select    | auto_sel               | 0       |
|       select_ln19_76_fu_1376_p3                   |     |        | select_ln19_76              | select    | auto_sel               | 0       |
|       add_ln19_35_fu_1383_p2                      |     |        | add_ln19_35                 | add       | fabric                 | 0       |
|       select_ln19_77_fu_1413_p3                   |     |        | select_ln19_77              | select    | auto_sel               | 0       |
|       select_ln19_78_fu_1428_p3                   |     |        | select_ln19_78              | select    | auto_sel               | 0       |
|       add_ln19_36_fu_1435_p2                      |     |        | add_ln19_36                 | add       | fabric                 | 0       |
|       select_ln19_79_fu_1458_p3                   |     |        | select_ln19_79              | select    | auto_sel               | 0       |
|       select_ln19_80_fu_1472_p3                   |     |        | select_ln19_80              | select    | auto_sel               | 0       |
|       add_ln19_37_fu_1479_p2                      |     |        | add_ln19_37                 | add       | fabric                 | 0       |
|       select_ln19_81_fu_1502_p3                   |     |        | select_ln19_81              | select    | auto_sel               | 0       |
|       select_ln19_82_fu_1516_p3                   |     |        | select_ln19_82              | select    | auto_sel               | 0       |
|       add_ln19_38_fu_1523_p2                      |     |        | add_ln19_38                 | add       | fabric                 | 0       |
|       select_ln19_83_fu_1554_p3                   |     |        | select_ln19_83              | select    | auto_sel               | 0       |
|       select_ln19_84_fu_1569_p3                   |     |        | select_ln19_84              | select    | auto_sel               | 0       |
|       add_ln19_39_fu_1576_p2                      |     |        | add_ln19_39                 | add       | fabric                 | 0       |
|       select_ln19_85_fu_1599_p3                   |     |        | select_ln19_85              | select    | auto_sel               | 0       |
|       select_ln19_86_fu_1613_p3                   |     |        | select_ln19_86              | select    | auto_sel               | 0       |
|       add_ln19_40_fu_1620_p2                      |     |        | add_ln19_40                 | add       | fabric                 | 0       |
|       select_ln19_87_fu_1643_p3                   |     |        | select_ln19_87              | select    | auto_sel               | 0       |
|       select_ln19_88_fu_1657_p3                   |     |        | select_ln19_88              | select    | auto_sel               | 0       |
|       add_ln19_41_fu_1664_p2                      |     |        | add_ln19_41                 | add       | fabric                 | 0       |
|       select_ln19_89_fu_1695_p3                   |     |        | select_ln19_89              | select    | auto_sel               | 0       |
|       select_ln19_90_fu_1710_p3                   |     |        | select_ln19_90              | select    | auto_sel               | 0       |
|       add_ln19_42_fu_1717_p2                      |     |        | add_ln19_42                 | add       | fabric                 | 0       |
|       select_ln19_91_fu_1740_p3                   |     |        | select_ln19_91              | select    | auto_sel               | 0       |
|       select_ln19_92_fu_1754_p3                   |     |        | select_ln19_92              | select    | auto_sel               | 0       |
|       add_ln19_43_fu_1761_p2                      |     |        | add_ln19_43                 | add       | fabric                 | 0       |
|       select_ln19_93_fu_1784_p3                   |     |        | select_ln19_93              | select    | auto_sel               | 0       |
|       select_ln19_94_fu_1798_p3                   |     |        | select_ln19_94              | select    | auto_sel               | 0       |
|       add_ln19_44_fu_1805_p2                      |     |        | add_ln19_44                 | add       | fabric                 | 0       |
|       select_ln19_95_fu_1835_p3                   |     |        | select_ln19_95              | select    | auto_sel               | 0       |
|       select_ln19_96_fu_1850_p3                   |     |        | select_ln19_96              | select    | auto_sel               | 0       |
|       add_ln19_45_fu_1857_p2                      |     |        | add_ln19_45                 | add       | fabric                 | 0       |
|       select_ln19_97_fu_1880_p3                   |     |        | select_ln19_97              | select    | auto_sel               | 0       |
|       select_ln19_98_fu_1894_p3                   |     |        | select_ln19_98              | select    | auto_sel               | 0       |
|       add_ln19_46_fu_1901_p2                      |     |        | add_ln19_46                 | add       | fabric                 | 0       |
|       select_ln19_99_fu_1924_p3                   |     |        | select_ln19_99              | select    | auto_sel               | 0       |
|       select_ln19_100_fu_1938_p3                  |     |        | select_ln19_100             | select    | auto_sel               | 0       |
|       add_ln19_47_fu_1945_p2                      |     |        | add_ln19_47                 | add       | fabric                 | 0       |
|       select_ln19_101_fu_1975_p3                  |     |        | select_ln19_101             | select    | auto_sel               | 0       |
|       select_ln19_102_fu_1990_p3                  |     |        | select_ln19_102             | select    | auto_sel               | 0       |
|       add_ln19_48_fu_1997_p2                      |     |        | add_ln19_48                 | add       | fabric                 | 0       |
|       select_ln19_103_fu_2020_p3                  |     |        | select_ln19_103             | select    | auto_sel               | 0       |
|       select_ln19_104_fu_2034_p3                  |     |        | select_ln19_104             | select    | auto_sel               | 0       |
|       add_ln19_49_fu_2041_p2                      |     |        | add_ln19_49                 | add       | fabric                 | 0       |
|       select_ln19_105_fu_2064_p3                  |     |        | select_ln19_105             | select    | auto_sel               | 0       |
|       select_ln19_106_fu_2078_p3                  |     |        | select_ln19_106             | select    | auto_sel               | 0       |
|       add_ln19_50_fu_2085_p2                      |     |        | add_ln19_50                 | add       | fabric                 | 0       |
|       select_ln30_fu_286_p3                       |     |        | select_ln30                 | select    | auto_sel               | 0       |
|       select_ln30_14_fu_294_p3                    |     |        | select_ln30_14              | select    | auto_sel               | 0       |
|       select_ln30_15_fu_302_p3                    |     |        | select_ln30_15              | select    | auto_sel               | 0       |
|       select_ln30_16_fu_318_p3                    |     |        | select_ln30_16              | select    | auto_sel               | 0       |
|       add_ln30_fu_326_p2                          |     |        | add_ln30                    | add       | fabric                 | 0       |
|       add_ln32_fu_443_p2                          |     |        | add_ln32                    | add       | fabric                 | 0       |
|       sub_ln32_fu_473_p2                          |     |        | sub_ln32                    | sub       | fabric                 | 0       |
|       mul_49s_23s_68_3_1_U5                       | 3   |        | mul_ln32                    | mul       | auto                   | 2       |
|       add_ln32_6_fu_2111_p2                       |     |        | add_ln32_6                  | add       | fabric                 | 0       |
|       select_ln30_17_fu_479_p3                    |     |        | select_ln30_17              | select    | auto_sel               | 0       |
|       select_ln30_18_fu_486_p3                    |     |        | select_ln30_18              | select    | auto_sel               | 0       |
|       select_ln30_19_fu_493_p3                    |     |        | select_ln30_19              | select    | auto_sel               | 0       |
|       select_ln30_20_fu_508_p3                    |     |        | select_ln30_20              | select    | auto_sel               | 0       |
|       add_ln30_3_fu_515_p2                        |     |        | add_ln30_3                  | add       | fabric                 | 0       |
|       add_ln32_7_fu_586_p2                        |     |        | add_ln32_7                  | add       | fabric                 | 0       |
|       sub_ln32_3_fu_616_p2                        |     |        | sub_ln32_3                  | sub       | fabric                 | 0       |
|       mul_49s_23s_68_3_1_U5                       | 3   |        | mul_ln32_3                  | mul       | auto                   | 2       |
|       add_ln32_8_fu_2138_p2                       |     |        | add_ln32_8                  | add       | fabric                 | 0       |
|       select_ln30_21_fu_342_p3                    |     |        | select_ln30_21              | select    | auto_sel               | 0       |
|       select_ln30_22_fu_863_p3                    |     |        | select_ln30_22              | select    | auto_sel               | 0       |
|       select_ln30_23_fu_622_p3                    |     |        | select_ln30_23              | select    | auto_sel               | 0       |
|       select_ln30_24_fu_629_p3                    |     |        | select_ln30_24              | select    | auto_sel               | 0       |
|       select_ln30_25_fu_636_p3                    |     |        | select_ln30_25              | select    | auto_sel               | 0       |
|       select_ln30_26_fu_651_p3                    |     |        | select_ln30_26              | select    | auto_sel               | 0       |
|       add_ln30_4_fu_658_p2                        |     |        | add_ln30_4                  | add       | fabric                 | 0       |
|       add_ln32_9_fu_783_p2                        |     |        | add_ln32_9                  | add       | fabric                 | 0       |
|       sub_ln32_4_fu_813_p2                        |     |        | sub_ln32_4                  | sub       | fabric                 | 0       |
|       mul_49s_23s_68_3_1_U5                       | 3   |        | mul_ln32_4                  | mul       | auto                   | 2       |
|       add_ln32_10_fu_2164_p2                      |     |        | add_ln32_10                 | add       | fabric                 | 0       |
|       select_ln38_fu_350_p3                       |     |        | select_ln38                 | select    | auto_sel               | 0       |
|       add_ln38_fu_366_p2                          |     |        | add_ln38                    | add       | fabric                 | 0       |
|       add_ln40_fu_881_p2                          |     |        | add_ln40                    | add       | fabric                 | 0       |
|       sub_ln40_fu_911_p2                          |     |        | sub_ln40                    | sub       | fabric                 | 0       |
|       mul_49s_23s_68_3_1_U5                       | 3   |        | mul_ln40                    | mul       | auto                   | 2       |
|       add_ln40_6_fu_2191_p2                       |     |        | add_ln40_6                  | add       | fabric                 | 0       |
|       select_ln38_7_fu_917_p3                     |     |        | select_ln38_7               | select    | auto_sel               | 0       |
|       select_ln38_8_fu_924_p3                     |     |        | select_ln38_8               | select    | auto_sel               | 0       |
|       select_ln38_9_fu_931_p3                     |     |        | select_ln38_9               | select    | auto_sel               | 0       |
|       add_ln38_3_fu_946_p2                        |     |        | add_ln38_3                  | add       | fabric                 | 0       |
|       add_ln40_7_fu_1017_p2                       |     |        | add_ln40_7                  | add       | fabric                 | 0       |
|       sub_ln40_3_fu_1047_p2                       |     |        | sub_ln40_3                  | sub       | fabric                 | 0       |
|       mul_49s_23s_68_3_1_U5                       | 3   |        | mul_ln40_3                  | mul       | auto                   | 2       |
|       add_ln40_8_fu_2217_p2                       |     |        | add_ln40_8                  | add       | fabric                 | 0       |
|       select_ln38_10_fu_674_p3                    |     |        | select_ln38_10              | select    | auto_sel               | 0       |
|       select_ln38_11_fu_681_p3                    |     |        | select_ln38_11              | select    | auto_sel               | 0       |
|       select_ln38_12_fu_688_p3                    |     |        | select_ln38_12              | select    | auto_sel               | 0       |
|       add_ln38_4_fu_703_p2                        |     |        | add_ln38_4                  | add       | fabric                 | 0       |
|       add_ln40_9_fu_1117_p2                       |     |        | add_ln40_9                  | add       | fabric                 | 0       |
|       sub_ln40_4_fu_1147_p2                       |     |        | sub_ln40_4                  | sub       | fabric                 | 0       |
|       mul_49s_23s_68_3_1_U5                       | 3   |        | mul_ln40_4                  | mul       | auto                   | 2       |
|       add_ln40_10_fu_2244_p2                      |     |        | add_ln40_10                 | add       | fabric                 | 0       |
|    + applyMixer_hls_3_s                           | 25  |        |                             |           |                        |         |
|      sign0_fu_354_p2                              |     |        | sign0                       | setgt     | auto                   | 0       |
|      sub_ln211_fu_360_p2                          |     |        | sub_ln211                   | sub       | fabric                 | 0       |
|      inabs_fu_366_p3                              |     |        | inabs                       | select    | auto_sel               | 0       |
|      mul_53ns_90ns_141_5_1_U63                    | 15  |        | mul_ln38                    | mul       | auto                   | 4       |
|      mul_12ns_65ns_66_5_1_U62                     | 4   |        | mul_ln42                    | mul       | auto                   | 4       |
|      add_ln42_fu_418_p2                           |     |        | add_ln42                    | add       | fabric                 | 0       |
|      sub_ln228_fu_436_p2                          |     |        | sub_ln228                   | sub       | fabric                 | 0       |
|      icmp_ln225_fu_442_p2                         |     |        | icmp_ln225                  | seteq     | auto                   | 0       |
|      icmp_ln225_1_fu_447_p2                       |     |        | icmp_ln225_1                | seteq     | auto                   | 0       |
|      or_ln225_fu_452_p2                           |     |        | or_ln225                    | or        | auto                   | 0       |
|      empty_fu_481_p3                              |     |        | empty                       | select    | auto_sel               | 0       |
|      sub_ln261_fu_493_p2                          |     |        | sub_ln261                   | sub       | fabric                 | 0       |
|      sub_ln254_fu_565_p2                          |     |        | sub_ln254                   | sub       | fabric                 | 0       |
|      icmp_ln248_fu_499_p2                         |     |        | icmp_ln248                  | seteq     | auto                   | 0       |
|      icmp_ln248_1_fu_504_p2                       |     |        | icmp_ln248_1                | seteq     | auto                   | 0       |
|      or_ln248_fu_509_p2                           |     |        | or_ln248                    | or        | auto                   | 0       |
|      sparsemux_7_2_65_1_1_U64                     |     |        | outsin_0_in_in_i            | sparsemux | onehotencoding_realdef | 0       |
|      sparsemux_7_2_65_1_1_U65                     |     |        | outcos_write_assign_in_in_i | sparsemux | onehotencoding_realdef | 0       |
|      sub_ln266_fu_607_p2                          |     |        | sub_ln266                   | sub       | fabric                 | 0       |
|      select_ln265_fu_622_p3                       |     |        | select_ln265                | select    | auto_sel               | 0       |
|      icmp_ln127_fu_631_p2                         |     |        | icmp_ln127                  | seteq     | auto                   | 0       |
|      t_2_fu_637_p2                                |     |        | t_2                         | add       | fabric                 | 0       |
|      base_fu_655_p2                               |     |        | base                        | sub       | fabric                 | 0       |
|      icmp_ln132_fu_669_p2                         |     |        | icmp_ln132                  | seteq     | auto                   | 0       |
|      j_3_fu_675_p2                                |     |        | j_3                         | add       | fabric                 | 0       |
|      add41_fu_693_p2                              |     |        | add41                       | add       | fabric                 | 0       |
|      bit_i_fu_702_p2                              |     |        | bit_i                       | shl       | auto_pipe              | 0       |
|      shl49_fu_708_p2                              |     |        | shl49                       | shl       | auto_pipe              | 0       |
|      icmp_ln132_1_fu_718_p2                       |     |        | icmp_ln132_1                | setlt     | auto                   | 0       |
|      add_ln137_fu_724_p2                          |     |        | add_ln137                   | add       | fabric                 | 0       |
|      bit_j_fu_729_p2                              |     |        | bit_j                       | shl       | auto_pipe              | 0       |
|      mask_fu_739_p2                               |     |        | mask                        | or        | auto                   | 0       |
|      j_fu_744_p2                                  |     |        | j                           | add       | fabric                 | 0       |
|     + applyMixer_hls_3_Pipeline_VITIS_LOOP_61_1   | 0   |        |                             |           |                        |         |
|       icmp_ln61_fu_144_p2                         |     |        | icmp_ln61                   | seteq     | auto                   | 0       |
|       add_ln61_fu_150_p2                          |     |        | add_ln61                    | add       | fabric                 | 0       |
|       x_s_fu_165_p2                               |     |        | x_s                         | ashr      | auto_pipe              | 0       |
|       y_s_fu_171_p2                               |     |        | y_s                         | ashr      | auto_pipe              | 0       |
|       add_ln76_fu_203_p2                          |     |        | add_ln76                    | add       | fabric                 | 0       |
|       sub_ln77_fu_207_p2                          |     |        | sub_ln77                    | sub       | fabric                 | 0       |
|       add_ln78_fu_248_p2                          |     |        | add_ln78                    | add       | fabric                 | 0       |
|       sub_ln81_fu_211_p2                          |     |        | sub_ln81                    | sub       | fabric                 | 0       |
|       add_ln82_fu_215_p2                          |     |        | add_ln82                    | add       | fabric                 | 0       |
|       sub_ln83_fu_253_p2                          |     |        | sub_ln83                    | sub       | fabric                 | 0       |
|       tx_fu_219_p3                                |     |        | tx                          | select    | auto_sel               | 0       |
|       ty_fu_227_p3                                |     |        | ty                          | select    | auto_sel               | 0       |
|       tz_fu_258_p3                                |     |        | tz                          | select    | auto_sel               | 0       |
|     + applyMixer_hls_3_Pipeline_2                 | 0   |        |                             |           |                        |         |
|       add_ln111_fu_88_p2                          |     |        | add_ln111                   | add       | fabric                 | 0       |
|       icmp_ln111_fu_94_p2                         |     |        | icmp_ln111                  | seteq     | auto                   | 0       |
|     + applyMixer_hls_3_Pipeline_3                 | 0   |        |                             |           |                        |         |
|       add_ln112_fu_88_p2                          |     |        | add_ln112                   | add       | fabric                 | 0       |
|       icmp_ln112_fu_94_p2                         |     |        | icmp_ln112                  | seteq     | auto                   | 0       |
|     + applyMixer_hls_3_Pipeline_VITIS_LOOP_116_1  | 0   |        |                             |           |                        |         |
|       icmp_ln116_fu_116_p2                        |     |        | icmp_ln116                  | seteq     | auto                   | 0       |
|       add_ln116_fu_122_p2                         |     |        | add_ln116                   | add       | fabric                 | 0       |
|     + applyMixer_hls_3_Pipeline_VITIS_LOOP_166_7  | 0   |        |                             |           |                        |         |
|       icmp_ln166_fu_154_p2                        |     |        | icmp_ln166                  | seteq     | auto                   | 0       |
|       add_ln166_fu_160_p2                         |     |        | add_ln166                   | add       | fabric                 | 0       |
|       empty_fu_179_p3                             |     |        | empty                       | select    | auto_sel               | 0       |
|       empty_57_fu_187_p3                          |     |        | empty_57                    | select    | auto_sel               | 0       |
|     + applyMixer_hls_3_Pipeline_VITIS_LOOP_134_5  | 0   |        |                             |           |                        |         |
|       icmp_ln134_fu_140_p2                        |     |        | icmp_ln134                  | seteq     | auto                   | 0       |
|       add_ln134_fu_146_p2                         |     |        | add_ln134                   | add       | fabric                 | 0       |
|       empty_fu_165_p3                             |     |        | empty                       | select    | auto_sel               | 0       |
|       empty_60_fu_174_p3                          |     |        | empty_60                    | select    | auto_sel               | 0       |
|     + applyMixer_hls_3_Pipeline_VITIS_LOOP_140_6  | 6   |        |                             |           |                        |         |
|       icmp_ln140_fu_272_p2                        |     |        | icmp_ln140                  | seteq     | auto                   | 0       |
|       add_ln140_fu_278_p2                         |     |        | add_ln140                   | add       | fabric                 | 0       |
|       lshr_ln141_fu_296_p2                        |     |        | lshr_ln141                  | lshr      | auto_pipe              | 0       |
|       icmp_ln144_fu_306_p2                        |     |        | icmp_ln144                  | seteq     | auto                   | 0       |
|       s_flip_fu_312_p2                            |     |        | s_flip                      | xor       | auto                   | 0       |
|       empty_fu_326_p3                             |     |        | empty                       | select    | auto_sel               | 0       |
|       empty_58_fu_333_p3                          |     |        | empty_58                    | select    | auto_sel               | 0       |
|       empty_59_fu_340_p3                          |     |        | empty_59                    | select    | auto_sel               | 0       |
|       b_im_fu_347_p3                              |     |        | b_im                        | select    | auto_sel               | 0       |
|       mul_32s_22s_52_2_1_U41                      | 2   |        | mul_ln56_1                  | mul       | auto                   | 1       |
|       mul_32s_22s_52_2_1_U42                      | 2   |        | mul_ln56_2                  | mul       | auto                   | 1       |
|       sub_ln56_fu_384_p2                          |     |        | sub_ln56                    | sub       | fabric                 | 0       |
|       mul_32s_22s_52_2_1_U43                      | 2   |        | mul_ln56_3                  | mul       | auto                   | 1       |
|       sub_ln62_fu_400_p2                          |     |        | sub_ln62                    | sub       | fabric                 | 0       |
|       sub_ln62_1_fu_408_p2                        |     |        | sub_ln62_1                  | sub       | fabric                 | 0       |
|       mul_32s_22s_52_2_1_U41                      | 2   |        | mul_ln56_5                  | mul       | auto                   | 1       |
|       sub_ln56_1_fu_416_p2                        |     |        | sub_ln56_1                  | sub       | fabric                 | 0       |
|       mul_32s_22s_52_2_1_U42                      | 2   |        | mul_ln56_6                  | mul       | auto                   | 1       |
|       mul_32s_22s_52_2_1_U43                      | 2   |        | mul_ln56_7                  | mul       | auto                   | 1       |
|       add_ln59_fu_442_p2                          |     |        | add_ln59                    | add       | fabric                 | 0       |
|       add_ln59_1_fu_450_p2                        |     |        | add_ln59_1                  | add       | fabric                 | 0       |
|   + expectation_cost_3_s                          | 26  |        |                             |           |                        |         |
|    + expectation_cost_3_Pipeline_VITIS_LOOP_177_1 | 26  |        |                             |           |                        |         |
|      icmp_ln177_fu_315_p2                         |     |        | icmp_ln177                  | seteq     | auto                   | 0       |
|      add_ln177_fu_321_p2                          |     |        | add_ln177                   | add       | fabric                 | 0       |
|      mul_32s_32s_52_2_1_U83                       | 4   |        | mul_ln181_1                 | mul       | auto                   | 1       |
|      add_ln181_fu_2333_p2                         |     |        | add_ln181                   | add       | fabric                 | 0       |
|      select_ln19_fu_347_p3                        |     |        | select_ln19                 | select    | auto_sel               | 0       |
|      select_ln19_1_fu_363_p3                      |     |        | select_ln19_1               | select    | auto_sel               | 0       |
|      select_ln19_2_fu_379_p3                      |     |        | select_ln19_2               | select    | auto_sel               | 0       |
|      select_ln19_3_fu_395_p3                      |     |        | select_ln19_3               | select    | auto_sel               | 0       |
|      add_ln19_fu_403_p2                           |     |        | add_ln19                    | add       | fabric                 | 0       |
|      select_ln19_4_fu_431_p3                      |     |        | select_ln19_4               | select    | auto_sel               | 0       |
|      select_ln19_5_fu_445_p3                      |     |        | select_ln19_5               | select    | auto_sel               | 0       |
|      add_ln19_1_fu_452_p2                         |     |        | add_ln19_1                  | add       | fabric                 | 0       |
|      select_ln19_6_fu_489_p3                      |     |        | select_ln19_6               | select    | auto_sel               | 0       |
|      select_ln19_7_fu_504_p3                      |     |        | select_ln19_7               | select    | auto_sel               | 0       |
|      add_ln19_2_fu_512_p2                         |     |        | add_ln19_2                  | add       | fabric                 | 0       |
|      select_ln19_8_fu_542_p3                      |     |        | select_ln19_8               | select    | auto_sel               | 0       |
|      select_ln19_9_fu_556_p3                      |     |        | select_ln19_9               | select    | auto_sel               | 0       |
|      add_ln19_3_fu_564_p2                         |     |        | add_ln19_3                  | add       | fabric                 | 0       |
|      select_ln19_10_fu_594_p3                     |     |        | select_ln19_10              | select    | auto_sel               | 0       |
|      select_ln19_11_fu_608_p3                     |     |        | select_ln19_11              | select    | auto_sel               | 0       |
|      add_ln19_4_fu_616_p2                         |     |        | add_ln19_4                  | add       | fabric                 | 0       |
|      select_ln19_12_fu_653_p3                     |     |        | select_ln19_12              | select    | auto_sel               | 0       |
|      select_ln19_13_fu_668_p3                     |     |        | select_ln19_13              | select    | auto_sel               | 0       |
|      add_ln19_5_fu_676_p2                         |     |        | add_ln19_5                  | add       | fabric                 | 0       |
|      select_ln19_14_fu_706_p3                     |     |        | select_ln19_14              | select    | auto_sel               | 0       |
|      select_ln19_15_fu_720_p3                     |     |        | select_ln19_15              | select    | auto_sel               | 0       |
|      add_ln19_6_fu_728_p2                         |     |        | add_ln19_6                  | add       | fabric                 | 0       |
|      select_ln19_16_fu_758_p3                     |     |        | select_ln19_16              | select    | auto_sel               | 0       |
|      select_ln19_17_fu_772_p3                     |     |        | select_ln19_17              | select    | auto_sel               | 0       |
|      add_ln19_7_fu_780_p2                         |     |        | add_ln19_7                  | add       | fabric                 | 0       |
|      select_ln19_18_fu_810_p3                     |     |        | select_ln19_18              | select    | auto_sel               | 0       |
|      select_ln19_19_fu_825_p3                     |     |        | select_ln19_19              | select    | auto_sel               | 0       |
|      add_ln19_8_fu_832_p2                         |     |        | add_ln19_8                  | add       | fabric                 | 0       |
|      select_ln19_20_fu_855_p3                     |     |        | select_ln19_20              | select    | auto_sel               | 0       |
|      select_ln19_21_fu_869_p3                     |     |        | select_ln19_21              | select    | auto_sel               | 0       |
|      add_ln19_9_fu_876_p2                         |     |        | add_ln19_9                  | add       | fabric                 | 0       |
|      select_ln19_22_fu_899_p3                     |     |        | select_ln19_22              | select    | auto_sel               | 0       |
|      select_ln19_23_fu_913_p3                     |     |        | select_ln19_23              | select    | auto_sel               | 0       |
|      add_ln19_10_fu_920_p2                        |     |        | add_ln19_10                 | add       | fabric                 | 0       |
|      select_ln19_24_fu_950_p3                     |     |        | select_ln19_24              | select    | auto_sel               | 0       |
|      select_ln19_25_fu_965_p3                     |     |        | select_ln19_25              | select    | auto_sel               | 0       |
|      add_ln19_11_fu_972_p2                        |     |        | add_ln19_11                 | add       | fabric                 | 0       |
|      select_ln19_26_fu_995_p3                     |     |        | select_ln19_26              | select    | auto_sel               | 0       |
|      select_ln19_27_fu_1009_p3                    |     |        | select_ln19_27              | select    | auto_sel               | 0       |
|      add_ln19_12_fu_1016_p2                       |     |        | add_ln19_12                 | add       | fabric                 | 0       |
|      select_ln19_28_fu_1039_p3                    |     |        | select_ln19_28              | select    | auto_sel               | 0       |
|      select_ln19_29_fu_1053_p3                    |     |        | select_ln19_29              | select    | auto_sel               | 0       |
|      add_ln19_13_fu_1060_p2                       |     |        | add_ln19_13                 | add       | fabric                 | 0       |
|      select_ln19_30_fu_1090_p3                    |     |        | select_ln19_30              | select    | auto_sel               | 0       |
|      select_ln19_31_fu_1105_p3                    |     |        | select_ln19_31              | select    | auto_sel               | 0       |
|      add_ln19_14_fu_1112_p2                       |     |        | add_ln19_14                 | add       | fabric                 | 0       |
|      select_ln19_32_fu_1135_p3                    |     |        | select_ln19_32              | select    | auto_sel               | 0       |
|      select_ln19_33_fu_1149_p3                    |     |        | select_ln19_33              | select    | auto_sel               | 0       |
|      add_ln19_15_fu_1156_p2                       |     |        | add_ln19_15                 | add       | fabric                 | 0       |
|      select_ln19_34_fu_1179_p3                    |     |        | select_ln19_34              | select    | auto_sel               | 0       |
|      select_ln19_35_fu_1193_p3                    |     |        | select_ln19_35              | select    | auto_sel               | 0       |
|      add_ln19_16_fu_1200_p2                       |     |        | add_ln19_16                 | add       | fabric                 | 0       |
|      select_ln19_36_fu_1230_p3                    |     |        | select_ln19_36              | select    | auto_sel               | 0       |
|      select_ln19_37_fu_1245_p3                    |     |        | select_ln19_37              | select    | auto_sel               | 0       |
|      add_ln19_17_fu_1252_p2                       |     |        | add_ln19_17                 | add       | fabric                 | 0       |
|      select_ln19_38_fu_1275_p3                    |     |        | select_ln19_38              | select    | auto_sel               | 0       |
|      select_ln19_39_fu_1289_p3                    |     |        | select_ln19_39              | select    | auto_sel               | 0       |
|      add_ln19_18_fu_1296_p2                       |     |        | add_ln19_18                 | add       | fabric                 | 0       |
|      select_ln19_40_fu_1319_p3                    |     |        | select_ln19_40              | select    | auto_sel               | 0       |
|      select_ln19_41_fu_1333_p3                    |     |        | select_ln19_41              | select    | auto_sel               | 0       |
|      add_ln19_19_fu_1340_p2                       |     |        | add_ln19_19                 | add       | fabric                 | 0       |
|      select_ln19_42_fu_1370_p3                    |     |        | select_ln19_42              | select    | auto_sel               | 0       |
|      select_ln19_43_fu_1385_p3                    |     |        | select_ln19_43              | select    | auto_sel               | 0       |
|      add_ln19_20_fu_1392_p2                       |     |        | add_ln19_20                 | add       | fabric                 | 0       |
|      select_ln19_44_fu_1415_p3                    |     |        | select_ln19_44              | select    | auto_sel               | 0       |
|      select_ln19_45_fu_1429_p3                    |     |        | select_ln19_45              | select    | auto_sel               | 0       |
|      add_ln19_21_fu_1436_p2                       |     |        | add_ln19_21                 | add       | fabric                 | 0       |
|      select_ln19_46_fu_1601_p3                    |     |        | select_ln19_46              | select    | auto_sel               | 0       |
|      select_ln19_47_fu_1615_p3                    |     |        | select_ln19_47              | select    | auto_sel               | 0       |
|      add_ln19_22_fu_1622_p2                       |     |        | add_ln19_22                 | add       | fabric                 | 0       |
|      select_ln19_48_fu_1827_p3                    |     |        | select_ln19_48              | select    | auto_sel               | 0       |
|      select_ln19_49_fu_1842_p3                    |     |        | select_ln19_49              | select    | auto_sel               | 0       |
|      add_ln19_23_fu_1849_p2                       |     |        | add_ln19_23                 | add       | fabric                 | 0       |
|      select_ln19_50_fu_2026_p3                    |     |        | select_ln19_50              | select    | auto_sel               | 0       |
|      select_ln19_51_fu_2040_p3                    |     |        | select_ln19_51              | select    | auto_sel               | 0       |
|      add_ln19_24_fu_2047_p2                       |     |        | add_ln19_24                 | add       | fabric                 | 0       |
|      select_ln19_52_fu_2164_p3                    |     |        | select_ln19_52              | select    | auto_sel               | 0       |
|      select_ln19_53_fu_2178_p3                    |     |        | select_ln19_53              | select    | auto_sel               | 0       |
|      add_ln19_25_fu_2185_p2                       |     |        | add_ln19_25                 | add       | fabric                 | 0       |
|      select_ln30_fu_1442_p3                       |     |        | select_ln30                 | select    | auto_sel               | 0       |
|      select_ln30_1_fu_1449_p3                     |     |        | select_ln30_1               | select    | auto_sel               | 0       |
|      select_ln30_2_fu_1456_p3                     |     |        | select_ln30_2               | select    | auto_sel               | 0       |
|      select_ln30_3_fu_1471_p3                     |     |        | select_ln30_3               | select    | auto_sel               | 0       |
|      add_ln30_fu_1478_p2                          |     |        | add_ln30                    | add       | fabric                 | 0       |
|      add_ln32_fu_1631_p2                          |     |        | add_ln32                    | add       | fabric                 | 0       |
|      sub_ln32_fu_1661_p2                          |     |        | sub_ln32                    | sub       | fabric                 | 0       |
|      mul_49s_23s_68_3_1_x_U85                     | 3   |        | mul_ln32                    | mul       | auto                   | 2       |
|      add_ln32_1_fu_2237_p2                        |     |        | add_ln32_1                  | add       | fabric                 | 0       |
|      select_ln30_4_fu_1494_p3                     |     |        | select_ln30_4               | select    | auto_sel               | 0       |
|      select_ln30_5_fu_1501_p3                     |     |        | select_ln30_5               | select    | auto_sel               | 0       |
|      select_ln30_6_fu_1508_p3                     |     |        | select_ln30_6               | select    | auto_sel               | 0       |
|      select_ln30_7_fu_1523_p3                     |     |        | select_ln30_7               | select    | auto_sel               | 0       |
|      add_ln30_1_fu_1530_p2                        |     |        | add_ln30_1                  | add       | fabric                 | 0       |
|      add_ln32_2_fu_1670_p2                        |     |        | add_ln32_2                  | add       | fabric                 | 0       |
|      sub_ln32_1_fu_1700_p2                        |     |        | sub_ln32_1                  | sub       | fabric                 | 0       |
|      mul_49s_23s_68_3_1_x_U86                     | 3   |        | mul_ln32_1                  | mul       | auto                   | 2       |
|      add_ln32_3_fu_2264_p2                        |     |        | add_ln32_3                  | add       | fabric                 | 0       |
|      select_ln30_8_fu_1546_p3                     |     |        | select_ln30_8               | select    | auto_sel               | 0       |
|      select_ln30_9_fu_1871_p3                     |     |        | select_ln30_9               | select    | auto_sel               | 0       |
|      select_ln30_10_fu_1706_p3                    |     |        | select_ln30_10              | select    | auto_sel               | 0       |
|      select_ln30_11_fu_1713_p3                    |     |        | select_ln30_11              | select    | auto_sel               | 0       |
|      select_ln30_12_fu_1720_p3                    |     |        | select_ln30_12              | select    | auto_sel               | 0       |
|      select_ln30_13_fu_1735_p3                    |     |        | select_ln30_13              | select    | auto_sel               | 0       |
|      add_ln30_2_fu_1742_p2                        |     |        | add_ln30_2                  | add       | fabric                 | 0       |
|      add_ln32_4_fu_1881_p2                        |     |        | add_ln32_4                  | add       | fabric                 | 0       |
|      sub_ln32_2_fu_1911_p2                        |     |        | sub_ln32_2                  | sub       | fabric                 | 0       |
|      mul_49s_23s_68_3_1_x_U87                     | 3   |        | mul_ln32_2                  | mul       | auto                   | 2       |
|      add_ln32_5_fu_2290_p2                        |     |        | add_ln32_5                  | add       | fabric                 | 0       |
|      select_ln38_fu_1553_p3                       |     |        | select_ln38                 | select    | auto_sel               | 0       |
|      add_ln38_fu_1568_p2                          |     |        | add_ln38                    | add       | fabric                 | 0       |
|      add_ln40_fu_1920_p2                          |     |        | add_ln40                    | add       | fabric                 | 0       |
|      sub_ln40_fu_1950_p2                          |     |        | sub_ln40                    | sub       | fabric                 | 0       |
|      mul_49s_23s_68_3_1_x_U88                     | 3   |        | mul_ln40                    | mul       | auto                   | 2       |
|      add_ln40_1_fu_2317_p2                        |     |        | add_ln40_1                  | add       | fabric                 | 0       |
|      select_ln38_1_fu_1956_p3                     |     |        | select_ln38_1               | select    | auto_sel               | 0       |
|      select_ln38_2_fu_1963_p3                     |     |        | select_ln38_2               | select    | auto_sel               | 0       |
|      select_ln38_3_fu_1970_p3                     |     |        | select_ln38_3               | select    | auto_sel               | 0       |
|      add_ln38_1_fu_1985_p2                        |     |        | add_ln38_1                  | add       | fabric                 | 0       |
|      add_ln40_2_fu_2072_p2                        |     |        | add_ln40_2                  | add       | fabric                 | 0       |
|      sub_ln40_1_fu_2102_p2                        |     |        | sub_ln40_1                  | sub       | fabric                 | 0       |
|      mul_49s_23s_68_3_1_x_U89                     | 3   |        | mul_ln40_1                  | mul       | auto                   | 2       |
|      add_ln40_3_fu_2357_p2                        |     |        | add_ln40_3                  | add       | fabric                 | 0       |
|      select_ln38_4_fu_1758_p3                     |     |        | select_ln38_4               | select    | auto_sel               | 0       |
|      select_ln38_5_fu_1765_p3                     |     |        | select_ln38_5               | select    | auto_sel               | 0       |
|      select_ln38_6_fu_1772_p3                     |     |        | select_ln38_6               | select    | auto_sel               | 0       |
|      add_ln38_2_fu_1787_p2                        |     |        | add_ln38_2                  | add       | fabric                 | 0       |
|      add_ln40_4_fu_2111_p2                        |     |        | add_ln40_4                  | add       | fabric                 | 0       |
|      sub_ln40_2_fu_2141_p2                        |     |        | sub_ln40_2                  | sub       | fabric                 | 0       |
|      mul_49s_23s_68_3_1_x_U90                     | 3   |        | mul_ln40_2                  | mul       | auto                   | 2       |
|      add_ln40_5_fu_2384_p2                        |     |        | add_ln40_5                  | add       | fabric                 | 0       |
|      mul_32s_32s_52_2_1_U84                       | 4   |        | mul_ln183                   | mul       | auto                   | 1       |
|      add_ln183_fu_2458_p2                         |     |        | add_ln183                   | add       | fabric                 | 0       |
|      icmp_ln185_fu_2417_p2                        |     |        | icmp_ln185                  | setgt     | auto                   | 0       |
|      select_ln185_fu_2422_p3                      |     |        | select_ln185                | select    | auto_sel               | 0       |
|      argmax_4_fu_2429_p3                          |     |        | argmax_4                    | select    | auto_sel               | 0       |
+---------------------------------------------------+-----+--------+-----------------------------+-----------+------------------------+---------+


================================================================
== Storage Report
================================================================
+-------------------------------------------------+--------------+------------+------+------+--------+--------------------------------------+------+---------+------------------+
| Name                                            | Usage        | Type       | BRAM | URAM | Pragma | Variable                             | Impl | Latency | Bitwidth, Depth, |
|                                                 |              |            |      |      |        |                                      |      |         | Banks            |
+-------------------------------------------------+--------------+------------+------+------+--------+--------------------------------------+------+---------+------------------+
| + qaoa_kernel                                   |              |            | 18   | 0    |        |                                      |      |         |                  |
|   control_s_axi_U                               | interface    | s_axilite  |      |      |        |                                      |      |         |                  |
|   retval_0_loc_channel1_U                       | fifo channel | task level |      |      |        | retval_0_loc_channel1                | srl  | 0       | 32, 2, 1         |
|  + Block_entry_state_re_wr_d_rd_proc            |              |            | 18   | 0    |        |                                      |      |         |                  |
|    state_im_i_U                                 | ram_2p array |            | 1    |      | yes    | state_im_i                           | bram | 1       | 32, 512, 1       |
|    state_re_i_U                                 | ram_2p array |            | 1    |      | yes    | state_re_i                           | bram | 1       | 32, 512, 1       |
|   + qaoaStep_hls_3_1_s                          |              |            | 16   | 0    |        |                                      |      |         |                  |
|    + applyCost_hls_3_s                          |              |            | 4    | 0    |        |                                      |      |         |                  |
|      cordic_apfixed_circ_table_arctan_128_U     | rom_1p       |            | 4    |      |        | cordic_apfixed_circ_table_arctan_128 | auto | 1       | 126, 128, 1      |
|    + applyMixer_hls_3_s                         |              |            | 12   | 0    |        |                                      |      |         |                  |
|      bufA_re_U                                  | ram_2p array |            | 2    |      | yes    | bufA_re                              | bram | 1       | 32, 512, 1       |
|      bufA_im_U                                  | ram_2p array |            | 2    |      | yes    | bufA_im                              | bram | 1       | 32, 512, 1       |
|      bufB_re_U                                  | ram_2p array |            | 2    |      | yes    | bufB_re                              | bram | 1       | 32, 512, 1       |
|      bufB_im_U                                  | ram_2p array |            | 2    |      | yes    | bufB_im                              | bram | 1       | 32, 512, 1       |
|     + applyMixer_hls_3_Pipeline_VITIS_LOOP_61_1 |              |            | 4    | 0    |        |                                      |      |         |                  |
|       circ_table_arctan_1289_U                  | rom_1p       |            | 4    |      |        | circ_table_arctan_1289               | auto | 1       | 126, 128, 1      |
+-------------------------------------------------+--------------+------------+------+------+--------+--------------------------------------+------+---------+------------------+


================================================================
== Pragma Report
================================================================
* Pragmas with Warnings
+----------+---------------------------------+----------------------------------------------------------------------------+------------------------------------------------------------------------------------------------------------------------------------------------------------------------------------+
| Type     | Options                         | Location                                                                   | Messages                                                                                                                                                                           |
+----------+---------------------------------+----------------------------------------------------------------------------+------------------------------------------------------------------------------------------------------------------------------------------------------------------------------------+
| resource | variable=state core=RAM_2P_BRAM | ../../QAOA-TSP-supaero-mae-reasearch/qaoa.cpp:122 in applymixer_hls, state | 'Resource pragma' is deprecated, use 'bind_op/bind_storage pragma' instead                                                                                                         |
| resource | variable=bufA core=RAM_2P_BRAM  | ../../QAOA-TSP-supaero-mae-reasearch/qaoa.cpp:123 in applymixer_hls, bufA  | 'Resource pragma' is deprecated, use 'bind_op/bind_storage pragma' instead                                                                                                         |
| resource | variable=bufB core=RAM_2P_BRAM  | ../../QAOA-TSP-supaero-mae-reasearch/qaoa.cpp:124 in applymixer_hls, bufB  | 'Resource pragma' is deprecated, use 'bind_op/bind_storage pragma' instead                                                                                                         |
| dataflow |                                 | ../../QAOA-TSP-supaero-mae-reasearch/qaoa.cpp:223 in qaoa_kernel           | Since the only kind of statements allowed in a canonical dataflow region are variable declarations and function calls, the compiler may not be able to correctly handle the region |
+----------+---------------------------------+----------------------------------------------------------------------------+------------------------------------------------------------------------------------------------------------------------------------------------------------------------------------+

* Valid Pragma Syntax
+-----------+----------------------------------------------+----------------------------------------------------------------------------------+
| Type      | Options                                      | Location                                                                         |
+-----------+----------------------------------------------+----------------------------------------------------------------------------------+
| pipeline  | II=1                                         | ../../QAOA-TSP-supaero-mae-reasearch/qaoa.cpp:11 in costhamiltonian              |
| unroll    |                                              | ../../QAOA-TSP-supaero-mae-reasearch/qaoa.cpp:14 in costhamiltonian              |
| inline    | off                                          | ../../QAOA-TSP-supaero-mae-reasearch/qaoa.cpp:48 in build_feasible_superposition |
| inline    | off                                          | ../../QAOA-TSP-supaero-mae-reasearch/qaoa.cpp:83 in applycost_hls                |
| inline    | off                                          | ../../QAOA-TSP-supaero-mae-reasearch/qaoa.cpp:100 in applymixer_hls              |
| pipeline  | II=1                                         | ../../QAOA-TSP-supaero-mae-reasearch/qaoa.cpp:142 in applymixer_hls              |
| inline    | off                                          | ../../QAOA-TSP-supaero-mae-reasearch/qaoa.cpp:172 in expectation_cost            |
| pipeline  | II=1                                         | ../../QAOA-TSP-supaero-mae-reasearch/qaoa.cpp:179 in expectation_cost            |
| interface | s_axilite port=return bundle=control         | ../../QAOA-TSP-supaero-mae-reasearch/qaoa.cpp:213 in qaoa_kernel, return         |
| interface | s_axilite port=d bundle=control              | ../../QAOA-TSP-supaero-mae-reasearch/qaoa.cpp:214 in qaoa_kernel, d              |
| interface | s_axilite port=gamma bundle=control          | ../../QAOA-TSP-supaero-mae-reasearch/qaoa.cpp:215 in qaoa_kernel, gamma          |
| interface | s_axilite port=beta bundle=control           | ../../QAOA-TSP-supaero-mae-reasearch/qaoa.cpp:216 in qaoa_kernel, beta           |
| interface | s_axilite port=get_best_state bundle=control | ../../QAOA-TSP-supaero-mae-reasearch/qaoa.cpp:217 in qaoa_kernel, get_best_state |
| interface | s_axilite port=best_state bundle=control     | ../../QAOA-TSP-supaero-mae-reasearch/qaoa.cpp:218 in qaoa_kernel, best_state     |
+-----------+----------------------------------------------+----------------------------------------------------------------------------------+


