

================================================================
== Vitis HLS Report for 'applyCost_hls_3_s'
================================================================
* Date:           Thu Nov 20 16:57:50 2025

* Version:        2024.2 (Build 5238294 on Nov  8 2024)
* Project:        qaoa_kernel
* Solution:       hls (Vivado IP Flow Target)
* Product family: zynq
* Target device:  xc7z010-clg400-1


================================================================
== Performance Estimates
================================================================
+ Timing: 
    * Summary: 
    +--------+----------+----------+------------+
    |  Clock |  Target  | Estimated| Uncertainty|
    +--------+----------+----------+------------+
    |ap_clk  |  10.00 ns|  8.697 ns|     2.00 ns|
    +--------+----------+----------+------------+

+ Latency: 
    * Summary: 
    +---------+---------+----------+----------+--------+--------+------------------------------------------------+
    |  Latency (cycles) |  Latency (absolute) |     Interval    |                    Pipeline                    |
    |   min   |   max   |    min   |    max   |   min  |   max  |                      Type                      |
    +---------+---------+----------+----------+--------+--------+------------------------------------------------+
    |   156709|   156709|  1.567 ms|  1.567 ms|  156681|  156681|  loop auto-rewind stp (delay=0 clock cycles(s))|
    +---------+---------+----------+----------+--------+--------+------------------------------------------------+

    + Detail: 
        * Instance: 
        N/A

        * Loop: 
        +-----------------------------------+---------+---------+----------+-----------+-----------+-------+----------+
        |                                   |  Latency (cycles) | Iteration|  Initiation Interval  |  Trip |          |
        |             Loop Name             |   min   |   max   |  Latency |  achieved |   target  | Count | Pipelined|
        +-----------------------------------+---------+---------+----------+-----------+-----------+-------+----------+
        |- VITIS_LOOP_86_1_VITIS_LOOP_61_1  |   156707|   156707|        45|          9|          1|  17408|       yes|
        +-----------------------------------+---------+---------+----------+-----------+-----------+-------+----------+

============================================================
+ Verbose Summary: Synthesis Manager
============================================================
InlineROM: 1
ExposeGlobal: 0
============================================================
+ Verbose Summary: CDFG Model
============================================================
IsTopModel: 0
ResetActiveHigh: 1
IsCombinational: 0
IsDatapathOnly: 0
HasWiredReturn: 1
HasMFsm: 2
HasVarLatency: 1
IsPipeline: 0
IsRtlPipelined: 0
IsInstanceOverlapped: 0
IsDontTouch: 0
HasImplIP: 0
IsGatedGlobalClock: 0

+ Individual pipeline summary: 
  * Pipeline-0: initiation interval (II) = 9, depth = 45


============================================================
+ Verbose Summary: Schedule
============================================================
* Number of FSM states : 45
* Pipeline : 1
  Pipeline-0 : II = 9, D = 45, States = { 1 2 3 4 5 6 7 8 9 10 11 12 13 14 15 16 17 18 19 20 21 22 23 24 25 26 27 28 29 30 31 32 33 34 35 36 37 38 39 40 41 42 43 44 45 }
* Dataflow Pipeline: 0

* FSM state transitions: 
1 --> 2 
2 --> 3 
3 --> 4 
4 --> 5 
5 --> 6 
6 --> 7 
7 --> 8 
8 --> 9 
9 --> 10 
10 --> 11 
11 --> 12 
12 --> 13 
13 --> 14 
14 --> 15 
15 --> 16 
16 --> 17 
17 --> 18 
18 --> 19 
19 --> 20 
20 --> 21 
21 --> 22 
22 --> 23 
23 --> 24 
24 --> 25 
25 --> 26 
26 --> 27 
27 --> 28 
28 --> 29 
29 --> 30 
30 --> 31 
31 --> 32 
32 --> 33 
33 --> 34 
34 --> 35 
35 --> 36 
36 --> 37 
37 --> 38 
38 --> 39 
39 --> 40 
40 --> 41 
41 --> 42 
42 --> 43 
43 --> 44 
44 --> 45 
45 --> 

* FSM state operations: 

State 1 <SV = 0> <Delay = 5.12>
ST_1 : Operation 48 [1/1] (0.00ns)   --->   "%empty = alloca i32 1"   --->   Operation 48 'alloca' 'empty' <Predicate = true> <Delay = 0.00>
ST_1 : Operation 49 [1/1] (0.00ns)   --->   "%empty_61 = alloca i32 1"   --->   Operation 49 'alloca' 'empty_61' <Predicate = true> <Delay = 0.00>
ST_1 : Operation 50 [1/1] (0.00ns)   --->   "%empty_62 = alloca i32 1"   --->   Operation 50 'alloca' 'empty_62' <Predicate = true> <Delay = 0.00>
ST_1 : Operation 51 [1/1] (0.00ns)   --->   "%n = alloca i32 1" [/usr/local/Xilinx/Vitis/2024.2/common/technology/autopilot/etc/hls_cordic_apfixed.h:61->/usr/local/Xilinx/Vitis/2024.2/common/technology/autopilot/etc/hls_cordic_apfixed.h:240->/usr/local/Xilinx/Vitis/2024.2/common/technology/autopilot/hls_math.h:1944->/home/master25/mae26/s.kim/RP/QAOA-TSP-supaero-mae-reasearch/qaoa.cpp:90]   --->   Operation 51 'alloca' 'n' <Predicate = true> <Delay = 0.00>
ST_1 : Operation 52 [1/1] (0.00ns)   --->   "%s = alloca i32 1" [/home/master25/mae26/s.kim/RP/QAOA-TSP-supaero-mae-reasearch/qaoa.cpp:86]   --->   Operation 52 'alloca' 's' <Predicate = true> <Delay = 0.00>
ST_1 : Operation 53 [1/1] (0.00ns)   --->   "%indvar_flatten = alloca i32 1"   --->   Operation 53 'alloca' 'indvar_flatten' <Predicate = true> <Delay = 0.00>
ST_1 : Operation 54 [1/1] (0.00ns)   --->   "%specmemcore_ln0 = specmemcore void @_ssdm_op_SpecMemCore, i32 %d, i64 666, i64 207, i64 1"   --->   Operation 54 'specmemcore' 'specmemcore_ln0' <Predicate = true> <Delay = 0.00>
ST_1 : Operation 55 [1/1] (0.00ns)   --->   "%specmemcore_ln0 = specmemcore void @_ssdm_op_SpecMemCore, i32 %state_re, i64 666, i64 22, i64 18446744073709551615"   --->   Operation 55 'specmemcore' 'specmemcore_ln0' <Predicate = true> <Delay = 0.00>
ST_1 : Operation 56 [1/1] (0.00ns)   --->   "%specmemcore_ln0 = specmemcore void @_ssdm_op_SpecMemCore, i32 %state_im, i64 666, i64 22, i64 18446744073709551615"   --->   Operation 56 'specmemcore' 'specmemcore_ln0' <Predicate = true> <Delay = 0.00>
ST_1 : Operation 57 [1/1] (0.00ns)   --->   "%specinterface_ln0 = specinterface void @_ssdm_op_SpecInterface, i32 %d, void @empty_3, i32 0, i32 0, void @empty_0, i32 1, i32 0, void @empty_0, void @empty_0, void @empty_0, i32 0, i32 0, i32 0, i32 0, void @empty_0, void @empty_0, i32 4294967295, i32 0, i32 0"   --->   Operation 57 'specinterface' 'specinterface_ln0' <Predicate = true> <Delay = 0.00>
ST_1 : Operation 58 [1/1] (0.00ns)   --->   "%gamma_read = read i32 @_ssdm_op_Read.ap_auto.i32, i32 %gamma" [/home/master25/mae26/s.kim/RP/QAOA-TSP-supaero-mae-reasearch/qaoa.cpp:81]   --->   Operation 58 'read' 'gamma_read' <Predicate = true> <Delay = 0.00>
ST_1 : Operation 59 [1/1] (0.00ns)   --->   "%sext_ln86 = sext i32 %gamma_read" [/home/master25/mae26/s.kim/RP/QAOA-TSP-supaero-mae-reasearch/qaoa.cpp:86]   --->   Operation 59 'sext' 'sext_ln86' <Predicate = true> <Delay = 0.00>
ST_1 : Operation 60 [1/1] (1.58ns)   --->   "%store_ln0 = store i15 0, i15 %indvar_flatten"   --->   Operation 60 'store' 'store_ln0' <Predicate = true> <Delay = 1.58>
ST_1 : Operation 61 [1/1] (1.58ns)   --->   "%store_ln86 = store i10 0, i10 %s" [/home/master25/mae26/s.kim/RP/QAOA-TSP-supaero-mae-reasearch/qaoa.cpp:86]   --->   Operation 61 'store' 'store_ln86' <Predicate = true> <Delay = 1.58>
ST_1 : Operation 62 [1/1] (1.58ns)   --->   "%store_ln61 = store i6 0, i6 %n" [/usr/local/Xilinx/Vitis/2024.2/common/technology/autopilot/etc/hls_cordic_apfixed.h:61->/usr/local/Xilinx/Vitis/2024.2/common/technology/autopilot/etc/hls_cordic_apfixed.h:240->/usr/local/Xilinx/Vitis/2024.2/common/technology/autopilot/hls_math.h:1944->/home/master25/mae26/s.kim/RP/QAOA-TSP-supaero-mae-reasearch/qaoa.cpp:90]   --->   Operation 62 'store' 'store_ln61' <Predicate = true> <Delay = 1.58>
ST_1 : Operation 63 [1/1] (1.58ns)   --->   "%store_ln0 = store i34 0, i34 %empty_62"   --->   Operation 63 'store' 'store_ln0' <Predicate = true> <Delay = 1.58>
ST_1 : Operation 64 [1/1] (1.58ns)   --->   "%store_ln0 = store i34 1304065748, i34 %empty_61"   --->   Operation 64 'store' 'store_ln0' <Predicate = true> <Delay = 1.58>
ST_1 : Operation 65 [1/1] (0.00ns)   --->   "%br_ln86 = br void %for.body.i.i" [/home/master25/mae26/s.kim/RP/QAOA-TSP-supaero-mae-reasearch/qaoa.cpp:86]   --->   Operation 65 'br' 'br_ln86' <Predicate = true> <Delay = 0.00>
ST_1 : Operation 66 [1/1] (0.00ns)   --->   "%indvar_flatten_load = load i15 %indvar_flatten" [/home/master25/mae26/s.kim/RP/QAOA-TSP-supaero-mae-reasearch/qaoa.cpp:86]   --->   Operation 66 'load' 'indvar_flatten_load' <Predicate = true> <Delay = 0.00>
ST_1 : Operation 67 [1/1] (1.94ns)   --->   "%icmp_ln86 = icmp_eq  i15 %indvar_flatten_load, i15 17408" [/home/master25/mae26/s.kim/RP/QAOA-TSP-supaero-mae-reasearch/qaoa.cpp:86]   --->   Operation 67 'icmp' 'icmp_ln86' <Predicate = true> <Delay = 1.94> <CoreInst = "Cmp">   --->   Core 9 'Cmp' <Latency = 0> <II = 1> <Delay = 1.94> <FuncUnit> <Opcode : 'seteq' 'setne' 'setle' 'setge' 'setlt' 'setgt'> <InPorts = 2> <OutPorts = 1>
ST_1 : Operation 68 [1/1] (1.94ns)   --->   "%add_ln86_1 = add i15 %indvar_flatten_load, i15 1" [/home/master25/mae26/s.kim/RP/QAOA-TSP-supaero-mae-reasearch/qaoa.cpp:86]   --->   Operation 68 'add' 'add_ln86_1' <Predicate = true> <Delay = 1.94> <CoreInst = "Adder">   --->   Core 1 'Adder' <Latency = 0> <II = 1> <Delay = 1.94> <FuncUnit> <Opcode : 'add' 'sub'> <InPorts = 2> <OutPorts = 1>
ST_1 : Operation 69 [1/1] (0.00ns)   --->   "%br_ln86 = br i1 %icmp_ln86, void %generic_sincos<32, 12>.exit, void %for.end" [/home/master25/mae26/s.kim/RP/QAOA-TSP-supaero-mae-reasearch/qaoa.cpp:86]   --->   Operation 69 'br' 'br_ln86' <Predicate = true> <Delay = 0.00>
ST_1 : Operation 70 [1/1] (1.58ns)   --->   "%store_ln86 = store i15 %add_ln86_1, i15 %indvar_flatten" [/home/master25/mae26/s.kim/RP/QAOA-TSP-supaero-mae-reasearch/qaoa.cpp:86]   --->   Operation 70 'store' 'store_ln86' <Predicate = (!icmp_ln86)> <Delay = 1.58>

State 2 <SV = 1> <Delay = 6.66>
ST_2 : Operation 71 [1/1] (0.00ns)   --->   "%n_load = load i6 %n" [/usr/local/Xilinx/Vitis/2024.2/common/technology/autopilot/etc/hls_cordic_apfixed.h:61->/usr/local/Xilinx/Vitis/2024.2/common/technology/autopilot/etc/hls_cordic_apfixed.h:240->/usr/local/Xilinx/Vitis/2024.2/common/technology/autopilot/hls_math.h:1944->/home/master25/mae26/s.kim/RP/QAOA-TSP-supaero-mae-reasearch/qaoa.cpp:90]   --->   Operation 71 'load' 'n_load' <Predicate = (!icmp_ln86)> <Delay = 0.00>
ST_2 : Operation 72 [1/1] (0.00ns)   --->   "%s_load = load i10 %s" [/home/master25/mae26/s.kim/RP/QAOA-TSP-supaero-mae-reasearch/qaoa.cpp:86]   --->   Operation 72 'load' 's_load' <Predicate = (!icmp_ln86)> <Delay = 0.00>
ST_2 : Operation 73 [1/1] (1.73ns)   --->   "%add_ln86 = add i10 %s_load, i10 1" [/home/master25/mae26/s.kim/RP/QAOA-TSP-supaero-mae-reasearch/qaoa.cpp:86]   --->   Operation 73 'add' 'add_ln86' <Predicate = (!icmp_ln86)> <Delay = 1.73> <CoreInst = "Adder">   --->   Core 1 'Adder' <Latency = 0> <II = 1> <Delay = 1.73> <FuncUnit> <Opcode : 'add' 'sub'> <InPorts = 2> <OutPorts = 1>
ST_2 : Operation 74 [1/1] (1.82ns)   --->   "%icmp_ln61 = icmp_eq  i6 %n_load, i6 34" [/usr/local/Xilinx/Vitis/2024.2/common/technology/autopilot/etc/hls_cordic_apfixed.h:61->/usr/local/Xilinx/Vitis/2024.2/common/technology/autopilot/etc/hls_cordic_apfixed.h:240->/usr/local/Xilinx/Vitis/2024.2/common/technology/autopilot/hls_math.h:1944->/home/master25/mae26/s.kim/RP/QAOA-TSP-supaero-mae-reasearch/qaoa.cpp:90]   --->   Operation 74 'icmp' 'icmp_ln61' <Predicate = (!icmp_ln86)> <Delay = 1.82> <CoreInst = "Cmp">   --->   Core 9 'Cmp' <Latency = 0> <II = 1> <Delay = 1.82> <FuncUnit> <Opcode : 'seteq' 'setne' 'setle' 'setge' 'setlt' 'setgt'> <InPorts = 2> <OutPorts = 1>
ST_2 : Operation 75 [1/1] (1.18ns)   --->   "%select_ln86 = select i1 %icmp_ln61, i6 0, i6 %n_load" [/home/master25/mae26/s.kim/RP/QAOA-TSP-supaero-mae-reasearch/qaoa.cpp:86]   --->   Operation 75 'select' 'select_ln86' <Predicate = (!icmp_ln86)> <Delay = 1.18> <CoreInst = "Sel">   --->   Core 73 'Sel' <Latency = 0> <II = 1> <Delay = 1.18> <FuncUnit> <Opcode : 'select'> <InPorts = 3> <OutPorts = 1>
ST_2 : Operation 76 [1/1] (0.68ns)   --->   "%select_ln86_3 = select i1 %icmp_ln61, i10 %add_ln86, i10 %s_load" [/home/master25/mae26/s.kim/RP/QAOA-TSP-supaero-mae-reasearch/qaoa.cpp:86]   --->   Operation 76 'select' 'select_ln86_3' <Predicate = (!icmp_ln86)> <Delay = 0.68> <CoreInst = "Sel">   --->   Core 73 'Sel' <Latency = 0> <II = 1> <Delay = 0.68> <FuncUnit> <Opcode : 'select'> <InPorts = 3> <OutPorts = 1>
ST_2 : Operation 77 [1/1] (0.00ns)   --->   "%trunc_ln87 = trunc i10 %select_ln86_3" [/home/master25/mae26/s.kim/RP/QAOA-TSP-supaero-mae-reasearch/qaoa.cpp:87]   --->   Operation 77 'trunc' 'trunc_ln87' <Predicate = (!icmp_ln86)> <Delay = 0.00>
ST_2 : Operation 78 [30/30] (3.63ns)   --->   "%Hs = call i32 @costHamiltonian<3>, i9 %trunc_ln87, i32 %d" [/home/master25/mae26/s.kim/RP/QAOA-TSP-supaero-mae-reasearch/qaoa.cpp:87]   --->   Operation 78 'call' 'Hs' <Predicate = (!icmp_ln86)> <Delay = 3.63> <CoreType = "Generic">   --->   Generic Core
ST_2 : Operation 79 [1/1] (1.82ns)   --->   "%add_ln61 = add i6 %select_ln86, i6 1" [/usr/local/Xilinx/Vitis/2024.2/common/technology/autopilot/etc/hls_cordic_apfixed.h:61->/usr/local/Xilinx/Vitis/2024.2/common/technology/autopilot/etc/hls_cordic_apfixed.h:240->/usr/local/Xilinx/Vitis/2024.2/common/technology/autopilot/hls_math.h:1944->/home/master25/mae26/s.kim/RP/QAOA-TSP-supaero-mae-reasearch/qaoa.cpp:90]   --->   Operation 79 'add' 'add_ln61' <Predicate = (!icmp_ln86)> <Delay = 1.82> <CoreInst = "Adder">   --->   Core 1 'Adder' <Latency = 0> <II = 1> <Delay = 1.82> <FuncUnit> <Opcode : 'add' 'sub'> <InPorts = 2> <OutPorts = 1>
ST_2 : Operation 80 [1/1] (1.82ns)   --->   "%icmp_ln61_1 = icmp_eq  i6 %add_ln61, i6 34" [/usr/local/Xilinx/Vitis/2024.2/common/technology/autopilot/etc/hls_cordic_apfixed.h:61->/usr/local/Xilinx/Vitis/2024.2/common/technology/autopilot/etc/hls_cordic_apfixed.h:240->/usr/local/Xilinx/Vitis/2024.2/common/technology/autopilot/hls_math.h:1944->/home/master25/mae26/s.kim/RP/QAOA-TSP-supaero-mae-reasearch/qaoa.cpp:90]   --->   Operation 80 'icmp' 'icmp_ln61_1' <Predicate = (!icmp_ln86)> <Delay = 1.82> <CoreInst = "Cmp">   --->   Core 9 'Cmp' <Latency = 0> <II = 1> <Delay = 1.82> <FuncUnit> <Opcode : 'seteq' 'setne' 'setle' 'setge' 'setlt' 'setgt'> <InPorts = 2> <OutPorts = 1>
ST_2 : Operation 81 [1/1] (0.00ns)   --->   "%br_ln61 = br i1 %icmp_ln61_1, void %new.latch.for.body.i.split_ifconv.i, void %last.iter.for.body.i.split_ifconv.i" [/usr/local/Xilinx/Vitis/2024.2/common/technology/autopilot/etc/hls_cordic_apfixed.h:61->/usr/local/Xilinx/Vitis/2024.2/common/technology/autopilot/etc/hls_cordic_apfixed.h:240->/usr/local/Xilinx/Vitis/2024.2/common/technology/autopilot/hls_math.h:1944->/home/master25/mae26/s.kim/RP/QAOA-TSP-supaero-mae-reasearch/qaoa.cpp:90]   --->   Operation 81 'br' 'br_ln61' <Predicate = (!icmp_ln86)> <Delay = 0.00>
ST_2 : Operation 82 [1/1] (1.58ns)   --->   "%store_ln86 = store i10 %select_ln86_3, i10 %s" [/home/master25/mae26/s.kim/RP/QAOA-TSP-supaero-mae-reasearch/qaoa.cpp:86]   --->   Operation 82 'store' 'store_ln86' <Predicate = (!icmp_ln86)> <Delay = 1.58>
ST_2 : Operation 83 [1/1] (1.58ns)   --->   "%store_ln61 = store i6 %add_ln61, i6 %n" [/usr/local/Xilinx/Vitis/2024.2/common/technology/autopilot/etc/hls_cordic_apfixed.h:61->/usr/local/Xilinx/Vitis/2024.2/common/technology/autopilot/etc/hls_cordic_apfixed.h:240->/usr/local/Xilinx/Vitis/2024.2/common/technology/autopilot/hls_math.h:1944->/home/master25/mae26/s.kim/RP/QAOA-TSP-supaero-mae-reasearch/qaoa.cpp:90]   --->   Operation 83 'store' 'store_ln61' <Predicate = (!icmp_ln86)> <Delay = 1.58>

State 3 <SV = 2> <Delay = 8.69>
ST_3 : Operation 84 [29/30] (8.69ns)   --->   "%Hs = call i32 @costHamiltonian<3>, i9 %trunc_ln87, i32 %d" [/home/master25/mae26/s.kim/RP/QAOA-TSP-supaero-mae-reasearch/qaoa.cpp:87]   --->   Operation 84 'call' 'Hs' <Predicate = (!icmp_ln86)> <Delay = 8.69> <CoreType = "Generic">   --->   Generic Core

State 4 <SV = 3> <Delay = 8.69>
ST_4 : Operation 85 [28/30] (8.69ns)   --->   "%Hs = call i32 @costHamiltonian<3>, i9 %trunc_ln87, i32 %d" [/home/master25/mae26/s.kim/RP/QAOA-TSP-supaero-mae-reasearch/qaoa.cpp:87]   --->   Operation 85 'call' 'Hs' <Predicate = (!icmp_ln86)> <Delay = 8.69> <CoreType = "Generic">   --->   Generic Core

State 5 <SV = 4> <Delay = 8.69>
ST_5 : Operation 86 [27/30] (8.69ns)   --->   "%Hs = call i32 @costHamiltonian<3>, i9 %trunc_ln87, i32 %d" [/home/master25/mae26/s.kim/RP/QAOA-TSP-supaero-mae-reasearch/qaoa.cpp:87]   --->   Operation 86 'call' 'Hs' <Predicate = (!icmp_ln86)> <Delay = 8.69> <CoreType = "Generic">   --->   Generic Core

State 6 <SV = 5> <Delay = 8.69>
ST_6 : Operation 87 [26/30] (8.69ns)   --->   "%Hs = call i32 @costHamiltonian<3>, i9 %trunc_ln87, i32 %d" [/home/master25/mae26/s.kim/RP/QAOA-TSP-supaero-mae-reasearch/qaoa.cpp:87]   --->   Operation 87 'call' 'Hs' <Predicate = (!icmp_ln86)> <Delay = 8.69> <CoreType = "Generic">   --->   Generic Core

State 7 <SV = 6> <Delay = 8.69>
ST_7 : Operation 88 [25/30] (8.69ns)   --->   "%Hs = call i32 @costHamiltonian<3>, i9 %trunc_ln87, i32 %d" [/home/master25/mae26/s.kim/RP/QAOA-TSP-supaero-mae-reasearch/qaoa.cpp:87]   --->   Operation 88 'call' 'Hs' <Predicate = (!icmp_ln86)> <Delay = 8.69> <CoreType = "Generic">   --->   Generic Core

State 8 <SV = 7> <Delay = 8.69>
ST_8 : Operation 89 [24/30] (8.69ns)   --->   "%Hs = call i32 @costHamiltonian<3>, i9 %trunc_ln87, i32 %d" [/home/master25/mae26/s.kim/RP/QAOA-TSP-supaero-mae-reasearch/qaoa.cpp:87]   --->   Operation 89 'call' 'Hs' <Predicate = (!icmp_ln86)> <Delay = 8.69> <CoreType = "Generic">   --->   Generic Core

State 9 <SV = 8> <Delay = 8.69>
ST_9 : Operation 90 [23/30] (8.69ns)   --->   "%Hs = call i32 @costHamiltonian<3>, i9 %trunc_ln87, i32 %d" [/home/master25/mae26/s.kim/RP/QAOA-TSP-supaero-mae-reasearch/qaoa.cpp:87]   --->   Operation 90 'call' 'Hs' <Predicate = (!icmp_ln86)> <Delay = 8.69> <CoreType = "Generic">   --->   Generic Core

State 10 <SV = 9> <Delay = 8.69>
ST_10 : Operation 91 [22/30] (8.69ns)   --->   "%Hs = call i32 @costHamiltonian<3>, i9 %trunc_ln87, i32 %d" [/home/master25/mae26/s.kim/RP/QAOA-TSP-supaero-mae-reasearch/qaoa.cpp:87]   --->   Operation 91 'call' 'Hs' <Predicate = (!icmp_ln86)> <Delay = 8.69> <CoreType = "Generic">   --->   Generic Core

State 11 <SV = 10> <Delay = 8.69>
ST_11 : Operation 92 [21/30] (8.69ns)   --->   "%Hs = call i32 @costHamiltonian<3>, i9 %trunc_ln87, i32 %d" [/home/master25/mae26/s.kim/RP/QAOA-TSP-supaero-mae-reasearch/qaoa.cpp:87]   --->   Operation 92 'call' 'Hs' <Predicate = true> <Delay = 8.69> <CoreType = "Generic">   --->   Generic Core

State 12 <SV = 11> <Delay = 8.69>
ST_12 : Operation 93 [20/30] (8.69ns)   --->   "%Hs = call i32 @costHamiltonian<3>, i9 %trunc_ln87, i32 %d" [/home/master25/mae26/s.kim/RP/QAOA-TSP-supaero-mae-reasearch/qaoa.cpp:87]   --->   Operation 93 'call' 'Hs' <Predicate = true> <Delay = 8.69> <CoreType = "Generic">   --->   Generic Core

State 13 <SV = 12> <Delay = 8.69>
ST_13 : Operation 94 [19/30] (8.69ns)   --->   "%Hs = call i32 @costHamiltonian<3>, i9 %trunc_ln87, i32 %d" [/home/master25/mae26/s.kim/RP/QAOA-TSP-supaero-mae-reasearch/qaoa.cpp:87]   --->   Operation 94 'call' 'Hs' <Predicate = true> <Delay = 8.69> <CoreType = "Generic">   --->   Generic Core

State 14 <SV = 13> <Delay = 8.69>
ST_14 : Operation 95 [18/30] (8.69ns)   --->   "%Hs = call i32 @costHamiltonian<3>, i9 %trunc_ln87, i32 %d" [/home/master25/mae26/s.kim/RP/QAOA-TSP-supaero-mae-reasearch/qaoa.cpp:87]   --->   Operation 95 'call' 'Hs' <Predicate = true> <Delay = 8.69> <CoreType = "Generic">   --->   Generic Core

State 15 <SV = 14> <Delay = 8.69>
ST_15 : Operation 96 [17/30] (8.69ns)   --->   "%Hs = call i32 @costHamiltonian<3>, i9 %trunc_ln87, i32 %d" [/home/master25/mae26/s.kim/RP/QAOA-TSP-supaero-mae-reasearch/qaoa.cpp:87]   --->   Operation 96 'call' 'Hs' <Predicate = true> <Delay = 8.69> <CoreType = "Generic">   --->   Generic Core

State 16 <SV = 15> <Delay = 8.69>
ST_16 : Operation 97 [16/30] (8.69ns)   --->   "%Hs = call i32 @costHamiltonian<3>, i9 %trunc_ln87, i32 %d" [/home/master25/mae26/s.kim/RP/QAOA-TSP-supaero-mae-reasearch/qaoa.cpp:87]   --->   Operation 97 'call' 'Hs' <Predicate = true> <Delay = 8.69> <CoreType = "Generic">   --->   Generic Core

State 17 <SV = 16> <Delay = 8.69>
ST_17 : Operation 98 [15/30] (8.69ns)   --->   "%Hs = call i32 @costHamiltonian<3>, i9 %trunc_ln87, i32 %d" [/home/master25/mae26/s.kim/RP/QAOA-TSP-supaero-mae-reasearch/qaoa.cpp:87]   --->   Operation 98 'call' 'Hs' <Predicate = true> <Delay = 8.69> <CoreType = "Generic">   --->   Generic Core

State 18 <SV = 17> <Delay = 8.69>
ST_18 : Operation 99 [14/30] (8.69ns)   --->   "%Hs = call i32 @costHamiltonian<3>, i9 %trunc_ln87, i32 %d" [/home/master25/mae26/s.kim/RP/QAOA-TSP-supaero-mae-reasearch/qaoa.cpp:87]   --->   Operation 99 'call' 'Hs' <Predicate = true> <Delay = 8.69> <CoreType = "Generic">   --->   Generic Core

State 19 <SV = 18> <Delay = 8.69>
ST_19 : Operation 100 [13/30] (8.69ns)   --->   "%Hs = call i32 @costHamiltonian<3>, i9 %trunc_ln87, i32 %d" [/home/master25/mae26/s.kim/RP/QAOA-TSP-supaero-mae-reasearch/qaoa.cpp:87]   --->   Operation 100 'call' 'Hs' <Predicate = (!icmp_ln86)> <Delay = 8.69> <CoreType = "Generic">   --->   Generic Core

State 20 <SV = 19> <Delay = 8.69>
ST_20 : Operation 101 [12/30] (8.69ns)   --->   "%Hs = call i32 @costHamiltonian<3>, i9 %trunc_ln87, i32 %d" [/home/master25/mae26/s.kim/RP/QAOA-TSP-supaero-mae-reasearch/qaoa.cpp:87]   --->   Operation 101 'call' 'Hs' <Predicate = true> <Delay = 8.69> <CoreType = "Generic">   --->   Generic Core

State 21 <SV = 20> <Delay = 8.69>
ST_21 : Operation 102 [11/30] (8.69ns)   --->   "%Hs = call i32 @costHamiltonian<3>, i9 %trunc_ln87, i32 %d" [/home/master25/mae26/s.kim/RP/QAOA-TSP-supaero-mae-reasearch/qaoa.cpp:87]   --->   Operation 102 'call' 'Hs' <Predicate = true> <Delay = 8.69> <CoreType = "Generic">   --->   Generic Core

State 22 <SV = 21> <Delay = 8.69>
ST_22 : Operation 103 [10/30] (8.69ns)   --->   "%Hs = call i32 @costHamiltonian<3>, i9 %trunc_ln87, i32 %d" [/home/master25/mae26/s.kim/RP/QAOA-TSP-supaero-mae-reasearch/qaoa.cpp:87]   --->   Operation 103 'call' 'Hs' <Predicate = true> <Delay = 8.69> <CoreType = "Generic">   --->   Generic Core

State 23 <SV = 22> <Delay = 8.69>
ST_23 : Operation 104 [9/30] (8.69ns)   --->   "%Hs = call i32 @costHamiltonian<3>, i9 %trunc_ln87, i32 %d" [/home/master25/mae26/s.kim/RP/QAOA-TSP-supaero-mae-reasearch/qaoa.cpp:87]   --->   Operation 104 'call' 'Hs' <Predicate = true> <Delay = 8.69> <CoreType = "Generic">   --->   Generic Core

State 24 <SV = 23> <Delay = 8.69>
ST_24 : Operation 105 [8/30] (8.69ns)   --->   "%Hs = call i32 @costHamiltonian<3>, i9 %trunc_ln87, i32 %d" [/home/master25/mae26/s.kim/RP/QAOA-TSP-supaero-mae-reasearch/qaoa.cpp:87]   --->   Operation 105 'call' 'Hs' <Predicate = true> <Delay = 8.69> <CoreType = "Generic">   --->   Generic Core

State 25 <SV = 24> <Delay = 8.69>
ST_25 : Operation 106 [7/30] (8.69ns)   --->   "%Hs = call i32 @costHamiltonian<3>, i9 %trunc_ln87, i32 %d" [/home/master25/mae26/s.kim/RP/QAOA-TSP-supaero-mae-reasearch/qaoa.cpp:87]   --->   Operation 106 'call' 'Hs' <Predicate = true> <Delay = 8.69> <CoreType = "Generic">   --->   Generic Core

State 26 <SV = 25> <Delay = 8.69>
ST_26 : Operation 107 [6/30] (8.69ns)   --->   "%Hs = call i32 @costHamiltonian<3>, i9 %trunc_ln87, i32 %d" [/home/master25/mae26/s.kim/RP/QAOA-TSP-supaero-mae-reasearch/qaoa.cpp:87]   --->   Operation 107 'call' 'Hs' <Predicate = true> <Delay = 8.69> <CoreType = "Generic">   --->   Generic Core

State 27 <SV = 26> <Delay = 8.69>
ST_27 : Operation 108 [5/30] (8.69ns)   --->   "%Hs = call i32 @costHamiltonian<3>, i9 %trunc_ln87, i32 %d" [/home/master25/mae26/s.kim/RP/QAOA-TSP-supaero-mae-reasearch/qaoa.cpp:87]   --->   Operation 108 'call' 'Hs' <Predicate = true> <Delay = 8.69> <CoreType = "Generic">   --->   Generic Core

State 28 <SV = 27> <Delay = 8.69>
ST_28 : Operation 109 [4/30] (8.69ns)   --->   "%Hs = call i32 @costHamiltonian<3>, i9 %trunc_ln87, i32 %d" [/home/master25/mae26/s.kim/RP/QAOA-TSP-supaero-mae-reasearch/qaoa.cpp:87]   --->   Operation 109 'call' 'Hs' <Predicate = (!icmp_ln86)> <Delay = 8.69> <CoreType = "Generic">   --->   Generic Core

State 29 <SV = 28> <Delay = 8.69>
ST_29 : Operation 110 [3/30] (8.69ns)   --->   "%Hs = call i32 @costHamiltonian<3>, i9 %trunc_ln87, i32 %d" [/home/master25/mae26/s.kim/RP/QAOA-TSP-supaero-mae-reasearch/qaoa.cpp:87]   --->   Operation 110 'call' 'Hs' <Predicate = true> <Delay = 8.69> <CoreType = "Generic">   --->   Generic Core

State 30 <SV = 29> <Delay = 8.69>
ST_30 : Operation 111 [2/30] (8.69ns)   --->   "%Hs = call i32 @costHamiltonian<3>, i9 %trunc_ln87, i32 %d" [/home/master25/mae26/s.kim/RP/QAOA-TSP-supaero-mae-reasearch/qaoa.cpp:87]   --->   Operation 111 'call' 'Hs' <Predicate = true> <Delay = 8.69> <CoreType = "Generic">   --->   Generic Core

State 31 <SV = 30> <Delay = 7.49>
ST_31 : Operation 112 [1/30] (7.49ns)   --->   "%Hs = call i32 @costHamiltonian<3>, i9 %trunc_ln87, i32 %d" [/home/master25/mae26/s.kim/RP/QAOA-TSP-supaero-mae-reasearch/qaoa.cpp:87]   --->   Operation 112 'call' 'Hs' <Predicate = true> <Delay = 7.49> <CoreType = "Generic">   --->   Generic Core

State 32 <SV = 31> <Delay = 6.91>
ST_32 : Operation 113 [1/1] (0.00ns)   --->   "%sext_ln88 = sext i32 %Hs" [/home/master25/mae26/s.kim/RP/QAOA-TSP-supaero-mae-reasearch/qaoa.cpp:88]   --->   Operation 113 'sext' 'sext_ln88' <Predicate = true> <Delay = 0.00>
ST_32 : Operation 114 [2/2] (6.91ns)   --->   "%mul_ln88 = mul i52 %sext_ln88, i52 %sext_ln86" [/home/master25/mae26/s.kim/RP/QAOA-TSP-supaero-mae-reasearch/qaoa.cpp:88]   --->   Operation 114 'mul' 'mul_ln88' <Predicate = true> <Delay = 6.91> <CoreInst = "Multiplier">   --->   Core 3 'Multiplier' <Latency = 1> <II = 1> <Delay = 6.91> <FuncUnit> <Opcode : 'mul'> <InPorts = 2> <OutPorts = 1>

State 33 <SV = 32> <Delay = 6.91>
ST_33 : Operation 115 [1/1] (0.00ns)   --->   "%p_load30 = load i34 %empty_61" [/home/master25/mae26/s.kim/RP/QAOA-TSP-supaero-mae-reasearch/qaoa.cpp:86]   --->   Operation 115 'load' 'p_load30' <Predicate = (!icmp_ln61)> <Delay = 0.00>
ST_33 : Operation 116 [1/1] (0.91ns)   --->   "%select_ln86_2 = select i1 %icmp_ln61, i34 1304065748, i34 %p_load30" [/home/master25/mae26/s.kim/RP/QAOA-TSP-supaero-mae-reasearch/qaoa.cpp:86]   --->   Operation 116 'select' 'select_ln86_2' <Predicate = true> <Delay = 0.91> <CoreInst = "Sel">   --->   Core 73 'Sel' <Latency = 0> <II = 1> <Delay = 0.91> <FuncUnit> <Opcode : 'select'> <InPorts = 3> <OutPorts = 1>
ST_33 : Operation 117 [1/2] (6.91ns)   --->   "%mul_ln88 = mul i52 %sext_ln88, i52 %sext_ln86" [/home/master25/mae26/s.kim/RP/QAOA-TSP-supaero-mae-reasearch/qaoa.cpp:88]   --->   Operation 117 'mul' 'mul_ln88' <Predicate = true> <Delay = 6.91> <CoreInst = "Multiplier">   --->   Core 3 'Multiplier' <Latency = 1> <II = 1> <Delay = 6.91> <FuncUnit> <Opcode : 'mul'> <InPorts = 2> <OutPorts = 1>
ST_33 : Operation 118 [1/1] (0.00ns)   --->   "%ang = partselect i32 @_ssdm_op_PartSelect.i32.i52.i32.i32, i52 %mul_ln88, i32 20, i32 51" [/home/master25/mae26/s.kim/RP/QAOA-TSP-supaero-mae-reasearch/qaoa.cpp:88]   --->   Operation 118 'partselect' 'ang' <Predicate = true> <Delay = 0.00>
ST_33 : Operation 119 [1/1] (0.00ns)   --->   "%zext_ln71 = zext i6 %select_ln86" [/usr/local/Xilinx/Vitis/2024.2/common/technology/autopilot/etc/hls_cordic_apfixed.h:71->/usr/local/Xilinx/Vitis/2024.2/common/technology/autopilot/etc/hls_cordic_apfixed.h:240->/usr/local/Xilinx/Vitis/2024.2/common/technology/autopilot/hls_math.h:1944->/home/master25/mae26/s.kim/RP/QAOA-TSP-supaero-mae-reasearch/qaoa.cpp:90]   --->   Operation 119 'zext' 'zext_ln71' <Predicate = true> <Delay = 0.00>
ST_33 : Operation 120 [1/1] (4.47ns)   --->   "%x_s = ashr i34 %select_ln86_2, i34 %zext_ln71" [/usr/local/Xilinx/Vitis/2024.2/common/technology/autopilot/etc/hls_cordic_apfixed.h:71->/usr/local/Xilinx/Vitis/2024.2/common/technology/autopilot/etc/hls_cordic_apfixed.h:240->/usr/local/Xilinx/Vitis/2024.2/common/technology/autopilot/hls_math.h:1944->/home/master25/mae26/s.kim/RP/QAOA-TSP-supaero-mae-reasearch/qaoa.cpp:90]   --->   Operation 120 'ashr' 'x_s' <Predicate = true> <Delay = 4.47> <CoreInst = "Shifter">   --->   Core 75 'Shifter' <Latency = 0> <II = 1> <Delay = 4.47> <FuncUnit> <Opcode : 'shl' 'lshr' 'ashr'> <InPorts = 2> <OutPorts = 1>

State 34 <SV = 33> <Delay = 5.38>
ST_34 : Operation 121 [1/1] (0.00ns)   --->   "%p_load = load i34 %empty_62" [/home/master25/mae26/s.kim/RP/QAOA-TSP-supaero-mae-reasearch/qaoa.cpp:86]   --->   Operation 121 'load' 'p_load' <Predicate = (!icmp_ln61)> <Delay = 0.00>
ST_34 : Operation 122 [1/1] (0.91ns)   --->   "%select_ln86_1 = select i1 %icmp_ln61, i34 0, i34 %p_load" [/home/master25/mae26/s.kim/RP/QAOA-TSP-supaero-mae-reasearch/qaoa.cpp:86]   --->   Operation 122 'select' 'select_ln86_1' <Predicate = true> <Delay = 0.91> <CoreInst = "Sel">   --->   Core 73 'Sel' <Latency = 0> <II = 1> <Delay = 0.91> <FuncUnit> <Opcode : 'select'> <InPorts = 3> <OutPorts = 1>
ST_34 : Operation 123 [1/1] (2.55ns)   --->   "%sign0 = icmp_sgt  i32 %ang, i32 0" [/usr/local/Xilinx/Vitis/2024.2/common/technology/autopilot/etc/hls_cordic_apfixed.h:204->/usr/local/Xilinx/Vitis/2024.2/common/technology/autopilot/hls_math.h:1944->/home/master25/mae26/s.kim/RP/QAOA-TSP-supaero-mae-reasearch/qaoa.cpp:90]   --->   Operation 123 'icmp' 'sign0' <Predicate = true> <Delay = 2.55> <CoreInst = "Cmp">   --->   Core 9 'Cmp' <Latency = 0> <II = 1> <Delay = 2.55> <FuncUnit> <Opcode : 'seteq' 'setne' 'setle' 'setge' 'setlt' 'setgt'> <InPorts = 2> <OutPorts = 1>
ST_34 : Operation 124 [1/1] (2.55ns)   --->   "%sub_ln211 = sub i32 0, i32 %ang" [/usr/local/Xilinx/Vitis/2024.2/common/technology/autopilot/etc/hls_cordic_apfixed.h:211->/usr/local/Xilinx/Vitis/2024.2/common/technology/autopilot/hls_math.h:1944->/home/master25/mae26/s.kim/RP/QAOA-TSP-supaero-mae-reasearch/qaoa.cpp:90]   --->   Operation 124 'sub' 'sub_ln211' <Predicate = true> <Delay = 2.55> <CoreInst = "Adder">   --->   Core 1 'Adder' <Latency = 0> <II = 1> <Delay = 2.55> <FuncUnit> <Opcode : 'add' 'sub'> <InPorts = 2> <OutPorts = 1>
ST_34 : Operation 125 [1/1] (0.69ns)   --->   "%inabs = select i1 %sign0, i32 %ang, i32 %sub_ln211" [/usr/local/Xilinx/Vitis/2024.2/common/technology/autopilot/etc/hls_cordic_apfixed.h:208->/usr/local/Xilinx/Vitis/2024.2/common/technology/autopilot/hls_math.h:1944->/home/master25/mae26/s.kim/RP/QAOA-TSP-supaero-mae-reasearch/qaoa.cpp:90]   --->   Operation 125 'select' 'inabs' <Predicate = true> <Delay = 0.69> <CoreInst = "Sel">   --->   Core 73 'Sel' <Latency = 0> <II = 1> <Delay = 0.69> <FuncUnit> <Opcode : 'select'> <InPorts = 3> <OutPorts = 1>
ST_34 : Operation 126 [1/1] (0.00ns)   --->   "%trunc_ln42 = trunc i32 %inabs" [/usr/local/Xilinx/Vitis/2024.2/common/technology/autopilot/etc/hls_cordic_apfixed.h:42->/usr/local/Xilinx/Vitis/2024.2/common/technology/autopilot/etc/hls_cordic_apfixed.h:217->/usr/local/Xilinx/Vitis/2024.2/common/technology/autopilot/hls_math.h:1944->/home/master25/mae26/s.kim/RP/QAOA-TSP-supaero-mae-reasearch/qaoa.cpp:90]   --->   Operation 126 'trunc' 'trunc_ln42' <Predicate = true> <Delay = 0.00>
ST_34 : Operation 127 [1/1] (4.47ns)   --->   "%y_s = ashr i34 %select_ln86_1, i34 %zext_ln71" [/usr/local/Xilinx/Vitis/2024.2/common/technology/autopilot/etc/hls_cordic_apfixed.h:72->/usr/local/Xilinx/Vitis/2024.2/common/technology/autopilot/etc/hls_cordic_apfixed.h:240->/usr/local/Xilinx/Vitis/2024.2/common/technology/autopilot/hls_math.h:1944->/home/master25/mae26/s.kim/RP/QAOA-TSP-supaero-mae-reasearch/qaoa.cpp:90]   --->   Operation 127 'ashr' 'y_s' <Predicate = true> <Delay = 4.47> <CoreInst = "Shifter">   --->   Core 75 'Shifter' <Latency = 0> <II = 1> <Delay = 4.47> <FuncUnit> <Opcode : 'shl' 'lshr' 'ashr'> <InPorts = 2> <OutPorts = 1>

State 35 <SV = 34> <Delay = 7.45>
ST_35 : Operation 128 [1/1] (0.00ns)   --->   "%zext_ln38 = zext i32 %inabs" [/usr/local/Xilinx/Vitis/2024.2/common/technology/autopilot/etc/hls_cordic_apfixed.h:38->/usr/local/Xilinx/Vitis/2024.2/common/technology/autopilot/etc/hls_cordic_apfixed.h:217->/usr/local/Xilinx/Vitis/2024.2/common/technology/autopilot/hls_math.h:1944->/home/master25/mae26/s.kim/RP/QAOA-TSP-supaero-mae-reasearch/qaoa.cpp:90]   --->   Operation 128 'zext' 'zext_ln38' <Predicate = true> <Delay = 0.00>
ST_35 : Operation 129 [3/3] (7.45ns)   --->   "%mul_ln38 = mul i76 %zext_ln38, i76 22399066950088" [/usr/local/Xilinx/Vitis/2024.2/common/technology/autopilot/etc/hls_cordic_apfixed.h:38->/usr/local/Xilinx/Vitis/2024.2/common/technology/autopilot/etc/hls_cordic_apfixed.h:217->/usr/local/Xilinx/Vitis/2024.2/common/technology/autopilot/hls_math.h:1944->/home/master25/mae26/s.kim/RP/QAOA-TSP-supaero-mae-reasearch/qaoa.cpp:90]   --->   Operation 129 'mul' 'mul_ln38' <Predicate = true> <Delay = 7.45> <CoreInst = "Multiplier">   --->   Core 3 'Multiplier' <Latency = 2> <II = 1> <Delay = 7.45> <FuncUnit> <Opcode : 'mul'> <InPorts = 2> <OutPorts = 1>

State 36 <SV = 35> <Delay = 7.45>
ST_36 : Operation 130 [2/3] (7.45ns)   --->   "%mul_ln38 = mul i76 %zext_ln38, i76 22399066950088" [/usr/local/Xilinx/Vitis/2024.2/common/technology/autopilot/etc/hls_cordic_apfixed.h:38->/usr/local/Xilinx/Vitis/2024.2/common/technology/autopilot/etc/hls_cordic_apfixed.h:217->/usr/local/Xilinx/Vitis/2024.2/common/technology/autopilot/hls_math.h:1944->/home/master25/mae26/s.kim/RP/QAOA-TSP-supaero-mae-reasearch/qaoa.cpp:90]   --->   Operation 130 'mul' 'mul_ln38' <Predicate = true> <Delay = 7.45> <CoreInst = "Multiplier">   --->   Core 3 'Multiplier' <Latency = 2> <II = 1> <Delay = 7.45> <FuncUnit> <Opcode : 'mul'> <InPorts = 2> <OutPorts = 1>
ST_36 : Operation 210 [1/1] (1.58ns)   --->   "%ret_ln96 = ret" [/home/master25/mae26/s.kim/RP/QAOA-TSP-supaero-mae-reasearch/qaoa.cpp:96]   --->   Operation 210 'ret' 'ret_ln96' <Predicate = (icmp_ln86)> <Delay = 1.58>

State 37 <SV = 36> <Delay = 7.45>
ST_37 : Operation 131 [1/1] (1.82ns)   --->   "%first_iter_0 = icmp_eq  i6 %select_ln86, i6 0" [/home/master25/mae26/s.kim/RP/QAOA-TSP-supaero-mae-reasearch/qaoa.cpp:86]   --->   Operation 131 'icmp' 'first_iter_0' <Predicate = true> <Delay = 1.82> <CoreInst = "Cmp">   --->   Core 9 'Cmp' <Latency = 0> <II = 1> <Delay = 1.82> <FuncUnit> <Opcode : 'seteq' 'setne' 'setle' 'setge' 'setlt' 'setgt'> <InPorts = 2> <OutPorts = 1>
ST_37 : Operation 132 [1/3] (7.45ns)   --->   "%mul_ln38 = mul i76 %zext_ln38, i76 22399066950088" [/usr/local/Xilinx/Vitis/2024.2/common/technology/autopilot/etc/hls_cordic_apfixed.h:38->/usr/local/Xilinx/Vitis/2024.2/common/technology/autopilot/etc/hls_cordic_apfixed.h:217->/usr/local/Xilinx/Vitis/2024.2/common/technology/autopilot/hls_math.h:1944->/home/master25/mae26/s.kim/RP/QAOA-TSP-supaero-mae-reasearch/qaoa.cpp:90]   --->   Operation 132 'mul' 'mul_ln38' <Predicate = true> <Delay = 7.45> <CoreInst = "Multiplier">   --->   Core 3 'Multiplier' <Latency = 2> <II = 1> <Delay = 7.45> <FuncUnit> <Opcode : 'mul'> <InPorts = 2> <OutPorts = 1>
ST_37 : Operation 133 [1/1] (0.00ns)   --->   "%tmp = partselect i11 @_ssdm_op_PartSelect.i11.i76.i32.i32, i76 %mul_ln38, i32 65, i32 75" [/usr/local/Xilinx/Vitis/2024.2/common/technology/autopilot/etc/hls_cordic_apfixed.h:39->/usr/local/Xilinx/Vitis/2024.2/common/technology/autopilot/etc/hls_cordic_apfixed.h:217->/usr/local/Xilinx/Vitis/2024.2/common/technology/autopilot/hls_math.h:1944->/home/master25/mae26/s.kim/RP/QAOA-TSP-supaero-mae-reasearch/qaoa.cpp:90]   --->   Operation 133 'partselect' 'tmp' <Predicate = true> <Delay = 0.00>
ST_37 : Operation 134 [1/1] (0.00ns)   --->   "%k = partselect i2 @_ssdm_op_PartSelect.i2.i76.i32.i32, i76 %mul_ln38, i32 65, i32 66" [/usr/local/Xilinx/Vitis/2024.2/common/technology/autopilot/etc/hls_cordic_apfixed.h:41->/usr/local/Xilinx/Vitis/2024.2/common/technology/autopilot/etc/hls_cordic_apfixed.h:217->/usr/local/Xilinx/Vitis/2024.2/common/technology/autopilot/hls_math.h:1944->/home/master25/mae26/s.kim/RP/QAOA-TSP-supaero-mae-reasearch/qaoa.cpp:90]   --->   Operation 134 'partselect' 'k' <Predicate = true> <Delay = 0.00>
ST_37 : Operation 135 [1/1] (0.00ns)   --->   "%zext_ln86 = zext i10 %select_ln86_3" [/home/master25/mae26/s.kim/RP/QAOA-TSP-supaero-mae-reasearch/qaoa.cpp:86]   --->   Operation 135 'zext' 'zext_ln86' <Predicate = true> <Delay = 0.00>
ST_37 : Operation 136 [1/1] (0.00ns)   --->   "%zext_ln61 = zext i6 %select_ln86" [/usr/local/Xilinx/Vitis/2024.2/common/technology/autopilot/etc/hls_cordic_apfixed.h:61->/usr/local/Xilinx/Vitis/2024.2/common/technology/autopilot/etc/hls_cordic_apfixed.h:240->/usr/local/Xilinx/Vitis/2024.2/common/technology/autopilot/hls_math.h:1944->/home/master25/mae26/s.kim/RP/QAOA-TSP-supaero-mae-reasearch/qaoa.cpp:90]   --->   Operation 136 'zext' 'zext_ln61' <Predicate = true> <Delay = 0.00>
ST_37 : Operation 137 [1/1] (0.00ns)   --->   "%cordic_apfixed_circ_table_arctan_128_addr = getelementptr i126 %cordic_apfixed_circ_table_arctan_128, i64 0, i64 %zext_ln61" [/usr/local/Xilinx/Vitis/2024.2/common/technology/autopilot/etc/hls_cordic_apfixed.h:73->/usr/local/Xilinx/Vitis/2024.2/common/technology/autopilot/etc/hls_cordic_apfixed.h:240->/usr/local/Xilinx/Vitis/2024.2/common/technology/autopilot/hls_math.h:1944->/home/master25/mae26/s.kim/RP/QAOA-TSP-supaero-mae-reasearch/qaoa.cpp:90]   --->   Operation 137 'getelementptr' 'cordic_apfixed_circ_table_arctan_128_addr' <Predicate = true> <Delay = 0.00>
ST_37 : Operation 138 [2/2] (3.25ns)   --->   "%cordic_apfixed_circ_table_arctan_128_load = load i7 %cordic_apfixed_circ_table_arctan_128_addr" [/usr/local/Xilinx/Vitis/2024.2/common/technology/autopilot/etc/hls_cordic_apfixed.h:73->/usr/local/Xilinx/Vitis/2024.2/common/technology/autopilot/etc/hls_cordic_apfixed.h:240->/usr/local/Xilinx/Vitis/2024.2/common/technology/autopilot/hls_math.h:1944->/home/master25/mae26/s.kim/RP/QAOA-TSP-supaero-mae-reasearch/qaoa.cpp:90]   --->   Operation 138 'load' 'cordic_apfixed_circ_table_arctan_128_load' <Predicate = true> <Delay = 3.25> <CoreInst = "ROM">   --->   Core 94 'ROM' <Latency = 1> <II = 1> <Delay = 3.25> <Storage> <Opcode : 'load'> <Ports = 0> <Width = 126> <Depth = 128> <ROM>
ST_37 : Operation 139 [1/1] (0.00ns)   --->   "%this_re = getelementptr i32 %state_re, i64 0, i64 %zext_ln86" [/home/master25/mae26/s.kim/RP/QAOA-TSP-supaero-mae-reasearch/qaoa.cpp:90]   --->   Operation 139 'getelementptr' 'this_re' <Predicate = true> <Delay = 0.00>
ST_37 : Operation 140 [1/1] (0.00ns)   --->   "%this_im = getelementptr i32 %state_im, i64 0, i64 %zext_ln86" [/home/master25/mae26/s.kim/RP/QAOA-TSP-supaero-mae-reasearch/qaoa.cpp:90]   --->   Operation 140 'getelementptr' 'this_im' <Predicate = true> <Delay = 0.00>
ST_37 : Operation 141 [2/2] (3.25ns)   --->   "%this_re_load = load i9 %this_re" [/home/master25/mae26/s.kim/RP/QAOA-TSP-supaero-mae-reasearch/qaoa.hpp:65->/home/master25/mae26/s.kim/RP/QAOA-TSP-supaero-mae-reasearch/qaoa.cpp:90]   --->   Operation 141 'load' 'this_re_load' <Predicate = true> <Delay = 3.25> <CoreInst = "RAM_2P_BRAM">   --->   Core 90 'RAM_2P_BRAM' <Latency = 1> <II = 1> <Delay = 3.25> <Storage> <Opcode : 'load' 'store'> <Ports = 2> <Width = 32> <Depth = 512> <RAM>
ST_37 : Operation 142 [2/2] (3.25ns)   --->   "%this_im_load = load i9 %this_im" [/home/master25/mae26/s.kim/RP/QAOA-TSP-supaero-mae-reasearch/qaoa.hpp:65->/home/master25/mae26/s.kim/RP/QAOA-TSP-supaero-mae-reasearch/qaoa.cpp:90]   --->   Operation 142 'load' 'this_im_load' <Predicate = true> <Delay = 3.25> <CoreInst = "RAM_2P_BRAM">   --->   Core 90 'RAM_2P_BRAM' <Latency = 1> <II = 1> <Delay = 3.25> <Storage> <Opcode : 'load' 'store'> <Ports = 2> <Width = 32> <Depth = 512> <RAM>

State 38 <SV = 37> <Delay = 6.91>
ST_38 : Operation 143 [1/1] (0.00ns)   --->   "%zext_ln42 = zext i11 %tmp" [/usr/local/Xilinx/Vitis/2024.2/common/technology/autopilot/etc/hls_cordic_apfixed.h:42->/usr/local/Xilinx/Vitis/2024.2/common/technology/autopilot/etc/hls_cordic_apfixed.h:217->/usr/local/Xilinx/Vitis/2024.2/common/technology/autopilot/hls_math.h:1944->/home/master25/mae26/s.kim/RP/QAOA-TSP-supaero-mae-reasearch/qaoa.cpp:90]   --->   Operation 143 'zext' 'zext_ln42' <Predicate = (first_iter_0)> <Delay = 0.00>
ST_38 : Operation 144 [2/2] (6.91ns)   --->   "%mul_ln42 = mul i34 %zext_ln42, i34 3686831480" [/usr/local/Xilinx/Vitis/2024.2/common/technology/autopilot/etc/hls_cordic_apfixed.h:42->/usr/local/Xilinx/Vitis/2024.2/common/technology/autopilot/etc/hls_cordic_apfixed.h:217->/usr/local/Xilinx/Vitis/2024.2/common/technology/autopilot/hls_math.h:1944->/home/master25/mae26/s.kim/RP/QAOA-TSP-supaero-mae-reasearch/qaoa.cpp:90]   --->   Operation 144 'mul' 'mul_ln42' <Predicate = (first_iter_0)> <Delay = 6.91> <CoreInst = "Multiplier">   --->   Core 3 'Multiplier' <Latency = 1> <II = 1> <Delay = 6.91> <FuncUnit> <Opcode : 'mul'> <InPorts = 2> <OutPorts = 1>
ST_38 : Operation 145 [1/2] ( I:3.25ns O:3.25ns )   --->   "%cordic_apfixed_circ_table_arctan_128_load = load i7 %cordic_apfixed_circ_table_arctan_128_addr" [/usr/local/Xilinx/Vitis/2024.2/common/technology/autopilot/etc/hls_cordic_apfixed.h:73->/usr/local/Xilinx/Vitis/2024.2/common/technology/autopilot/etc/hls_cordic_apfixed.h:240->/usr/local/Xilinx/Vitis/2024.2/common/technology/autopilot/hls_math.h:1944->/home/master25/mae26/s.kim/RP/QAOA-TSP-supaero-mae-reasearch/qaoa.cpp:90]   --->   Operation 145 'load' 'cordic_apfixed_circ_table_arctan_128_load' <Predicate = true> <Delay = 3.25> <CoreInst = "ROM">   --->   Core 94 'ROM' <Latency = 1> <II = 1> <Delay = 3.25> <Storage> <Opcode : 'load'> <Ports = 0> <Width = 126> <Depth = 128> <ROM>
ST_38 : Operation 146 [1/1] (0.00ns)   --->   "%tmp_73 = partselect i31 @_ssdm_op_PartSelect.i31.i126.i32.i32, i126 %cordic_apfixed_circ_table_arctan_128_load, i32 95, i32 125" [/usr/local/Xilinx/Vitis/2024.2/common/technology/autopilot/etc/hls_cordic_apfixed.h:73->/usr/local/Xilinx/Vitis/2024.2/common/technology/autopilot/etc/hls_cordic_apfixed.h:240->/usr/local/Xilinx/Vitis/2024.2/common/technology/autopilot/hls_math.h:1944->/home/master25/mae26/s.kim/RP/QAOA-TSP-supaero-mae-reasearch/qaoa.cpp:90]   --->   Operation 146 'partselect' 'tmp_73' <Predicate = true> <Delay = 0.00>
ST_38 : Operation 147 [1/2] ( I:3.25ns O:3.25ns )   --->   "%this_re_load = load i9 %this_re" [/home/master25/mae26/s.kim/RP/QAOA-TSP-supaero-mae-reasearch/qaoa.hpp:65->/home/master25/mae26/s.kim/RP/QAOA-TSP-supaero-mae-reasearch/qaoa.cpp:90]   --->   Operation 147 'load' 'this_re_load' <Predicate = true> <Delay = 3.25> <CoreInst = "RAM_2P_BRAM">   --->   Core 90 'RAM_2P_BRAM' <Latency = 1> <II = 1> <Delay = 3.25> <Storage> <Opcode : 'load' 'store'> <Ports = 2> <Width = 32> <Depth = 512> <RAM>
ST_38 : Operation 148 [1/2] ( I:3.25ns O:3.25ns )   --->   "%this_im_load = load i9 %this_im" [/home/master25/mae26/s.kim/RP/QAOA-TSP-supaero-mae-reasearch/qaoa.hpp:65->/home/master25/mae26/s.kim/RP/QAOA-TSP-supaero-mae-reasearch/qaoa.cpp:90]   --->   Operation 148 'load' 'this_im_load' <Predicate = true> <Delay = 3.25> <CoreInst = "RAM_2P_BRAM">   --->   Core 90 'RAM_2P_BRAM' <Latency = 1> <II = 1> <Delay = 3.25> <Storage> <Opcode : 'load' 'store'> <Ports = 2> <Width = 32> <Depth = 512> <RAM>

State 39 <SV = 38> <Delay = 6.91>
ST_39 : Operation 149 [1/2] (6.91ns)   --->   "%mul_ln42 = mul i34 %zext_ln42, i34 3686831480" [/usr/local/Xilinx/Vitis/2024.2/common/technology/autopilot/etc/hls_cordic_apfixed.h:42->/usr/local/Xilinx/Vitis/2024.2/common/technology/autopilot/etc/hls_cordic_apfixed.h:217->/usr/local/Xilinx/Vitis/2024.2/common/technology/autopilot/hls_math.h:1944->/home/master25/mae26/s.kim/RP/QAOA-TSP-supaero-mae-reasearch/qaoa.cpp:90]   --->   Operation 149 'mul' 'mul_ln42' <Predicate = (first_iter_0)> <Delay = 6.91> <CoreInst = "Multiplier">   --->   Core 3 'Multiplier' <Latency = 1> <II = 1> <Delay = 6.91> <FuncUnit> <Opcode : 'mul'> <InPorts = 2> <OutPorts = 1>

State 40 <SV = 39> <Delay = 7.15>
ST_40 : Operation 150 [1/1] (0.00ns)   --->   "%p_load31 = load i34 %empty" [/usr/local/Xilinx/Vitis/2024.2/common/technology/autopilot/etc/hls_cordic_apfixed.h:61->/usr/local/Xilinx/Vitis/2024.2/common/technology/autopilot/etc/hls_cordic_apfixed.h:240->/usr/local/Xilinx/Vitis/2024.2/common/technology/autopilot/hls_math.h:1944->/home/master25/mae26/s.kim/RP/QAOA-TSP-supaero-mae-reasearch/qaoa.cpp:90]   --->   Operation 150 'load' 'p_load31' <Predicate = (!first_iter_0)> <Delay = 0.00>
ST_40 : Operation 151 [1/1] (0.00ns)   --->   "%shl_ln = bitconcatenate i34 @_ssdm_op_BitConcatenate.i34.i21.i13, i21 %trunc_ln42, i13 0" [/usr/local/Xilinx/Vitis/2024.2/common/technology/autopilot/etc/hls_cordic_apfixed.h:42->/usr/local/Xilinx/Vitis/2024.2/common/technology/autopilot/etc/hls_cordic_apfixed.h:217->/usr/local/Xilinx/Vitis/2024.2/common/technology/autopilot/hls_math.h:1944->/home/master25/mae26/s.kim/RP/QAOA-TSP-supaero-mae-reasearch/qaoa.cpp:90]   --->   Operation 151 'bitconcatenate' 'shl_ln' <Predicate = (first_iter_0)> <Delay = 0.00>
ST_40 : Operation 152 [1/1] (2.63ns)   --->   "%add_ln42 = add i34 %shl_ln, i34 %mul_ln42" [/usr/local/Xilinx/Vitis/2024.2/common/technology/autopilot/etc/hls_cordic_apfixed.h:42->/usr/local/Xilinx/Vitis/2024.2/common/technology/autopilot/etc/hls_cordic_apfixed.h:217->/usr/local/Xilinx/Vitis/2024.2/common/technology/autopilot/hls_math.h:1944->/home/master25/mae26/s.kim/RP/QAOA-TSP-supaero-mae-reasearch/qaoa.cpp:90]   --->   Operation 152 'add' 'add_ln42' <Predicate = (first_iter_0)> <Delay = 2.63> <CoreInst = "Adder">   --->   Core 1 'Adder' <Latency = 0> <II = 1> <Delay = 2.63> <FuncUnit> <Opcode : 'add' 'sub'> <InPorts = 2> <OutPorts = 1>
ST_40 : Operation 153 [1/1] (0.00ns)   --->   "%r = partselect i33 @_ssdm_op_PartSelect.i33.i34.i32.i32, i34 %add_ln42, i32 1, i32 33" [/usr/local/Xilinx/Vitis/2024.2/common/technology/autopilot/etc/hls_cordic_apfixed.h:42->/usr/local/Xilinx/Vitis/2024.2/common/technology/autopilot/etc/hls_cordic_apfixed.h:217->/usr/local/Xilinx/Vitis/2024.2/common/technology/autopilot/hls_math.h:1944->/home/master25/mae26/s.kim/RP/QAOA-TSP-supaero-mae-reasearch/qaoa.cpp:90]   --->   Operation 153 'partselect' 'r' <Predicate = (first_iter_0)> <Delay = 0.00>
ST_40 : Operation 154 [1/1] (0.00ns)   --->   "%zext_ln42_2 = zext i33 %r" [/usr/local/Xilinx/Vitis/2024.2/common/technology/autopilot/etc/hls_cordic_apfixed.h:42->/usr/local/Xilinx/Vitis/2024.2/common/technology/autopilot/etc/hls_cordic_apfixed.h:217->/usr/local/Xilinx/Vitis/2024.2/common/technology/autopilot/hls_math.h:1944->/home/master25/mae26/s.kim/RP/QAOA-TSP-supaero-mae-reasearch/qaoa.cpp:90]   --->   Operation 154 'zext' 'zext_ln42_2' <Predicate = (first_iter_0)> <Delay = 0.00>
ST_40 : Operation 155 [1/1] (2.63ns)   --->   "%sub_ln228 = sub i34 6746518852, i34 %zext_ln42_2" [/usr/local/Xilinx/Vitis/2024.2/common/technology/autopilot/etc/hls_cordic_apfixed.h:228->/usr/local/Xilinx/Vitis/2024.2/common/technology/autopilot/hls_math.h:1944->/home/master25/mae26/s.kim/RP/QAOA-TSP-supaero-mae-reasearch/qaoa.cpp:90]   --->   Operation 155 'sub' 'sub_ln228' <Predicate = (first_iter_0)> <Delay = 2.63> <CoreInst = "Adder">   --->   Core 1 'Adder' <Latency = 0> <II = 1> <Delay = 2.63> <FuncUnit> <Opcode : 'add' 'sub'> <InPorts = 2> <OutPorts = 1>
ST_40 : Operation 156 [1/1] (1.56ns)   --->   "%icmp_ln225 = icmp_eq  i2 %k, i2 3" [/usr/local/Xilinx/Vitis/2024.2/common/technology/autopilot/etc/hls_cordic_apfixed.h:225->/usr/local/Xilinx/Vitis/2024.2/common/technology/autopilot/hls_math.h:1944->/home/master25/mae26/s.kim/RP/QAOA-TSP-supaero-mae-reasearch/qaoa.cpp:90]   --->   Operation 156 'icmp' 'icmp_ln225' <Predicate = (first_iter_0)> <Delay = 1.56> <CoreInst = "Cmp">   --->   Core 9 'Cmp' <Latency = 0> <II = 1> <Delay = 1.56> <FuncUnit> <Opcode : 'seteq' 'setne' 'setle' 'setge' 'setlt' 'setgt'> <InPorts = 2> <OutPorts = 1>
ST_40 : Operation 157 [1/1] (1.56ns)   --->   "%icmp_ln225_2 = icmp_eq  i2 %k, i2 1" [/usr/local/Xilinx/Vitis/2024.2/common/technology/autopilot/etc/hls_cordic_apfixed.h:225->/usr/local/Xilinx/Vitis/2024.2/common/technology/autopilot/hls_math.h:1944->/home/master25/mae26/s.kim/RP/QAOA-TSP-supaero-mae-reasearch/qaoa.cpp:90]   --->   Operation 157 'icmp' 'icmp_ln225_2' <Predicate = true> <Delay = 1.56> <CoreInst = "Cmp">   --->   Core 9 'Cmp' <Latency = 0> <II = 1> <Delay = 1.56> <FuncUnit> <Opcode : 'seteq' 'setne' 'setle' 'setge' 'setlt' 'setgt'> <InPorts = 2> <OutPorts = 1>
ST_40 : Operation 158 [1/1] (0.00ns) (grouped into LUT with out node select_ln61)   --->   "%or_ln225 = or i1 %icmp_ln225, i1 %icmp_ln225_2" [/usr/local/Xilinx/Vitis/2024.2/common/technology/autopilot/etc/hls_cordic_apfixed.h:225->/usr/local/Xilinx/Vitis/2024.2/common/technology/autopilot/hls_math.h:1944->/home/master25/mae26/s.kim/RP/QAOA-TSP-supaero-mae-reasearch/qaoa.cpp:90]   --->   Operation 158 'or' 'or_ln225' <Predicate = (first_iter_0)> <Delay = 0.00> <CoreInst = "LogicGate">   --->   Core 74 'LogicGate' <Latency = 0> <II = 1> <Delay = 0.97> <FuncUnit> <Opcode : 'and' 'or' 'xor'> <InPorts = 2> <OutPorts = 1>
ST_40 : Operation 159 [1/1] (0.00ns) (grouped into LUT with out node select_ln61)   --->   "%tmp_s = partselect i33 @_ssdm_op_PartSelect.i33.i34.i32.i32, i34 %sub_ln228, i32 1, i32 33" [/usr/local/Xilinx/Vitis/2024.2/common/technology/autopilot/etc/hls_cordic_apfixed.h:228->/usr/local/Xilinx/Vitis/2024.2/common/technology/autopilot/hls_math.h:1944->/home/master25/mae26/s.kim/RP/QAOA-TSP-supaero-mae-reasearch/qaoa.cpp:90]   --->   Operation 159 'partselect' 'tmp_s' <Predicate = (first_iter_0)> <Delay = 0.00>
ST_40 : Operation 160 [1/1] (0.00ns) (grouped into LUT with out node select_ln61)   --->   "%tmp_72 = partselect i32 @_ssdm_op_PartSelect.i32.i34.i32.i32, i34 %add_ln42, i32 2, i32 33" [/usr/local/Xilinx/Vitis/2024.2/common/technology/autopilot/etc/hls_cordic_apfixed.h:42->/usr/local/Xilinx/Vitis/2024.2/common/technology/autopilot/etc/hls_cordic_apfixed.h:217->/usr/local/Xilinx/Vitis/2024.2/common/technology/autopilot/hls_math.h:1944->/home/master25/mae26/s.kim/RP/QAOA-TSP-supaero-mae-reasearch/qaoa.cpp:90]   --->   Operation 160 'partselect' 'tmp_72' <Predicate = (first_iter_0)> <Delay = 0.00>
ST_40 : Operation 161 [1/1] (0.00ns) (grouped into LUT with out node select_ln61)   --->   "%tmp_85_cast = zext i32 %tmp_72" [/usr/local/Xilinx/Vitis/2024.2/common/technology/autopilot/etc/hls_cordic_apfixed.h:42->/usr/local/Xilinx/Vitis/2024.2/common/technology/autopilot/etc/hls_cordic_apfixed.h:217->/usr/local/Xilinx/Vitis/2024.2/common/technology/autopilot/hls_math.h:1944->/home/master25/mae26/s.kim/RP/QAOA-TSP-supaero-mae-reasearch/qaoa.cpp:90]   --->   Operation 161 'zext' 'tmp_85_cast' <Predicate = (first_iter_0)> <Delay = 0.00>
ST_40 : Operation 162 [1/1] (0.00ns) (grouped into LUT with out node select_ln61)   --->   "%empty_63 = select i1 %or_ln225, i33 %tmp_s, i33 %tmp_85_cast" [/usr/local/Xilinx/Vitis/2024.2/common/technology/autopilot/etc/hls_cordic_apfixed.h:225->/usr/local/Xilinx/Vitis/2024.2/common/technology/autopilot/hls_math.h:1944->/home/master25/mae26/s.kim/RP/QAOA-TSP-supaero-mae-reasearch/qaoa.cpp:90]   --->   Operation 162 'select' 'empty_63' <Predicate = (first_iter_0)> <Delay = 0.00> <CoreInst = "Sel">   --->   Core 73 'Sel' <Latency = 0> <II = 1> <Delay = 0.80> <FuncUnit> <Opcode : 'select'> <InPorts = 3> <OutPorts = 1>
ST_40 : Operation 163 [1/1] (0.00ns) (grouped into LUT with out node select_ln61)   --->   "%sext_ln61 = sext i33 %empty_63" [/usr/local/Xilinx/Vitis/2024.2/common/technology/autopilot/etc/hls_cordic_apfixed.h:61->/usr/local/Xilinx/Vitis/2024.2/common/technology/autopilot/etc/hls_cordic_apfixed.h:240->/usr/local/Xilinx/Vitis/2024.2/common/technology/autopilot/hls_math.h:1944->/home/master25/mae26/s.kim/RP/QAOA-TSP-supaero-mae-reasearch/qaoa.cpp:90]   --->   Operation 163 'sext' 'sext_ln61' <Predicate = (first_iter_0)> <Delay = 0.00>
ST_40 : Operation 164 [1/1] (0.97ns) (out node of the LUT)   --->   "%select_ln61 = select i1 %first_iter_0, i34 %sext_ln61, i34 %p_load31" [/usr/local/Xilinx/Vitis/2024.2/common/technology/autopilot/etc/hls_cordic_apfixed.h:61->/usr/local/Xilinx/Vitis/2024.2/common/technology/autopilot/etc/hls_cordic_apfixed.h:240->/usr/local/Xilinx/Vitis/2024.2/common/technology/autopilot/hls_math.h:1944->/home/master25/mae26/s.kim/RP/QAOA-TSP-supaero-mae-reasearch/qaoa.cpp:90]   --->   Operation 164 'select' 'select_ln61' <Predicate = true> <Delay = 0.97> <CoreInst = "Sel">   --->   Core 73 'Sel' <Latency = 0> <II = 1> <Delay = 0.91> <FuncUnit> <Opcode : 'select'> <InPorts = 3> <OutPorts = 1>
ST_40 : Operation 165 [1/1] (0.00ns)   --->   "%d_1 = bitselect i1 @_ssdm_op_BitSelect.i1.i34.i32, i34 %select_ln61, i32 33" [/usr/local/Xilinx/Vitis/2024.2/common/technology/autopilot/etc/hls_cordic_apfixed.h:68->/usr/local/Xilinx/Vitis/2024.2/common/technology/autopilot/etc/hls_cordic_apfixed.h:240->/usr/local/Xilinx/Vitis/2024.2/common/technology/autopilot/hls_math.h:1944->/home/master25/mae26/s.kim/RP/QAOA-TSP-supaero-mae-reasearch/qaoa.cpp:90]   --->   Operation 165 'bitselect' 'd_1' <Predicate = true> <Delay = 0.00>
ST_40 : Operation 166 [1/1] (2.63ns)   --->   "%add_ln76 = add i34 %select_ln86_2, i34 %y_s" [/usr/local/Xilinx/Vitis/2024.2/common/technology/autopilot/etc/hls_cordic_apfixed.h:76->/usr/local/Xilinx/Vitis/2024.2/common/technology/autopilot/etc/hls_cordic_apfixed.h:240->/usr/local/Xilinx/Vitis/2024.2/common/technology/autopilot/hls_math.h:1944->/home/master25/mae26/s.kim/RP/QAOA-TSP-supaero-mae-reasearch/qaoa.cpp:90]   --->   Operation 166 'add' 'add_ln76' <Predicate = true> <Delay = 2.63> <CoreInst = "Adder">   --->   Core 1 'Adder' <Latency = 0> <II = 1> <Delay = 2.63> <FuncUnit> <Opcode : 'add' 'sub'> <InPorts = 2> <OutPorts = 1>
ST_40 : Operation 167 [1/1] (2.63ns)   --->   "%sub_ln77 = sub i34 %select_ln86_1, i34 %x_s" [/usr/local/Xilinx/Vitis/2024.2/common/technology/autopilot/etc/hls_cordic_apfixed.h:77->/usr/local/Xilinx/Vitis/2024.2/common/technology/autopilot/etc/hls_cordic_apfixed.h:240->/usr/local/Xilinx/Vitis/2024.2/common/technology/autopilot/hls_math.h:1944->/home/master25/mae26/s.kim/RP/QAOA-TSP-supaero-mae-reasearch/qaoa.cpp:90]   --->   Operation 167 'sub' 'sub_ln77' <Predicate = true> <Delay = 2.63> <CoreInst = "Adder">   --->   Core 1 'Adder' <Latency = 0> <II = 1> <Delay = 2.63> <FuncUnit> <Opcode : 'add' 'sub'> <InPorts = 2> <OutPorts = 1>
ST_40 : Operation 168 [1/1] (2.63ns)   --->   "%sub_ln81 = sub i34 %select_ln86_2, i34 %y_s" [/usr/local/Xilinx/Vitis/2024.2/common/technology/autopilot/etc/hls_cordic_apfixed.h:81->/usr/local/Xilinx/Vitis/2024.2/common/technology/autopilot/etc/hls_cordic_apfixed.h:240->/usr/local/Xilinx/Vitis/2024.2/common/technology/autopilot/hls_math.h:1944->/home/master25/mae26/s.kim/RP/QAOA-TSP-supaero-mae-reasearch/qaoa.cpp:90]   --->   Operation 168 'sub' 'sub_ln81' <Predicate = true> <Delay = 2.63> <CoreInst = "Adder">   --->   Core 1 'Adder' <Latency = 0> <II = 1> <Delay = 2.63> <FuncUnit> <Opcode : 'add' 'sub'> <InPorts = 2> <OutPorts = 1>
ST_40 : Operation 169 [1/1] (2.63ns)   --->   "%add_ln82 = add i34 %x_s, i34 %select_ln86_1" [/usr/local/Xilinx/Vitis/2024.2/common/technology/autopilot/etc/hls_cordic_apfixed.h:82->/usr/local/Xilinx/Vitis/2024.2/common/technology/autopilot/etc/hls_cordic_apfixed.h:240->/usr/local/Xilinx/Vitis/2024.2/common/technology/autopilot/hls_math.h:1944->/home/master25/mae26/s.kim/RP/QAOA-TSP-supaero-mae-reasearch/qaoa.cpp:90]   --->   Operation 169 'add' 'add_ln82' <Predicate = true> <Delay = 2.63> <CoreInst = "Adder">   --->   Core 1 'Adder' <Latency = 0> <II = 1> <Delay = 2.63> <FuncUnit> <Opcode : 'add' 'sub'> <InPorts = 2> <OutPorts = 1>
ST_40 : Operation 170 [1/1] (0.91ns)   --->   "%x = select i1 %d_1, i34 %add_ln76, i34 %sub_ln81" [/usr/local/Xilinx/Vitis/2024.2/common/technology/autopilot/etc/hls_cordic_apfixed.h:68->/usr/local/Xilinx/Vitis/2024.2/common/technology/autopilot/etc/hls_cordic_apfixed.h:240->/usr/local/Xilinx/Vitis/2024.2/common/technology/autopilot/hls_math.h:1944->/home/master25/mae26/s.kim/RP/QAOA-TSP-supaero-mae-reasearch/qaoa.cpp:90]   --->   Operation 170 'select' 'x' <Predicate = true> <Delay = 0.91> <CoreInst = "Sel">   --->   Core 73 'Sel' <Latency = 0> <II = 1> <Delay = 0.91> <FuncUnit> <Opcode : 'select'> <InPorts = 3> <OutPorts = 1>
ST_40 : Operation 171 [1/1] (0.91ns)   --->   "%y = select i1 %d_1, i34 %sub_ln77, i34 %add_ln82" [/usr/local/Xilinx/Vitis/2024.2/common/technology/autopilot/etc/hls_cordic_apfixed.h:68->/usr/local/Xilinx/Vitis/2024.2/common/technology/autopilot/etc/hls_cordic_apfixed.h:240->/usr/local/Xilinx/Vitis/2024.2/common/technology/autopilot/hls_math.h:1944->/home/master25/mae26/s.kim/RP/QAOA-TSP-supaero-mae-reasearch/qaoa.cpp:90]   --->   Operation 171 'select' 'y' <Predicate = true> <Delay = 0.91> <CoreInst = "Sel">   --->   Core 73 'Sel' <Latency = 0> <II = 1> <Delay = 0.91> <FuncUnit> <Opcode : 'select'> <InPorts = 3> <OutPorts = 1>
ST_40 : Operation 172 [1/1] (0.00ns)   --->   "%trunc_ln61 = trunc i34 %y" [/usr/local/Xilinx/Vitis/2024.2/common/technology/autopilot/etc/hls_cordic_apfixed.h:61->/usr/local/Xilinx/Vitis/2024.2/common/technology/autopilot/etc/hls_cordic_apfixed.h:240->/usr/local/Xilinx/Vitis/2024.2/common/technology/autopilot/hls_math.h:1944->/home/master25/mae26/s.kim/RP/QAOA-TSP-supaero-mae-reasearch/qaoa.cpp:90]   --->   Operation 172 'trunc' 'trunc_ln61' <Predicate = true> <Delay = 0.00>
ST_40 : Operation 173 [1/1] (0.00ns)   --->   "%trunc_ln61_2 = trunc i34 %x" [/usr/local/Xilinx/Vitis/2024.2/common/technology/autopilot/etc/hls_cordic_apfixed.h:61->/usr/local/Xilinx/Vitis/2024.2/common/technology/autopilot/etc/hls_cordic_apfixed.h:240->/usr/local/Xilinx/Vitis/2024.2/common/technology/autopilot/hls_math.h:1944->/home/master25/mae26/s.kim/RP/QAOA-TSP-supaero-mae-reasearch/qaoa.cpp:90]   --->   Operation 173 'trunc' 'trunc_ln61_2' <Predicate = true> <Delay = 0.00>

State 41 <SV = 40> <Delay = 7.13>
ST_41 : Operation 174 [1/1] (0.00ns)   --->   "%zext_ln73 = zext i31 %tmp_73" [/usr/local/Xilinx/Vitis/2024.2/common/technology/autopilot/etc/hls_cordic_apfixed.h:73->/usr/local/Xilinx/Vitis/2024.2/common/technology/autopilot/etc/hls_cordic_apfixed.h:240->/usr/local/Xilinx/Vitis/2024.2/common/technology/autopilot/hls_math.h:1944->/home/master25/mae26/s.kim/RP/QAOA-TSP-supaero-mae-reasearch/qaoa.cpp:90]   --->   Operation 174 'zext' 'zext_ln73' <Predicate = true> <Delay = 0.00>
ST_41 : Operation 175 [1/1] (2.63ns)   --->   "%add_ln78 = add i34 %zext_ln73, i34 %select_ln61" [/usr/local/Xilinx/Vitis/2024.2/common/technology/autopilot/etc/hls_cordic_apfixed.h:78->/usr/local/Xilinx/Vitis/2024.2/common/technology/autopilot/etc/hls_cordic_apfixed.h:240->/usr/local/Xilinx/Vitis/2024.2/common/technology/autopilot/hls_math.h:1944->/home/master25/mae26/s.kim/RP/QAOA-TSP-supaero-mae-reasearch/qaoa.cpp:90]   --->   Operation 175 'add' 'add_ln78' <Predicate = (d_1)> <Delay = 2.63> <CoreInst = "Adder">   --->   Core 1 'Adder' <Latency = 0> <II = 1> <Delay = 2.63> <FuncUnit> <Opcode : 'add' 'sub'> <InPorts = 2> <OutPorts = 1>
ST_41 : Operation 176 [1/1] (2.63ns)   --->   "%sub_ln83 = sub i34 %select_ln61, i34 %zext_ln73" [/usr/local/Xilinx/Vitis/2024.2/common/technology/autopilot/etc/hls_cordic_apfixed.h:83->/usr/local/Xilinx/Vitis/2024.2/common/technology/autopilot/etc/hls_cordic_apfixed.h:240->/usr/local/Xilinx/Vitis/2024.2/common/technology/autopilot/hls_math.h:1944->/home/master25/mae26/s.kim/RP/QAOA-TSP-supaero-mae-reasearch/qaoa.cpp:90]   --->   Operation 176 'sub' 'sub_ln83' <Predicate = (!d_1)> <Delay = 2.63> <CoreInst = "Adder">   --->   Core 1 'Adder' <Latency = 0> <II = 1> <Delay = 2.63> <FuncUnit> <Opcode : 'add' 'sub'> <InPorts = 2> <OutPorts = 1>
ST_41 : Operation 177 [1/1] (0.91ns)   --->   "%z = select i1 %d_1, i34 %add_ln78, i34 %sub_ln83" [/usr/local/Xilinx/Vitis/2024.2/common/technology/autopilot/etc/hls_cordic_apfixed.h:68->/usr/local/Xilinx/Vitis/2024.2/common/technology/autopilot/etc/hls_cordic_apfixed.h:240->/usr/local/Xilinx/Vitis/2024.2/common/technology/autopilot/hls_math.h:1944->/home/master25/mae26/s.kim/RP/QAOA-TSP-supaero-mae-reasearch/qaoa.cpp:90]   --->   Operation 177 'select' 'z' <Predicate = true> <Delay = 0.91> <CoreInst = "Sel">   --->   Core 73 'Sel' <Latency = 0> <II = 1> <Delay = 0.91> <FuncUnit> <Opcode : 'select'> <InPorts = 3> <OutPorts = 1>
ST_41 : Operation 178 [1/1] (2.59ns)   --->   "%sub_ln261 = sub i33 0, i33 %trunc_ln61" [/usr/local/Xilinx/Vitis/2024.2/common/technology/autopilot/etc/hls_cordic_apfixed.h:261->/usr/local/Xilinx/Vitis/2024.2/common/technology/autopilot/hls_math.h:1944->/home/master25/mae26/s.kim/RP/QAOA-TSP-supaero-mae-reasearch/qaoa.cpp:90]   --->   Operation 178 'sub' 'sub_ln261' <Predicate = true> <Delay = 2.59> <CoreInst = "Adder">   --->   Core 1 'Adder' <Latency = 0> <II = 1> <Delay = 2.59> <FuncUnit> <Opcode : 'add' 'sub'> <InPorts = 2> <OutPorts = 1>
ST_41 : Operation 179 [1/1] (2.59ns)   --->   "%sub_ln254 = sub i33 0, i33 %trunc_ln61_2" [/usr/local/Xilinx/Vitis/2024.2/common/technology/autopilot/etc/hls_cordic_apfixed.h:254->/usr/local/Xilinx/Vitis/2024.2/common/technology/autopilot/hls_math.h:1944->/home/master25/mae26/s.kim/RP/QAOA-TSP-supaero-mae-reasearch/qaoa.cpp:90]   --->   Operation 179 'sub' 'sub_ln254' <Predicate = true> <Delay = 2.59> <CoreInst = "Adder">   --->   Core 1 'Adder' <Latency = 0> <II = 1> <Delay = 2.59> <FuncUnit> <Opcode : 'add' 'sub'> <InPorts = 2> <OutPorts = 1>
ST_41 : Operation 180 [1/1] (1.56ns)   --->   "%icmp_ln248 = icmp_eq  i2 %k, i2 2" [/usr/local/Xilinx/Vitis/2024.2/common/technology/autopilot/etc/hls_cordic_apfixed.h:248->/usr/local/Xilinx/Vitis/2024.2/common/technology/autopilot/hls_math.h:1944->/home/master25/mae26/s.kim/RP/QAOA-TSP-supaero-mae-reasearch/qaoa.cpp:90]   --->   Operation 180 'icmp' 'icmp_ln248' <Predicate = true> <Delay = 1.56> <CoreInst = "Cmp">   --->   Core 9 'Cmp' <Latency = 0> <II = 1> <Delay = 1.56> <FuncUnit> <Opcode : 'seteq' 'setne' 'setle' 'setge' 'setlt' 'setgt'> <InPorts = 2> <OutPorts = 1>
ST_41 : Operation 181 [1/1] (1.56ns)   --->   "%icmp_ln248_2 = icmp_eq  i2 %k, i2 0" [/usr/local/Xilinx/Vitis/2024.2/common/technology/autopilot/etc/hls_cordic_apfixed.h:248->/usr/local/Xilinx/Vitis/2024.2/common/technology/autopilot/hls_math.h:1944->/home/master25/mae26/s.kim/RP/QAOA-TSP-supaero-mae-reasearch/qaoa.cpp:90]   --->   Operation 181 'icmp' 'icmp_ln248_2' <Predicate = true> <Delay = 1.56> <CoreInst = "Cmp">   --->   Core 9 'Cmp' <Latency = 0> <II = 1> <Delay = 1.56> <FuncUnit> <Opcode : 'seteq' 'setne' 'setle' 'setge' 'setlt' 'setgt'> <InPorts = 2> <OutPorts = 1>
ST_41 : Operation 182 [1/1] (0.97ns)   --->   "%or_ln248 = or i1 %icmp_ln248_2, i1 %icmp_ln225_2" [/usr/local/Xilinx/Vitis/2024.2/common/technology/autopilot/etc/hls_cordic_apfixed.h:248->/usr/local/Xilinx/Vitis/2024.2/common/technology/autopilot/hls_math.h:1944->/home/master25/mae26/s.kim/RP/QAOA-TSP-supaero-mae-reasearch/qaoa.cpp:90]   --->   Operation 182 'or' 'or_ln248' <Predicate = true> <Delay = 0.97> <CoreInst = "LogicGate">   --->   Core 74 'LogicGate' <Latency = 0> <II = 1> <Delay = 0.97> <FuncUnit> <Opcode : 'and' 'or' 'xor'> <InPorts = 2> <OutPorts = 1>
ST_41 : Operation 183 [1/1] (0.00ns)   --->   "%sel_tmp8_i = bitconcatenate i2 @_ssdm_op_BitConcatenate.i2.i1.i1, i1 %icmp_ln248, i1 %or_ln248" [/usr/local/Xilinx/Vitis/2024.2/common/technology/autopilot/etc/hls_cordic_apfixed.h:248->/usr/local/Xilinx/Vitis/2024.2/common/technology/autopilot/hls_math.h:1944->/home/master25/mae26/s.kim/RP/QAOA-TSP-supaero-mae-reasearch/qaoa.cpp:90]   --->   Operation 183 'bitconcatenate' 'sel_tmp8_i' <Predicate = true> <Delay = 0.00>
ST_41 : Operation 184 [1/1] (1.58ns)   --->   "%outsin_0_in_in_i = sparsemux i33 @_ssdm_op_SparseMux.ap_auto.3i33.i33.i2, i2 2, i33 %sub_ln261, i2 1, i33 %trunc_ln61, i2 0, i33 %sub_ln261, i33 0, i2 %sel_tmp8_i" [/usr/local/Xilinx/Vitis/2024.2/common/technology/autopilot/etc/hls_cordic_apfixed.h:261->/usr/local/Xilinx/Vitis/2024.2/common/technology/autopilot/hls_math.h:1944->/home/master25/mae26/s.kim/RP/QAOA-TSP-supaero-mae-reasearch/qaoa.cpp:90]   --->   Operation 184 'sparsemux' 'outsin_0_in_in_i' <Predicate = true> <Delay = 1.58> <CoreInst = "OneHotSparseMux_HasDef">   --->   Core 140 'OneHotSparseMux_HasDef' <Latency = 0> <II = 1> <Delay = 1.58> <FuncUnit> <Opcode : 'sparsemux'> <InPorts = 2> <OutPorts = 1>
ST_41 : Operation 185 [1/1] (0.00ns)   --->   "%sel_tmp12_i = bitconcatenate i2 @_ssdm_op_BitConcatenate.i2.i1.i1, i1 %icmp_ln248, i1 %icmp_ln225_2" [/usr/local/Xilinx/Vitis/2024.2/common/technology/autopilot/etc/hls_cordic_apfixed.h:248->/usr/local/Xilinx/Vitis/2024.2/common/technology/autopilot/hls_math.h:1944->/home/master25/mae26/s.kim/RP/QAOA-TSP-supaero-mae-reasearch/qaoa.cpp:90]   --->   Operation 185 'bitconcatenate' 'sel_tmp12_i' <Predicate = true> <Delay = 0.00>
ST_41 : Operation 186 [1/1] (1.58ns)   --->   "%outcos_write_assign_in_in_i = sparsemux i33 @_ssdm_op_SparseMux.ap_auto.3i33.i33.i2, i2 2, i33 %sub_ln254, i2 1, i33 %sub_ln254, i2 0, i33 %trunc_ln61_2, i33 0, i2 %sel_tmp12_i" [/usr/local/Xilinx/Vitis/2024.2/common/technology/autopilot/etc/hls_cordic_apfixed.h:254->/usr/local/Xilinx/Vitis/2024.2/common/technology/autopilot/hls_math.h:1944->/home/master25/mae26/s.kim/RP/QAOA-TSP-supaero-mae-reasearch/qaoa.cpp:90]   --->   Operation 186 'sparsemux' 'outcos_write_assign_in_in_i' <Predicate = true> <Delay = 1.58> <CoreInst = "OneHotSparseMux_HasDef">   --->   Core 140 'OneHotSparseMux_HasDef' <Latency = 0> <II = 1> <Delay = 1.58> <FuncUnit> <Opcode : 'sparsemux'> <InPorts = 2> <OutPorts = 1>
ST_41 : Operation 187 [1/1] (0.00ns)   --->   "%outcos = partselect i22 @_ssdm_op_PartSelect.i22.i33.i32.i32, i33 %outcos_write_assign_in_in_i, i32 11, i32 32" [/usr/local/Xilinx/Vitis/2024.2/common/technology/autopilot/etc/hls_cordic_apfixed.h:250->/usr/local/Xilinx/Vitis/2024.2/common/technology/autopilot/hls_math.h:1944->/home/master25/mae26/s.kim/RP/QAOA-TSP-supaero-mae-reasearch/qaoa.cpp:90]   --->   Operation 187 'partselect' 'outcos' <Predicate = true> <Delay = 0.00>
ST_41 : Operation 188 [1/1] (0.00ns)   --->   "%trunc_ln7 = partselect i22 @_ssdm_op_PartSelect.i22.i33.i32.i32, i33 %outsin_0_in_in_i, i32 11, i32 32" [/usr/local/Xilinx/Vitis/2024.2/common/technology/autopilot/etc/hls_cordic_apfixed.h:249->/usr/local/Xilinx/Vitis/2024.2/common/technology/autopilot/hls_math.h:1944->/home/master25/mae26/s.kim/RP/QAOA-TSP-supaero-mae-reasearch/qaoa.cpp:90]   --->   Operation 188 'partselect' 'trunc_ln7' <Predicate = true> <Delay = 0.00>
ST_41 : Operation 189 [1/1] (2.25ns)   --->   "%sub_ln266 = sub i22 0, i22 %trunc_ln7" [/usr/local/Xilinx/Vitis/2024.2/common/technology/autopilot/etc/hls_cordic_apfixed.h:266->/usr/local/Xilinx/Vitis/2024.2/common/technology/autopilot/hls_math.h:1944->/home/master25/mae26/s.kim/RP/QAOA-TSP-supaero-mae-reasearch/qaoa.cpp:90]   --->   Operation 189 'sub' 'sub_ln266' <Predicate = (!sign0)> <Delay = 2.25> <CoreInst = "Adder">   --->   Core 1 'Adder' <Latency = 0> <II = 1> <Delay = 2.25> <FuncUnit> <Opcode : 'add' 'sub'> <InPorts = 2> <OutPorts = 1>
ST_41 : Operation 190 [1/1] (0.70ns)   --->   "%outsin = select i1 %sign0, i22 %trunc_ln7, i22 %sub_ln266" [/usr/local/Xilinx/Vitis/2024.2/common/technology/autopilot/etc/hls_cordic_apfixed.h:265->/usr/local/Xilinx/Vitis/2024.2/common/technology/autopilot/hls_math.h:1944->/home/master25/mae26/s.kim/RP/QAOA-TSP-supaero-mae-reasearch/qaoa.cpp:90]   --->   Operation 190 'select' 'outsin' <Predicate = true> <Delay = 0.70> <CoreInst = "Sel">   --->   Core 73 'Sel' <Latency = 0> <II = 1> <Delay = 0.70> <FuncUnit> <Opcode : 'select'> <InPorts = 3> <OutPorts = 1>
ST_41 : Operation 191 [1/1] (1.58ns)   --->   "%store_ln68 = store i34 %y, i34 %empty_62" [/usr/local/Xilinx/Vitis/2024.2/common/technology/autopilot/etc/hls_cordic_apfixed.h:68->/usr/local/Xilinx/Vitis/2024.2/common/technology/autopilot/etc/hls_cordic_apfixed.h:240->/usr/local/Xilinx/Vitis/2024.2/common/technology/autopilot/hls_math.h:1944->/home/master25/mae26/s.kim/RP/QAOA-TSP-supaero-mae-reasearch/qaoa.cpp:90]   --->   Operation 191 'store' 'store_ln68' <Predicate = true> <Delay = 1.58>
ST_41 : Operation 192 [1/1] (1.58ns)   --->   "%store_ln68 = store i34 %x, i34 %empty_61" [/usr/local/Xilinx/Vitis/2024.2/common/technology/autopilot/etc/hls_cordic_apfixed.h:68->/usr/local/Xilinx/Vitis/2024.2/common/technology/autopilot/etc/hls_cordic_apfixed.h:240->/usr/local/Xilinx/Vitis/2024.2/common/technology/autopilot/hls_math.h:1944->/home/master25/mae26/s.kim/RP/QAOA-TSP-supaero-mae-reasearch/qaoa.cpp:90]   --->   Operation 192 'store' 'store_ln68' <Predicate = true> <Delay = 1.58>
ST_41 : Operation 193 [1/1] (0.00ns)   --->   "%store_ln68 = store i34 %z, i34 %empty" [/usr/local/Xilinx/Vitis/2024.2/common/technology/autopilot/etc/hls_cordic_apfixed.h:68->/usr/local/Xilinx/Vitis/2024.2/common/technology/autopilot/etc/hls_cordic_apfixed.h:240->/usr/local/Xilinx/Vitis/2024.2/common/technology/autopilot/hls_math.h:1944->/home/master25/mae26/s.kim/RP/QAOA-TSP-supaero-mae-reasearch/qaoa.cpp:90]   --->   Operation 193 'store' 'store_ln68' <Predicate = true> <Delay = 0.00>
ST_41 : Operation 194 [1/1] (0.00ns)   --->   "%br_ln61 = br void %for.body.i.i" [/usr/local/Xilinx/Vitis/2024.2/common/technology/autopilot/etc/hls_cordic_apfixed.h:61->/usr/local/Xilinx/Vitis/2024.2/common/technology/autopilot/etc/hls_cordic_apfixed.h:240->/usr/local/Xilinx/Vitis/2024.2/common/technology/autopilot/hls_math.h:1944->/home/master25/mae26/s.kim/RP/QAOA-TSP-supaero-mae-reasearch/qaoa.cpp:90]   --->   Operation 194 'br' 'br_ln61' <Predicate = true> <Delay = 0.00>

State 42 <SV = 41> <Delay = 6.91>
ST_42 : Operation 195 [1/1] (0.00ns)   --->   "%sext_ln65 = sext i32 %this_re_load" [/home/master25/mae26/s.kim/RP/QAOA-TSP-supaero-mae-reasearch/qaoa.hpp:65->/home/master25/mae26/s.kim/RP/QAOA-TSP-supaero-mae-reasearch/qaoa.cpp:90]   --->   Operation 195 'sext' 'sext_ln65' <Predicate = true> <Delay = 0.00>
ST_42 : Operation 196 [1/1] (0.00ns)   --->   "%sext_ln65_1 = sext i22 %outcos" [/home/master25/mae26/s.kim/RP/QAOA-TSP-supaero-mae-reasearch/qaoa.hpp:65->/home/master25/mae26/s.kim/RP/QAOA-TSP-supaero-mae-reasearch/qaoa.cpp:90]   --->   Operation 196 'sext' 'sext_ln65_1' <Predicate = true> <Delay = 0.00>
ST_42 : Operation 197 [2/2] (6.91ns)   --->   "%mul_ln65 = mul i52 %sext_ln65, i52 %sext_ln65_1" [/home/master25/mae26/s.kim/RP/QAOA-TSP-supaero-mae-reasearch/qaoa.hpp:65->/home/master25/mae26/s.kim/RP/QAOA-TSP-supaero-mae-reasearch/qaoa.cpp:90]   --->   Operation 197 'mul' 'mul_ln65' <Predicate = true> <Delay = 6.91> <CoreInst = "Multiplier">   --->   Core 3 'Multiplier' <Latency = 1> <II = 1> <Delay = 6.91> <FuncUnit> <Opcode : 'mul'> <InPorts = 2> <OutPorts = 1>

State 43 <SV = 42> <Delay = 6.91>
ST_43 : Operation 198 [1/2] (6.91ns)   --->   "%mul_ln65 = mul i52 %sext_ln65, i52 %sext_ln65_1" [/home/master25/mae26/s.kim/RP/QAOA-TSP-supaero-mae-reasearch/qaoa.hpp:65->/home/master25/mae26/s.kim/RP/QAOA-TSP-supaero-mae-reasearch/qaoa.cpp:90]   --->   Operation 198 'mul' 'mul_ln65' <Predicate = true> <Delay = 6.91> <CoreInst = "Multiplier">   --->   Core 3 'Multiplier' <Latency = 1> <II = 1> <Delay = 6.91> <FuncUnit> <Opcode : 'mul'> <InPorts = 2> <OutPorts = 1>
ST_43 : Operation 199 [1/1] (0.00ns)   --->   "%sext_ln65_2 = sext i22 %outsin" [/home/master25/mae26/s.kim/RP/QAOA-TSP-supaero-mae-reasearch/qaoa.hpp:65->/home/master25/mae26/s.kim/RP/QAOA-TSP-supaero-mae-reasearch/qaoa.cpp:90]   --->   Operation 199 'sext' 'sext_ln65_2' <Predicate = true> <Delay = 0.00>
ST_43 : Operation 200 [1/1] (0.00ns)   --->   "%sext_ln65_3 = sext i32 %this_im_load" [/home/master25/mae26/s.kim/RP/QAOA-TSP-supaero-mae-reasearch/qaoa.hpp:65->/home/master25/mae26/s.kim/RP/QAOA-TSP-supaero-mae-reasearch/qaoa.cpp:90]   --->   Operation 200 'sext' 'sext_ln65_3' <Predicate = true> <Delay = 0.00>
ST_43 : Operation 201 [2/2] (6.91ns)   --->   "%mul_ln65_1 = mul i52 %sext_ln65_3, i52 %sext_ln65_2" [/home/master25/mae26/s.kim/RP/QAOA-TSP-supaero-mae-reasearch/qaoa.hpp:65->/home/master25/mae26/s.kim/RP/QAOA-TSP-supaero-mae-reasearch/qaoa.cpp:90]   --->   Operation 201 'mul' 'mul_ln65_1' <Predicate = true> <Delay = 6.91> <CoreInst = "Multiplier">   --->   Core 3 'Multiplier' <Latency = 1> <II = 1> <Delay = 6.91> <FuncUnit> <Opcode : 'mul'> <InPorts = 2> <OutPorts = 1>

State 44 <SV = 43> <Delay = 6.91>
ST_44 : Operation 202 [1/2] (6.91ns)   --->   "%mul_ln65_1 = mul i52 %sext_ln65_3, i52 %sext_ln65_2" [/home/master25/mae26/s.kim/RP/QAOA-TSP-supaero-mae-reasearch/qaoa.hpp:65->/home/master25/mae26/s.kim/RP/QAOA-TSP-supaero-mae-reasearch/qaoa.cpp:90]   --->   Operation 202 'mul' 'mul_ln65_1' <Predicate = true> <Delay = 6.91> <CoreInst = "Multiplier">   --->   Core 3 'Multiplier' <Latency = 1> <II = 1> <Delay = 6.91> <FuncUnit> <Opcode : 'mul'> <InPorts = 2> <OutPorts = 1>

State 45 <SV = 44> <Delay = 6.46>
ST_45 : Operation 203 [1/1] (0.00ns)   --->   "%specloopname_ln0 = specloopname void @_ssdm_op_SpecLoopName, void @VITIS_LOOP_86_1_VITIS_LOOP_61_1_str"   --->   Operation 203 'specloopname' 'specloopname_ln0' <Predicate = true> <Delay = 0.00>
ST_45 : Operation 204 [1/1] (0.00ns)   --->   "%speclooptripcount_ln0 = speclooptripcount void @_ssdm_op_SpecLoopTripCount, i64 17408, i64 17408, i64 17408"   --->   Operation 204 'speclooptripcount' 'speclooptripcount_ln0' <Predicate = true> <Delay = 0.00>
ST_45 : Operation 205 [1/1] (0.00ns)   --->   "%specpipeline_ln62 = specpipeline void @_ssdm_op_SpecPipeline, i32 4294967295, i32 0, i32 0, i32 0, void @empty_0" [/usr/local/Xilinx/Vitis/2024.2/common/technology/autopilot/etc/hls_cordic_apfixed.h:62->/usr/local/Xilinx/Vitis/2024.2/common/technology/autopilot/etc/hls_cordic_apfixed.h:240->/usr/local/Xilinx/Vitis/2024.2/common/technology/autopilot/hls_math.h:1944->/home/master25/mae26/s.kim/RP/QAOA-TSP-supaero-mae-reasearch/qaoa.cpp:90]   --->   Operation 205 'specpipeline' 'specpipeline_ln62' <Predicate = true> <Delay = 0.00>
ST_45 : Operation 206 [1/1] (3.21ns)   --->   "%add_ln65 = add i52 %mul_ln65, i52 %mul_ln65_1" [/home/master25/mae26/s.kim/RP/QAOA-TSP-supaero-mae-reasearch/qaoa.hpp:65->/home/master25/mae26/s.kim/RP/QAOA-TSP-supaero-mae-reasearch/qaoa.cpp:90]   --->   Operation 206 'add' 'add_ln65' <Predicate = true> <Delay = 3.21> <CoreInst = "Adder">   --->   Core 1 'Adder' <Latency = 0> <II = 1> <Delay = 3.21> <FuncUnit> <Opcode : 'add' 'sub'> <InPorts = 2> <OutPorts = 1>
ST_45 : Operation 207 [1/1] (0.00ns)   --->   "%temp_re = partselect i32 @_ssdm_op_PartSelect.i32.i52.i32.i32, i52 %add_ln65, i32 20, i32 51" [/home/master25/mae26/s.kim/RP/QAOA-TSP-supaero-mae-reasearch/qaoa.hpp:65->/home/master25/mae26/s.kim/RP/QAOA-TSP-supaero-mae-reasearch/qaoa.cpp:90]   --->   Operation 207 'partselect' 'temp_re' <Predicate = true> <Delay = 0.00>
ST_45 : Operation 208 [1/1] ( I:3.25ns O:3.25ns )   --->   "%store_ln67 = store i32 %temp_re, i9 %this_re" [/home/master25/mae26/s.kim/RP/QAOA-TSP-supaero-mae-reasearch/qaoa.hpp:67->/home/master25/mae26/s.kim/RP/QAOA-TSP-supaero-mae-reasearch/qaoa.cpp:90]   --->   Operation 208 'store' 'store_ln67' <Predicate = (icmp_ln61_1)> <Delay = 3.25> <CoreInst = "RAM_2P_BRAM">   --->   Core 90 'RAM_2P_BRAM' <Latency = 1> <II = 1> <Delay = 3.25> <Storage> <Opcode : 'load' 'store'> <Ports = 2> <Width = 32> <Depth = 512> <RAM>
ST_45 : Operation 209 [1/1] (0.00ns)   --->   "%br_ln61 = br void %new.latch.for.body.i.split_ifconv.i" [/usr/local/Xilinx/Vitis/2024.2/common/technology/autopilot/etc/hls_cordic_apfixed.h:61->/usr/local/Xilinx/Vitis/2024.2/common/technology/autopilot/etc/hls_cordic_apfixed.h:240->/usr/local/Xilinx/Vitis/2024.2/common/technology/autopilot/hls_math.h:1944->/home/master25/mae26/s.kim/RP/QAOA-TSP-supaero-mae-reasearch/qaoa.cpp:90]   --->   Operation 209 'br' 'br_ln61' <Predicate = (icmp_ln61_1)> <Delay = 0.00>


============================================================
+ Verbose Summary: Timing violations
============================================================
Target clock period: 10.000ns, clock uncertainty: 2.000ns.

 <State 1>: 5.120ns
The critical path consists of the following:
	'store' operation 0 bit ('store_ln0') of constant 0 on local variable 'indvar_flatten' [18]  (1.588 ns)
	'load' operation 15 bit ('indvar_flatten_load', /home/master25/mae26/s.kim/RP/QAOA-TSP-supaero-mae-reasearch/qaoa.cpp:86) on local variable 'indvar_flatten' [25]  (0.000 ns)
	'icmp' operation 1 bit ('icmp_ln86', /home/master25/mae26/s.kim/RP/QAOA-TSP-supaero-mae-reasearch/qaoa.cpp:86) [26]  (1.944 ns)
	'store' operation 0 bit ('store_ln86', /home/master25/mae26/s.kim/RP/QAOA-TSP-supaero-mae-reasearch/qaoa.cpp:86) of variable 'add_ln86_1', /home/master25/mae26/s.kim/RP/QAOA-TSP-supaero-mae-reasearch/qaoa.cpp:86 on local variable 'indvar_flatten' [127]  (1.588 ns)

 <State 2>: 6.663ns
The critical path consists of the following:
	'load' operation 6 bit ('n_load', /usr/local/Xilinx/Vitis/2024.2/common/technology/autopilot/etc/hls_cordic_apfixed.h:61->/usr/local/Xilinx/Vitis/2024.2/common/technology/autopilot/etc/hls_cordic_apfixed.h:240->/usr/local/Xilinx/Vitis/2024.2/common/technology/autopilot/hls_math.h:1944->/home/master25/mae26/s.kim/RP/QAOA-TSP-supaero-mae-reasearch/qaoa.cpp:90) on local variable 'n', /usr/local/Xilinx/Vitis/2024.2/common/technology/autopilot/etc/hls_cordic_apfixed.h:61->/usr/local/Xilinx/Vitis/2024.2/common/technology/autopilot/etc/hls_cordic_apfixed.h:240->/usr/local/Xilinx/Vitis/2024.2/common/technology/autopilot/hls_math.h:1944->/home/master25/mae26/s.kim/RP/QAOA-TSP-supaero-mae-reasearch/qaoa.cpp:90 [33]  (0.000 ns)
	'icmp' operation 1 bit ('icmp_ln61', /usr/local/Xilinx/Vitis/2024.2/common/technology/autopilot/etc/hls_cordic_apfixed.h:61->/usr/local/Xilinx/Vitis/2024.2/common/technology/autopilot/etc/hls_cordic_apfixed.h:240->/usr/local/Xilinx/Vitis/2024.2/common/technology/autopilot/hls_math.h:1944->/home/master25/mae26/s.kim/RP/QAOA-TSP-supaero-mae-reasearch/qaoa.cpp:90) [38]  (1.825 ns)
	'select' operation 6 bit ('select_ln86', /home/master25/mae26/s.kim/RP/QAOA-TSP-supaero-mae-reasearch/qaoa.cpp:86) [39]  (1.188 ns)
	'add' operation 6 bit ('add_ln61', /usr/local/Xilinx/Vitis/2024.2/common/technology/autopilot/etc/hls_cordic_apfixed.h:61->/usr/local/Xilinx/Vitis/2024.2/common/technology/autopilot/etc/hls_cordic_apfixed.h:240->/usr/local/Xilinx/Vitis/2024.2/common/technology/autopilot/hls_math.h:1944->/home/master25/mae26/s.kim/RP/QAOA-TSP-supaero-mae-reasearch/qaoa.cpp:90) [93]  (1.825 ns)
	'icmp' operation 1 bit ('icmp_ln61_1', /usr/local/Xilinx/Vitis/2024.2/common/technology/autopilot/etc/hls_cordic_apfixed.h:61->/usr/local/Xilinx/Vitis/2024.2/common/technology/autopilot/etc/hls_cordic_apfixed.h:240->/usr/local/Xilinx/Vitis/2024.2/common/technology/autopilot/hls_math.h:1944->/home/master25/mae26/s.kim/RP/QAOA-TSP-supaero-mae-reasearch/qaoa.cpp:90) [94]  (1.825 ns)

 <State 3>: 8.697ns
The critical path consists of the following:
	'call' operation 32 bit ('Hs', /home/master25/mae26/s.kim/RP/QAOA-TSP-supaero-mae-reasearch/qaoa.cpp:87) to 'costHamiltonian<3>' [45]  (8.697 ns)

 <State 4>: 8.697ns
The critical path consists of the following:
	'call' operation 32 bit ('Hs', /home/master25/mae26/s.kim/RP/QAOA-TSP-supaero-mae-reasearch/qaoa.cpp:87) to 'costHamiltonian<3>' [45]  (8.697 ns)

 <State 5>: 8.697ns
The critical path consists of the following:
	'call' operation 32 bit ('Hs', /home/master25/mae26/s.kim/RP/QAOA-TSP-supaero-mae-reasearch/qaoa.cpp:87) to 'costHamiltonian<3>' [45]  (8.697 ns)

 <State 6>: 8.697ns
The critical path consists of the following:
	'call' operation 32 bit ('Hs', /home/master25/mae26/s.kim/RP/QAOA-TSP-supaero-mae-reasearch/qaoa.cpp:87) to 'costHamiltonian<3>' [45]  (8.697 ns)

 <State 7>: 8.697ns
The critical path consists of the following:
	'call' operation 32 bit ('Hs', /home/master25/mae26/s.kim/RP/QAOA-TSP-supaero-mae-reasearch/qaoa.cpp:87) to 'costHamiltonian<3>' [45]  (8.697 ns)

 <State 8>: 8.697ns
The critical path consists of the following:
	'call' operation 32 bit ('Hs', /home/master25/mae26/s.kim/RP/QAOA-TSP-supaero-mae-reasearch/qaoa.cpp:87) to 'costHamiltonian<3>' [45]  (8.697 ns)

 <State 9>: 8.697ns
The critical path consists of the following:
	'call' operation 32 bit ('Hs', /home/master25/mae26/s.kim/RP/QAOA-TSP-supaero-mae-reasearch/qaoa.cpp:87) to 'costHamiltonian<3>' [45]  (8.697 ns)

 <State 10>: 8.697ns
The critical path consists of the following:
	'call' operation 32 bit ('Hs', /home/master25/mae26/s.kim/RP/QAOA-TSP-supaero-mae-reasearch/qaoa.cpp:87) to 'costHamiltonian<3>' [45]  (8.697 ns)

 <State 11>: 8.697ns
The critical path consists of the following:
	'call' operation 32 bit ('Hs', /home/master25/mae26/s.kim/RP/QAOA-TSP-supaero-mae-reasearch/qaoa.cpp:87) to 'costHamiltonian<3>' [45]  (8.697 ns)

 <State 12>: 8.697ns
The critical path consists of the following:
	'call' operation 32 bit ('Hs', /home/master25/mae26/s.kim/RP/QAOA-TSP-supaero-mae-reasearch/qaoa.cpp:87) to 'costHamiltonian<3>' [45]  (8.697 ns)

 <State 13>: 8.697ns
The critical path consists of the following:
	'call' operation 32 bit ('Hs', /home/master25/mae26/s.kim/RP/QAOA-TSP-supaero-mae-reasearch/qaoa.cpp:87) to 'costHamiltonian<3>' [45]  (8.697 ns)

 <State 14>: 8.697ns
The critical path consists of the following:
	'call' operation 32 bit ('Hs', /home/master25/mae26/s.kim/RP/QAOA-TSP-supaero-mae-reasearch/qaoa.cpp:87) to 'costHamiltonian<3>' [45]  (8.697 ns)

 <State 15>: 8.697ns
The critical path consists of the following:
	'call' operation 32 bit ('Hs', /home/master25/mae26/s.kim/RP/QAOA-TSP-supaero-mae-reasearch/qaoa.cpp:87) to 'costHamiltonian<3>' [45]  (8.697 ns)

 <State 16>: 8.697ns
The critical path consists of the following:
	'call' operation 32 bit ('Hs', /home/master25/mae26/s.kim/RP/QAOA-TSP-supaero-mae-reasearch/qaoa.cpp:87) to 'costHamiltonian<3>' [45]  (8.697 ns)

 <State 17>: 8.697ns
The critical path consists of the following:
	'call' operation 32 bit ('Hs', /home/master25/mae26/s.kim/RP/QAOA-TSP-supaero-mae-reasearch/qaoa.cpp:87) to 'costHamiltonian<3>' [45]  (8.697 ns)

 <State 18>: 8.697ns
The critical path consists of the following:
	'call' operation 32 bit ('Hs', /home/master25/mae26/s.kim/RP/QAOA-TSP-supaero-mae-reasearch/qaoa.cpp:87) to 'costHamiltonian<3>' [45]  (8.697 ns)

 <State 19>: 8.697ns
The critical path consists of the following:
	'call' operation 32 bit ('Hs', /home/master25/mae26/s.kim/RP/QAOA-TSP-supaero-mae-reasearch/qaoa.cpp:87) to 'costHamiltonian<3>' [45]  (8.697 ns)

 <State 20>: 8.697ns
The critical path consists of the following:
	'call' operation 32 bit ('Hs', /home/master25/mae26/s.kim/RP/QAOA-TSP-supaero-mae-reasearch/qaoa.cpp:87) to 'costHamiltonian<3>' [45]  (8.697 ns)

 <State 21>: 8.697ns
The critical path consists of the following:
	'call' operation 32 bit ('Hs', /home/master25/mae26/s.kim/RP/QAOA-TSP-supaero-mae-reasearch/qaoa.cpp:87) to 'costHamiltonian<3>' [45]  (8.697 ns)

 <State 22>: 8.697ns
The critical path consists of the following:
	'call' operation 32 bit ('Hs', /home/master25/mae26/s.kim/RP/QAOA-TSP-supaero-mae-reasearch/qaoa.cpp:87) to 'costHamiltonian<3>' [45]  (8.697 ns)

 <State 23>: 8.697ns
The critical path consists of the following:
	'call' operation 32 bit ('Hs', /home/master25/mae26/s.kim/RP/QAOA-TSP-supaero-mae-reasearch/qaoa.cpp:87) to 'costHamiltonian<3>' [45]  (8.697 ns)

 <State 24>: 8.697ns
The critical path consists of the following:
	'call' operation 32 bit ('Hs', /home/master25/mae26/s.kim/RP/QAOA-TSP-supaero-mae-reasearch/qaoa.cpp:87) to 'costHamiltonian<3>' [45]  (8.697 ns)

 <State 25>: 8.697ns
The critical path consists of the following:
	'call' operation 32 bit ('Hs', /home/master25/mae26/s.kim/RP/QAOA-TSP-supaero-mae-reasearch/qaoa.cpp:87) to 'costHamiltonian<3>' [45]  (8.697 ns)

 <State 26>: 8.697ns
The critical path consists of the following:
	'call' operation 32 bit ('Hs', /home/master25/mae26/s.kim/RP/QAOA-TSP-supaero-mae-reasearch/qaoa.cpp:87) to 'costHamiltonian<3>' [45]  (8.697 ns)

 <State 27>: 8.697ns
The critical path consists of the following:
	'call' operation 32 bit ('Hs', /home/master25/mae26/s.kim/RP/QAOA-TSP-supaero-mae-reasearch/qaoa.cpp:87) to 'costHamiltonian<3>' [45]  (8.697 ns)

 <State 28>: 8.697ns
The critical path consists of the following:
	'call' operation 32 bit ('Hs', /home/master25/mae26/s.kim/RP/QAOA-TSP-supaero-mae-reasearch/qaoa.cpp:87) to 'costHamiltonian<3>' [45]  (8.697 ns)

 <State 29>: 8.697ns
The critical path consists of the following:
	'call' operation 32 bit ('Hs', /home/master25/mae26/s.kim/RP/QAOA-TSP-supaero-mae-reasearch/qaoa.cpp:87) to 'costHamiltonian<3>' [45]  (8.697 ns)

 <State 30>: 8.697ns
The critical path consists of the following:
	'call' operation 32 bit ('Hs', /home/master25/mae26/s.kim/RP/QAOA-TSP-supaero-mae-reasearch/qaoa.cpp:87) to 'costHamiltonian<3>' [45]  (8.697 ns)

 <State 31>: 7.498ns
The critical path consists of the following:
	'call' operation 32 bit ('Hs', /home/master25/mae26/s.kim/RP/QAOA-TSP-supaero-mae-reasearch/qaoa.cpp:87) to 'costHamiltonian<3>' [45]  (7.498 ns)

 <State 32>: 6.912ns
The critical path consists of the following:
	'mul' operation 52 bit ('mul_ln88', /home/master25/mae26/s.kim/RP/QAOA-TSP-supaero-mae-reasearch/qaoa.cpp:88) [47]  (6.912 ns)

 <State 33>: 6.912ns
The critical path consists of the following:
	'mul' operation 52 bit ('mul_ln88', /home/master25/mae26/s.kim/RP/QAOA-TSP-supaero-mae-reasearch/qaoa.cpp:88) [47]  (6.912 ns)

 <State 34>: 5.388ns
The critical path consists of the following:
	'load' operation 34 bit ('p_load', /home/master25/mae26/s.kim/RP/QAOA-TSP-supaero-mae-reasearch/qaoa.cpp:86) on local variable 'empty_62' [32]  (0.000 ns)
	'select' operation 34 bit ('select_ln86_1', /home/master25/mae26/s.kim/RP/QAOA-TSP-supaero-mae-reasearch/qaoa.cpp:86) [40]  (0.914 ns)
	'ashr' operation 34 bit ('y_s', /usr/local/Xilinx/Vitis/2024.2/common/technology/autopilot/etc/hls_cordic_apfixed.h:72->/usr/local/Xilinx/Vitis/2024.2/common/technology/autopilot/etc/hls_cordic_apfixed.h:240->/usr/local/Xilinx/Vitis/2024.2/common/technology/autopilot/hls_math.h:1944->/home/master25/mae26/s.kim/RP/QAOA-TSP-supaero-mae-reasearch/qaoa.cpp:90) [79]  (4.474 ns)

 <State 35>: 7.458ns
The critical path consists of the following:
	'mul' operation 76 bit ('mul_ln38', /usr/local/Xilinx/Vitis/2024.2/common/technology/autopilot/etc/hls_cordic_apfixed.h:38->/usr/local/Xilinx/Vitis/2024.2/common/technology/autopilot/etc/hls_cordic_apfixed.h:217->/usr/local/Xilinx/Vitis/2024.2/common/technology/autopilot/hls_math.h:1944->/home/master25/mae26/s.kim/RP/QAOA-TSP-supaero-mae-reasearch/qaoa.cpp:90) [53]  (7.458 ns)

 <State 36>: 7.458ns
The critical path consists of the following:
	'mul' operation 76 bit ('mul_ln38', /usr/local/Xilinx/Vitis/2024.2/common/technology/autopilot/etc/hls_cordic_apfixed.h:38->/usr/local/Xilinx/Vitis/2024.2/common/technology/autopilot/etc/hls_cordic_apfixed.h:217->/usr/local/Xilinx/Vitis/2024.2/common/technology/autopilot/hls_math.h:1944->/home/master25/mae26/s.kim/RP/QAOA-TSP-supaero-mae-reasearch/qaoa.cpp:90) [53]  (7.458 ns)

 <State 37>: 7.458ns
The critical path consists of the following:
	'mul' operation 76 bit ('mul_ln38', /usr/local/Xilinx/Vitis/2024.2/common/technology/autopilot/etc/hls_cordic_apfixed.h:38->/usr/local/Xilinx/Vitis/2024.2/common/technology/autopilot/etc/hls_cordic_apfixed.h:217->/usr/local/Xilinx/Vitis/2024.2/common/technology/autopilot/hls_math.h:1944->/home/master25/mae26/s.kim/RP/QAOA-TSP-supaero-mae-reasearch/qaoa.cpp:90) [53]  (7.458 ns)

 <State 38>: 6.912ns
The critical path consists of the following:
	'mul' operation 34 bit ('mul_ln42', /usr/local/Xilinx/Vitis/2024.2/common/technology/autopilot/etc/hls_cordic_apfixed.h:42->/usr/local/Xilinx/Vitis/2024.2/common/technology/autopilot/etc/hls_cordic_apfixed.h:217->/usr/local/Xilinx/Vitis/2024.2/common/technology/autopilot/hls_math.h:1944->/home/master25/mae26/s.kim/RP/QAOA-TSP-supaero-mae-reasearch/qaoa.cpp:90) [59]  (6.912 ns)

 <State 39>: 6.912ns
The critical path consists of the following:
	'mul' operation 34 bit ('mul_ln42', /usr/local/Xilinx/Vitis/2024.2/common/technology/autopilot/etc/hls_cordic_apfixed.h:42->/usr/local/Xilinx/Vitis/2024.2/common/technology/autopilot/etc/hls_cordic_apfixed.h:217->/usr/local/Xilinx/Vitis/2024.2/common/technology/autopilot/hls_math.h:1944->/home/master25/mae26/s.kim/RP/QAOA-TSP-supaero-mae-reasearch/qaoa.cpp:90) [59]  (6.912 ns)

 <State 40>: 7.159ns
The critical path consists of the following:
	'add' operation 34 bit ('add_ln42', /usr/local/Xilinx/Vitis/2024.2/common/technology/autopilot/etc/hls_cordic_apfixed.h:42->/usr/local/Xilinx/Vitis/2024.2/common/technology/autopilot/etc/hls_cordic_apfixed.h:217->/usr/local/Xilinx/Vitis/2024.2/common/technology/autopilot/hls_math.h:1944->/home/master25/mae26/s.kim/RP/QAOA-TSP-supaero-mae-reasearch/qaoa.cpp:90) [60]  (2.634 ns)
	'sub' operation 34 bit ('sub_ln228', /usr/local/Xilinx/Vitis/2024.2/common/technology/autopilot/etc/hls_cordic_apfixed.h:228->/usr/local/Xilinx/Vitis/2024.2/common/technology/autopilot/hls_math.h:1944->/home/master25/mae26/s.kim/RP/QAOA-TSP-supaero-mae-reasearch/qaoa.cpp:90) [63]  (2.634 ns)
	'select' operation 33 bit ('empty_63', /usr/local/Xilinx/Vitis/2024.2/common/technology/autopilot/etc/hls_cordic_apfixed.h:225->/usr/local/Xilinx/Vitis/2024.2/common/technology/autopilot/hls_math.h:1944->/home/master25/mae26/s.kim/RP/QAOA-TSP-supaero-mae-reasearch/qaoa.cpp:90) [70]  (0.000 ns)
	'select' operation 34 bit ('select_ln61', /usr/local/Xilinx/Vitis/2024.2/common/technology/autopilot/etc/hls_cordic_apfixed.h:61->/usr/local/Xilinx/Vitis/2024.2/common/technology/autopilot/etc/hls_cordic_apfixed.h:240->/usr/local/Xilinx/Vitis/2024.2/common/technology/autopilot/hls_math.h:1944->/home/master25/mae26/s.kim/RP/QAOA-TSP-supaero-mae-reasearch/qaoa.cpp:90) [72]  (0.978 ns)
	'select' operation 34 bit ('tx', /usr/local/Xilinx/Vitis/2024.2/common/technology/autopilot/etc/hls_cordic_apfixed.h:68->/usr/local/Xilinx/Vitis/2024.2/common/technology/autopilot/etc/hls_cordic_apfixed.h:240->/usr/local/Xilinx/Vitis/2024.2/common/technology/autopilot/hls_math.h:1944->/home/master25/mae26/s.kim/RP/QAOA-TSP-supaero-mae-reasearch/qaoa.cpp:90) [90]  (0.914 ns)

 <State 41>: 7.137ns
The critical path consists of the following:
	'sub' operation 33 bit ('sub_ln261', /usr/local/Xilinx/Vitis/2024.2/common/technology/autopilot/etc/hls_cordic_apfixed.h:261->/usr/local/Xilinx/Vitis/2024.2/common/technology/autopilot/hls_math.h:1944->/home/master25/mae26/s.kim/RP/QAOA-TSP-supaero-mae-reasearch/qaoa.cpp:90) [97]  (2.593 ns)
	'sparsemux' operation 33 bit ('outsin_0_in_in_i', /usr/local/Xilinx/Vitis/2024.2/common/technology/autopilot/etc/hls_cordic_apfixed.h:261->/usr/local/Xilinx/Vitis/2024.2/common/technology/autopilot/hls_math.h:1944->/home/master25/mae26/s.kim/RP/QAOA-TSP-supaero-mae-reasearch/qaoa.cpp:90) [103]  (1.588 ns)
	'sub' operation 22 bit ('sub_ln266', /usr/local/Xilinx/Vitis/2024.2/common/technology/autopilot/etc/hls_cordic_apfixed.h:266->/usr/local/Xilinx/Vitis/2024.2/common/technology/autopilot/hls_math.h:1944->/home/master25/mae26/s.kim/RP/QAOA-TSP-supaero-mae-reasearch/qaoa.cpp:90) [108]  (2.255 ns)
	'select' operation 22 bit ('outsin', /usr/local/Xilinx/Vitis/2024.2/common/technology/autopilot/etc/hls_cordic_apfixed.h:265->/usr/local/Xilinx/Vitis/2024.2/common/technology/autopilot/hls_math.h:1944->/home/master25/mae26/s.kim/RP/QAOA-TSP-supaero-mae-reasearch/qaoa.cpp:90) [109]  (0.701 ns)

 <State 42>: 6.912ns
The critical path consists of the following:
	'mul' operation 52 bit ('mul_ln65', /home/master25/mae26/s.kim/RP/QAOA-TSP-supaero-mae-reasearch/qaoa.hpp:65->/home/master25/mae26/s.kim/RP/QAOA-TSP-supaero-mae-reasearch/qaoa.cpp:90) [115]  (6.912 ns)

 <State 43>: 6.912ns
The critical path consists of the following:
	'mul' operation 52 bit ('mul_ln65', /home/master25/mae26/s.kim/RP/QAOA-TSP-supaero-mae-reasearch/qaoa.hpp:65->/home/master25/mae26/s.kim/RP/QAOA-TSP-supaero-mae-reasearch/qaoa.cpp:90) [115]  (6.912 ns)

 <State 44>: 6.912ns
The critical path consists of the following:
	'mul' operation 52 bit ('mul_ln65_1', /home/master25/mae26/s.kim/RP/QAOA-TSP-supaero-mae-reasearch/qaoa.hpp:65->/home/master25/mae26/s.kim/RP/QAOA-TSP-supaero-mae-reasearch/qaoa.cpp:90) [119]  (6.912 ns)

 <State 45>: 6.465ns
The critical path consists of the following:
	'add' operation 52 bit ('add_ln65', /home/master25/mae26/s.kim/RP/QAOA-TSP-supaero-mae-reasearch/qaoa.hpp:65->/home/master25/mae26/s.kim/RP/QAOA-TSP-supaero-mae-reasearch/qaoa.cpp:90) [120]  (3.211 ns)
	'store' operation 0 bit ('store_ln67', /home/master25/mae26/s.kim/RP/QAOA-TSP-supaero-mae-reasearch/qaoa.hpp:67->/home/master25/mae26/s.kim/RP/QAOA-TSP-supaero-mae-reasearch/qaoa.cpp:90) of variable 'temp_re', /home/master25/mae26/s.kim/RP/QAOA-TSP-supaero-mae-reasearch/qaoa.hpp:65->/home/master25/mae26/s.kim/RP/QAOA-TSP-supaero-mae-reasearch/qaoa.cpp:90 on array 'state_re' [124]  (3.254 ns)


============================================================
+ Verbose Summary: Binding
============================================================
N/A
* FSMD analyzer results:
  - Output states:
 - Input state : 
  - Chain level:
	State 1
	State 2
	State 3
	State 4
	State 5
	State 6
	State 7
	State 8
	State 9
	State 10
	State 11
	State 12
	State 13
	State 14
	State 15
	State 16
	State 17
	State 18
	State 19
	State 20
	State 21
	State 22
	State 23
	State 24
	State 25
	State 26
	State 27
	State 28
	State 29
	State 30
	State 31
	State 32
	State 33
	State 34
	State 35
	State 36
	State 37
	State 38
	State 39
	State 40
	State 41
	State 42
	State 43
	State 44
	State 45


============================================================
+ Verbose Summary: Datapath Resource usage 
============================================================
N/A
