

================================================================
== Vitis HLS Report for 'applyMixer_hls_3_Pipeline_VITIS_LOOP_140_6'
================================================================
* Date:           Thu Nov 20 16:57:51 2025

* Version:        2024.2 (Build 5238294 on Nov  8 2024)
* Project:        qaoa_kernel
* Solution:       hls (Vivado IP Flow Target)
* Product family: zynq
* Target device:  xc7z010-clg400-1


================================================================
== Performance Estimates
================================================================
+ Timing: 
    * Summary: 
    +--------+----------+-----------+------------+
    |  Clock |  Target  | Estimated | Uncertainty|
    +--------+----------+-----------+------------+
    |ap_clk  |  10.00 ns|  15.929 ns|     2.00 ns|
    +--------+----------+-----------+------------+

+ Latency: 
    * Summary: 
    +---------+---------+-----------+-----------+------+------+------------------------------------------------+
    |  Latency (cycles) |   Latency (absolute)  |   Interval  |                    Pipeline                    |
    |   min   |   max   |    min    |    max    |  min |  max |                      Type                      |
    +---------+---------+-----------+-----------+------+------+------------------------------------------------+
    |     2050|     2050|  32.654 us|  32.654 us|  2049|  2049|  loop auto-rewind stp (delay=0 clock cycles(s))|
    +---------+---------+-----------+-----------+------+------+------------------------------------------------+

    + Detail: 
        * Instance: 
        N/A

        * Loop: 
        +--------------------+---------+---------+----------+-----------+-----------+------+----------+
        |                    |  Latency (cycles) | Iteration|  Initiation Interval  | Trip |          |
        |      Loop Name     |   min   |   max   |  Latency |  achieved |   target  | Count| Pipelined|
        +--------------------+---------+---------+----------+-----------+-----------+------+----------+
        |- VITIS_LOOP_140_6  |     2048|     2048|         4|          4|          1|   512|       yes|
        +--------------------+---------+---------+----------+-----------+-----------+------+----------+

============================================================
+ Verbose Summary: Synthesis Manager
============================================================
InlineROM: 1
ExposeGlobal: 0
============================================================
+ Verbose Summary: CDFG Model
============================================================
IsTopModel: 0
ResetActiveHigh: 1
IsCombinational: 0
IsDatapathOnly: 0
HasWiredReturn: 1
HasMFsm: 2
HasVarLatency: 1
IsPipeline: 0
IsRtlPipelined: 0
IsInstanceOverlapped: 0
IsDontTouch: 0
HasImplIP: 0
IsGatedGlobalClock: 0

+ Individual pipeline summary: 
  * Pipeline-0: initiation interval (II) = 4, depth = 4


============================================================
+ Verbose Summary: Schedule
============================================================
* Number of FSM states : 4
* Pipeline : 1
  Pipeline-0 : II = 4, D = 4, States = { 1 2 3 4 }
* Dataflow Pipeline: 0

* FSM state transitions: 
1 --> 2 
2 --> 3 
3 --> 4 
4 --> 

* FSM state operations: 

State 1 <SV = 0> <Delay = 6.49>
ST_1 : Operation 7 [1/1] (0.00ns)   --->   "%s_idx = alloca i32 1" [/home/master25/mae26/s.kim/RP/QAOA-TSP-supaero-mae-reasearch/qaoa.cpp:140]   --->   Operation 7 'alloca' 's_idx' <Predicate = true> <Delay = 0.00>
ST_1 : Operation 8 [1/1] (0.00ns)   --->   "%state_next_222129_read = read i1 @_ssdm_op_Read.ap_auto.i1, i1 %state_next_222129"   --->   Operation 8 'read' 'state_next_222129_read' <Predicate = true> <Delay = 0.00>
ST_1 : Operation 9 [1/1] (0.00ns)   --->   "%sext_ln127_read = read i22 @_ssdm_op_Read.ap_auto.i22, i22 %sext_ln127"   --->   Operation 9 'read' 'sext_ln127_read' <Predicate = true> <Delay = 0.00>
ST_1 : Operation 10 [1/1] (0.00ns)   --->   "%trunc_ln102_cast_read = read i22 @_ssdm_op_Read.ap_auto.i22, i22 %trunc_ln102_cast"   --->   Operation 10 'read' 'trunc_ln102_cast_read' <Predicate = true> <Delay = 0.00>
ST_1 : Operation 11 [1/1] (0.00ns)   --->   "%state_cur_223131_read = read i1 @_ssdm_op_Read.ap_auto.i1, i1 %state_cur_223131"   --->   Operation 11 'read' 'state_cur_223131_read' <Predicate = true> <Delay = 0.00>
ST_1 : Operation 12 [1/1] (0.00ns)   --->   "%mask_read = read i9 @_ssdm_op_Read.ap_auto.i9, i9 %mask"   --->   Operation 12 'read' 'mask_read' <Predicate = true> <Delay = 0.00>
ST_1 : Operation 13 [1/1] (0.00ns)   --->   "%shl49_read = read i3 @_ssdm_op_Read.ap_auto.i3, i3 %shl49"   --->   Operation 13 'read' 'shl49_read' <Predicate = true> <Delay = 0.00>
ST_1 : Operation 14 [1/1] (0.00ns)   --->   "%zext_ln128_1_read = read i3 @_ssdm_op_Read.ap_auto.i3, i3 %zext_ln128_1"   --->   Operation 14 'read' 'zext_ln128_1_read' <Predicate = true> <Delay = 0.00>
ST_1 : Operation 15 [1/1] (0.00ns)   --->   "%sext_ln127_cast = sext i22 %sext_ln127_read"   --->   Operation 15 'sext' 'sext_ln127_cast' <Predicate = true> <Delay = 0.00>
ST_1 : Operation 16 [1/1] (0.00ns)   --->   "%trunc_ln102_cast_cast = sext i22 %trunc_ln102_cast_read"   --->   Operation 16 'sext' 'trunc_ln102_cast_cast' <Predicate = true> <Delay = 0.00>
ST_1 : Operation 17 [1/1] (0.00ns)   --->   "%zext_ln128_1_cast = zext i3 %zext_ln128_1_read"   --->   Operation 17 'zext' 'zext_ln128_1_cast' <Predicate = true> <Delay = 0.00>
ST_1 : Operation 18 [1/1] (0.00ns)   --->   "%specmemcore_ln0 = specmemcore void @_ssdm_op_SpecMemCore, i32 %bufB_im, i64 666, i64 22, i64 18446744073709551615"   --->   Operation 18 'specmemcore' 'specmemcore_ln0' <Predicate = true> <Delay = 0.00>
ST_1 : Operation 19 [1/1] (0.00ns)   --->   "%specmemcore_ln0 = specmemcore void @_ssdm_op_SpecMemCore, i32 %bufB_re, i64 666, i64 22, i64 18446744073709551615"   --->   Operation 19 'specmemcore' 'specmemcore_ln0' <Predicate = true> <Delay = 0.00>
ST_1 : Operation 20 [1/1] (0.00ns)   --->   "%specmemcore_ln0 = specmemcore void @_ssdm_op_SpecMemCore, i32 %bufA_im, i64 666, i64 22, i64 18446744073709551615"   --->   Operation 20 'specmemcore' 'specmemcore_ln0' <Predicate = true> <Delay = 0.00>
ST_1 : Operation 21 [1/1] (0.00ns)   --->   "%specmemcore_ln0 = specmemcore void @_ssdm_op_SpecMemCore, i32 %bufA_re, i64 666, i64 22, i64 18446744073709551615"   --->   Operation 21 'specmemcore' 'specmemcore_ln0' <Predicate = true> <Delay = 0.00>
ST_1 : Operation 22 [1/1] (1.58ns)   --->   "%store_ln140 = store i10 0, i10 %s_idx" [/home/master25/mae26/s.kim/RP/QAOA-TSP-supaero-mae-reasearch/qaoa.cpp:140]   --->   Operation 22 'store' 'store_ln140' <Predicate = true> <Delay = 1.58>
ST_1 : Operation 23 [1/1] (0.00ns)   --->   "%br_ln0 = br void %for.body48"   --->   Operation 23 'br' 'br_ln0' <Predicate = true> <Delay = 0.00>
ST_1 : Operation 24 [1/1] (0.00ns)   --->   "%s_idx_1 = load i10 %s_idx" [/home/master25/mae26/s.kim/RP/QAOA-TSP-supaero-mae-reasearch/qaoa.cpp:141]   --->   Operation 24 'load' 's_idx_1' <Predicate = true> <Delay = 0.00>
ST_1 : Operation 25 [1/1] (1.73ns)   --->   "%icmp_ln140 = icmp_eq  i10 %s_idx_1, i10 512" [/home/master25/mae26/s.kim/RP/QAOA-TSP-supaero-mae-reasearch/qaoa.cpp:140]   --->   Operation 25 'icmp' 'icmp_ln140' <Predicate = true> <Delay = 1.73> <CoreInst = "Cmp">   --->   Core 9 'Cmp' <Latency = 0> <II = 1> <Delay = 1.73> <FuncUnit> <Opcode : 'seteq' 'setne' 'setle' 'setge' 'setlt' 'setgt'> <InPorts = 2> <OutPorts = 1>
ST_1 : Operation 26 [1/1] (1.73ns)   --->   "%add_ln140 = add i10 %s_idx_1, i10 1" [/home/master25/mae26/s.kim/RP/QAOA-TSP-supaero-mae-reasearch/qaoa.cpp:140]   --->   Operation 26 'add' 'add_ln140' <Predicate = true> <Delay = 1.73> <CoreInst = "Adder">   --->   Core 1 'Adder' <Latency = 0> <II = 1> <Delay = 1.73> <FuncUnit> <Opcode : 'add' 'sub'> <InPorts = 2> <OutPorts = 1>
ST_1 : Operation 27 [1/1] (0.00ns)   --->   "%br_ln140 = br i1 %icmp_ln140, void %for.body48.split, void %for.inc82.exitStub" [/home/master25/mae26/s.kim/RP/QAOA-TSP-supaero-mae-reasearch/qaoa.cpp:140]   --->   Operation 27 'br' 'br_ln140' <Predicate = true> <Delay = 0.00>
ST_1 : Operation 28 [1/1] (0.00ns)   --->   "%zext_ln140 = zext i10 %s_idx_1" [/home/master25/mae26/s.kim/RP/QAOA-TSP-supaero-mae-reasearch/qaoa.cpp:140]   --->   Operation 28 'zext' 'zext_ln140' <Predicate = (!icmp_ln140)> <Delay = 0.00>
ST_1 : Operation 29 [1/1] (0.00ns)   --->   "%specpipeline_ln142 = specpipeline void @_ssdm_op_SpecPipeline, i32 1, i32 0, i32 0, i32 0, void @empty_0" [/home/master25/mae26/s.kim/RP/QAOA-TSP-supaero-mae-reasearch/qaoa.cpp:142]   --->   Operation 29 'specpipeline' 'specpipeline_ln142' <Predicate = (!icmp_ln140)> <Delay = 0.00>
ST_1 : Operation 30 [1/1] (0.00ns)   --->   "%speclooptripcount_ln140 = speclooptripcount void @_ssdm_op_SpecLoopTripCount, i64 512, i64 512, i64 512" [/home/master25/mae26/s.kim/RP/QAOA-TSP-supaero-mae-reasearch/qaoa.cpp:140]   --->   Operation 30 'speclooptripcount' 'speclooptripcount_ln140' <Predicate = (!icmp_ln140)> <Delay = 0.00>
ST_1 : Operation 31 [1/1] (0.00ns)   --->   "%specloopname_ln140 = specloopname void @_ssdm_op_SpecLoopName, void @empty_16" [/home/master25/mae26/s.kim/RP/QAOA-TSP-supaero-mae-reasearch/qaoa.cpp:140]   --->   Operation 31 'specloopname' 'specloopname_ln140' <Predicate = (!icmp_ln140)> <Delay = 0.00>
ST_1 : Operation 32 [1/1] (0.00ns)   --->   "%trunc_ln141 = trunc i10 %s_idx_1" [/home/master25/mae26/s.kim/RP/QAOA-TSP-supaero-mae-reasearch/qaoa.cpp:141]   --->   Operation 32 'trunc' 'trunc_ln141' <Predicate = (!icmp_ln140)> <Delay = 0.00>
ST_1 : Operation 33 [1/1] (3.25ns)   --->   "%lshr_ln141 = lshr i9 %trunc_ln141, i9 %zext_ln128_1_cast" [/home/master25/mae26/s.kim/RP/QAOA-TSP-supaero-mae-reasearch/qaoa.cpp:141]   --->   Operation 33 'lshr' 'lshr_ln141' <Predicate = (!icmp_ln140)> <Delay = 3.25> <CoreInst = "Shifter">   --->   Core 75 'Shifter' <Latency = 0> <II = 1> <Delay = 3.25> <FuncUnit> <Opcode : 'shl' 'lshr' 'ashr'> <InPorts = 2> <OutPorts = 1>
ST_1 : Operation 34 [1/1] (0.00ns)   --->   "%slice = trunc i9 %lshr_ln141" [/home/master25/mae26/s.kim/RP/QAOA-TSP-supaero-mae-reasearch/qaoa.cpp:141]   --->   Operation 34 'trunc' 'slice' <Predicate = (!icmp_ln140)> <Delay = 0.00>
ST_1 : Operation 35 [1/1] (1.65ns)   --->   "%icmp_ln144 = icmp_eq  i3 %slice, i3 %shl49_read" [/home/master25/mae26/s.kim/RP/QAOA-TSP-supaero-mae-reasearch/qaoa.cpp:144]   --->   Operation 35 'icmp' 'icmp_ln144' <Predicate = (!icmp_ln140)> <Delay = 1.65> <CoreInst = "Cmp">   --->   Core 9 'Cmp' <Latency = 0> <II = 1> <Delay = 1.65> <FuncUnit> <Opcode : 'seteq' 'setne' 'setle' 'setge' 'setlt' 'setgt'> <InPorts = 2> <OutPorts = 1>
ST_1 : Operation 36 [1/1] (0.00ns)   --->   "%br_ln144 = br i1 %icmp_ln144, void %for.inc78, void %if.then_ifconv" [/home/master25/mae26/s.kim/RP/QAOA-TSP-supaero-mae-reasearch/qaoa.cpp:144]   --->   Operation 36 'br' 'br_ln144' <Predicate = (!icmp_ln140)> <Delay = 0.00>
ST_1 : Operation 37 [1/1] (0.99ns)   --->   "%s_flip = xor i9 %trunc_ln141, i9 %mask_read" [/home/master25/mae26/s.kim/RP/QAOA-TSP-supaero-mae-reasearch/qaoa.cpp:145]   --->   Operation 37 'xor' 's_flip' <Predicate = (!icmp_ln140 & icmp_ln144)> <Delay = 0.99> <CoreInst = "LogicGate">   --->   Core 74 'LogicGate' <Latency = 0> <II = 1> <Delay = 0.99> <FuncUnit> <Opcode : 'and' 'or' 'xor'> <InPorts = 2> <OutPorts = 1>
ST_1 : Operation 38 [1/1] (0.00ns)   --->   "%zext_ln147 = zext i9 %s_flip" [/home/master25/mae26/s.kim/RP/QAOA-TSP-supaero-mae-reasearch/qaoa.cpp:147]   --->   Operation 38 'zext' 'zext_ln147' <Predicate = (!icmp_ln140 & icmp_ln144)> <Delay = 0.00>
ST_1 : Operation 39 [1/1] (0.00ns)   --->   "%bufB_re_addr = getelementptr i32 %bufB_re, i64 0, i64 %zext_ln140" [/home/master25/mae26/s.kim/RP/QAOA-TSP-supaero-mae-reasearch/qaoa.cpp:146]   --->   Operation 39 'getelementptr' 'bufB_re_addr' <Predicate = (!icmp_ln140 & icmp_ln144)> <Delay = 0.00>
ST_1 : Operation 40 [2/2] (3.25ns)   --->   "%bufB_re_load = load i9 %bufB_re_addr" [/home/master25/mae26/s.kim/RP/QAOA-TSP-supaero-mae-reasearch/qaoa.cpp:146]   --->   Operation 40 'load' 'bufB_re_load' <Predicate = (!icmp_ln140 & icmp_ln144 & state_cur_223131_read)> <Delay = 3.25> <CoreInst = "RAM_2P_BRAM">   --->   Core 90 'RAM_2P_BRAM' <Latency = 1> <II = 1> <Delay = 3.25> <Storage> <Opcode : 'load' 'store'> <Ports = 2> <Width = 32> <Depth = 512> <RAM>
ST_1 : Operation 41 [1/1] (0.00ns)   --->   "%bufB_im_addr = getelementptr i32 %bufB_im, i64 0, i64 %zext_ln140" [/home/master25/mae26/s.kim/RP/QAOA-TSP-supaero-mae-reasearch/qaoa.cpp:146]   --->   Operation 41 'getelementptr' 'bufB_im_addr' <Predicate = (!icmp_ln140 & icmp_ln144)> <Delay = 0.00>
ST_1 : Operation 42 [2/2] (3.25ns)   --->   "%bufB_im_load = load i9 %bufB_im_addr" [/home/master25/mae26/s.kim/RP/QAOA-TSP-supaero-mae-reasearch/qaoa.cpp:146]   --->   Operation 42 'load' 'bufB_im_load' <Predicate = (!icmp_ln140 & icmp_ln144 & state_cur_223131_read)> <Delay = 3.25> <CoreInst = "RAM_2P_BRAM">   --->   Core 90 'RAM_2P_BRAM' <Latency = 1> <II = 1> <Delay = 3.25> <Storage> <Opcode : 'load' 'store'> <Ports = 2> <Width = 32> <Depth = 512> <RAM>
ST_1 : Operation 43 [1/1] (0.00ns)   --->   "%bufB_re_addr_1 = getelementptr i32 %bufB_re, i64 0, i64 %zext_ln147" [/home/master25/mae26/s.kim/RP/QAOA-TSP-supaero-mae-reasearch/qaoa.cpp:147]   --->   Operation 43 'getelementptr' 'bufB_re_addr_1' <Predicate = (!icmp_ln140 & icmp_ln144)> <Delay = 0.00>
ST_1 : Operation 44 [2/2] (3.25ns)   --->   "%bufB_re_load_1 = load i9 %bufB_re_addr_1" [/home/master25/mae26/s.kim/RP/QAOA-TSP-supaero-mae-reasearch/qaoa.cpp:147]   --->   Operation 44 'load' 'bufB_re_load_1' <Predicate = (!icmp_ln140 & icmp_ln144 & state_cur_223131_read)> <Delay = 3.25> <CoreInst = "RAM_2P_BRAM">   --->   Core 90 'RAM_2P_BRAM' <Latency = 1> <II = 1> <Delay = 3.25> <Storage> <Opcode : 'load' 'store'> <Ports = 2> <Width = 32> <Depth = 512> <RAM>
ST_1 : Operation 45 [1/1] (0.00ns)   --->   "%bufB_im_addr_1 = getelementptr i32 %bufB_im, i64 0, i64 %zext_ln147" [/home/master25/mae26/s.kim/RP/QAOA-TSP-supaero-mae-reasearch/qaoa.cpp:147]   --->   Operation 45 'getelementptr' 'bufB_im_addr_1' <Predicate = (!icmp_ln140 & icmp_ln144)> <Delay = 0.00>
ST_1 : Operation 46 [2/2] (3.25ns)   --->   "%bufB_im_load_1 = load i9 %bufB_im_addr_1" [/home/master25/mae26/s.kim/RP/QAOA-TSP-supaero-mae-reasearch/qaoa.cpp:147]   --->   Operation 46 'load' 'bufB_im_load_1' <Predicate = (!icmp_ln140 & icmp_ln144 & state_cur_223131_read)> <Delay = 3.25> <CoreInst = "RAM_2P_BRAM">   --->   Core 90 'RAM_2P_BRAM' <Latency = 1> <II = 1> <Delay = 3.25> <Storage> <Opcode : 'load' 'store'> <Ports = 2> <Width = 32> <Depth = 512> <RAM>
ST_1 : Operation 47 [1/1] (0.00ns)   --->   "%bufA_re_addr = getelementptr i32 %bufA_re, i64 0, i64 %zext_ln140" [/home/master25/mae26/s.kim/RP/QAOA-TSP-supaero-mae-reasearch/qaoa.cpp:146]   --->   Operation 47 'getelementptr' 'bufA_re_addr' <Predicate = (!icmp_ln140 & icmp_ln144)> <Delay = 0.00>
ST_1 : Operation 48 [2/2] (3.25ns)   --->   "%a_re = load i9 %bufA_re_addr" [/home/master25/mae26/s.kim/RP/QAOA-TSP-supaero-mae-reasearch/qaoa.cpp:146]   --->   Operation 48 'load' 'a_re' <Predicate = (!icmp_ln140 & icmp_ln144 & !state_cur_223131_read)> <Delay = 3.25> <CoreInst = "RAM_2P_BRAM">   --->   Core 90 'RAM_2P_BRAM' <Latency = 1> <II = 1> <Delay = 3.25> <Storage> <Opcode : 'load' 'store'> <Ports = 2> <Width = 32> <Depth = 512> <RAM>
ST_1 : Operation 49 [1/1] (0.00ns)   --->   "%bufA_im_addr = getelementptr i32 %bufA_im, i64 0, i64 %zext_ln140" [/home/master25/mae26/s.kim/RP/QAOA-TSP-supaero-mae-reasearch/qaoa.cpp:146]   --->   Operation 49 'getelementptr' 'bufA_im_addr' <Predicate = (!icmp_ln140 & icmp_ln144)> <Delay = 0.00>
ST_1 : Operation 50 [2/2] (3.25ns)   --->   "%a_im = load i9 %bufA_im_addr" [/home/master25/mae26/s.kim/RP/QAOA-TSP-supaero-mae-reasearch/qaoa.cpp:146]   --->   Operation 50 'load' 'a_im' <Predicate = (!icmp_ln140 & icmp_ln144 & !state_cur_223131_read)> <Delay = 3.25> <CoreInst = "RAM_2P_BRAM">   --->   Core 90 'RAM_2P_BRAM' <Latency = 1> <II = 1> <Delay = 3.25> <Storage> <Opcode : 'load' 'store'> <Ports = 2> <Width = 32> <Depth = 512> <RAM>
ST_1 : Operation 51 [1/1] (0.00ns)   --->   "%bufA_re_addr_1 = getelementptr i32 %bufA_re, i64 0, i64 %zext_ln147" [/home/master25/mae26/s.kim/RP/QAOA-TSP-supaero-mae-reasearch/qaoa.cpp:147]   --->   Operation 51 'getelementptr' 'bufA_re_addr_1' <Predicate = (!icmp_ln140 & icmp_ln144)> <Delay = 0.00>
ST_1 : Operation 52 [2/2] (3.25ns)   --->   "%b_re = load i9 %bufA_re_addr_1" [/home/master25/mae26/s.kim/RP/QAOA-TSP-supaero-mae-reasearch/qaoa.cpp:147]   --->   Operation 52 'load' 'b_re' <Predicate = (!icmp_ln140 & icmp_ln144 & !state_cur_223131_read)> <Delay = 3.25> <CoreInst = "RAM_2P_BRAM">   --->   Core 90 'RAM_2P_BRAM' <Latency = 1> <II = 1> <Delay = 3.25> <Storage> <Opcode : 'load' 'store'> <Ports = 2> <Width = 32> <Depth = 512> <RAM>
ST_1 : Operation 53 [1/1] (0.00ns)   --->   "%bufA_im_addr_1 = getelementptr i32 %bufA_im, i64 0, i64 %zext_ln147" [/home/master25/mae26/s.kim/RP/QAOA-TSP-supaero-mae-reasearch/qaoa.cpp:147]   --->   Operation 53 'getelementptr' 'bufA_im_addr_1' <Predicate = (!icmp_ln140 & icmp_ln144)> <Delay = 0.00>
ST_1 : Operation 54 [2/2] (3.25ns)   --->   "%bufA_im_load_1 = load i9 %bufA_im_addr_1" [/home/master25/mae26/s.kim/RP/QAOA-TSP-supaero-mae-reasearch/qaoa.cpp:147]   --->   Operation 54 'load' 'bufA_im_load_1' <Predicate = (!icmp_ln140 & icmp_ln144 & !state_cur_223131_read)> <Delay = 3.25> <CoreInst = "RAM_2P_BRAM">   --->   Core 90 'RAM_2P_BRAM' <Latency = 1> <II = 1> <Delay = 3.25> <Storage> <Opcode : 'load' 'store'> <Ports = 2> <Width = 32> <Depth = 512> <RAM>
ST_1 : Operation 115 [1/1] (1.58ns)   --->   "%ret_ln0 = ret"   --->   Operation 115 'ret' 'ret_ln0' <Predicate = (icmp_ln140)> <Delay = 1.58>

State 2 <SV = 1> <Delay = 10.8>
ST_2 : Operation 55 [1/2] ( I:3.25ns O:3.25ns )   --->   "%bufB_re_load = load i9 %bufB_re_addr" [/home/master25/mae26/s.kim/RP/QAOA-TSP-supaero-mae-reasearch/qaoa.cpp:146]   --->   Operation 55 'load' 'bufB_re_load' <Predicate = (!icmp_ln140 & icmp_ln144 & state_cur_223131_read)> <Delay = 3.25> <CoreInst = "RAM_2P_BRAM">   --->   Core 90 'RAM_2P_BRAM' <Latency = 1> <II = 1> <Delay = 3.25> <Storage> <Opcode : 'load' 'store'> <Ports = 2> <Width = 32> <Depth = 512> <RAM>
ST_2 : Operation 56 [1/2] ( I:3.25ns O:3.25ns )   --->   "%bufB_im_load = load i9 %bufB_im_addr" [/home/master25/mae26/s.kim/RP/QAOA-TSP-supaero-mae-reasearch/qaoa.cpp:146]   --->   Operation 56 'load' 'bufB_im_load' <Predicate = (!icmp_ln140 & icmp_ln144 & state_cur_223131_read)> <Delay = 3.25> <CoreInst = "RAM_2P_BRAM">   --->   Core 90 'RAM_2P_BRAM' <Latency = 1> <II = 1> <Delay = 3.25> <Storage> <Opcode : 'load' 'store'> <Ports = 2> <Width = 32> <Depth = 512> <RAM>
ST_2 : Operation 57 [1/2] ( I:3.25ns O:3.25ns )   --->   "%bufB_re_load_1 = load i9 %bufB_re_addr_1" [/home/master25/mae26/s.kim/RP/QAOA-TSP-supaero-mae-reasearch/qaoa.cpp:147]   --->   Operation 57 'load' 'bufB_re_load_1' <Predicate = (!icmp_ln140 & icmp_ln144 & state_cur_223131_read)> <Delay = 3.25> <CoreInst = "RAM_2P_BRAM">   --->   Core 90 'RAM_2P_BRAM' <Latency = 1> <II = 1> <Delay = 3.25> <Storage> <Opcode : 'load' 'store'> <Ports = 2> <Width = 32> <Depth = 512> <RAM>
ST_2 : Operation 58 [1/2] ( I:3.25ns O:3.25ns )   --->   "%bufB_im_load_1 = load i9 %bufB_im_addr_1" [/home/master25/mae26/s.kim/RP/QAOA-TSP-supaero-mae-reasearch/qaoa.cpp:147]   --->   Operation 58 'load' 'bufB_im_load_1' <Predicate = (!icmp_ln140 & icmp_ln144 & state_cur_223131_read)> <Delay = 3.25> <CoreInst = "RAM_2P_BRAM">   --->   Core 90 'RAM_2P_BRAM' <Latency = 1> <II = 1> <Delay = 3.25> <Storage> <Opcode : 'load' 'store'> <Ports = 2> <Width = 32> <Depth = 512> <RAM>
ST_2 : Operation 59 [1/2] ( I:3.25ns O:3.25ns )   --->   "%a_re = load i9 %bufA_re_addr" [/home/master25/mae26/s.kim/RP/QAOA-TSP-supaero-mae-reasearch/qaoa.cpp:146]   --->   Operation 59 'load' 'a_re' <Predicate = (!icmp_ln140 & icmp_ln144 & !state_cur_223131_read)> <Delay = 3.25> <CoreInst = "RAM_2P_BRAM">   --->   Core 90 'RAM_2P_BRAM' <Latency = 1> <II = 1> <Delay = 3.25> <Storage> <Opcode : 'load' 'store'> <Ports = 2> <Width = 32> <Depth = 512> <RAM>
ST_2 : Operation 60 [1/2] ( I:3.25ns O:3.25ns )   --->   "%a_im = load i9 %bufA_im_addr" [/home/master25/mae26/s.kim/RP/QAOA-TSP-supaero-mae-reasearch/qaoa.cpp:146]   --->   Operation 60 'load' 'a_im' <Predicate = (!icmp_ln140 & icmp_ln144 & !state_cur_223131_read)> <Delay = 3.25> <CoreInst = "RAM_2P_BRAM">   --->   Core 90 'RAM_2P_BRAM' <Latency = 1> <II = 1> <Delay = 3.25> <Storage> <Opcode : 'load' 'store'> <Ports = 2> <Width = 32> <Depth = 512> <RAM>
ST_2 : Operation 61 [1/2] ( I:3.25ns O:3.25ns )   --->   "%b_re = load i9 %bufA_re_addr_1" [/home/master25/mae26/s.kim/RP/QAOA-TSP-supaero-mae-reasearch/qaoa.cpp:147]   --->   Operation 61 'load' 'b_re' <Predicate = (!icmp_ln140 & icmp_ln144 & !state_cur_223131_read)> <Delay = 3.25> <CoreInst = "RAM_2P_BRAM">   --->   Core 90 'RAM_2P_BRAM' <Latency = 1> <II = 1> <Delay = 3.25> <Storage> <Opcode : 'load' 'store'> <Ports = 2> <Width = 32> <Depth = 512> <RAM>
ST_2 : Operation 62 [1/2] ( I:3.25ns O:3.25ns )   --->   "%bufA_im_load_1 = load i9 %bufA_im_addr_1" [/home/master25/mae26/s.kim/RP/QAOA-TSP-supaero-mae-reasearch/qaoa.cpp:147]   --->   Operation 62 'load' 'bufA_im_load_1' <Predicate = (!icmp_ln140 & icmp_ln144 & !state_cur_223131_read)> <Delay = 3.25> <CoreInst = "RAM_2P_BRAM">   --->   Core 90 'RAM_2P_BRAM' <Latency = 1> <II = 1> <Delay = 3.25> <Storage> <Opcode : 'load' 'store'> <Ports = 2> <Width = 32> <Depth = 512> <RAM>
ST_2 : Operation 63 [1/1] (0.69ns)   --->   "%empty = select i1 %state_cur_223131_read, i32 %bufB_re_load_1, i32 %b_re" [/home/master25/mae26/s.kim/RP/QAOA-TSP-supaero-mae-reasearch/qaoa.cpp:147]   --->   Operation 63 'select' 'empty' <Predicate = (!icmp_ln140 & icmp_ln144)> <Delay = 0.69> <CoreInst = "Sel">   --->   Core 73 'Sel' <Latency = 0> <II = 1> <Delay = 0.69> <FuncUnit> <Opcode : 'select'> <InPorts = 3> <OutPorts = 1>
ST_2 : Operation 64 [1/1] (0.69ns)   --->   "%empty_58 = select i1 %state_cur_223131_read, i32 %bufB_re_load, i32 %a_re" [/home/master25/mae26/s.kim/RP/QAOA-TSP-supaero-mae-reasearch/qaoa.cpp:146]   --->   Operation 64 'select' 'empty_58' <Predicate = (!icmp_ln140 & icmp_ln144)> <Delay = 0.69> <CoreInst = "Sel">   --->   Core 73 'Sel' <Latency = 0> <II = 1> <Delay = 0.69> <FuncUnit> <Opcode : 'select'> <InPorts = 3> <OutPorts = 1>
ST_2 : Operation 65 [1/1] (0.69ns)   --->   "%empty_59 = select i1 %state_cur_223131_read, i32 %bufB_im_load, i32 %a_im" [/home/master25/mae26/s.kim/RP/QAOA-TSP-supaero-mae-reasearch/qaoa.cpp:146]   --->   Operation 65 'select' 'empty_59' <Predicate = (!icmp_ln140 & icmp_ln144)> <Delay = 0.69> <CoreInst = "Sel">   --->   Core 73 'Sel' <Latency = 0> <II = 1> <Delay = 0.69> <FuncUnit> <Opcode : 'select'> <InPorts = 3> <OutPorts = 1>
ST_2 : Operation 66 [1/1] (0.69ns)   --->   "%b_im = select i1 %state_cur_223131_read, i32 %bufB_im_load_1, i32 %bufA_im_load_1" [/home/master25/mae26/s.kim/RP/QAOA-TSP-supaero-mae-reasearch/qaoa.cpp:147]   --->   Operation 66 'select' 'b_im' <Predicate = (!icmp_ln140 & icmp_ln144)> <Delay = 0.69> <CoreInst = "Sel">   --->   Core 73 'Sel' <Latency = 0> <II = 1> <Delay = 0.69> <FuncUnit> <Opcode : 'select'> <InPorts = 3> <OutPorts = 1>
ST_2 : Operation 67 [1/1] (0.00ns)   --->   "%sext_ln56 = sext i32 %empty_58" [/home/master25/mae26/s.kim/RP/QAOA-TSP-supaero-mae-reasearch/qaoa.hpp:56->/home/master25/mae26/s.kim/RP/QAOA-TSP-supaero-mae-reasearch/qaoa.cpp:151]   --->   Operation 67 'sext' 'sext_ln56' <Predicate = (!icmp_ln140 & icmp_ln144)> <Delay = 0.00>
ST_2 : Operation 68 [2/2] (6.91ns)   --->   "%mul_ln56 = mul i52 %sext_ln56, i52 %trunc_ln102_cast_cast" [/home/master25/mae26/s.kim/RP/QAOA-TSP-supaero-mae-reasearch/qaoa.hpp:56->/home/master25/mae26/s.kim/RP/QAOA-TSP-supaero-mae-reasearch/qaoa.cpp:151]   --->   Operation 68 'mul' 'mul_ln56' <Predicate = (!icmp_ln140 & icmp_ln144)> <Delay = 6.91> <CoreInst = "Multiplier">   --->   Core 3 'Multiplier' <Latency = 1> <II = 1> <Delay = 6.91> <FuncUnit> <Opcode : 'mul'> <InPorts = 2> <OutPorts = 1>
ST_2 : Operation 69 [1/1] (0.00ns)   --->   "%sext_ln56_1 = sext i32 %empty_59" [/home/master25/mae26/s.kim/RP/QAOA-TSP-supaero-mae-reasearch/qaoa.hpp:56->/home/master25/mae26/s.kim/RP/QAOA-TSP-supaero-mae-reasearch/qaoa.cpp:151]   --->   Operation 69 'sext' 'sext_ln56_1' <Predicate = (!icmp_ln140 & icmp_ln144)> <Delay = 0.00>
ST_2 : Operation 70 [2/2] (6.91ns)   --->   "%mul_ln56_1 = mul i52 %sext_ln56_1, i52 %trunc_ln102_cast_cast" [/home/master25/mae26/s.kim/RP/QAOA-TSP-supaero-mae-reasearch/qaoa.hpp:56->/home/master25/mae26/s.kim/RP/QAOA-TSP-supaero-mae-reasearch/qaoa.cpp:151]   --->   Operation 70 'mul' 'mul_ln56_1' <Predicate = (!icmp_ln140 & icmp_ln144)> <Delay = 6.91> <CoreInst = "Multiplier">   --->   Core 3 'Multiplier' <Latency = 1> <II = 1> <Delay = 6.91> <FuncUnit> <Opcode : 'mul'> <InPorts = 2> <OutPorts = 1>
ST_2 : Operation 71 [1/1] (0.00ns)   --->   "%sext_ln56_2 = sext i32 %empty" [/home/master25/mae26/s.kim/RP/QAOA-TSP-supaero-mae-reasearch/qaoa.hpp:56->/home/master25/mae26/s.kim/RP/QAOA-TSP-supaero-mae-reasearch/qaoa.cpp:151]   --->   Operation 71 'sext' 'sext_ln56_2' <Predicate = (!icmp_ln140 & icmp_ln144)> <Delay = 0.00>
ST_2 : Operation 72 [1/1] (0.00ns)   --->   "%sext_ln56_3 = sext i32 %b_im" [/home/master25/mae26/s.kim/RP/QAOA-TSP-supaero-mae-reasearch/qaoa.hpp:56->/home/master25/mae26/s.kim/RP/QAOA-TSP-supaero-mae-reasearch/qaoa.cpp:151]   --->   Operation 72 'sext' 'sext_ln56_3' <Predicate = (!icmp_ln140 & icmp_ln144)> <Delay = 0.00>
ST_2 : Operation 73 [2/2] (6.91ns)   --->   "%mul_ln56_2 = mul i52 %sext_ln56_3, i52 %sext_ln127_cast" [/home/master25/mae26/s.kim/RP/QAOA-TSP-supaero-mae-reasearch/qaoa.hpp:56->/home/master25/mae26/s.kim/RP/QAOA-TSP-supaero-mae-reasearch/qaoa.cpp:151]   --->   Operation 73 'mul' 'mul_ln56_2' <Predicate = (!icmp_ln140 & icmp_ln144)> <Delay = 6.91> <CoreInst = "Multiplier">   --->   Core 3 'Multiplier' <Latency = 1> <II = 1> <Delay = 6.91> <FuncUnit> <Opcode : 'mul'> <InPorts = 2> <OutPorts = 1>
ST_2 : Operation 74 [2/2] (6.91ns)   --->   "%mul_ln56_3 = mul i52 %sext_ln56_2, i52 %sext_ln127_cast" [/home/master25/mae26/s.kim/RP/QAOA-TSP-supaero-mae-reasearch/qaoa.hpp:56->/home/master25/mae26/s.kim/RP/QAOA-TSP-supaero-mae-reasearch/qaoa.cpp:151]   --->   Operation 74 'mul' 'mul_ln56_3' <Predicate = (!icmp_ln140 & icmp_ln144)> <Delay = 6.91> <CoreInst = "Multiplier">   --->   Core 3 'Multiplier' <Latency = 1> <II = 1> <Delay = 6.91> <FuncUnit> <Opcode : 'mul'> <InPorts = 2> <OutPorts = 1>

State 3 <SV = 2> <Delay = 15.9>
ST_3 : Operation 75 [1/2] (6.91ns)   --->   "%mul_ln56 = mul i52 %sext_ln56, i52 %trunc_ln102_cast_cast" [/home/master25/mae26/s.kim/RP/QAOA-TSP-supaero-mae-reasearch/qaoa.hpp:56->/home/master25/mae26/s.kim/RP/QAOA-TSP-supaero-mae-reasearch/qaoa.cpp:151]   --->   Operation 75 'mul' 'mul_ln56' <Predicate = (!icmp_ln140 & icmp_ln144)> <Delay = 6.91> <CoreInst = "Multiplier">   --->   Core 3 'Multiplier' <Latency = 1> <II = 1> <Delay = 6.91> <FuncUnit> <Opcode : 'mul'> <InPorts = 2> <OutPorts = 1>
ST_3 : Operation 76 [1/1] (0.00ns)   --->   "%trunc_ln5 = partselect i32 @_ssdm_op_PartSelect.i32.i52.i32.i32, i52 %mul_ln56, i32 20, i32 51" [/home/master25/mae26/s.kim/RP/QAOA-TSP-supaero-mae-reasearch/qaoa.hpp:56->/home/master25/mae26/s.kim/RP/QAOA-TSP-supaero-mae-reasearch/qaoa.cpp:151]   --->   Operation 76 'partselect' 'trunc_ln5' <Predicate = (!icmp_ln140 & icmp_ln144)> <Delay = 0.00>
ST_3 : Operation 77 [1/2] (6.91ns)   --->   "%mul_ln56_1 = mul i52 %sext_ln56_1, i52 %trunc_ln102_cast_cast" [/home/master25/mae26/s.kim/RP/QAOA-TSP-supaero-mae-reasearch/qaoa.hpp:56->/home/master25/mae26/s.kim/RP/QAOA-TSP-supaero-mae-reasearch/qaoa.cpp:151]   --->   Operation 77 'mul' 'mul_ln56_1' <Predicate = (!icmp_ln140 & icmp_ln144)> <Delay = 6.91> <CoreInst = "Multiplier">   --->   Core 3 'Multiplier' <Latency = 1> <II = 1> <Delay = 6.91> <FuncUnit> <Opcode : 'mul'> <InPorts = 2> <OutPorts = 1>
ST_3 : Operation 78 [1/1] (0.00ns)   --->   "%trunc_ln56_1 = partselect i32 @_ssdm_op_PartSelect.i32.i52.i32.i32, i52 %mul_ln56_1, i32 20, i32 51" [/home/master25/mae26/s.kim/RP/QAOA-TSP-supaero-mae-reasearch/qaoa.hpp:56->/home/master25/mae26/s.kim/RP/QAOA-TSP-supaero-mae-reasearch/qaoa.cpp:151]   --->   Operation 78 'partselect' 'trunc_ln56_1' <Predicate = (!icmp_ln140 & icmp_ln144)> <Delay = 0.00>
ST_3 : Operation 79 [1/2] (6.91ns)   --->   "%mul_ln56_2 = mul i52 %sext_ln56_3, i52 %sext_ln127_cast" [/home/master25/mae26/s.kim/RP/QAOA-TSP-supaero-mae-reasearch/qaoa.hpp:56->/home/master25/mae26/s.kim/RP/QAOA-TSP-supaero-mae-reasearch/qaoa.cpp:151]   --->   Operation 79 'mul' 'mul_ln56_2' <Predicate = (!icmp_ln140 & icmp_ln144)> <Delay = 6.91> <CoreInst = "Multiplier">   --->   Core 3 'Multiplier' <Latency = 1> <II = 1> <Delay = 6.91> <FuncUnit> <Opcode : 'mul'> <InPorts = 2> <OutPorts = 1>
ST_3 : Operation 80 [1/1] (3.21ns)   --->   "%sub_ln56 = sub i52 0, i52 %mul_ln56_2" [/home/master25/mae26/s.kim/RP/QAOA-TSP-supaero-mae-reasearch/qaoa.hpp:56->/home/master25/mae26/s.kim/RP/QAOA-TSP-supaero-mae-reasearch/qaoa.cpp:151]   --->   Operation 80 'sub' 'sub_ln56' <Predicate = (!icmp_ln140 & icmp_ln144)> <Delay = 3.21> <CoreInst = "Adder">   --->   Core 1 'Adder' <Latency = 0> <II = 1> <Delay = 3.21> <FuncUnit> <Opcode : 'add' 'sub'> <InPorts = 2> <OutPorts = 1>
ST_3 : Operation 81 [1/1] (0.00ns)   --->   "%trunc_ln56_2 = partselect i32 @_ssdm_op_PartSelect.i32.i52.i32.i32, i52 %sub_ln56, i32 20, i32 51" [/home/master25/mae26/s.kim/RP/QAOA-TSP-supaero-mae-reasearch/qaoa.hpp:56->/home/master25/mae26/s.kim/RP/QAOA-TSP-supaero-mae-reasearch/qaoa.cpp:151]   --->   Operation 81 'partselect' 'trunc_ln56_2' <Predicate = (!icmp_ln140 & icmp_ln144)> <Delay = 0.00>
ST_3 : Operation 82 [1/2] (6.91ns)   --->   "%mul_ln56_3 = mul i52 %sext_ln56_2, i52 %sext_ln127_cast" [/home/master25/mae26/s.kim/RP/QAOA-TSP-supaero-mae-reasearch/qaoa.hpp:56->/home/master25/mae26/s.kim/RP/QAOA-TSP-supaero-mae-reasearch/qaoa.cpp:151]   --->   Operation 82 'mul' 'mul_ln56_3' <Predicate = (!icmp_ln140 & icmp_ln144)> <Delay = 6.91> <CoreInst = "Multiplier">   --->   Core 3 'Multiplier' <Latency = 1> <II = 1> <Delay = 6.91> <FuncUnit> <Opcode : 'mul'> <InPorts = 2> <OutPorts = 1>
ST_3 : Operation 83 [1/1] (0.00ns)   --->   "%trunc_ln56_3 = partselect i32 @_ssdm_op_PartSelect.i32.i52.i32.i32, i52 %mul_ln56_3, i32 20, i32 51" [/home/master25/mae26/s.kim/RP/QAOA-TSP-supaero-mae-reasearch/qaoa.hpp:56->/home/master25/mae26/s.kim/RP/QAOA-TSP-supaero-mae-reasearch/qaoa.cpp:151]   --->   Operation 83 'partselect' 'trunc_ln56_3' <Predicate = (!icmp_ln140 & icmp_ln144)> <Delay = 0.00>
ST_3 : Operation 84 [1/1] (2.55ns)   --->   "%sub_ln62 = sub i32 %trunc_ln5, i32 %trunc_ln56_2" [/home/master25/mae26/s.kim/RP/QAOA-TSP-supaero-mae-reasearch/qaoa.hpp:62->/home/master25/mae26/s.kim/RP/QAOA-TSP-supaero-mae-reasearch/qaoa.cpp:151]   --->   Operation 84 'sub' 'sub_ln62' <Predicate = (!icmp_ln140 & icmp_ln144)> <Delay = 2.55> <CoreInst = "Adder">   --->   Core 1 'Adder' <Latency = 0> <II = 1> <Delay = 2.55> <FuncUnit> <Opcode : 'add' 'sub'> <InPorts = 2> <OutPorts = 1>
ST_3 : Operation 85 [1/1] (2.55ns)   --->   "%sub_ln62_1 = sub i32 %trunc_ln56_1, i32 %trunc_ln56_3" [/home/master25/mae26/s.kim/RP/QAOA-TSP-supaero-mae-reasearch/qaoa.hpp:62->/home/master25/mae26/s.kim/RP/QAOA-TSP-supaero-mae-reasearch/qaoa.cpp:151]   --->   Operation 85 'sub' 'sub_ln62_1' <Predicate = (!icmp_ln140 & icmp_ln144)> <Delay = 2.55> <CoreInst = "Adder">   --->   Core 1 'Adder' <Latency = 0> <II = 1> <Delay = 2.55> <FuncUnit> <Opcode : 'add' 'sub'> <InPorts = 2> <OutPorts = 1>
ST_3 : Operation 86 [2/2] (6.91ns)   --->   "%mul_ln56_4 = mul i52 %sext_ln56_1, i52 %sext_ln127_cast" [/home/master25/mae26/s.kim/RP/QAOA-TSP-supaero-mae-reasearch/qaoa.hpp:56->/home/master25/mae26/s.kim/RP/QAOA-TSP-supaero-mae-reasearch/qaoa.cpp:152]   --->   Operation 86 'mul' 'mul_ln56_4' <Predicate = (!icmp_ln140 & icmp_ln144)> <Delay = 6.91> <CoreInst = "Multiplier">   --->   Core 3 'Multiplier' <Latency = 1> <II = 1> <Delay = 6.91> <FuncUnit> <Opcode : 'mul'> <InPorts = 2> <OutPorts = 1>
ST_3 : Operation 87 [2/2] (6.91ns)   --->   "%mul_ln56_5 = mul i52 %sext_ln56, i52 %sext_ln127_cast" [/home/master25/mae26/s.kim/RP/QAOA-TSP-supaero-mae-reasearch/qaoa.hpp:56->/home/master25/mae26/s.kim/RP/QAOA-TSP-supaero-mae-reasearch/qaoa.cpp:152]   --->   Operation 87 'mul' 'mul_ln56_5' <Predicate = (!icmp_ln140 & icmp_ln144)> <Delay = 6.91> <CoreInst = "Multiplier">   --->   Core 3 'Multiplier' <Latency = 1> <II = 1> <Delay = 6.91> <FuncUnit> <Opcode : 'mul'> <InPorts = 2> <OutPorts = 1>
ST_3 : Operation 88 [2/2] (6.91ns)   --->   "%mul_ln56_6 = mul i52 %sext_ln56_2, i52 %trunc_ln102_cast_cast" [/home/master25/mae26/s.kim/RP/QAOA-TSP-supaero-mae-reasearch/qaoa.hpp:56->/home/master25/mae26/s.kim/RP/QAOA-TSP-supaero-mae-reasearch/qaoa.cpp:152]   --->   Operation 88 'mul' 'mul_ln56_6' <Predicate = (!icmp_ln140 & icmp_ln144)> <Delay = 6.91> <CoreInst = "Multiplier">   --->   Core 3 'Multiplier' <Latency = 1> <II = 1> <Delay = 6.91> <FuncUnit> <Opcode : 'mul'> <InPorts = 2> <OutPorts = 1>
ST_3 : Operation 89 [2/2] (6.91ns)   --->   "%mul_ln56_7 = mul i52 %sext_ln56_3, i52 %trunc_ln102_cast_cast" [/home/master25/mae26/s.kim/RP/QAOA-TSP-supaero-mae-reasearch/qaoa.hpp:56->/home/master25/mae26/s.kim/RP/QAOA-TSP-supaero-mae-reasearch/qaoa.cpp:152]   --->   Operation 89 'mul' 'mul_ln56_7' <Predicate = (!icmp_ln140 & icmp_ln144)> <Delay = 6.91> <CoreInst = "Multiplier">   --->   Core 3 'Multiplier' <Latency = 1> <II = 1> <Delay = 6.91> <FuncUnit> <Opcode : 'mul'> <InPorts = 2> <OutPorts = 1>
ST_3 : Operation 90 [1/1] ( I:3.25ns O:3.25ns )   --->   "%store_ln151 = store i32 %sub_ln62, i9 %bufA_re_addr" [/home/master25/mae26/s.kim/RP/QAOA-TSP-supaero-mae-reasearch/qaoa.cpp:151]   --->   Operation 90 'store' 'store_ln151' <Predicate = (!icmp_ln140 & icmp_ln144 & !state_next_222129_read)> <Delay = 3.25> <CoreInst = "RAM_2P_BRAM">   --->   Core 90 'RAM_2P_BRAM' <Latency = 1> <II = 1> <Delay = 3.25> <Storage> <Opcode : 'load' 'store'> <Ports = 2> <Width = 32> <Depth = 512> <RAM>
ST_3 : Operation 91 [1/1] ( I:3.25ns O:3.25ns )   --->   "%store_ln151 = store i32 %sub_ln62_1, i9 %bufA_im_addr" [/home/master25/mae26/s.kim/RP/QAOA-TSP-supaero-mae-reasearch/qaoa.cpp:151]   --->   Operation 91 'store' 'store_ln151' <Predicate = (!icmp_ln140 & icmp_ln144 & !state_next_222129_read)> <Delay = 3.25> <CoreInst = "RAM_2P_BRAM">   --->   Core 90 'RAM_2P_BRAM' <Latency = 1> <II = 1> <Delay = 3.25> <Storage> <Opcode : 'load' 'store'> <Ports = 2> <Width = 32> <Depth = 512> <RAM>
ST_3 : Operation 92 [1/1] ( I:3.25ns O:3.25ns )   --->   "%store_ln151 = store i32 %sub_ln62, i9 %bufB_re_addr" [/home/master25/mae26/s.kim/RP/QAOA-TSP-supaero-mae-reasearch/qaoa.cpp:151]   --->   Operation 92 'store' 'store_ln151' <Predicate = (!icmp_ln140 & icmp_ln144 & state_next_222129_read)> <Delay = 3.25> <CoreInst = "RAM_2P_BRAM">   --->   Core 90 'RAM_2P_BRAM' <Latency = 1> <II = 1> <Delay = 3.25> <Storage> <Opcode : 'load' 'store'> <Ports = 2> <Width = 32> <Depth = 512> <RAM>
ST_3 : Operation 93 [1/1] ( I:3.25ns O:3.25ns )   --->   "%store_ln151 = store i32 %sub_ln62_1, i9 %bufB_im_addr" [/home/master25/mae26/s.kim/RP/QAOA-TSP-supaero-mae-reasearch/qaoa.cpp:151]   --->   Operation 93 'store' 'store_ln151' <Predicate = (!icmp_ln140 & icmp_ln144 & state_next_222129_read)> <Delay = 3.25> <CoreInst = "RAM_2P_BRAM">   --->   Core 90 'RAM_2P_BRAM' <Latency = 1> <II = 1> <Delay = 3.25> <Storage> <Opcode : 'load' 'store'> <Ports = 2> <Width = 32> <Depth = 512> <RAM>

State 4 <SV = 3> <Delay = 15.9>
ST_4 : Operation 94 [1/2] (6.91ns)   --->   "%mul_ln56_4 = mul i52 %sext_ln56_1, i52 %sext_ln127_cast" [/home/master25/mae26/s.kim/RP/QAOA-TSP-supaero-mae-reasearch/qaoa.hpp:56->/home/master25/mae26/s.kim/RP/QAOA-TSP-supaero-mae-reasearch/qaoa.cpp:152]   --->   Operation 94 'mul' 'mul_ln56_4' <Predicate = (!icmp_ln140 & icmp_ln144)> <Delay = 6.91> <CoreInst = "Multiplier">   --->   Core 3 'Multiplier' <Latency = 1> <II = 1> <Delay = 6.91> <FuncUnit> <Opcode : 'mul'> <InPorts = 2> <OutPorts = 1>
ST_4 : Operation 95 [1/1] (0.00ns)   --->   "%trunc_ln56_4 = partselect i32 @_ssdm_op_PartSelect.i32.i52.i32.i32, i52 %mul_ln56_4, i32 20, i32 51" [/home/master25/mae26/s.kim/RP/QAOA-TSP-supaero-mae-reasearch/qaoa.hpp:56->/home/master25/mae26/s.kim/RP/QAOA-TSP-supaero-mae-reasearch/qaoa.cpp:152]   --->   Operation 95 'partselect' 'trunc_ln56_4' <Predicate = (!icmp_ln140 & icmp_ln144)> <Delay = 0.00>
ST_4 : Operation 96 [1/2] (6.91ns)   --->   "%mul_ln56_5 = mul i52 %sext_ln56, i52 %sext_ln127_cast" [/home/master25/mae26/s.kim/RP/QAOA-TSP-supaero-mae-reasearch/qaoa.hpp:56->/home/master25/mae26/s.kim/RP/QAOA-TSP-supaero-mae-reasearch/qaoa.cpp:152]   --->   Operation 96 'mul' 'mul_ln56_5' <Predicate = (!icmp_ln140 & icmp_ln144)> <Delay = 6.91> <CoreInst = "Multiplier">   --->   Core 3 'Multiplier' <Latency = 1> <II = 1> <Delay = 6.91> <FuncUnit> <Opcode : 'mul'> <InPorts = 2> <OutPorts = 1>
ST_4 : Operation 97 [1/1] (3.21ns)   --->   "%sub_ln56_1 = sub i52 0, i52 %mul_ln56_5" [/home/master25/mae26/s.kim/RP/QAOA-TSP-supaero-mae-reasearch/qaoa.hpp:56->/home/master25/mae26/s.kim/RP/QAOA-TSP-supaero-mae-reasearch/qaoa.cpp:152]   --->   Operation 97 'sub' 'sub_ln56_1' <Predicate = (!icmp_ln140 & icmp_ln144)> <Delay = 3.21> <CoreInst = "Adder">   --->   Core 1 'Adder' <Latency = 0> <II = 1> <Delay = 3.21> <FuncUnit> <Opcode : 'add' 'sub'> <InPorts = 2> <OutPorts = 1>
ST_4 : Operation 98 [1/1] (0.00ns)   --->   "%trunc_ln56_5 = partselect i32 @_ssdm_op_PartSelect.i32.i52.i32.i32, i52 %sub_ln56_1, i32 20, i32 51" [/home/master25/mae26/s.kim/RP/QAOA-TSP-supaero-mae-reasearch/qaoa.hpp:56->/home/master25/mae26/s.kim/RP/QAOA-TSP-supaero-mae-reasearch/qaoa.cpp:152]   --->   Operation 98 'partselect' 'trunc_ln56_5' <Predicate = (!icmp_ln140 & icmp_ln144)> <Delay = 0.00>
ST_4 : Operation 99 [1/2] (6.91ns)   --->   "%mul_ln56_6 = mul i52 %sext_ln56_2, i52 %trunc_ln102_cast_cast" [/home/master25/mae26/s.kim/RP/QAOA-TSP-supaero-mae-reasearch/qaoa.hpp:56->/home/master25/mae26/s.kim/RP/QAOA-TSP-supaero-mae-reasearch/qaoa.cpp:152]   --->   Operation 99 'mul' 'mul_ln56_6' <Predicate = (!icmp_ln140 & icmp_ln144)> <Delay = 6.91> <CoreInst = "Multiplier">   --->   Core 3 'Multiplier' <Latency = 1> <II = 1> <Delay = 6.91> <FuncUnit> <Opcode : 'mul'> <InPorts = 2> <OutPorts = 1>
ST_4 : Operation 100 [1/1] (0.00ns)   --->   "%trunc_ln56_6 = partselect i32 @_ssdm_op_PartSelect.i32.i52.i32.i32, i52 %mul_ln56_6, i32 20, i32 51" [/home/master25/mae26/s.kim/RP/QAOA-TSP-supaero-mae-reasearch/qaoa.hpp:56->/home/master25/mae26/s.kim/RP/QAOA-TSP-supaero-mae-reasearch/qaoa.cpp:152]   --->   Operation 100 'partselect' 'trunc_ln56_6' <Predicate = (!icmp_ln140 & icmp_ln144)> <Delay = 0.00>
ST_4 : Operation 101 [1/2] (6.91ns)   --->   "%mul_ln56_7 = mul i52 %sext_ln56_3, i52 %trunc_ln102_cast_cast" [/home/master25/mae26/s.kim/RP/QAOA-TSP-supaero-mae-reasearch/qaoa.hpp:56->/home/master25/mae26/s.kim/RP/QAOA-TSP-supaero-mae-reasearch/qaoa.cpp:152]   --->   Operation 101 'mul' 'mul_ln56_7' <Predicate = (!icmp_ln140 & icmp_ln144)> <Delay = 6.91> <CoreInst = "Multiplier">   --->   Core 3 'Multiplier' <Latency = 1> <II = 1> <Delay = 6.91> <FuncUnit> <Opcode : 'mul'> <InPorts = 2> <OutPorts = 1>
ST_4 : Operation 102 [1/1] (0.00ns)   --->   "%trunc_ln56_7 = partselect i32 @_ssdm_op_PartSelect.i32.i52.i32.i32, i52 %mul_ln56_7, i32 20, i32 51" [/home/master25/mae26/s.kim/RP/QAOA-TSP-supaero-mae-reasearch/qaoa.hpp:56->/home/master25/mae26/s.kim/RP/QAOA-TSP-supaero-mae-reasearch/qaoa.cpp:152]   --->   Operation 102 'partselect' 'trunc_ln56_7' <Predicate = (!icmp_ln140 & icmp_ln144)> <Delay = 0.00>
ST_4 : Operation 103 [1/1] (2.55ns)   --->   "%add_ln59 = add i32 %trunc_ln56_4, i32 %trunc_ln56_6" [/home/master25/mae26/s.kim/RP/QAOA-TSP-supaero-mae-reasearch/qaoa.hpp:59->/home/master25/mae26/s.kim/RP/QAOA-TSP-supaero-mae-reasearch/qaoa.cpp:152]   --->   Operation 103 'add' 'add_ln59' <Predicate = (!icmp_ln140 & icmp_ln144)> <Delay = 2.55> <CoreInst = "Adder">   --->   Core 1 'Adder' <Latency = 0> <II = 1> <Delay = 2.55> <FuncUnit> <Opcode : 'add' 'sub'> <InPorts = 2> <OutPorts = 1>
ST_4 : Operation 104 [1/1] (2.55ns)   --->   "%add_ln59_1 = add i32 %trunc_ln56_7, i32 %trunc_ln56_5" [/home/master25/mae26/s.kim/RP/QAOA-TSP-supaero-mae-reasearch/qaoa.hpp:59->/home/master25/mae26/s.kim/RP/QAOA-TSP-supaero-mae-reasearch/qaoa.cpp:152]   --->   Operation 104 'add' 'add_ln59_1' <Predicate = (!icmp_ln140 & icmp_ln144)> <Delay = 2.55> <CoreInst = "Adder">   --->   Core 1 'Adder' <Latency = 0> <II = 1> <Delay = 2.55> <FuncUnit> <Opcode : 'add' 'sub'> <InPorts = 2> <OutPorts = 1>
ST_4 : Operation 105 [1/1] (0.00ns)   --->   "%br_ln151 = br i1 %state_next_222129_read, void, void" [/home/master25/mae26/s.kim/RP/QAOA-TSP-supaero-mae-reasearch/qaoa.cpp:151]   --->   Operation 105 'br' 'br_ln151' <Predicate = (!icmp_ln140 & icmp_ln144)> <Delay = 0.00>
ST_4 : Operation 106 [1/1] ( I:3.25ns O:3.25ns )   --->   "%store_ln152 = store i32 %add_ln59, i9 %bufA_re_addr_1" [/home/master25/mae26/s.kim/RP/QAOA-TSP-supaero-mae-reasearch/qaoa.cpp:152]   --->   Operation 106 'store' 'store_ln152' <Predicate = (!icmp_ln140 & icmp_ln144 & !state_next_222129_read)> <Delay = 3.25> <CoreInst = "RAM_2P_BRAM">   --->   Core 90 'RAM_2P_BRAM' <Latency = 1> <II = 1> <Delay = 3.25> <Storage> <Opcode : 'load' 'store'> <Ports = 2> <Width = 32> <Depth = 512> <RAM>
ST_4 : Operation 107 [1/1] ( I:3.25ns O:3.25ns )   --->   "%store_ln152 = store i32 %add_ln59_1, i9 %bufA_im_addr_1" [/home/master25/mae26/s.kim/RP/QAOA-TSP-supaero-mae-reasearch/qaoa.cpp:152]   --->   Operation 107 'store' 'store_ln152' <Predicate = (!icmp_ln140 & icmp_ln144 & !state_next_222129_read)> <Delay = 3.25> <CoreInst = "RAM_2P_BRAM">   --->   Core 90 'RAM_2P_BRAM' <Latency = 1> <II = 1> <Delay = 3.25> <Storage> <Opcode : 'load' 'store'> <Ports = 2> <Width = 32> <Depth = 512> <RAM>
ST_4 : Operation 108 [1/1] (0.00ns)   --->   "%br_ln152 = br void" [/home/master25/mae26/s.kim/RP/QAOA-TSP-supaero-mae-reasearch/qaoa.cpp:152]   --->   Operation 108 'br' 'br_ln152' <Predicate = (!icmp_ln140 & icmp_ln144 & !state_next_222129_read)> <Delay = 0.00>
ST_4 : Operation 109 [1/1] ( I:3.25ns O:3.25ns )   --->   "%store_ln152 = store i32 %add_ln59, i9 %bufB_re_addr_1" [/home/master25/mae26/s.kim/RP/QAOA-TSP-supaero-mae-reasearch/qaoa.cpp:152]   --->   Operation 109 'store' 'store_ln152' <Predicate = (!icmp_ln140 & icmp_ln144 & state_next_222129_read)> <Delay = 3.25> <CoreInst = "RAM_2P_BRAM">   --->   Core 90 'RAM_2P_BRAM' <Latency = 1> <II = 1> <Delay = 3.25> <Storage> <Opcode : 'load' 'store'> <Ports = 2> <Width = 32> <Depth = 512> <RAM>
ST_4 : Operation 110 [1/1] ( I:3.25ns O:3.25ns )   --->   "%store_ln152 = store i32 %add_ln59_1, i9 %bufB_im_addr_1" [/home/master25/mae26/s.kim/RP/QAOA-TSP-supaero-mae-reasearch/qaoa.cpp:152]   --->   Operation 110 'store' 'store_ln152' <Predicate = (!icmp_ln140 & icmp_ln144 & state_next_222129_read)> <Delay = 3.25> <CoreInst = "RAM_2P_BRAM">   --->   Core 90 'RAM_2P_BRAM' <Latency = 1> <II = 1> <Delay = 3.25> <Storage> <Opcode : 'load' 'store'> <Ports = 2> <Width = 32> <Depth = 512> <RAM>
ST_4 : Operation 111 [1/1] (0.00ns)   --->   "%br_ln152 = br void" [/home/master25/mae26/s.kim/RP/QAOA-TSP-supaero-mae-reasearch/qaoa.cpp:152]   --->   Operation 111 'br' 'br_ln152' <Predicate = (!icmp_ln140 & icmp_ln144 & state_next_222129_read)> <Delay = 0.00>
ST_4 : Operation 112 [1/1] (0.00ns)   --->   "%br_ln153 = br void %for.inc78" [/home/master25/mae26/s.kim/RP/QAOA-TSP-supaero-mae-reasearch/qaoa.cpp:153]   --->   Operation 112 'br' 'br_ln153' <Predicate = (!icmp_ln140 & icmp_ln144)> <Delay = 0.00>
ST_4 : Operation 113 [1/1] (1.58ns)   --->   "%store_ln140 = store i10 %add_ln140, i10 %s_idx" [/home/master25/mae26/s.kim/RP/QAOA-TSP-supaero-mae-reasearch/qaoa.cpp:140]   --->   Operation 113 'store' 'store_ln140' <Predicate = (!icmp_ln140)> <Delay = 1.58>
ST_4 : Operation 114 [1/1] (0.00ns)   --->   "%br_ln140 = br void %for.body48" [/home/master25/mae26/s.kim/RP/QAOA-TSP-supaero-mae-reasearch/qaoa.cpp:140]   --->   Operation 114 'br' 'br_ln140' <Predicate = (!icmp_ln140)> <Delay = 0.00>


============================================================
+ Verbose Summary: Timing violations
============================================================
Target clock period: 10.000ns, clock uncertainty: 2.000ns.

 <State 1>: 6.492ns
The critical path consists of the following:
	'store' operation 0 bit ('store_ln140', /home/master25/mae26/s.kim/RP/QAOA-TSP-supaero-mae-reasearch/qaoa.cpp:140) of constant 0 on local variable 's_idx', /home/master25/mae26/s.kim/RP/QAOA-TSP-supaero-mae-reasearch/qaoa.cpp:140 [27]  (1.588 ns)
	'load' operation 10 bit ('s_idx', /home/master25/mae26/s.kim/RP/QAOA-TSP-supaero-mae-reasearch/qaoa.cpp:141) on local variable 's_idx', /home/master25/mae26/s.kim/RP/QAOA-TSP-supaero-mae-reasearch/qaoa.cpp:140 [30]  (0.000 ns)
	'lshr' operation 9 bit ('lshr_ln141', /home/master25/mae26/s.kim/RP/QAOA-TSP-supaero-mae-reasearch/qaoa.cpp:141) [40]  (3.254 ns)
	'icmp' operation 1 bit ('icmp_ln144', /home/master25/mae26/s.kim/RP/QAOA-TSP-supaero-mae-reasearch/qaoa.cpp:144) [42]  (1.650 ns)

 <State 2>: 10.864ns
The critical path consists of the following:
	'load' operation 32 bit ('bufB_re_load', /home/master25/mae26/s.kim/RP/QAOA-TSP-supaero-mae-reasearch/qaoa.cpp:146) on array 'bufB_re' [48]  (3.254 ns)
	'select' operation 32 bit ('empty_58', /home/master25/mae26/s.kim/RP/QAOA-TSP-supaero-mae-reasearch/qaoa.cpp:146) [64]  (0.698 ns)
	'mul' operation 52 bit ('mul_ln56', /home/master25/mae26/s.kim/RP/QAOA-TSP-supaero-mae-reasearch/qaoa.hpp:56->/home/master25/mae26/s.kim/RP/QAOA-TSP-supaero-mae-reasearch/qaoa.cpp:151) [68]  (6.912 ns)

 <State 3>: 15.929ns
The critical path consists of the following:
	'mul' operation 52 bit ('mul_ln56_2', /home/master25/mae26/s.kim/RP/QAOA-TSP-supaero-mae-reasearch/qaoa.hpp:56->/home/master25/mae26/s.kim/RP/QAOA-TSP-supaero-mae-reasearch/qaoa.cpp:151) [75]  (6.912 ns)
	'sub' operation 52 bit ('sub_ln56', /home/master25/mae26/s.kim/RP/QAOA-TSP-supaero-mae-reasearch/qaoa.hpp:56->/home/master25/mae26/s.kim/RP/QAOA-TSP-supaero-mae-reasearch/qaoa.cpp:151) [76]  (3.211 ns)
	'sub' operation 32 bit ('sub_ln62', /home/master25/mae26/s.kim/RP/QAOA-TSP-supaero-mae-reasearch/qaoa.hpp:62->/home/master25/mae26/s.kim/RP/QAOA-TSP-supaero-mae-reasearch/qaoa.cpp:151) [80]  (2.552 ns)
	'store' operation 0 bit ('store_ln151', /home/master25/mae26/s.kim/RP/QAOA-TSP-supaero-mae-reasearch/qaoa.cpp:151) of variable 'sub_ln62', /home/master25/mae26/s.kim/RP/QAOA-TSP-supaero-mae-reasearch/qaoa.hpp:62->/home/master25/mae26/s.kim/RP/QAOA-TSP-supaero-mae-reasearch/qaoa.cpp:151 on array 'bufA_re' [95]  (3.254 ns)

 <State 4>: 15.929ns
The critical path consists of the following:
	'mul' operation 52 bit ('mul_ln56_5', /home/master25/mae26/s.kim/RP/QAOA-TSP-supaero-mae-reasearch/qaoa.hpp:56->/home/master25/mae26/s.kim/RP/QAOA-TSP-supaero-mae-reasearch/qaoa.cpp:152) [84]  (6.912 ns)
	'sub' operation 52 bit ('sub_ln56_1', /home/master25/mae26/s.kim/RP/QAOA-TSP-supaero-mae-reasearch/qaoa.hpp:56->/home/master25/mae26/s.kim/RP/QAOA-TSP-supaero-mae-reasearch/qaoa.cpp:152) [85]  (3.211 ns)
	'add' operation 32 bit ('add_ln59_1', /home/master25/mae26/s.kim/RP/QAOA-TSP-supaero-mae-reasearch/qaoa.hpp:59->/home/master25/mae26/s.kim/RP/QAOA-TSP-supaero-mae-reasearch/qaoa.cpp:152) [92]  (2.552 ns)
	'store' operation 0 bit ('store_ln152', /home/master25/mae26/s.kim/RP/QAOA-TSP-supaero-mae-reasearch/qaoa.cpp:152) of variable 'add_ln59_1', /home/master25/mae26/s.kim/RP/QAOA-TSP-supaero-mae-reasearch/qaoa.hpp:59->/home/master25/mae26/s.kim/RP/QAOA-TSP-supaero-mae-reasearch/qaoa.cpp:152 on array 'bufA_im' [98]  (3.254 ns)


============================================================
+ Verbose Summary: Binding
============================================================
N/A
* FSMD analyzer results:
  - Output states:
 - Input state : 
  - Chain level:
	State 1
	State 2
	State 3
	State 4


============================================================
+ Verbose Summary: Datapath Resource usage 
============================================================
N/A
