

================================================================
== Vitis HLS Report for 'applyMixer_hls_3_s'
================================================================
* Date:           Thu Nov 20 16:57:51 2025

* Version:        2024.2 (Build 5238294 on Nov  8 2024)
* Project:        qaoa_kernel
* Solution:       hls (Vivado IP Flow Target)
* Product family: zynq
* Target device:  xc7z010-clg400-1


================================================================
== Performance Estimates
================================================================
+ Timing: 
    * Summary: 
    +--------+----------+-----------+------------+
    |  Clock |  Target  | Estimated | Uncertainty|
    +--------+----------+-----------+------------+
    |ap_clk  |  10.00 ns|  15.929 ns|     2.00 ns|
    +--------+----------+-----------+------------+

+ Latency: 
    * Summary: 
    +---------+---------+-----------+----------+------+-------+---------+
    |  Latency (cycles) |  Latency (absolute)  |   Interval   | Pipeline|
    |   min   |   max   |    min    |    max   |  min |  max  |   Type  |
    +---------+---------+-----------+----------+------+-------+---------+
    |     1582|    47806|  25.199 us|  0.761 ms|  1582|  47806|       no|
    +---------+---------+-----------+----------+------+-------+---------+

    + Detail: 
        * Instance: 
        N/A

        * Loop: 
        +-----------------------+---------+---------+-----------+-----------+-----------+-------+----------+
        |                       |  Latency (cycles) | Iteration |  Initiation Interval  |  Trip |          |
        |       Loop Name       |   min   |   max   |  Latency  |  achieved |   target  | Count | Pipelined|
        +-----------------------+---------+---------+-----------+-----------+-----------+-------+----------+
        |- VITIS_LOOP_127_2     |       24|    46248|  8 ~ 15416|          -|          -|      3|        no|
        | + VITIS_LOOP_131_3    |        6|    15414|   2 ~ 5138|          -|          -|      3|        no|
        |  ++ VITIS_LOOP_132_4  |        0|     5136|       2568|          -|          -|  0 ~ 2|        no|
        +-----------------------+---------+---------+-----------+-----------+-----------+-------+----------+

============================================================
+ Verbose Summary: Synthesis Manager
============================================================
InlineROM: 1
ExposeGlobal: 0
============================================================
+ Verbose Summary: CDFG Model
============================================================
IsTopModel: 0
ResetActiveHigh: 1
IsCombinational: 0
IsDatapathOnly: 0
HasWiredReturn: 1
HasMFsm: 0
HasVarLatency: 1
IsPipeline: 0
IsRtlPipelined: 0
IsInstanceOverlapped: 0
IsDontTouch: 0
HasImplIP: 0
IsGatedGlobalClock: 0


============================================================
+ Verbose Summary: Schedule
============================================================
* Number of FSM states : 23
* Pipeline : 0
* Dataflow Pipeline: 0

* FSM state transitions: 
1 --> 2 
2 --> 3 
3 --> 4 
4 --> 5 
5 --> 6 
6 --> 7 
7 --> 8 
8 --> 9 
9 --> 10 
10 --> 11 
11 --> 12 
12 --> 13 
13 --> 14 
14 --> 15 
15 --> 16 
16 --> 17 
17 --> 23 18 
18 --> 19 17 
19 --> 20 18 
20 --> 21 
21 --> 22 
22 --> 19 
23 --> 

* FSM state operations: 

State 1 <SV = 0> <Delay = 4.18>
ST_1 : Operation 24 [1/1] (0.00ns)   --->   "%t = alloca i32 1" [/home/master25/mae26/s.kim/RP/QAOA-TSP-supaero-mae-reasearch/qaoa.cpp:127]   --->   Operation 24 'alloca' 't' <Predicate = true> <Delay = 0.00>
ST_1 : Operation 25 [1/1] (0.00ns)   --->   "%beta_read = read i32 @_ssdm_op_Read.ap_auto.i32, i32 %beta"   --->   Operation 25 'read' 'beta_read' <Predicate = true> <Delay = 0.00>
ST_1 : Operation 26 [1/1] (0.00ns)   --->   "%p_loc160 = alloca i64 1"   --->   Operation 26 'alloca' 'p_loc160' <Predicate = true> <Delay = 0.00>
ST_1 : Operation 27 [1/1] (0.00ns)   --->   "%p_loc = alloca i64 1"   --->   Operation 27 'alloca' 'p_loc' <Predicate = true> <Delay = 0.00>
ST_1 : Operation 28 [1/1] (0.00ns)   --->   "%bufA_re = alloca i64 1" [/home/master25/mae26/s.kim/RP/QAOA-TSP-supaero-mae-reasearch/qaoa.cpp:111]   --->   Operation 28 'alloca' 'bufA_re' <Predicate = true> <Delay = 0.00> <CoreInst = "RAM_2P_BRAM">   --->   Core 90 'RAM_2P_BRAM' <Latency = 1> <II = 1> <Delay = 3.25> <Storage> <Opcode : 'load' 'store'> <Ports = 2> <Width = 32> <Depth = 512> <RAM>
ST_1 : Operation 29 [1/1] (0.00ns)   --->   "%bufA_im = alloca i64 1" [/home/master25/mae26/s.kim/RP/QAOA-TSP-supaero-mae-reasearch/qaoa.cpp:111]   --->   Operation 29 'alloca' 'bufA_im' <Predicate = true> <Delay = 0.00> <CoreInst = "RAM_2P_BRAM">   --->   Core 90 'RAM_2P_BRAM' <Latency = 1> <II = 1> <Delay = 3.25> <Storage> <Opcode : 'load' 'store'> <Ports = 2> <Width = 32> <Depth = 512> <RAM>
ST_1 : Operation 30 [1/1] (0.00ns)   --->   "%bufB_re = alloca i64 1" [/home/master25/mae26/s.kim/RP/QAOA-TSP-supaero-mae-reasearch/qaoa.cpp:112]   --->   Operation 30 'alloca' 'bufB_re' <Predicate = true> <Delay = 0.00> <CoreInst = "RAM_2P_BRAM">   --->   Core 90 'RAM_2P_BRAM' <Latency = 1> <II = 1> <Delay = 3.25> <Storage> <Opcode : 'load' 'store'> <Ports = 2> <Width = 32> <Depth = 512> <RAM>
ST_1 : Operation 31 [1/1] (0.00ns)   --->   "%bufB_im = alloca i64 1" [/home/master25/mae26/s.kim/RP/QAOA-TSP-supaero-mae-reasearch/qaoa.cpp:112]   --->   Operation 31 'alloca' 'bufB_im' <Predicate = true> <Delay = 0.00> <CoreInst = "RAM_2P_BRAM">   --->   Core 90 'RAM_2P_BRAM' <Latency = 1> <II = 1> <Delay = 3.25> <Storage> <Opcode : 'load' 'store'> <Ports = 2> <Width = 32> <Depth = 512> <RAM>
ST_1 : Operation 32 [1/1] (0.00ns)   --->   "%x_1 = bitconcatenate i53 @_ssdm_op_BitConcatenate.i53.i32.i21, i32 %beta_read, i21 0" [/home/master25/mae26/s.kim/RP/QAOA-TSP-supaero-mae-reasearch/qaoa.cpp:102]   --->   Operation 32 'bitconcatenate' 'x_1' <Predicate = true> <Delay = 0.00>
ST_1 : Operation 33 [1/1] (2.55ns)   --->   "%sign0 = icmp_sgt  i32 %beta_read, i32 0" [/usr/local/Xilinx/Vitis/2024.2/common/technology/autopilot/etc/hls_cordic_apfixed.h:204->/usr/local/Xilinx/Vitis/2024.2/common/technology/autopilot/hls_math.h:1944->/home/master25/mae26/s.kim/RP/QAOA-TSP-supaero-mae-reasearch/qaoa.cpp:102]   --->   Operation 33 'icmp' 'sign0' <Predicate = true> <Delay = 2.55> <CoreInst = "Cmp">   --->   Core 9 'Cmp' <Latency = 0> <II = 1> <Delay = 2.55> <FuncUnit> <Opcode : 'seteq' 'setne' 'setle' 'setge' 'setlt' 'setgt'> <InPorts = 2> <OutPorts = 1>
ST_1 : Operation 34 [1/1] (3.23ns)   --->   "%sub_ln211 = sub i53 0, i53 %x_1" [/usr/local/Xilinx/Vitis/2024.2/common/technology/autopilot/etc/hls_cordic_apfixed.h:211->/usr/local/Xilinx/Vitis/2024.2/common/technology/autopilot/hls_math.h:1944->/home/master25/mae26/s.kim/RP/QAOA-TSP-supaero-mae-reasearch/qaoa.cpp:102]   --->   Operation 34 'sub' 'sub_ln211' <Predicate = true> <Delay = 3.23> <CoreInst = "Adder">   --->   Core 1 'Adder' <Latency = 0> <II = 1> <Delay = 3.23> <FuncUnit> <Opcode : 'add' 'sub'> <InPorts = 2> <OutPorts = 1>
ST_1 : Operation 35 [1/1] (0.95ns)   --->   "%inabs = select i1 %sign0, i53 %x_1, i53 %sub_ln211" [/usr/local/Xilinx/Vitis/2024.2/common/technology/autopilot/etc/hls_cordic_apfixed.h:38->/usr/local/Xilinx/Vitis/2024.2/common/technology/autopilot/etc/hls_cordic_apfixed.h:217->/usr/local/Xilinx/Vitis/2024.2/common/technology/autopilot/hls_math.h:1944->/home/master25/mae26/s.kim/RP/QAOA-TSP-supaero-mae-reasearch/qaoa.cpp:102]   --->   Operation 35 'select' 'inabs' <Predicate = true> <Delay = 0.95> <CoreInst = "Sel">   --->   Core 73 'Sel' <Latency = 0> <II = 1> <Delay = 0.95> <FuncUnit> <Opcode : 'select'> <InPorts = 3> <OutPorts = 1>
ST_1 : Operation 36 [1/1] (0.00ns)   --->   "%trunc_ln42 = trunc i53 %inabs" [/usr/local/Xilinx/Vitis/2024.2/common/technology/autopilot/etc/hls_cordic_apfixed.h:42->/usr/local/Xilinx/Vitis/2024.2/common/technology/autopilot/etc/hls_cordic_apfixed.h:217->/usr/local/Xilinx/Vitis/2024.2/common/technology/autopilot/hls_math.h:1944->/home/master25/mae26/s.kim/RP/QAOA-TSP-supaero-mae-reasearch/qaoa.cpp:102]   --->   Operation 36 'trunc' 'trunc_ln42' <Predicate = true> <Delay = 0.00>
ST_1 : Operation 37 [1/1] (1.58ns)   --->   "%store_ln127 = store i2 0, i2 %t" [/home/master25/mae26/s.kim/RP/QAOA-TSP-supaero-mae-reasearch/qaoa.cpp:127]   --->   Operation 37 'store' 'store_ln127' <Predicate = true> <Delay = 1.58>

State 2 <SV = 1> <Delay = 6.97>
ST_2 : Operation 38 [1/1] (0.00ns)   --->   "%zext_ln38 = zext i53 %inabs" [/usr/local/Xilinx/Vitis/2024.2/common/technology/autopilot/etc/hls_cordic_apfixed.h:38->/usr/local/Xilinx/Vitis/2024.2/common/technology/autopilot/etc/hls_cordic_apfixed.h:217->/usr/local/Xilinx/Vitis/2024.2/common/technology/autopilot/hls_math.h:1944->/home/master25/mae26/s.kim/RP/QAOA-TSP-supaero-mae-reasearch/qaoa.cpp:102]   --->   Operation 38 'zext' 'zext_ln38' <Predicate = true> <Delay = 0.00>
ST_2 : Operation 39 [5/5] (6.97ns)   --->   "%mul_ln38 = mul i141 %zext_ln38, i141 394048553007286535560068608" [/usr/local/Xilinx/Vitis/2024.2/common/technology/autopilot/etc/hls_cordic_apfixed.h:38->/usr/local/Xilinx/Vitis/2024.2/common/technology/autopilot/etc/hls_cordic_apfixed.h:217->/usr/local/Xilinx/Vitis/2024.2/common/technology/autopilot/hls_math.h:1944->/home/master25/mae26/s.kim/RP/QAOA-TSP-supaero-mae-reasearch/qaoa.cpp:102]   --->   Operation 39 'mul' 'mul_ln38' <Predicate = true> <Delay = 6.97> <CoreInst = "Multiplier">   --->   Core 3 'Multiplier' <Latency = 4> <II = 1> <Delay = 6.97> <FuncUnit> <Opcode : 'mul'> <InPorts = 2> <OutPorts = 1>

State 3 <SV = 2> <Delay = 6.97>
ST_3 : Operation 40 [4/5] (6.97ns)   --->   "%mul_ln38 = mul i141 %zext_ln38, i141 394048553007286535560068608" [/usr/local/Xilinx/Vitis/2024.2/common/technology/autopilot/etc/hls_cordic_apfixed.h:38->/usr/local/Xilinx/Vitis/2024.2/common/technology/autopilot/etc/hls_cordic_apfixed.h:217->/usr/local/Xilinx/Vitis/2024.2/common/technology/autopilot/hls_math.h:1944->/home/master25/mae26/s.kim/RP/QAOA-TSP-supaero-mae-reasearch/qaoa.cpp:102]   --->   Operation 40 'mul' 'mul_ln38' <Predicate = true> <Delay = 6.97> <CoreInst = "Multiplier">   --->   Core 3 'Multiplier' <Latency = 4> <II = 1> <Delay = 6.97> <FuncUnit> <Opcode : 'mul'> <InPorts = 2> <OutPorts = 1>

State 4 <SV = 3> <Delay = 6.97>
ST_4 : Operation 41 [3/5] (6.97ns)   --->   "%mul_ln38 = mul i141 %zext_ln38, i141 394048553007286535560068608" [/usr/local/Xilinx/Vitis/2024.2/common/technology/autopilot/etc/hls_cordic_apfixed.h:38->/usr/local/Xilinx/Vitis/2024.2/common/technology/autopilot/etc/hls_cordic_apfixed.h:217->/usr/local/Xilinx/Vitis/2024.2/common/technology/autopilot/hls_math.h:1944->/home/master25/mae26/s.kim/RP/QAOA-TSP-supaero-mae-reasearch/qaoa.cpp:102]   --->   Operation 41 'mul' 'mul_ln38' <Predicate = true> <Delay = 6.97> <CoreInst = "Multiplier">   --->   Core 3 'Multiplier' <Latency = 4> <II = 1> <Delay = 6.97> <FuncUnit> <Opcode : 'mul'> <InPorts = 2> <OutPorts = 1>

State 5 <SV = 4> <Delay = 6.97>
ST_5 : Operation 42 [2/5] (6.97ns)   --->   "%mul_ln38 = mul i141 %zext_ln38, i141 394048553007286535560068608" [/usr/local/Xilinx/Vitis/2024.2/common/technology/autopilot/etc/hls_cordic_apfixed.h:38->/usr/local/Xilinx/Vitis/2024.2/common/technology/autopilot/etc/hls_cordic_apfixed.h:217->/usr/local/Xilinx/Vitis/2024.2/common/technology/autopilot/hls_math.h:1944->/home/master25/mae26/s.kim/RP/QAOA-TSP-supaero-mae-reasearch/qaoa.cpp:102]   --->   Operation 42 'mul' 'mul_ln38' <Predicate = true> <Delay = 6.97> <CoreInst = "Multiplier">   --->   Core 3 'Multiplier' <Latency = 4> <II = 1> <Delay = 6.97> <FuncUnit> <Opcode : 'mul'> <InPorts = 2> <OutPorts = 1>

State 6 <SV = 5> <Delay = 6.97>
ST_6 : Operation 43 [1/5] (6.97ns)   --->   "%mul_ln38 = mul i141 %zext_ln38, i141 394048553007286535560068608" [/usr/local/Xilinx/Vitis/2024.2/common/technology/autopilot/etc/hls_cordic_apfixed.h:38->/usr/local/Xilinx/Vitis/2024.2/common/technology/autopilot/etc/hls_cordic_apfixed.h:217->/usr/local/Xilinx/Vitis/2024.2/common/technology/autopilot/hls_math.h:1944->/home/master25/mae26/s.kim/RP/QAOA-TSP-supaero-mae-reasearch/qaoa.cpp:102]   --->   Operation 43 'mul' 'mul_ln38' <Predicate = true> <Delay = 6.97> <CoreInst = "Multiplier">   --->   Core 3 'Multiplier' <Latency = 4> <II = 1> <Delay = 6.97> <FuncUnit> <Opcode : 'mul'> <InPorts = 2> <OutPorts = 1>
ST_6 : Operation 44 [1/1] (0.00ns)   --->   "%tmp = partselect i12 @_ssdm_op_PartSelect.i12.i141.i32.i32, i141 %mul_ln38, i32 129, i32 140" [/usr/local/Xilinx/Vitis/2024.2/common/technology/autopilot/etc/hls_cordic_apfixed.h:39->/usr/local/Xilinx/Vitis/2024.2/common/technology/autopilot/etc/hls_cordic_apfixed.h:217->/usr/local/Xilinx/Vitis/2024.2/common/technology/autopilot/hls_math.h:1944->/home/master25/mae26/s.kim/RP/QAOA-TSP-supaero-mae-reasearch/qaoa.cpp:102]   --->   Operation 44 'partselect' 'tmp' <Predicate = true> <Delay = 0.00>
ST_6 : Operation 45 [1/1] (0.00ns)   --->   "%k_3 = partselect i2 @_ssdm_op_PartSelect.i2.i141.i32.i32, i141 %mul_ln38, i32 129, i32 130" [/usr/local/Xilinx/Vitis/2024.2/common/technology/autopilot/etc/hls_cordic_apfixed.h:41->/usr/local/Xilinx/Vitis/2024.2/common/technology/autopilot/etc/hls_cordic_apfixed.h:217->/usr/local/Xilinx/Vitis/2024.2/common/technology/autopilot/hls_math.h:1944->/home/master25/mae26/s.kim/RP/QAOA-TSP-supaero-mae-reasearch/qaoa.cpp:102]   --->   Operation 45 'partselect' 'k_3' <Predicate = true> <Delay = 0.00>

State 7 <SV = 6> <Delay = 6.97>
ST_7 : Operation 46 [1/1] (0.00ns)   --->   "%zext_ln42 = zext i12 %tmp" [/usr/local/Xilinx/Vitis/2024.2/common/technology/autopilot/etc/hls_cordic_apfixed.h:42->/usr/local/Xilinx/Vitis/2024.2/common/technology/autopilot/etc/hls_cordic_apfixed.h:217->/usr/local/Xilinx/Vitis/2024.2/common/technology/autopilot/hls_math.h:1944->/home/master25/mae26/s.kim/RP/QAOA-TSP-supaero-mae-reasearch/qaoa.cpp:102]   --->   Operation 46 'zext' 'zext_ln42' <Predicate = true> <Delay = 0.00>
ST_7 : Operation 47 [5/5] (6.97ns)   --->   "%mul_ln42 = mul i66 %zext_ln42, i66 15834820630221223725" [/usr/local/Xilinx/Vitis/2024.2/common/technology/autopilot/etc/hls_cordic_apfixed.h:42->/usr/local/Xilinx/Vitis/2024.2/common/technology/autopilot/etc/hls_cordic_apfixed.h:217->/usr/local/Xilinx/Vitis/2024.2/common/technology/autopilot/hls_math.h:1944->/home/master25/mae26/s.kim/RP/QAOA-TSP-supaero-mae-reasearch/qaoa.cpp:102]   --->   Operation 47 'mul' 'mul_ln42' <Predicate = true> <Delay = 6.97> <CoreInst = "Multiplier">   --->   Core 3 'Multiplier' <Latency = 4> <II = 1> <Delay = 6.97> <FuncUnit> <Opcode : 'mul'> <InPorts = 2> <OutPorts = 1>

State 8 <SV = 7> <Delay = 6.97>
ST_8 : Operation 48 [4/5] (6.97ns)   --->   "%mul_ln42 = mul i66 %zext_ln42, i66 15834820630221223725" [/usr/local/Xilinx/Vitis/2024.2/common/technology/autopilot/etc/hls_cordic_apfixed.h:42->/usr/local/Xilinx/Vitis/2024.2/common/technology/autopilot/etc/hls_cordic_apfixed.h:217->/usr/local/Xilinx/Vitis/2024.2/common/technology/autopilot/hls_math.h:1944->/home/master25/mae26/s.kim/RP/QAOA-TSP-supaero-mae-reasearch/qaoa.cpp:102]   --->   Operation 48 'mul' 'mul_ln42' <Predicate = true> <Delay = 6.97> <CoreInst = "Multiplier">   --->   Core 3 'Multiplier' <Latency = 4> <II = 1> <Delay = 6.97> <FuncUnit> <Opcode : 'mul'> <InPorts = 2> <OutPorts = 1>

State 9 <SV = 8> <Delay = 6.97>
ST_9 : Operation 49 [3/5] (6.97ns)   --->   "%mul_ln42 = mul i66 %zext_ln42, i66 15834820630221223725" [/usr/local/Xilinx/Vitis/2024.2/common/technology/autopilot/etc/hls_cordic_apfixed.h:42->/usr/local/Xilinx/Vitis/2024.2/common/technology/autopilot/etc/hls_cordic_apfixed.h:217->/usr/local/Xilinx/Vitis/2024.2/common/technology/autopilot/hls_math.h:1944->/home/master25/mae26/s.kim/RP/QAOA-TSP-supaero-mae-reasearch/qaoa.cpp:102]   --->   Operation 49 'mul' 'mul_ln42' <Predicate = true> <Delay = 6.97> <CoreInst = "Multiplier">   --->   Core 3 'Multiplier' <Latency = 4> <II = 1> <Delay = 6.97> <FuncUnit> <Opcode : 'mul'> <InPorts = 2> <OutPorts = 1>

State 10 <SV = 9> <Delay = 6.97>
ST_10 : Operation 50 [2/5] (6.97ns)   --->   "%mul_ln42 = mul i66 %zext_ln42, i66 15834820630221223725" [/usr/local/Xilinx/Vitis/2024.2/common/technology/autopilot/etc/hls_cordic_apfixed.h:42->/usr/local/Xilinx/Vitis/2024.2/common/technology/autopilot/etc/hls_cordic_apfixed.h:217->/usr/local/Xilinx/Vitis/2024.2/common/technology/autopilot/hls_math.h:1944->/home/master25/mae26/s.kim/RP/QAOA-TSP-supaero-mae-reasearch/qaoa.cpp:102]   --->   Operation 50 'mul' 'mul_ln42' <Predicate = true> <Delay = 6.97> <CoreInst = "Multiplier">   --->   Core 3 'Multiplier' <Latency = 4> <II = 1> <Delay = 6.97> <FuncUnit> <Opcode : 'mul'> <InPorts = 2> <OutPorts = 1>

State 11 <SV = 10> <Delay = 6.97>
ST_11 : Operation 51 [1/5] (6.97ns)   --->   "%mul_ln42 = mul i66 %zext_ln42, i66 15834820630221223725" [/usr/local/Xilinx/Vitis/2024.2/common/technology/autopilot/etc/hls_cordic_apfixed.h:42->/usr/local/Xilinx/Vitis/2024.2/common/technology/autopilot/etc/hls_cordic_apfixed.h:217->/usr/local/Xilinx/Vitis/2024.2/common/technology/autopilot/hls_math.h:1944->/home/master25/mae26/s.kim/RP/QAOA-TSP-supaero-mae-reasearch/qaoa.cpp:102]   --->   Operation 51 'mul' 'mul_ln42' <Predicate = true> <Delay = 6.97> <CoreInst = "Multiplier">   --->   Core 3 'Multiplier' <Latency = 4> <II = 1> <Delay = 6.97> <FuncUnit> <Opcode : 'mul'> <InPorts = 2> <OutPorts = 1>

State 12 <SV = 11> <Delay = 3.57>
ST_12 : Operation 52 [1/1] (0.00ns)   --->   "%shl_ln = bitconcatenate i66 @_ssdm_op_BitConcatenate.i66.i41.i25, i41 %trunc_ln42, i25 0" [/usr/local/Xilinx/Vitis/2024.2/common/technology/autopilot/etc/hls_cordic_apfixed.h:42->/usr/local/Xilinx/Vitis/2024.2/common/technology/autopilot/etc/hls_cordic_apfixed.h:217->/usr/local/Xilinx/Vitis/2024.2/common/technology/autopilot/hls_math.h:1944->/home/master25/mae26/s.kim/RP/QAOA-TSP-supaero-mae-reasearch/qaoa.cpp:102]   --->   Operation 52 'bitconcatenate' 'shl_ln' <Predicate = true> <Delay = 0.00>
ST_12 : Operation 53 [1/1] (3.57ns)   --->   "%add_ln42 = add i66 %shl_ln, i66 %mul_ln42" [/usr/local/Xilinx/Vitis/2024.2/common/technology/autopilot/etc/hls_cordic_apfixed.h:42->/usr/local/Xilinx/Vitis/2024.2/common/technology/autopilot/etc/hls_cordic_apfixed.h:217->/usr/local/Xilinx/Vitis/2024.2/common/technology/autopilot/hls_math.h:1944->/home/master25/mae26/s.kim/RP/QAOA-TSP-supaero-mae-reasearch/qaoa.cpp:102]   --->   Operation 53 'add' 'add_ln42' <Predicate = true> <Delay = 3.57> <CoreInst = "Adder">   --->   Core 1 'Adder' <Latency = 0> <II = 1> <Delay = 3.57> <FuncUnit> <Opcode : 'add' 'sub'> <InPorts = 2> <OutPorts = 1>
ST_12 : Operation 54 [1/1] (0.00ns)   --->   "%r = partselect i65 @_ssdm_op_PartSelect.i65.i66.i32.i32, i66 %add_ln42, i32 1, i32 65" [/usr/local/Xilinx/Vitis/2024.2/common/technology/autopilot/etc/hls_cordic_apfixed.h:42->/usr/local/Xilinx/Vitis/2024.2/common/technology/autopilot/etc/hls_cordic_apfixed.h:217->/usr/local/Xilinx/Vitis/2024.2/common/technology/autopilot/hls_math.h:1944->/home/master25/mae26/s.kim/RP/QAOA-TSP-supaero-mae-reasearch/qaoa.cpp:102]   --->   Operation 54 'partselect' 'r' <Predicate = true> <Delay = 0.00>

State 13 <SV = 12> <Delay = 6.61>
ST_13 : Operation 55 [1/1] (0.00ns)   --->   "%zext_ln42_1 = zext i65 %r" [/usr/local/Xilinx/Vitis/2024.2/common/technology/autopilot/etc/hls_cordic_apfixed.h:42->/usr/local/Xilinx/Vitis/2024.2/common/technology/autopilot/etc/hls_cordic_apfixed.h:217->/usr/local/Xilinx/Vitis/2024.2/common/technology/autopilot/hls_math.h:1944->/home/master25/mae26/s.kim/RP/QAOA-TSP-supaero-mae-reasearch/qaoa.cpp:102]   --->   Operation 55 'zext' 'zext_ln42_1' <Predicate = true> <Delay = 0.00>
ST_13 : Operation 56 [1/1] (3.57ns)   --->   "%sub_ln228 = sub i66 28976077832308491360, i66 %zext_ln42_1" [/usr/local/Xilinx/Vitis/2024.2/common/technology/autopilot/etc/hls_cordic_apfixed.h:228->/usr/local/Xilinx/Vitis/2024.2/common/technology/autopilot/hls_math.h:1944->/home/master25/mae26/s.kim/RP/QAOA-TSP-supaero-mae-reasearch/qaoa.cpp:102]   --->   Operation 56 'sub' 'sub_ln228' <Predicate = true> <Delay = 3.57> <CoreInst = "Adder">   --->   Core 1 'Adder' <Latency = 0> <II = 1> <Delay = 3.57> <FuncUnit> <Opcode : 'add' 'sub'> <InPorts = 2> <OutPorts = 1>
ST_13 : Operation 57 [1/1] (1.56ns)   --->   "%icmp_ln225 = icmp_eq  i2 %k_3, i2 3" [/usr/local/Xilinx/Vitis/2024.2/common/technology/autopilot/etc/hls_cordic_apfixed.h:225->/usr/local/Xilinx/Vitis/2024.2/common/technology/autopilot/hls_math.h:1944->/home/master25/mae26/s.kim/RP/QAOA-TSP-supaero-mae-reasearch/qaoa.cpp:102]   --->   Operation 57 'icmp' 'icmp_ln225' <Predicate = true> <Delay = 1.56> <CoreInst = "Cmp">   --->   Core 9 'Cmp' <Latency = 0> <II = 1> <Delay = 1.56> <FuncUnit> <Opcode : 'seteq' 'setne' 'setle' 'setge' 'setlt' 'setgt'> <InPorts = 2> <OutPorts = 1>
ST_13 : Operation 58 [1/1] (1.56ns)   --->   "%icmp_ln225_1 = icmp_eq  i2 %k_3, i2 1" [/usr/local/Xilinx/Vitis/2024.2/common/technology/autopilot/etc/hls_cordic_apfixed.h:225->/usr/local/Xilinx/Vitis/2024.2/common/technology/autopilot/hls_math.h:1944->/home/master25/mae26/s.kim/RP/QAOA-TSP-supaero-mae-reasearch/qaoa.cpp:102]   --->   Operation 58 'icmp' 'icmp_ln225_1' <Predicate = true> <Delay = 1.56> <CoreInst = "Cmp">   --->   Core 9 'Cmp' <Latency = 0> <II = 1> <Delay = 1.56> <FuncUnit> <Opcode : 'seteq' 'setne' 'setle' 'setge' 'setlt' 'setgt'> <InPorts = 2> <OutPorts = 1>
ST_13 : Operation 59 [1/1] (0.00ns) (grouped into LUT with out node empty)   --->   "%or_ln225 = or i1 %icmp_ln225, i1 %icmp_ln225_1" [/usr/local/Xilinx/Vitis/2024.2/common/technology/autopilot/etc/hls_cordic_apfixed.h:225->/usr/local/Xilinx/Vitis/2024.2/common/technology/autopilot/hls_math.h:1944->/home/master25/mae26/s.kim/RP/QAOA-TSP-supaero-mae-reasearch/qaoa.cpp:102]   --->   Operation 59 'or' 'or_ln225' <Predicate = true> <Delay = 0.00> <CoreInst = "LogicGate">   --->   Core 74 'LogicGate' <Latency = 0> <II = 1> <Delay = 0.97> <FuncUnit> <Opcode : 'and' 'or' 'xor'> <InPorts = 2> <OutPorts = 1>
ST_13 : Operation 60 [1/1] (0.00ns) (grouped into LUT with out node empty)   --->   "%tmp_s = partselect i65 @_ssdm_op_PartSelect.i65.i66.i32.i32, i66 %sub_ln228, i32 1, i32 65" [/usr/local/Xilinx/Vitis/2024.2/common/technology/autopilot/etc/hls_cordic_apfixed.h:228->/usr/local/Xilinx/Vitis/2024.2/common/technology/autopilot/hls_math.h:1944->/home/master25/mae26/s.kim/RP/QAOA-TSP-supaero-mae-reasearch/qaoa.cpp:102]   --->   Operation 60 'partselect' 'tmp_s' <Predicate = true> <Delay = 0.00>
ST_13 : Operation 61 [1/1] (0.00ns) (grouped into LUT with out node empty)   --->   "%tmp_71 = partselect i64 @_ssdm_op_PartSelect.i64.i66.i32.i32, i66 %add_ln42, i32 2, i32 65" [/usr/local/Xilinx/Vitis/2024.2/common/technology/autopilot/etc/hls_cordic_apfixed.h:42->/usr/local/Xilinx/Vitis/2024.2/common/technology/autopilot/etc/hls_cordic_apfixed.h:217->/usr/local/Xilinx/Vitis/2024.2/common/technology/autopilot/hls_math.h:1944->/home/master25/mae26/s.kim/RP/QAOA-TSP-supaero-mae-reasearch/qaoa.cpp:102]   --->   Operation 61 'partselect' 'tmp_71' <Predicate = true> <Delay = 0.00>
ST_13 : Operation 62 [1/1] (0.00ns) (grouped into LUT with out node empty)   --->   "%tmp_81_cast = zext i64 %tmp_71" [/usr/local/Xilinx/Vitis/2024.2/common/technology/autopilot/etc/hls_cordic_apfixed.h:42->/usr/local/Xilinx/Vitis/2024.2/common/technology/autopilot/etc/hls_cordic_apfixed.h:217->/usr/local/Xilinx/Vitis/2024.2/common/technology/autopilot/hls_math.h:1944->/home/master25/mae26/s.kim/RP/QAOA-TSP-supaero-mae-reasearch/qaoa.cpp:102]   --->   Operation 62 'zext' 'tmp_81_cast' <Predicate = true> <Delay = 0.00>
ST_13 : Operation 63 [1/1] (1.45ns) (out node of the LUT)   --->   "%empty = select i1 %or_ln225, i65 %tmp_s, i65 %tmp_81_cast" [/usr/local/Xilinx/Vitis/2024.2/common/technology/autopilot/etc/hls_cordic_apfixed.h:225->/usr/local/Xilinx/Vitis/2024.2/common/technology/autopilot/hls_math.h:1944->/home/master25/mae26/s.kim/RP/QAOA-TSP-supaero-mae-reasearch/qaoa.cpp:102]   --->   Operation 63 'select' 'empty' <Predicate = true> <Delay = 1.45> <CoreInst = "Sel">   --->   Core 73 'Sel' <Latency = 0> <II = 1> <Delay = 1.45> <FuncUnit> <Opcode : 'select'> <InPorts = 3> <OutPorts = 1>
ST_13 : Operation 64 [2/2] (1.58ns)   --->   "%call_ln225 = call void @applyMixer_hls<3>_Pipeline_VITIS_LOOP_61_1, i65 %empty, i65 %p_loc, i65 %p_loc160, i126 %circ_table_arctan_1289" [/usr/local/Xilinx/Vitis/2024.2/common/technology/autopilot/etc/hls_cordic_apfixed.h:225->/usr/local/Xilinx/Vitis/2024.2/common/technology/autopilot/hls_math.h:1944->/home/master25/mae26/s.kim/RP/QAOA-TSP-supaero-mae-reasearch/qaoa.cpp:102]   --->   Operation 64 'call' 'call_ln225' <Predicate = true> <Delay = 1.58> <CoreType = "Generic">   --->   Generic Core
ST_13 : Operation 65 [2/2] (0.00ns)   --->   "%call_ln0 = call void @applyMixer_hls<3>_Pipeline_2, i32 %bufA_re, i32 %bufA_im"   --->   Operation 65 'call' 'call_ln0' <Predicate = true> <Delay = 0.00> <CoreType = "Generic">   --->   Generic Core
ST_13 : Operation 66 [2/2] (0.00ns)   --->   "%call_ln0 = call void @applyMixer_hls<3>_Pipeline_3, i32 %bufB_re, i32 %bufB_im"   --->   Operation 66 'call' 'call_ln0' <Predicate = true> <Delay = 0.00> <CoreType = "Generic">   --->   Generic Core

State 14 <SV = 13> <Delay = 4.99>
ST_14 : Operation 67 [1/2] (3.45ns)   --->   "%call_ln225 = call void @applyMixer_hls<3>_Pipeline_VITIS_LOOP_61_1, i65 %empty, i65 %p_loc, i65 %p_loc160, i126 %circ_table_arctan_1289" [/usr/local/Xilinx/Vitis/2024.2/common/technology/autopilot/etc/hls_cordic_apfixed.h:225->/usr/local/Xilinx/Vitis/2024.2/common/technology/autopilot/hls_math.h:1944->/home/master25/mae26/s.kim/RP/QAOA-TSP-supaero-mae-reasearch/qaoa.cpp:102]   --->   Operation 67 'call' 'call_ln225' <Predicate = true> <Delay = 3.45> <CoreType = "Generic">   --->   Generic Core
ST_14 : Operation 68 [1/2] (4.99ns)   --->   "%call_ln0 = call void @applyMixer_hls<3>_Pipeline_2, i32 %bufA_re, i32 %bufA_im"   --->   Operation 68 'call' 'call_ln0' <Predicate = true> <Delay = 4.99> <CoreType = "Generic">   --->   Generic Core
ST_14 : Operation 69 [1/2] (4.99ns)   --->   "%call_ln0 = call void @applyMixer_hls<3>_Pipeline_3, i32 %bufB_re, i32 %bufB_im"   --->   Operation 69 'call' 'call_ln0' <Predicate = true> <Delay = 4.99> <CoreType = "Generic">   --->   Generic Core

State 15 <SV = 14> <Delay = 5.13>
ST_15 : Operation 70 [1/1] (0.00ns)   --->   "%p_loc_load = load i65 %p_loc" [/usr/local/Xilinx/Vitis/2024.2/common/technology/autopilot/etc/hls_cordic_apfixed.h:61->/usr/local/Xilinx/Vitis/2024.2/common/technology/autopilot/etc/hls_cordic_apfixed.h:240->/usr/local/Xilinx/Vitis/2024.2/common/technology/autopilot/hls_math.h:1944->/home/master25/mae26/s.kim/RP/QAOA-TSP-supaero-mae-reasearch/qaoa.cpp:102]   --->   Operation 70 'load' 'p_loc_load' <Predicate = true> <Delay = 0.00>
ST_15 : Operation 71 [1/1] (3.54ns)   --->   "%sub_ln261 = sub i65 0, i65 %p_loc_load" [/usr/local/Xilinx/Vitis/2024.2/common/technology/autopilot/etc/hls_cordic_apfixed.h:261->/usr/local/Xilinx/Vitis/2024.2/common/technology/autopilot/hls_math.h:1944->/home/master25/mae26/s.kim/RP/QAOA-TSP-supaero-mae-reasearch/qaoa.cpp:102]   --->   Operation 71 'sub' 'sub_ln261' <Predicate = true> <Delay = 3.54> <CoreInst = "Adder">   --->   Core 1 'Adder' <Latency = 0> <II = 1> <Delay = 3.54> <FuncUnit> <Opcode : 'add' 'sub'> <InPorts = 2> <OutPorts = 1>
ST_15 : Operation 72 [1/1] (1.56ns)   --->   "%icmp_ln248 = icmp_eq  i2 %k_3, i2 2" [/usr/local/Xilinx/Vitis/2024.2/common/technology/autopilot/etc/hls_cordic_apfixed.h:248->/usr/local/Xilinx/Vitis/2024.2/common/technology/autopilot/hls_math.h:1944->/home/master25/mae26/s.kim/RP/QAOA-TSP-supaero-mae-reasearch/qaoa.cpp:102]   --->   Operation 72 'icmp' 'icmp_ln248' <Predicate = true> <Delay = 1.56> <CoreInst = "Cmp">   --->   Core 9 'Cmp' <Latency = 0> <II = 1> <Delay = 1.56> <FuncUnit> <Opcode : 'seteq' 'setne' 'setle' 'setge' 'setlt' 'setgt'> <InPorts = 2> <OutPorts = 1>
ST_15 : Operation 73 [1/1] (1.56ns)   --->   "%icmp_ln248_1 = icmp_eq  i2 %k_3, i2 0" [/usr/local/Xilinx/Vitis/2024.2/common/technology/autopilot/etc/hls_cordic_apfixed.h:248->/usr/local/Xilinx/Vitis/2024.2/common/technology/autopilot/hls_math.h:1944->/home/master25/mae26/s.kim/RP/QAOA-TSP-supaero-mae-reasearch/qaoa.cpp:102]   --->   Operation 73 'icmp' 'icmp_ln248_1' <Predicate = true> <Delay = 1.56> <CoreInst = "Cmp">   --->   Core 9 'Cmp' <Latency = 0> <II = 1> <Delay = 1.56> <FuncUnit> <Opcode : 'seteq' 'setne' 'setle' 'setge' 'setlt' 'setgt'> <InPorts = 2> <OutPorts = 1>
ST_15 : Operation 74 [1/1] (0.97ns)   --->   "%or_ln248 = or i1 %icmp_ln248_1, i1 %icmp_ln225_1" [/usr/local/Xilinx/Vitis/2024.2/common/technology/autopilot/etc/hls_cordic_apfixed.h:248->/usr/local/Xilinx/Vitis/2024.2/common/technology/autopilot/hls_math.h:1944->/home/master25/mae26/s.kim/RP/QAOA-TSP-supaero-mae-reasearch/qaoa.cpp:102]   --->   Operation 74 'or' 'or_ln248' <Predicate = true> <Delay = 0.97> <CoreInst = "LogicGate">   --->   Core 74 'LogicGate' <Latency = 0> <II = 1> <Delay = 0.97> <FuncUnit> <Opcode : 'and' 'or' 'xor'> <InPorts = 2> <OutPorts = 1>
ST_15 : Operation 75 [1/1] (0.00ns)   --->   "%sel_tmp8_i = bitconcatenate i2 @_ssdm_op_BitConcatenate.i2.i1.i1, i1 %icmp_ln248, i1 %or_ln248" [/usr/local/Xilinx/Vitis/2024.2/common/technology/autopilot/etc/hls_cordic_apfixed.h:248->/usr/local/Xilinx/Vitis/2024.2/common/technology/autopilot/hls_math.h:1944->/home/master25/mae26/s.kim/RP/QAOA-TSP-supaero-mae-reasearch/qaoa.cpp:102]   --->   Operation 75 'bitconcatenate' 'sel_tmp8_i' <Predicate = true> <Delay = 0.00>
ST_15 : Operation 76 [1/1] (1.58ns)   --->   "%outsin_0_in_in_i = sparsemux i65 @_ssdm_op_SparseMux.ap_auto.3i65.i65.i2, i2 2, i65 %sub_ln261, i2 1, i65 %p_loc_load, i2 0, i65 %sub_ln261, i65 0, i2 %sel_tmp8_i" [/usr/local/Xilinx/Vitis/2024.2/common/technology/autopilot/etc/hls_cordic_apfixed.h:261->/usr/local/Xilinx/Vitis/2024.2/common/technology/autopilot/hls_math.h:1944->/home/master25/mae26/s.kim/RP/QAOA-TSP-supaero-mae-reasearch/qaoa.cpp:102]   --->   Operation 76 'sparsemux' 'outsin_0_in_in_i' <Predicate = true> <Delay = 1.58> <CoreInst = "OneHotSparseMux_HasDef">   --->   Core 140 'OneHotSparseMux_HasDef' <Latency = 0> <II = 1> <Delay = 1.58> <FuncUnit> <Opcode : 'sparsemux'> <InPorts = 2> <OutPorts = 1>
ST_15 : Operation 77 [1/1] (0.00ns)   --->   "%trunc_ln1 = partselect i42 @_ssdm_op_PartSelect.i42.i65.i32.i32, i65 %outsin_0_in_in_i, i32 23, i32 64" [/usr/local/Xilinx/Vitis/2024.2/common/technology/autopilot/etc/hls_cordic_apfixed.h:249->/usr/local/Xilinx/Vitis/2024.2/common/technology/autopilot/hls_math.h:1944->/home/master25/mae26/s.kim/RP/QAOA-TSP-supaero-mae-reasearch/qaoa.cpp:102]   --->   Operation 77 'partselect' 'trunc_ln1' <Predicate = (!sign0)> <Delay = 0.00>
ST_15 : Operation 78 [2/2] (0.00ns)   --->   "%call_ln0 = call void @applyMixer_hls<3>_Pipeline_VITIS_LOOP_116_1, i32 %state_re, i32 %state_im, i32 %bufA_re, i32 %bufA_im"   --->   Operation 78 'call' 'call_ln0' <Predicate = true> <Delay = 0.00> <CoreType = "Generic">   --->   Generic Core
ST_15 : Operation 79 [1/1] (0.00ns)   --->   "%tmp_100 = partselect i22 @_ssdm_op_PartSelect.i22.i65.i32.i32, i65 %outsin_0_in_in_i, i32 43, i32 64" [/home/master25/mae26/s.kim/RP/QAOA-TSP-supaero-mae-reasearch/qaoa.cpp:103]   --->   Operation 79 'partselect' 'tmp_100' <Predicate = (sign0)> <Delay = 0.00>

State 16 <SV = 15> <Delay = 5.13>
ST_16 : Operation 80 [1/1] (0.00ns)   --->   "%specmemcore_ln0 = specmemcore void @_ssdm_op_SpecMemCore, i32 %state_re, i64 666, i64 22, i64 18446744073709551615"   --->   Operation 80 'specmemcore' 'specmemcore_ln0' <Predicate = true> <Delay = 0.00>
ST_16 : Operation 81 [1/1] (0.00ns)   --->   "%specmemcore_ln0 = specmemcore void @_ssdm_op_SpecMemCore, i32 %state_im, i64 666, i64 22, i64 18446744073709551615"   --->   Operation 81 'specmemcore' 'specmemcore_ln0' <Predicate = true> <Delay = 0.00>
ST_16 : Operation 82 [1/1] (0.00ns)   --->   "%p_loc160_load = load i65 %p_loc160" [/usr/local/Xilinx/Vitis/2024.2/common/technology/autopilot/etc/hls_cordic_apfixed.h:61->/usr/local/Xilinx/Vitis/2024.2/common/technology/autopilot/etc/hls_cordic_apfixed.h:240->/usr/local/Xilinx/Vitis/2024.2/common/technology/autopilot/hls_math.h:1944->/home/master25/mae26/s.kim/RP/QAOA-TSP-supaero-mae-reasearch/qaoa.cpp:102]   --->   Operation 82 'load' 'p_loc160_load' <Predicate = true> <Delay = 0.00>
ST_16 : Operation 83 [1/1] (3.54ns)   --->   "%sub_ln254 = sub i65 0, i65 %p_loc160_load" [/usr/local/Xilinx/Vitis/2024.2/common/technology/autopilot/etc/hls_cordic_apfixed.h:254->/usr/local/Xilinx/Vitis/2024.2/common/technology/autopilot/hls_math.h:1944->/home/master25/mae26/s.kim/RP/QAOA-TSP-supaero-mae-reasearch/qaoa.cpp:102]   --->   Operation 83 'sub' 'sub_ln254' <Predicate = true> <Delay = 3.54> <CoreInst = "Adder">   --->   Core 1 'Adder' <Latency = 0> <II = 1> <Delay = 3.54> <FuncUnit> <Opcode : 'add' 'sub'> <InPorts = 2> <OutPorts = 1>
ST_16 : Operation 84 [1/1] (0.00ns)   --->   "%sel_tmp12_i = bitconcatenate i2 @_ssdm_op_BitConcatenate.i2.i1.i1, i1 %icmp_ln248, i1 %icmp_ln225_1" [/usr/local/Xilinx/Vitis/2024.2/common/technology/autopilot/etc/hls_cordic_apfixed.h:248->/usr/local/Xilinx/Vitis/2024.2/common/technology/autopilot/hls_math.h:1944->/home/master25/mae26/s.kim/RP/QAOA-TSP-supaero-mae-reasearch/qaoa.cpp:102]   --->   Operation 84 'bitconcatenate' 'sel_tmp12_i' <Predicate = true> <Delay = 0.00>
ST_16 : Operation 85 [1/1] (1.58ns)   --->   "%outcos_write_assign_in_in_i = sparsemux i65 @_ssdm_op_SparseMux.ap_auto.3i65.i65.i2, i2 2, i65 %sub_ln254, i2 1, i65 %sub_ln254, i2 0, i65 %p_loc160_load, i65 0, i2 %sel_tmp12_i" [/usr/local/Xilinx/Vitis/2024.2/common/technology/autopilot/etc/hls_cordic_apfixed.h:254->/usr/local/Xilinx/Vitis/2024.2/common/technology/autopilot/hls_math.h:1944->/home/master25/mae26/s.kim/RP/QAOA-TSP-supaero-mae-reasearch/qaoa.cpp:102]   --->   Operation 85 'sparsemux' 'outcos_write_assign_in_in_i' <Predicate = true> <Delay = 1.58> <CoreInst = "OneHotSparseMux_HasDef">   --->   Core 140 'OneHotSparseMux_HasDef' <Latency = 0> <II = 1> <Delay = 1.58> <FuncUnit> <Opcode : 'sparsemux'> <InPorts = 2> <OutPorts = 1>
ST_16 : Operation 86 [1/1] (0.00ns)   --->   "%lshr_ln = partselect i22 @_ssdm_op_PartSelect.i22.i65.i32.i32, i65 %outcos_write_assign_in_in_i, i32 43, i32 64" [/usr/local/Xilinx/Vitis/2024.2/common/technology/autopilot/etc/hls_cordic_apfixed.h:250->/usr/local/Xilinx/Vitis/2024.2/common/technology/autopilot/hls_math.h:1944->/home/master25/mae26/s.kim/RP/QAOA-TSP-supaero-mae-reasearch/qaoa.cpp:102]   --->   Operation 86 'partselect' 'lshr_ln' <Predicate = true> <Delay = 0.00>
ST_16 : Operation 87 [1/1] (2.93ns)   --->   "%sub_ln266 = sub i42 0, i42 %trunc_ln1" [/usr/local/Xilinx/Vitis/2024.2/common/technology/autopilot/etc/hls_cordic_apfixed.h:266->/usr/local/Xilinx/Vitis/2024.2/common/technology/autopilot/hls_math.h:1944->/home/master25/mae26/s.kim/RP/QAOA-TSP-supaero-mae-reasearch/qaoa.cpp:102]   --->   Operation 87 'sub' 'sub_ln266' <Predicate = (!sign0)> <Delay = 2.93> <CoreInst = "Adder">   --->   Core 1 'Adder' <Latency = 0> <II = 1> <Delay = 2.93> <FuncUnit> <Opcode : 'add' 'sub'> <InPorts = 2> <OutPorts = 1>
ST_16 : Operation 88 [1/2] (4.90ns)   --->   "%call_ln0 = call void @applyMixer_hls<3>_Pipeline_VITIS_LOOP_116_1, i32 %state_re, i32 %state_im, i32 %bufA_re, i32 %bufA_im"   --->   Operation 88 'call' 'call_ln0' <Predicate = true> <Delay = 4.90> <CoreType = "Generic">   --->   Generic Core
ST_16 : Operation 89 [1/1] (0.00ns)   --->   "%tmp_101 = partselect i22 @_ssdm_op_PartSelect.i22.i42.i32.i32, i42 %sub_ln266, i32 20, i32 41" [/home/master25/mae26/s.kim/RP/QAOA-TSP-supaero-mae-reasearch/qaoa.cpp:103]   --->   Operation 89 'partselect' 'tmp_101' <Predicate = (!sign0)> <Delay = 0.00>
ST_16 : Operation 90 [1/1] (0.70ns)   --->   "%select_ln265 = select i1 %sign0, i22 %tmp_100, i22 %tmp_101" [/usr/local/Xilinx/Vitis/2024.2/common/technology/autopilot/etc/hls_cordic_apfixed.h:265->/usr/local/Xilinx/Vitis/2024.2/common/technology/autopilot/hls_math.h:1944->/home/master25/mae26/s.kim/RP/QAOA-TSP-supaero-mae-reasearch/qaoa.cpp:102]   --->   Operation 90 'select' 'select_ln265' <Predicate = true> <Delay = 0.70> <CoreInst = "Sel">   --->   Core 73 'Sel' <Latency = 0> <II = 1> <Delay = 0.70> <FuncUnit> <Opcode : 'select'> <InPorts = 3> <OutPorts = 1>
ST_16 : Operation 91 [1/1] (0.00ns)   --->   "%specmemcore_ln123 = specmemcore void @_ssdm_op_SpecMemCore, i32 %bufA_re, i64 666, i64 22, i64 18446744073709551615" [/home/master25/mae26/s.kim/RP/QAOA-TSP-supaero-mae-reasearch/qaoa.cpp:123]   --->   Operation 91 'specmemcore' 'specmemcore_ln123' <Predicate = true> <Delay = 0.00>
ST_16 : Operation 92 [1/1] (0.00ns)   --->   "%specmemcore_ln123 = specmemcore void @_ssdm_op_SpecMemCore, i32 %bufA_im, i64 666, i64 22, i64 18446744073709551615" [/home/master25/mae26/s.kim/RP/QAOA-TSP-supaero-mae-reasearch/qaoa.cpp:123]   --->   Operation 92 'specmemcore' 'specmemcore_ln123' <Predicate = true> <Delay = 0.00>
ST_16 : Operation 93 [1/1] (0.00ns)   --->   "%specmemcore_ln124 = specmemcore void @_ssdm_op_SpecMemCore, i32 %bufB_re, i64 666, i64 22, i64 18446744073709551615" [/home/master25/mae26/s.kim/RP/QAOA-TSP-supaero-mae-reasearch/qaoa.cpp:124]   --->   Operation 93 'specmemcore' 'specmemcore_ln124' <Predicate = true> <Delay = 0.00>
ST_16 : Operation 94 [1/1] (0.00ns)   --->   "%specmemcore_ln124 = specmemcore void @_ssdm_op_SpecMemCore, i32 %bufB_im, i64 666, i64 22, i64 18446744073709551615" [/home/master25/mae26/s.kim/RP/QAOA-TSP-supaero-mae-reasearch/qaoa.cpp:124]   --->   Operation 94 'specmemcore' 'specmemcore_ln124' <Predicate = true> <Delay = 0.00>
ST_16 : Operation 95 [1/1] (1.58ns)   --->   "%br_ln127 = br void %VITIS_LOOP_131_3" [/home/master25/mae26/s.kim/RP/QAOA-TSP-supaero-mae-reasearch/qaoa.cpp:127]   --->   Operation 95 'br' 'br_ln127' <Predicate = true> <Delay = 1.58>

State 17 <SV = 16> <Delay = 3.15>
ST_17 : Operation 96 [1/1] (0.00ns)   --->   "%state_cur_030126 = phi i1 0, void %entry, i1 %state_cur_127128, void %for.inc88"   --->   Operation 96 'phi' 'state_cur_030126' <Predicate = true> <Delay = 0.00>
ST_17 : Operation 97 [1/1] (0.00ns)   --->   "%state_next_029132 = phi i1 1, void %entry, i1 %state_next_126130, void %for.inc88"   --->   Operation 97 'phi' 'state_next_029132' <Predicate = true> <Delay = 0.00>
ST_17 : Operation 98 [1/1] (0.00ns)   --->   "%t_1 = load i2 %t" [/home/master25/mae26/s.kim/RP/QAOA-TSP-supaero-mae-reasearch/qaoa.cpp:127]   --->   Operation 98 'load' 't_1' <Predicate = true> <Delay = 0.00>
ST_17 : Operation 99 [1/1] (1.56ns)   --->   "%icmp_ln127 = icmp_eq  i2 %t_1, i2 3" [/home/master25/mae26/s.kim/RP/QAOA-TSP-supaero-mae-reasearch/qaoa.cpp:127]   --->   Operation 99 'icmp' 'icmp_ln127' <Predicate = true> <Delay = 1.56> <CoreInst = "Cmp">   --->   Core 9 'Cmp' <Latency = 0> <II = 1> <Delay = 1.56> <FuncUnit> <Opcode : 'seteq' 'setne' 'setle' 'setge' 'setlt' 'setgt'> <InPorts = 2> <OutPorts = 1>
ST_17 : Operation 100 [1/1] (1.56ns)   --->   "%t_2 = add i2 %t_1, i2 1" [/home/master25/mae26/s.kim/RP/QAOA-TSP-supaero-mae-reasearch/qaoa.cpp:127]   --->   Operation 100 'add' 't_2' <Predicate = true> <Delay = 1.56> <CoreInst = "Adder">   --->   Core 1 'Adder' <Latency = 0> <II = 1> <Delay = 1.56> <FuncUnit> <Opcode : 'add' 'sub'> <InPorts = 2> <OutPorts = 1>
ST_17 : Operation 101 [1/1] (0.00ns)   --->   "%br_ln127 = br i1 %icmp_ln127, void %VITIS_LOOP_131_3.split, void %for.inc100.preheader" [/home/master25/mae26/s.kim/RP/QAOA-TSP-supaero-mae-reasearch/qaoa.cpp:127]   --->   Operation 101 'br' 'br_ln127' <Predicate = true> <Delay = 0.00>
ST_17 : Operation 102 [1/1] (0.00ns)   --->   "%zext_ln127 = zext i2 %t_1" [/home/master25/mae26/s.kim/RP/QAOA-TSP-supaero-mae-reasearch/qaoa.cpp:127]   --->   Operation 102 'zext' 'zext_ln127' <Predicate = (!icmp_ln127)> <Delay = 0.00>
ST_17 : Operation 103 [1/1] (0.00ns)   --->   "%speclooptripcount_ln127 = speclooptripcount void @_ssdm_op_SpecLoopTripCount, i64 3, i64 3, i64 3" [/home/master25/mae26/s.kim/RP/QAOA-TSP-supaero-mae-reasearch/qaoa.cpp:127]   --->   Operation 103 'speclooptripcount' 'speclooptripcount_ln127' <Predicate = (!icmp_ln127)> <Delay = 0.00>
ST_17 : Operation 104 [1/1] (0.00ns)   --->   "%specloopname_ln127 = specloopname void @_ssdm_op_SpecLoopName, void @empty" [/home/master25/mae26/s.kim/RP/QAOA-TSP-supaero-mae-reasearch/qaoa.cpp:127]   --->   Operation 104 'specloopname' 'specloopname_ln127' <Predicate = (!icmp_ln127)> <Delay = 0.00>
ST_17 : Operation 105 [1/1] (0.00ns)   --->   "%p_shl = bitconcatenate i4 @_ssdm_op_BitConcatenate.i4.i2.i2, i2 %t_1, i2 0" [/home/master25/mae26/s.kim/RP/QAOA-TSP-supaero-mae-reasearch/qaoa.cpp:128]   --->   Operation 105 'bitconcatenate' 'p_shl' <Predicate = (!icmp_ln127)> <Delay = 0.00>
ST_17 : Operation 106 [1/1] (1.73ns)   --->   "%base = sub i4 %p_shl, i4 %zext_ln127" [/home/master25/mae26/s.kim/RP/QAOA-TSP-supaero-mae-reasearch/qaoa.cpp:128]   --->   Operation 106 'sub' 'base' <Predicate = (!icmp_ln127)> <Delay = 1.73> <CoreInst = "Adder">   --->   Core 1 'Adder' <Latency = 0> <II = 1> <Delay = 1.73> <FuncUnit> <Opcode : 'add' 'sub'> <InPorts = 2> <OutPorts = 1>
ST_17 : Operation 107 [1/1] (0.00ns)   --->   "%zext_ln128 = zext i4 %base" [/home/master25/mae26/s.kim/RP/QAOA-TSP-supaero-mae-reasearch/qaoa.cpp:128]   --->   Operation 107 'zext' 'zext_ln128' <Predicate = (!icmp_ln127)> <Delay = 0.00>
ST_17 : Operation 108 [1/1] (0.00ns)   --->   "%trunc_ln128 = trunc i4 %base" [/home/master25/mae26/s.kim/RP/QAOA-TSP-supaero-mae-reasearch/qaoa.cpp:128]   --->   Operation 108 'trunc' 'trunc_ln128' <Predicate = (!icmp_ln127)> <Delay = 0.00>
ST_17 : Operation 109 [1/1] (1.58ns)   --->   "%br_ln131 = br void %VITIS_LOOP_132_4" [/home/master25/mae26/s.kim/RP/QAOA-TSP-supaero-mae-reasearch/qaoa.cpp:131]   --->   Operation 109 'br' 'br_ln131' <Predicate = (!icmp_ln127)> <Delay = 1.58>
ST_17 : Operation 110 [2/2] (0.00ns)   --->   "%call_ln0 = call void @applyMixer_hls<3>_Pipeline_VITIS_LOOP_166_7, i32 %state_re, i32 %state_im, i32 %bufB_re, i32 %bufB_im, i32 %bufA_re, i32 %bufA_im, i1 %state_cur_030126"   --->   Operation 110 'call' 'call_ln0' <Predicate = (icmp_ln127)> <Delay = 0.00> <CoreType = "Generic">   --->   Generic Core

State 18 <SV = 17> <Delay = 4.13>
ST_18 : Operation 111 [1/1] (0.00ns)   --->   "%state_cur_127128 = phi i1 %state_cur_030126, void %VITIS_LOOP_131_3.split, i1 %state_cur_223131, void %for.inc85.loopexit"   --->   Operation 111 'phi' 'state_cur_127128' <Predicate = true> <Delay = 0.00>
ST_18 : Operation 112 [1/1] (0.00ns)   --->   "%state_next_126130 = phi i1 %state_next_029132, void %VITIS_LOOP_131_3.split, i1 %state_next_222129, void %for.inc85.loopexit"   --->   Operation 112 'phi' 'state_next_126130' <Predicate = true> <Delay = 0.00>
ST_18 : Operation 113 [1/1] (0.00ns)   --->   "%i = phi i2 0, void %VITIS_LOOP_131_3.split, i2 %j_3, void %for.inc85.loopexit"   --->   Operation 113 'phi' 'i' <Predicate = true> <Delay = 0.00>
ST_18 : Operation 114 [1/1] (1.56ns)   --->   "%icmp_ln132 = icmp_eq  i2 %i, i2 3" [/home/master25/mae26/s.kim/RP/QAOA-TSP-supaero-mae-reasearch/qaoa.cpp:132]   --->   Operation 114 'icmp' 'icmp_ln132' <Predicate = true> <Delay = 1.56> <CoreInst = "Cmp">   --->   Core 9 'Cmp' <Latency = 0> <II = 1> <Delay = 1.56> <FuncUnit> <Opcode : 'seteq' 'setne' 'setle' 'setge' 'setlt' 'setgt'> <InPorts = 2> <OutPorts = 1>
ST_18 : Operation 115 [1/1] (1.56ns)   --->   "%j_3 = add i2 %i, i2 1" [/home/master25/mae26/s.kim/RP/QAOA-TSP-supaero-mae-reasearch/qaoa.cpp:132]   --->   Operation 115 'add' 'j_3' <Predicate = true> <Delay = 1.56> <CoreInst = "Adder">   --->   Core 1 'Adder' <Latency = 0> <II = 1> <Delay = 1.56> <FuncUnit> <Opcode : 'add' 'sub'> <InPorts = 2> <OutPorts = 1>
ST_18 : Operation 116 [1/1] (0.00ns)   --->   "%br_ln131 = br i1 %icmp_ln132, void %VITIS_LOOP_132_4.split, void %for.inc88" [/home/master25/mae26/s.kim/RP/QAOA-TSP-supaero-mae-reasearch/qaoa.cpp:131]   --->   Operation 116 'br' 'br_ln131' <Predicate = true> <Delay = 0.00>
ST_18 : Operation 117 [1/1] (0.00ns)   --->   "%zext_ln132 = zext i2 %i" [/home/master25/mae26/s.kim/RP/QAOA-TSP-supaero-mae-reasearch/qaoa.cpp:132]   --->   Operation 117 'zext' 'zext_ln132' <Predicate = (!icmp_ln132)> <Delay = 0.00>
ST_18 : Operation 118 [1/1] (0.00ns)   --->   "%zext_ln132_1 = zext i2 %i" [/home/master25/mae26/s.kim/RP/QAOA-TSP-supaero-mae-reasearch/qaoa.cpp:132]   --->   Operation 118 'zext' 'zext_ln132_1' <Predicate = (!icmp_ln132)> <Delay = 0.00>
ST_18 : Operation 119 [1/1] (0.00ns)   --->   "%speclooptripcount_ln131 = speclooptripcount void @_ssdm_op_SpecLoopTripCount, i64 3, i64 3, i64 3" [/home/master25/mae26/s.kim/RP/QAOA-TSP-supaero-mae-reasearch/qaoa.cpp:131]   --->   Operation 119 'speclooptripcount' 'speclooptripcount_ln131' <Predicate = (!icmp_ln132)> <Delay = 0.00>
ST_18 : Operation 120 [1/1] (0.00ns)   --->   "%specloopname_ln131 = specloopname void @_ssdm_op_SpecLoopName, void @empty_17" [/home/master25/mae26/s.kim/RP/QAOA-TSP-supaero-mae-reasearch/qaoa.cpp:131]   --->   Operation 120 'specloopname' 'specloopname_ln131' <Predicate = (!icmp_ln132)> <Delay = 0.00>
ST_18 : Operation 121 [1/1] (0.00ns)   --->   "%zext_ln132_2 = zext i2 %j_3" [/home/master25/mae26/s.kim/RP/QAOA-TSP-supaero-mae-reasearch/qaoa.cpp:132]   --->   Operation 121 'zext' 'zext_ln132_2' <Predicate = (!icmp_ln132)> <Delay = 0.00>
ST_18 : Operation 122 [1/1] (1.73ns)   --->   "%add41 = add i4 %base, i4 %zext_ln132_1" [/home/master25/mae26/s.kim/RP/QAOA-TSP-supaero-mae-reasearch/qaoa.cpp:128]   --->   Operation 122 'add' 'add41' <Predicate = (!icmp_ln132)> <Delay = 1.73> <CoreInst = "Adder">   --->   Core 1 'Adder' <Latency = 0> <II = 1> <Delay = 1.73> <FuncUnit> <Opcode : 'add' 'sub'> <InPorts = 2> <OutPorts = 1>
ST_18 : Operation 123 [1/1] (0.00ns)   --->   "%add41_cast = zext i4 %add41" [/home/master25/mae26/s.kim/RP/QAOA-TSP-supaero-mae-reasearch/qaoa.cpp:128]   --->   Operation 123 'zext' 'add41_cast' <Predicate = (!icmp_ln132)> <Delay = 0.00>
ST_18 : Operation 124 [1/1] (2.39ns)   --->   "%bit_i = shl i9 1, i9 %add41_cast" [/home/master25/mae26/s.kim/RP/QAOA-TSP-supaero-mae-reasearch/qaoa.cpp:128]   --->   Operation 124 'shl' 'bit_i' <Predicate = (!icmp_ln132)> <Delay = 2.39> <CoreInst = "Shifter">   --->   Core 75 'Shifter' <Latency = 0> <II = 1> <Delay = 2.39> <FuncUnit> <Opcode : 'shl' 'lshr' 'ashr'> <InPorts = 2> <OutPorts = 1>
ST_18 : Operation 125 [1/1] (1.85ns)   --->   "%shl49 = shl i3 1, i3 %zext_ln132" [/home/master25/mae26/s.kim/RP/QAOA-TSP-supaero-mae-reasearch/qaoa.cpp:132]   --->   Operation 125 'shl' 'shl49' <Predicate = (!icmp_ln132)> <Delay = 1.85> <CoreInst = "Shifter">   --->   Core 75 'Shifter' <Latency = 0> <II = 1> <Delay = 1.85> <FuncUnit> <Opcode : 'shl' 'lshr' 'ashr'> <InPorts = 2> <OutPorts = 1>
ST_18 : Operation 126 [1/1] (1.58ns)   --->   "%br_ln132 = br void %VITIS_LOOP_134_5" [/home/master25/mae26/s.kim/RP/QAOA-TSP-supaero-mae-reasearch/qaoa.cpp:132]   --->   Operation 126 'br' 'br_ln132' <Predicate = (!icmp_ln132)> <Delay = 1.58>
ST_18 : Operation 127 [1/1] (1.58ns)   --->   "%store_ln127 = store i2 %t_2, i2 %t" [/home/master25/mae26/s.kim/RP/QAOA-TSP-supaero-mae-reasearch/qaoa.cpp:127]   --->   Operation 127 'store' 'store_ln127' <Predicate = (icmp_ln132)> <Delay = 1.58>
ST_18 : Operation 128 [1/1] (0.00ns)   --->   "%br_ln127 = br void %VITIS_LOOP_131_3" [/home/master25/mae26/s.kim/RP/QAOA-TSP-supaero-mae-reasearch/qaoa.cpp:127]   --->   Operation 128 'br' 'br_ln127' <Predicate = (icmp_ln132)> <Delay = 0.00>

State 19 <SV = 18> <Delay = 7.96>
ST_19 : Operation 129 [1/1] (0.00ns)   --->   "%state_cur_223131 = phi i1 %state_cur_127128, void %VITIS_LOOP_132_4.split, i1 %state_next_222129, void %VITIS_LOOP_134_5.split"   --->   Operation 129 'phi' 'state_cur_223131' <Predicate = true> <Delay = 0.00>
ST_19 : Operation 130 [1/1] (0.00ns)   --->   "%state_next_222129 = phi i1 %state_next_126130, void %VITIS_LOOP_132_4.split, i1 %state_cur_223131, void %VITIS_LOOP_134_5.split"   --->   Operation 130 'phi' 'state_next_222129' <Predicate = true> <Delay = 0.00>
ST_19 : Operation 131 [1/1] (0.00ns)   --->   "%j_1 = phi i32 %zext_ln132_2, void %VITIS_LOOP_132_4.split, i32 %j, void %VITIS_LOOP_134_5.split"   --->   Operation 131 'phi' 'j_1' <Predicate = true> <Delay = 0.00>
ST_19 : Operation 132 [1/1] (2.55ns)   --->   "%icmp_ln132_1 = icmp_slt  i32 %j_1, i32 3" [/home/master25/mae26/s.kim/RP/QAOA-TSP-supaero-mae-reasearch/qaoa.cpp:132]   --->   Operation 132 'icmp' 'icmp_ln132_1' <Predicate = true> <Delay = 2.55> <CoreInst = "Cmp">   --->   Core 9 'Cmp' <Latency = 0> <II = 1> <Delay = 2.55> <FuncUnit> <Opcode : 'seteq' 'setne' 'setle' 'setge' 'setlt' 'setgt'> <InPorts = 2> <OutPorts = 1>
ST_19 : Operation 133 [1/1] (0.00ns)   --->   "%br_ln132 = br i1 %icmp_ln132_1, void %for.inc85.loopexit, void %VITIS_LOOP_134_5.split" [/home/master25/mae26/s.kim/RP/QAOA-TSP-supaero-mae-reasearch/qaoa.cpp:132]   --->   Operation 133 'br' 'br_ln132' <Predicate = true> <Delay = 0.00>
ST_19 : Operation 134 [2/2] (0.00ns)   --->   "%call_ln0 = call void @applyMixer_hls<3>_Pipeline_VITIS_LOOP_134_5, i32 %bufB_re, i32 %bufB_im, i32 %bufA_re, i32 %bufA_im, i1 %state_cur_223131, i1 %state_next_222129"   --->   Operation 134 'call' 'call_ln0' <Predicate = (icmp_ln132_1)> <Delay = 0.00> <CoreType = "Generic">   --->   Generic Core
ST_19 : Operation 135 [1/1] (2.55ns)   --->   "%add_ln137 = add i32 %j_1, i32 %zext_ln128" [/home/master25/mae26/s.kim/RP/QAOA-TSP-supaero-mae-reasearch/qaoa.cpp:137]   --->   Operation 135 'add' 'add_ln137' <Predicate = (icmp_ln132_1)> <Delay = 2.55> <CoreInst = "Adder">   --->   Core 1 'Adder' <Latency = 0> <II = 1> <Delay = 2.55> <FuncUnit> <Opcode : 'add' 'sub'> <InPorts = 2> <OutPorts = 1>
ST_19 : Operation 136 [1/1] (4.42ns)   --->   "%bit_j = shl i32 1, i32 %add_ln137" [/home/master25/mae26/s.kim/RP/QAOA-TSP-supaero-mae-reasearch/qaoa.cpp:137]   --->   Operation 136 'shl' 'bit_j' <Predicate = (icmp_ln132_1)> <Delay = 4.42> <CoreInst = "Shifter">   --->   Core 75 'Shifter' <Latency = 0> <II = 1> <Delay = 4.42> <FuncUnit> <Opcode : 'shl' 'lshr' 'ashr'> <InPorts = 2> <OutPorts = 1>
ST_19 : Operation 137 [1/1] (0.00ns)   --->   "%trunc_ln137 = trunc i32 %bit_j" [/home/master25/mae26/s.kim/RP/QAOA-TSP-supaero-mae-reasearch/qaoa.cpp:137]   --->   Operation 137 'trunc' 'trunc_ln137' <Predicate = (icmp_ln132_1)> <Delay = 0.00>
ST_19 : Operation 138 [1/1] (0.99ns)   --->   "%mask = or i9 %trunc_ln137, i9 %bit_i" [/home/master25/mae26/s.kim/RP/QAOA-TSP-supaero-mae-reasearch/qaoa.cpp:138]   --->   Operation 138 'or' 'mask' <Predicate = (icmp_ln132_1)> <Delay = 0.99> <CoreInst = "LogicGate">   --->   Core 74 'LogicGate' <Latency = 0> <II = 1> <Delay = 0.99> <FuncUnit> <Opcode : 'and' 'or' 'xor'> <InPorts = 2> <OutPorts = 1>
ST_19 : Operation 139 [1/1] (2.55ns)   --->   "%j = add i32 %j_1, i32 1" [/home/master25/mae26/s.kim/RP/QAOA-TSP-supaero-mae-reasearch/qaoa.cpp:132]   --->   Operation 139 'add' 'j' <Predicate = (icmp_ln132_1)> <Delay = 2.55> <CoreInst = "Adder">   --->   Core 1 'Adder' <Latency = 0> <II = 1> <Delay = 2.55> <FuncUnit> <Opcode : 'add' 'sub'> <InPorts = 2> <OutPorts = 1>
ST_19 : Operation 140 [1/1] (0.00ns)   --->   "%br_ln131 = br void %VITIS_LOOP_132_4" [/home/master25/mae26/s.kim/RP/QAOA-TSP-supaero-mae-reasearch/qaoa.cpp:131]   --->   Operation 140 'br' 'br_ln131' <Predicate = (!icmp_ln132_1)> <Delay = 0.00>

State 20 <SV = 19> <Delay = 4.90>
ST_20 : Operation 141 [1/2] (4.90ns)   --->   "%call_ln0 = call void @applyMixer_hls<3>_Pipeline_VITIS_LOOP_134_5, i32 %bufB_re, i32 %bufB_im, i32 %bufA_re, i32 %bufA_im, i1 %state_cur_223131, i1 %state_next_222129"   --->   Operation 141 'call' 'call_ln0' <Predicate = true> <Delay = 4.90> <CoreType = "Generic">   --->   Generic Core

State 21 <SV = 20> <Delay = 4.90>
ST_21 : Operation 142 [2/2] (4.90ns)   --->   "%call_ln128 = call void @applyMixer_hls<3>_Pipeline_VITIS_LOOP_140_6, i3 %trunc_ln128, i3 %shl49, i9 %mask, i32 %bufB_re, i32 %bufB_im, i32 %bufA_re, i32 %bufA_im, i1 %state_cur_223131, i22 %lshr_ln, i22 %select_ln265, i1 %state_next_222129" [/home/master25/mae26/s.kim/RP/QAOA-TSP-supaero-mae-reasearch/qaoa.cpp:128]   --->   Operation 142 'call' 'call_ln128' <Predicate = true> <Delay = 4.90> <CoreType = "Generic">   --->   Generic Core

State 22 <SV = 21> <Delay = 4.90>
ST_22 : Operation 143 [1/1] (0.00ns)   --->   "%speclooptripcount_ln132 = speclooptripcount void @_ssdm_op_SpecLoopTripCount, i64 0, i64 2, i64 1" [/home/master25/mae26/s.kim/RP/QAOA-TSP-supaero-mae-reasearch/qaoa.cpp:132]   --->   Operation 143 'speclooptripcount' 'speclooptripcount_ln132' <Predicate = true> <Delay = 0.00>
ST_22 : Operation 144 [1/1] (0.00ns)   --->   "%specloopname_ln132 = specloopname void @_ssdm_op_SpecLoopName, void @empty_18" [/home/master25/mae26/s.kim/RP/QAOA-TSP-supaero-mae-reasearch/qaoa.cpp:132]   --->   Operation 144 'specloopname' 'specloopname_ln132' <Predicate = true> <Delay = 0.00>
ST_22 : Operation 145 [1/2] (4.90ns)   --->   "%call_ln128 = call void @applyMixer_hls<3>_Pipeline_VITIS_LOOP_140_6, i3 %trunc_ln128, i3 %shl49, i9 %mask, i32 %bufB_re, i32 %bufB_im, i32 %bufA_re, i32 %bufA_im, i1 %state_cur_223131, i22 %lshr_ln, i22 %select_ln265, i1 %state_next_222129" [/home/master25/mae26/s.kim/RP/QAOA-TSP-supaero-mae-reasearch/qaoa.cpp:128]   --->   Operation 145 'call' 'call_ln128' <Predicate = true> <Delay = 4.90> <CoreType = "Generic">   --->   Generic Core
ST_22 : Operation 146 [1/1] (0.00ns)   --->   "%br_ln132 = br void %VITIS_LOOP_134_5" [/home/master25/mae26/s.kim/RP/QAOA-TSP-supaero-mae-reasearch/qaoa.cpp:132]   --->   Operation 146 'br' 'br_ln132' <Predicate = true> <Delay = 0.00>

State 23 <SV = 17> <Delay = 4.90>
ST_23 : Operation 147 [1/2] (4.90ns)   --->   "%call_ln0 = call void @applyMixer_hls<3>_Pipeline_VITIS_LOOP_166_7, i32 %state_re, i32 %state_im, i32 %bufB_re, i32 %bufB_im, i32 %bufA_re, i32 %bufA_im, i1 %state_cur_030126"   --->   Operation 147 'call' 'call_ln0' <Predicate = true> <Delay = 4.90> <CoreType = "Generic">   --->   Generic Core
ST_23 : Operation 148 [1/1] (0.00ns)   --->   "%ret_ln167 = ret" [/home/master25/mae26/s.kim/RP/QAOA-TSP-supaero-mae-reasearch/qaoa.cpp:167]   --->   Operation 148 'ret' 'ret_ln167' <Predicate = true> <Delay = 0.00>


============================================================
+ Verbose Summary: Timing violations
============================================================
Target clock period: 10.000ns, clock uncertainty: 2.000ns.

 <State 1>: 4.188ns
The critical path consists of the following:
	wire read operation ('beta_read') on port 'beta' [6]  (0.000 ns)
	'sub' operation 53 bit ('sub_ln211', /usr/local/Xilinx/Vitis/2024.2/common/technology/autopilot/etc/hls_cordic_apfixed.h:211->/usr/local/Xilinx/Vitis/2024.2/common/technology/autopilot/hls_math.h:1944->/home/master25/mae26/s.kim/RP/QAOA-TSP-supaero-mae-reasearch/qaoa.cpp:102) [17]  (3.236 ns)
	'select' operation 53 bit ('inabs', /usr/local/Xilinx/Vitis/2024.2/common/technology/autopilot/etc/hls_cordic_apfixed.h:38->/usr/local/Xilinx/Vitis/2024.2/common/technology/autopilot/etc/hls_cordic_apfixed.h:217->/usr/local/Xilinx/Vitis/2024.2/common/technology/autopilot/hls_math.h:1944->/home/master25/mae26/s.kim/RP/QAOA-TSP-supaero-mae-reasearch/qaoa.cpp:102) [18]  (0.951 ns)

 <State 2>: 6.978ns
The critical path consists of the following:
	'mul' operation 141 bit ('mul_ln38', /usr/local/Xilinx/Vitis/2024.2/common/technology/autopilot/etc/hls_cordic_apfixed.h:38->/usr/local/Xilinx/Vitis/2024.2/common/technology/autopilot/etc/hls_cordic_apfixed.h:217->/usr/local/Xilinx/Vitis/2024.2/common/technology/autopilot/hls_math.h:1944->/home/master25/mae26/s.kim/RP/QAOA-TSP-supaero-mae-reasearch/qaoa.cpp:102) [20]  (6.978 ns)

 <State 3>: 6.978ns
The critical path consists of the following:
	'mul' operation 141 bit ('mul_ln38', /usr/local/Xilinx/Vitis/2024.2/common/technology/autopilot/etc/hls_cordic_apfixed.h:38->/usr/local/Xilinx/Vitis/2024.2/common/technology/autopilot/etc/hls_cordic_apfixed.h:217->/usr/local/Xilinx/Vitis/2024.2/common/technology/autopilot/hls_math.h:1944->/home/master25/mae26/s.kim/RP/QAOA-TSP-supaero-mae-reasearch/qaoa.cpp:102) [20]  (6.978 ns)

 <State 4>: 6.978ns
The critical path consists of the following:
	'mul' operation 141 bit ('mul_ln38', /usr/local/Xilinx/Vitis/2024.2/common/technology/autopilot/etc/hls_cordic_apfixed.h:38->/usr/local/Xilinx/Vitis/2024.2/common/technology/autopilot/etc/hls_cordic_apfixed.h:217->/usr/local/Xilinx/Vitis/2024.2/common/technology/autopilot/hls_math.h:1944->/home/master25/mae26/s.kim/RP/QAOA-TSP-supaero-mae-reasearch/qaoa.cpp:102) [20]  (6.978 ns)

 <State 5>: 6.978ns
The critical path consists of the following:
	'mul' operation 141 bit ('mul_ln38', /usr/local/Xilinx/Vitis/2024.2/common/technology/autopilot/etc/hls_cordic_apfixed.h:38->/usr/local/Xilinx/Vitis/2024.2/common/technology/autopilot/etc/hls_cordic_apfixed.h:217->/usr/local/Xilinx/Vitis/2024.2/common/technology/autopilot/hls_math.h:1944->/home/master25/mae26/s.kim/RP/QAOA-TSP-supaero-mae-reasearch/qaoa.cpp:102) [20]  (6.978 ns)

 <State 6>: 6.978ns
The critical path consists of the following:
	'mul' operation 141 bit ('mul_ln38', /usr/local/Xilinx/Vitis/2024.2/common/technology/autopilot/etc/hls_cordic_apfixed.h:38->/usr/local/Xilinx/Vitis/2024.2/common/technology/autopilot/etc/hls_cordic_apfixed.h:217->/usr/local/Xilinx/Vitis/2024.2/common/technology/autopilot/hls_math.h:1944->/home/master25/mae26/s.kim/RP/QAOA-TSP-supaero-mae-reasearch/qaoa.cpp:102) [20]  (6.978 ns)

 <State 7>: 6.978ns
The critical path consists of the following:
	'mul' operation 66 bit ('mul_ln42', /usr/local/Xilinx/Vitis/2024.2/common/technology/autopilot/etc/hls_cordic_apfixed.h:42->/usr/local/Xilinx/Vitis/2024.2/common/technology/autopilot/etc/hls_cordic_apfixed.h:217->/usr/local/Xilinx/Vitis/2024.2/common/technology/autopilot/hls_math.h:1944->/home/master25/mae26/s.kim/RP/QAOA-TSP-supaero-mae-reasearch/qaoa.cpp:102) [26]  (6.978 ns)

 <State 8>: 6.978ns
The critical path consists of the following:
	'mul' operation 66 bit ('mul_ln42', /usr/local/Xilinx/Vitis/2024.2/common/technology/autopilot/etc/hls_cordic_apfixed.h:42->/usr/local/Xilinx/Vitis/2024.2/common/technology/autopilot/etc/hls_cordic_apfixed.h:217->/usr/local/Xilinx/Vitis/2024.2/common/technology/autopilot/hls_math.h:1944->/home/master25/mae26/s.kim/RP/QAOA-TSP-supaero-mae-reasearch/qaoa.cpp:102) [26]  (6.978 ns)

 <State 9>: 6.978ns
The critical path consists of the following:
	'mul' operation 66 bit ('mul_ln42', /usr/local/Xilinx/Vitis/2024.2/common/technology/autopilot/etc/hls_cordic_apfixed.h:42->/usr/local/Xilinx/Vitis/2024.2/common/technology/autopilot/etc/hls_cordic_apfixed.h:217->/usr/local/Xilinx/Vitis/2024.2/common/technology/autopilot/hls_math.h:1944->/home/master25/mae26/s.kim/RP/QAOA-TSP-supaero-mae-reasearch/qaoa.cpp:102) [26]  (6.978 ns)

 <State 10>: 6.978ns
The critical path consists of the following:
	'mul' operation 66 bit ('mul_ln42', /usr/local/Xilinx/Vitis/2024.2/common/technology/autopilot/etc/hls_cordic_apfixed.h:42->/usr/local/Xilinx/Vitis/2024.2/common/technology/autopilot/etc/hls_cordic_apfixed.h:217->/usr/local/Xilinx/Vitis/2024.2/common/technology/autopilot/hls_math.h:1944->/home/master25/mae26/s.kim/RP/QAOA-TSP-supaero-mae-reasearch/qaoa.cpp:102) [26]  (6.978 ns)

 <State 11>: 6.978ns
The critical path consists of the following:
	'mul' operation 66 bit ('mul_ln42', /usr/local/Xilinx/Vitis/2024.2/common/technology/autopilot/etc/hls_cordic_apfixed.h:42->/usr/local/Xilinx/Vitis/2024.2/common/technology/autopilot/etc/hls_cordic_apfixed.h:217->/usr/local/Xilinx/Vitis/2024.2/common/technology/autopilot/hls_math.h:1944->/home/master25/mae26/s.kim/RP/QAOA-TSP-supaero-mae-reasearch/qaoa.cpp:102) [26]  (6.978 ns)

 <State 12>: 3.577ns
The critical path consists of the following:
	'add' operation 66 bit ('add_ln42', /usr/local/Xilinx/Vitis/2024.2/common/technology/autopilot/etc/hls_cordic_apfixed.h:42->/usr/local/Xilinx/Vitis/2024.2/common/technology/autopilot/etc/hls_cordic_apfixed.h:217->/usr/local/Xilinx/Vitis/2024.2/common/technology/autopilot/hls_math.h:1944->/home/master25/mae26/s.kim/RP/QAOA-TSP-supaero-mae-reasearch/qaoa.cpp:102) [27]  (3.577 ns)

 <State 13>: 6.619ns
The critical path consists of the following:
	'sub' operation 66 bit ('sub_ln228', /usr/local/Xilinx/Vitis/2024.2/common/technology/autopilot/etc/hls_cordic_apfixed.h:228->/usr/local/Xilinx/Vitis/2024.2/common/technology/autopilot/hls_math.h:1944->/home/master25/mae26/s.kim/RP/QAOA-TSP-supaero-mae-reasearch/qaoa.cpp:102) [30]  (3.577 ns)
	'select' operation 65 bit ('empty', /usr/local/Xilinx/Vitis/2024.2/common/technology/autopilot/etc/hls_cordic_apfixed.h:225->/usr/local/Xilinx/Vitis/2024.2/common/technology/autopilot/hls_math.h:1944->/home/master25/mae26/s.kim/RP/QAOA-TSP-supaero-mae-reasearch/qaoa.cpp:102) [37]  (1.454 ns)
	'call' operation 0 bit ('call_ln225', /usr/local/Xilinx/Vitis/2024.2/common/technology/autopilot/etc/hls_cordic_apfixed.h:225->/usr/local/Xilinx/Vitis/2024.2/common/technology/autopilot/hls_math.h:1944->/home/master25/mae26/s.kim/RP/QAOA-TSP-supaero-mae-reasearch/qaoa.cpp:102) to 'applyMixer_hls<3>_Pipeline_VITIS_LOOP_61_1' [38]  (1.588 ns)

 <State 14>: 4.999ns
The critical path consists of the following:
	'call' operation 0 bit ('call_ln0') to 'applyMixer_hls<3>_Pipeline_2' [53]  (4.999 ns)

 <State 15>: 5.137ns
The critical path consists of the following:
	'load' operation 65 bit ('p_loc_load', /usr/local/Xilinx/Vitis/2024.2/common/technology/autopilot/etc/hls_cordic_apfixed.h:61->/usr/local/Xilinx/Vitis/2024.2/common/technology/autopilot/etc/hls_cordic_apfixed.h:240->/usr/local/Xilinx/Vitis/2024.2/common/technology/autopilot/hls_math.h:1944->/home/master25/mae26/s.kim/RP/QAOA-TSP-supaero-mae-reasearch/qaoa.cpp:102) on local variable 'p_loc' [39]  (0.000 ns)
	'sub' operation 65 bit ('sub_ln261', /usr/local/Xilinx/Vitis/2024.2/common/technology/autopilot/etc/hls_cordic_apfixed.h:261->/usr/local/Xilinx/Vitis/2024.2/common/technology/autopilot/hls_math.h:1944->/home/master25/mae26/s.kim/RP/QAOA-TSP-supaero-mae-reasearch/qaoa.cpp:102) [41]  (3.549 ns)
	'sparsemux' operation 65 bit ('outsin_0_in_in_i', /usr/local/Xilinx/Vitis/2024.2/common/technology/autopilot/etc/hls_cordic_apfixed.h:261->/usr/local/Xilinx/Vitis/2024.2/common/technology/autopilot/hls_math.h:1944->/home/master25/mae26/s.kim/RP/QAOA-TSP-supaero-mae-reasearch/qaoa.cpp:102) [47]  (1.588 ns)

 <State 16>: 5.137ns
The critical path consists of the following:
	'load' operation 65 bit ('p_loc160_load', /usr/local/Xilinx/Vitis/2024.2/common/technology/autopilot/etc/hls_cordic_apfixed.h:61->/usr/local/Xilinx/Vitis/2024.2/common/technology/autopilot/etc/hls_cordic_apfixed.h:240->/usr/local/Xilinx/Vitis/2024.2/common/technology/autopilot/hls_math.h:1944->/home/master25/mae26/s.kim/RP/QAOA-TSP-supaero-mae-reasearch/qaoa.cpp:102) on local variable 'p_loc160' [40]  (0.000 ns)
	'sub' operation 65 bit ('sub_ln254', /usr/local/Xilinx/Vitis/2024.2/common/technology/autopilot/etc/hls_cordic_apfixed.h:254->/usr/local/Xilinx/Vitis/2024.2/common/technology/autopilot/hls_math.h:1944->/home/master25/mae26/s.kim/RP/QAOA-TSP-supaero-mae-reasearch/qaoa.cpp:102) [42]  (3.549 ns)
	'sparsemux' operation 65 bit ('outcos_write_assign_in_in_i', /usr/local/Xilinx/Vitis/2024.2/common/technology/autopilot/etc/hls_cordic_apfixed.h:254->/usr/local/Xilinx/Vitis/2024.2/common/technology/autopilot/hls_math.h:1944->/home/master25/mae26/s.kim/RP/QAOA-TSP-supaero-mae-reasearch/qaoa.cpp:102) [49]  (1.588 ns)

 <State 17>: 3.153ns
The critical path consists of the following:
	'load' operation 2 bit ('t', /home/master25/mae26/s.kim/RP/QAOA-TSP-supaero-mae-reasearch/qaoa.cpp:127) on local variable 't', /home/master25/mae26/s.kim/RP/QAOA-TSP-supaero-mae-reasearch/qaoa.cpp:127 [68]  (0.000 ns)
	'sub' operation 4 bit ('base', /home/master25/mae26/s.kim/RP/QAOA-TSP-supaero-mae-reasearch/qaoa.cpp:128) [77]  (1.735 ns)
	blocking operation 1.418 ns on control path)

 <State 18>: 4.133ns
The critical path consists of the following:
	'phi' operation 2 bit ('i') with incoming values : ('j', /home/master25/mae26/s.kim/RP/QAOA-TSP-supaero-mae-reasearch/qaoa.cpp:132) [84]  (0.000 ns)
	'add' operation 4 bit ('add41', /home/master25/mae26/s.kim/RP/QAOA-TSP-supaero-mae-reasearch/qaoa.cpp:128) [94]  (1.735 ns)
	'shl' operation 9 bit ('bit_i', /home/master25/mae26/s.kim/RP/QAOA-TSP-supaero-mae-reasearch/qaoa.cpp:128) [96]  (2.397 ns)

 <State 19>: 7.962ns
The critical path consists of the following:
	'phi' operation 32 bit ('j') with incoming values : ('zext_ln132_2', /home/master25/mae26/s.kim/RP/QAOA-TSP-supaero-mae-reasearch/qaoa.cpp:132) ('j', /home/master25/mae26/s.kim/RP/QAOA-TSP-supaero-mae-reasearch/qaoa.cpp:132) [102]  (0.000 ns)
	'add' operation 32 bit ('add_ln137', /home/master25/mae26/s.kim/RP/QAOA-TSP-supaero-mae-reasearch/qaoa.cpp:137) [109]  (2.552 ns)
	'shl' operation 32 bit ('bit_j', /home/master25/mae26/s.kim/RP/QAOA-TSP-supaero-mae-reasearch/qaoa.cpp:137) [110]  (4.420 ns)
	'or' operation 9 bit ('mask', /home/master25/mae26/s.kim/RP/QAOA-TSP-supaero-mae-reasearch/qaoa.cpp:138) [112]  (0.990 ns)

 <State 20>: 4.907ns
The critical path consists of the following:
	'call' operation 0 bit ('call_ln0') to 'applyMixer_hls<3>_Pipeline_VITIS_LOOP_134_5' [108]  (4.907 ns)

 <State 21>: 4.904ns
The critical path consists of the following:
	'call' operation 0 bit ('call_ln128', /home/master25/mae26/s.kim/RP/QAOA-TSP-supaero-mae-reasearch/qaoa.cpp:128) to 'applyMixer_hls<3>_Pipeline_VITIS_LOOP_140_6' [113]  (4.904 ns)

 <State 22>: 4.907ns
The critical path consists of the following:
	'call' operation 0 bit ('call_ln128', /home/master25/mae26/s.kim/RP/QAOA-TSP-supaero-mae-reasearch/qaoa.cpp:128) to 'applyMixer_hls<3>_Pipeline_VITIS_LOOP_140_6' [113]  (4.907 ns)

 <State 23>: 4.907ns
The critical path consists of the following:
	'call' operation 0 bit ('call_ln0') to 'applyMixer_hls<3>_Pipeline_VITIS_LOOP_166_7' [122]  (4.907 ns)


============================================================
+ Verbose Summary: Binding
============================================================
N/A
* FSMD analyzer results:
  - Output states:
 - Input state : 
  - Chain level:
	State 1
	State 2
	State 3
	State 4
	State 5
	State 6
	State 7
	State 8
	State 9
	State 10
	State 11
	State 12
	State 13
	State 14
	State 15
	State 16
	State 17
	State 18
	State 19
	State 20
	State 21
	State 22
	State 23


============================================================
+ Verbose Summary: Datapath Resource usage 
============================================================
N/A
