

================================================================
== Vitis HLS Report for 'applyMixer_hls_3_Pipeline_VITIS_LOOP_61_1'
================================================================
* Date:           Thu Nov 20 16:57:50 2025

* Version:        2024.2 (Build 5238294 on Nov  8 2024)
* Project:        qaoa_kernel
* Solution:       hls (Vivado IP Flow Target)
* Product family: zynq
* Target device:  xc7z010-clg400-1


================================================================
== Performance Estimates
================================================================
+ Timing: 
    * Summary: 
    +--------+----------+----------+------------+
    |  Clock |  Target  | Estimated| Uncertainty|
    +--------+----------+----------+------------+
    |ap_clk  |  10.00 ns|  6.592 ns|     2.00 ns|
    +--------+----------+----------+------------+

+ Latency: 
    * Summary: 
    +---------+---------+----------+----------+-----+-----+------------------------------------------------+
    |  Latency (cycles) |  Latency (absolute) |  Interval |                    Pipeline                    |
    |   min   |   max   |    min   |    max   | min | max |                      Type                      |
    +---------+---------+----------+----------+-----+-----+------------------------------------------------+
    |      134|      134|  1.340 us|  1.340 us|  133|  133|  loop auto-rewind stp (delay=0 clock cycles(s))|
    +---------+---------+----------+----------+-----+-----+------------------------------------------------+

    + Detail: 
        * Instance: 
        N/A

        * Loop: 
        +-------------------+---------+---------+----------+-----------+-----------+------+----------+
        |                   |  Latency (cycles) | Iteration|  Initiation Interval  | Trip |          |
        |     Loop Name     |   min   |   max   |  Latency |  achieved |   target  | Count| Pipelined|
        +-------------------+---------+---------+----------+-----------+-----------+------+----------+
        |- VITIS_LOOP_61_1  |      132|      132|         3|          2|          1|    66|       yes|
        +-------------------+---------+---------+----------+-----------+-----------+------+----------+

============================================================
+ Verbose Summary: Synthesis Manager
============================================================
InlineROM: 1
ExposeGlobal: 0
============================================================
+ Verbose Summary: CDFG Model
============================================================
IsTopModel: 0
ResetActiveHigh: 1
IsCombinational: 0
IsDatapathOnly: 0
HasWiredReturn: 1
HasMFsm: 2
HasVarLatency: 1
IsPipeline: 0
IsRtlPipelined: 0
IsInstanceOverlapped: 0
IsDontTouch: 0
HasImplIP: 0
IsGatedGlobalClock: 0

+ Individual pipeline summary: 
  * Pipeline-0: initiation interval (II) = 2, depth = 4


============================================================
+ Verbose Summary: Schedule
============================================================
* Number of FSM states : 4
* Pipeline : 1
  Pipeline-0 : II = 2, D = 4, States = { 1 2 3 4 }
* Dataflow Pipeline: 0

* FSM state transitions: 
1 --> 2 
2 --> 3 
3 --> 4 
4 --> 

* FSM state operations: 

State 1 <SV = 0> <Delay = 1.58>
ST_1 : Operation 6 [1/1] (0.00ns)   --->   "%empty = alloca i32 1"   --->   Operation 6 'alloca' 'empty' <Predicate = true> <Delay = 0.00>
ST_1 : Operation 7 [1/1] (0.00ns)   --->   "%empty_55 = alloca i32 1"   --->   Operation 7 'alloca' 'empty_55' <Predicate = true> <Delay = 0.00>
ST_1 : Operation 8 [1/1] (0.00ns)   --->   "%empty_56 = alloca i32 1"   --->   Operation 8 'alloca' 'empty_56' <Predicate = true> <Delay = 0.00>
ST_1 : Operation 9 [1/1] (0.00ns)   --->   "%n = alloca i32 1" [/usr/local/Xilinx/Vitis/2024.2/common/technology/autopilot/etc/hls_cordic_apfixed.h:61->/usr/local/Xilinx/Vitis/2024.2/common/technology/autopilot/etc/hls_cordic_apfixed.h:240->/usr/local/Xilinx/Vitis/2024.2/common/technology/autopilot/hls_math.h:1944->/home/master25/mae26/s.kim/RP/QAOA-TSP-supaero-mae-reasearch/qaoa.cpp:102]   --->   Operation 9 'alloca' 'n' <Predicate = true> <Delay = 0.00>
ST_1 : Operation 10 [1/1] (0.00ns)   --->   "%sext_ln61_read = read i65 @_ssdm_op_Read.ap_auto.i65, i65 %sext_ln61"   --->   Operation 10 'read' 'sext_ln61_read' <Predicate = true> <Delay = 0.00>
ST_1 : Operation 11 [1/1] (0.00ns)   --->   "%sext_ln61_cast = sext i65 %sext_ln61_read"   --->   Operation 11 'sext' 'sext_ln61_cast' <Predicate = true> <Delay = 0.00>
ST_1 : Operation 12 [1/1] (1.58ns)   --->   "%store_ln61 = store i7 0, i7 %n" [/usr/local/Xilinx/Vitis/2024.2/common/technology/autopilot/etc/hls_cordic_apfixed.h:61->/usr/local/Xilinx/Vitis/2024.2/common/technology/autopilot/etc/hls_cordic_apfixed.h:240->/usr/local/Xilinx/Vitis/2024.2/common/technology/autopilot/hls_math.h:1944->/home/master25/mae26/s.kim/RP/QAOA-TSP-supaero-mae-reasearch/qaoa.cpp:102]   --->   Operation 12 'store' 'store_ln61' <Predicate = true> <Delay = 1.58>
ST_1 : Operation 13 [1/1] (1.58ns)   --->   "%store_ln0 = store i66 0, i66 %empty_56"   --->   Operation 13 'store' 'store_ln0' <Predicate = true> <Delay = 1.58>
ST_1 : Operation 14 [1/1] (1.58ns)   --->   "%store_ln0 = store i66 5600919740058903545, i66 %empty_55"   --->   Operation 14 'store' 'store_ln0' <Predicate = true> <Delay = 1.58>
ST_1 : Operation 15 [1/1] (1.58ns)   --->   "%store_ln0 = store i66 %sext_ln61_cast, i66 %empty"   --->   Operation 15 'store' 'store_ln0' <Predicate = true> <Delay = 1.58>
ST_1 : Operation 16 [1/1] (0.00ns)   --->   "%br_ln0 = br void %for.body.i.i"   --->   Operation 16 'br' 'br_ln0' <Predicate = true> <Delay = 0.00>

State 2 <SV = 1> <Delay = 4.60>
ST_2 : Operation 17 [1/1] (0.00ns)   --->   "%p_load6 = load i66 %empty_55" [/usr/local/Xilinx/Vitis/2024.2/common/technology/autopilot/etc/hls_cordic_apfixed.h:61->/usr/local/Xilinx/Vitis/2024.2/common/technology/autopilot/etc/hls_cordic_apfixed.h:240->/usr/local/Xilinx/Vitis/2024.2/common/technology/autopilot/hls_math.h:1944->/home/master25/mae26/s.kim/RP/QAOA-TSP-supaero-mae-reasearch/qaoa.cpp:102]   --->   Operation 17 'load' 'p_load6' <Predicate = true> <Delay = 0.00>
ST_2 : Operation 18 [1/1] (0.00ns)   --->   "%p_load = load i66 %empty_56" [/usr/local/Xilinx/Vitis/2024.2/common/technology/autopilot/etc/hls_cordic_apfixed.h:61->/usr/local/Xilinx/Vitis/2024.2/common/technology/autopilot/etc/hls_cordic_apfixed.h:240->/usr/local/Xilinx/Vitis/2024.2/common/technology/autopilot/hls_math.h:1944->/home/master25/mae26/s.kim/RP/QAOA-TSP-supaero-mae-reasearch/qaoa.cpp:102]   --->   Operation 18 'load' 'p_load' <Predicate = true> <Delay = 0.00>
ST_2 : Operation 19 [1/1] (0.00ns)   --->   "%n_1 = load i7 %n" [/usr/local/Xilinx/Vitis/2024.2/common/technology/autopilot/etc/hls_cordic_apfixed.h:61->/usr/local/Xilinx/Vitis/2024.2/common/technology/autopilot/etc/hls_cordic_apfixed.h:240->/usr/local/Xilinx/Vitis/2024.2/common/technology/autopilot/hls_math.h:1944->/home/master25/mae26/s.kim/RP/QAOA-TSP-supaero-mae-reasearch/qaoa.cpp:102]   --->   Operation 19 'load' 'n_1' <Predicate = true> <Delay = 0.00>
ST_2 : Operation 20 [1/1] (0.00ns)   --->   "%trunc_ln61 = trunc i66 %p_load6" [/usr/local/Xilinx/Vitis/2024.2/common/technology/autopilot/etc/hls_cordic_apfixed.h:61->/usr/local/Xilinx/Vitis/2024.2/common/technology/autopilot/etc/hls_cordic_apfixed.h:240->/usr/local/Xilinx/Vitis/2024.2/common/technology/autopilot/hls_math.h:1944->/home/master25/mae26/s.kim/RP/QAOA-TSP-supaero-mae-reasearch/qaoa.cpp:102]   --->   Operation 20 'trunc' 'trunc_ln61' <Predicate = true> <Delay = 0.00>
ST_2 : Operation 21 [1/1] (0.00ns)   --->   "%trunc_ln61_1 = trunc i66 %p_load" [/usr/local/Xilinx/Vitis/2024.2/common/technology/autopilot/etc/hls_cordic_apfixed.h:61->/usr/local/Xilinx/Vitis/2024.2/common/technology/autopilot/etc/hls_cordic_apfixed.h:240->/usr/local/Xilinx/Vitis/2024.2/common/technology/autopilot/hls_math.h:1944->/home/master25/mae26/s.kim/RP/QAOA-TSP-supaero-mae-reasearch/qaoa.cpp:102]   --->   Operation 21 'trunc' 'trunc_ln61_1' <Predicate = true> <Delay = 0.00>
ST_2 : Operation 22 [1/1] (1.87ns)   --->   "%icmp_ln61 = icmp_eq  i7 %n_1, i7 66" [/usr/local/Xilinx/Vitis/2024.2/common/technology/autopilot/etc/hls_cordic_apfixed.h:61->/usr/local/Xilinx/Vitis/2024.2/common/technology/autopilot/etc/hls_cordic_apfixed.h:240->/usr/local/Xilinx/Vitis/2024.2/common/technology/autopilot/hls_math.h:1944->/home/master25/mae26/s.kim/RP/QAOA-TSP-supaero-mae-reasearch/qaoa.cpp:102]   --->   Operation 22 'icmp' 'icmp_ln61' <Predicate = true> <Delay = 1.87> <CoreInst = "Cmp">   --->   Core 9 'Cmp' <Latency = 0> <II = 1> <Delay = 1.87> <FuncUnit> <Opcode : 'seteq' 'setne' 'setle' 'setge' 'setlt' 'setgt'> <InPorts = 2> <OutPorts = 1>
ST_2 : Operation 23 [1/1] (1.87ns)   --->   "%add_ln61 = add i7 %n_1, i7 1" [/usr/local/Xilinx/Vitis/2024.2/common/technology/autopilot/etc/hls_cordic_apfixed.h:61->/usr/local/Xilinx/Vitis/2024.2/common/technology/autopilot/etc/hls_cordic_apfixed.h:240->/usr/local/Xilinx/Vitis/2024.2/common/technology/autopilot/hls_math.h:1944->/home/master25/mae26/s.kim/RP/QAOA-TSP-supaero-mae-reasearch/qaoa.cpp:102]   --->   Operation 23 'add' 'add_ln61' <Predicate = true> <Delay = 1.87> <CoreInst = "Adder">   --->   Core 1 'Adder' <Latency = 0> <II = 1> <Delay = 1.87> <FuncUnit> <Opcode : 'add' 'sub'> <InPorts = 2> <OutPorts = 1>
ST_2 : Operation 24 [1/1] (0.00ns)   --->   "%br_ln61 = br i1 %icmp_ln61, void %for.body.i.split_ifconv.i, void %generic_sincos<64, 24>.exit.exitStub" [/usr/local/Xilinx/Vitis/2024.2/common/technology/autopilot/etc/hls_cordic_apfixed.h:61->/usr/local/Xilinx/Vitis/2024.2/common/technology/autopilot/etc/hls_cordic_apfixed.h:240->/usr/local/Xilinx/Vitis/2024.2/common/technology/autopilot/hls_math.h:1944->/home/master25/mae26/s.kim/RP/QAOA-TSP-supaero-mae-reasearch/qaoa.cpp:102]   --->   Operation 24 'br' 'br_ln61' <Predicate = true> <Delay = 0.00>
ST_2 : Operation 25 [1/1] (0.00ns)   --->   "%zext_ln61 = zext i7 %n_1" [/usr/local/Xilinx/Vitis/2024.2/common/technology/autopilot/etc/hls_cordic_apfixed.h:61->/usr/local/Xilinx/Vitis/2024.2/common/technology/autopilot/etc/hls_cordic_apfixed.h:240->/usr/local/Xilinx/Vitis/2024.2/common/technology/autopilot/hls_math.h:1944->/home/master25/mae26/s.kim/RP/QAOA-TSP-supaero-mae-reasearch/qaoa.cpp:102]   --->   Operation 25 'zext' 'zext_ln61' <Predicate = (!icmp_ln61)> <Delay = 0.00>
ST_2 : Operation 26 [1/1] (0.00ns)   --->   "%zext_ln71 = zext i7 %n_1" [/usr/local/Xilinx/Vitis/2024.2/common/technology/autopilot/etc/hls_cordic_apfixed.h:71->/usr/local/Xilinx/Vitis/2024.2/common/technology/autopilot/etc/hls_cordic_apfixed.h:240->/usr/local/Xilinx/Vitis/2024.2/common/technology/autopilot/hls_math.h:1944->/home/master25/mae26/s.kim/RP/QAOA-TSP-supaero-mae-reasearch/qaoa.cpp:102]   --->   Operation 26 'zext' 'zext_ln71' <Predicate = (!icmp_ln61)> <Delay = 0.00>
ST_2 : Operation 27 [1/1] (4.60ns)   --->   "%x_s = ashr i66 %p_load6, i66 %zext_ln71" [/usr/local/Xilinx/Vitis/2024.2/common/technology/autopilot/etc/hls_cordic_apfixed.h:71->/usr/local/Xilinx/Vitis/2024.2/common/technology/autopilot/etc/hls_cordic_apfixed.h:240->/usr/local/Xilinx/Vitis/2024.2/common/technology/autopilot/hls_math.h:1944->/home/master25/mae26/s.kim/RP/QAOA-TSP-supaero-mae-reasearch/qaoa.cpp:102]   --->   Operation 27 'ashr' 'x_s' <Predicate = (!icmp_ln61)> <Delay = 4.60> <CoreInst = "Shifter">   --->   Core 75 'Shifter' <Latency = 0> <II = 1> <Delay = 4.60> <FuncUnit> <Opcode : 'shl' 'lshr' 'ashr'> <InPorts = 2> <OutPorts = 1>
ST_2 : Operation 28 [1/1] (4.60ns)   --->   "%y_s = ashr i66 %p_load, i66 %zext_ln71" [/usr/local/Xilinx/Vitis/2024.2/common/technology/autopilot/etc/hls_cordic_apfixed.h:72->/usr/local/Xilinx/Vitis/2024.2/common/technology/autopilot/etc/hls_cordic_apfixed.h:240->/usr/local/Xilinx/Vitis/2024.2/common/technology/autopilot/hls_math.h:1944->/home/master25/mae26/s.kim/RP/QAOA-TSP-supaero-mae-reasearch/qaoa.cpp:102]   --->   Operation 28 'ashr' 'y_s' <Predicate = (!icmp_ln61)> <Delay = 4.60> <CoreInst = "Shifter">   --->   Core 75 'Shifter' <Latency = 0> <II = 1> <Delay = 4.60> <FuncUnit> <Opcode : 'shl' 'lshr' 'ashr'> <InPorts = 2> <OutPorts = 1>
ST_2 : Operation 29 [1/1] (0.00ns)   --->   "%circ_table_arctan_1289_addr = getelementptr i126 %circ_table_arctan_1289, i64 0, i64 %zext_ln61" [/usr/local/Xilinx/Vitis/2024.2/common/technology/autopilot/etc/hls_cordic_apfixed.h:73->/usr/local/Xilinx/Vitis/2024.2/common/technology/autopilot/etc/hls_cordic_apfixed.h:240->/usr/local/Xilinx/Vitis/2024.2/common/technology/autopilot/hls_math.h:1944->/home/master25/mae26/s.kim/RP/QAOA-TSP-supaero-mae-reasearch/qaoa.cpp:102]   --->   Operation 29 'getelementptr' 'circ_table_arctan_1289_addr' <Predicate = (!icmp_ln61)> <Delay = 0.00>
ST_2 : Operation 30 [2/2] (3.25ns)   --->   "%circ_table_arctan_1289_load = load i7 %circ_table_arctan_1289_addr" [/usr/local/Xilinx/Vitis/2024.2/common/technology/autopilot/etc/hls_cordic_apfixed.h:73->/usr/local/Xilinx/Vitis/2024.2/common/technology/autopilot/etc/hls_cordic_apfixed.h:240->/usr/local/Xilinx/Vitis/2024.2/common/technology/autopilot/hls_math.h:1944->/home/master25/mae26/s.kim/RP/QAOA-TSP-supaero-mae-reasearch/qaoa.cpp:102]   --->   Operation 30 'load' 'circ_table_arctan_1289_load' <Predicate = (!icmp_ln61)> <Delay = 3.25> <CoreInst = "ROM">   --->   Core 94 'ROM' <Latency = 1> <II = 1> <Delay = 3.25> <Storage> <Opcode : 'load'> <Ports = 0> <Width = 126> <Depth = 128> <ROM>
ST_2 : Operation 31 [1/1] (1.58ns)   --->   "%store_ln61 = store i7 %add_ln61, i7 %n" [/usr/local/Xilinx/Vitis/2024.2/common/technology/autopilot/etc/hls_cordic_apfixed.h:61->/usr/local/Xilinx/Vitis/2024.2/common/technology/autopilot/etc/hls_cordic_apfixed.h:240->/usr/local/Xilinx/Vitis/2024.2/common/technology/autopilot/hls_math.h:1944->/home/master25/mae26/s.kim/RP/QAOA-TSP-supaero-mae-reasearch/qaoa.cpp:102]   --->   Operation 31 'store' 'store_ln61' <Predicate = (!icmp_ln61)> <Delay = 1.58>
ST_2 : Operation 53 [1/1] (0.00ns)   --->   "%write_ln61 = write void @_ssdm_op_Write.ap_auto.i65P0A, i65 %p_out, i65 %trunc_ln61_1" [/usr/local/Xilinx/Vitis/2024.2/common/technology/autopilot/etc/hls_cordic_apfixed.h:61->/usr/local/Xilinx/Vitis/2024.2/common/technology/autopilot/etc/hls_cordic_apfixed.h:240->/usr/local/Xilinx/Vitis/2024.2/common/technology/autopilot/hls_math.h:1944->/home/master25/mae26/s.kim/RP/QAOA-TSP-supaero-mae-reasearch/qaoa.cpp:102]   --->   Operation 53 'write' 'write_ln61' <Predicate = (icmp_ln61)> <Delay = 0.00>
ST_2 : Operation 54 [1/1] (0.00ns)   --->   "%write_ln61 = write void @_ssdm_op_Write.ap_auto.i65P0A, i65 %p_out1, i65 %trunc_ln61" [/usr/local/Xilinx/Vitis/2024.2/common/technology/autopilot/etc/hls_cordic_apfixed.h:61->/usr/local/Xilinx/Vitis/2024.2/common/technology/autopilot/etc/hls_cordic_apfixed.h:240->/usr/local/Xilinx/Vitis/2024.2/common/technology/autopilot/hls_math.h:1944->/home/master25/mae26/s.kim/RP/QAOA-TSP-supaero-mae-reasearch/qaoa.cpp:102]   --->   Operation 54 'write' 'write_ln61' <Predicate = (icmp_ln61)> <Delay = 0.00>
ST_2 : Operation 55 [1/1] (1.58ns)   --->   "%ret_ln0 = ret"   --->   Operation 55 'ret' 'ret_ln0' <Predicate = (icmp_ln61)> <Delay = 1.58>

State 3 <SV = 2> <Delay = 6.59>
ST_3 : Operation 32 [1/1] (0.00ns)   --->   "%p_load7 = load i66 %empty" [/usr/local/Xilinx/Vitis/2024.2/common/technology/autopilot/etc/hls_cordic_apfixed.h:78->/usr/local/Xilinx/Vitis/2024.2/common/technology/autopilot/etc/hls_cordic_apfixed.h:240->/usr/local/Xilinx/Vitis/2024.2/common/technology/autopilot/hls_math.h:1944->/home/master25/mae26/s.kim/RP/QAOA-TSP-supaero-mae-reasearch/qaoa.cpp:102]   --->   Operation 32 'load' 'p_load7' <Predicate = (!icmp_ln61)> <Delay = 0.00>
ST_3 : Operation 33 [1/1] (0.00ns)   --->   "%d = bitselect i1 @_ssdm_op_BitSelect.i1.i66.i32, i66 %p_load7, i32 65" [/usr/local/Xilinx/Vitis/2024.2/common/technology/autopilot/etc/hls_cordic_apfixed.h:68->/usr/local/Xilinx/Vitis/2024.2/common/technology/autopilot/etc/hls_cordic_apfixed.h:240->/usr/local/Xilinx/Vitis/2024.2/common/technology/autopilot/hls_math.h:1944->/home/master25/mae26/s.kim/RP/QAOA-TSP-supaero-mae-reasearch/qaoa.cpp:102]   --->   Operation 33 'bitselect' 'd' <Predicate = (!icmp_ln61)> <Delay = 0.00>
ST_3 : Operation 34 [1/2] ( I:3.25ns O:3.25ns )   --->   "%circ_table_arctan_1289_load = load i7 %circ_table_arctan_1289_addr" [/usr/local/Xilinx/Vitis/2024.2/common/technology/autopilot/etc/hls_cordic_apfixed.h:73->/usr/local/Xilinx/Vitis/2024.2/common/technology/autopilot/etc/hls_cordic_apfixed.h:240->/usr/local/Xilinx/Vitis/2024.2/common/technology/autopilot/hls_math.h:1944->/home/master25/mae26/s.kim/RP/QAOA-TSP-supaero-mae-reasearch/qaoa.cpp:102]   --->   Operation 34 'load' 'circ_table_arctan_1289_load' <Predicate = (!icmp_ln61)> <Delay = 3.25> <CoreInst = "ROM">   --->   Core 94 'ROM' <Latency = 1> <II = 1> <Delay = 3.25> <Storage> <Opcode : 'load'> <Ports = 0> <Width = 126> <Depth = 128> <ROM>
ST_3 : Operation 35 [1/1] (0.00ns)   --->   "%tmp_s = partselect i63 @_ssdm_op_PartSelect.i63.i126.i32.i32, i126 %circ_table_arctan_1289_load, i32 63, i32 125" [/usr/local/Xilinx/Vitis/2024.2/common/technology/autopilot/etc/hls_cordic_apfixed.h:73->/usr/local/Xilinx/Vitis/2024.2/common/technology/autopilot/etc/hls_cordic_apfixed.h:240->/usr/local/Xilinx/Vitis/2024.2/common/technology/autopilot/hls_math.h:1944->/home/master25/mae26/s.kim/RP/QAOA-TSP-supaero-mae-reasearch/qaoa.cpp:102]   --->   Operation 35 'partselect' 'tmp_s' <Predicate = (!icmp_ln61)> <Delay = 0.00>
ST_3 : Operation 36 [1/1] (3.57ns)   --->   "%add_ln76 = add i66 %p_load6, i66 %y_s" [/usr/local/Xilinx/Vitis/2024.2/common/technology/autopilot/etc/hls_cordic_apfixed.h:76->/usr/local/Xilinx/Vitis/2024.2/common/technology/autopilot/etc/hls_cordic_apfixed.h:240->/usr/local/Xilinx/Vitis/2024.2/common/technology/autopilot/hls_math.h:1944->/home/master25/mae26/s.kim/RP/QAOA-TSP-supaero-mae-reasearch/qaoa.cpp:102]   --->   Operation 36 'add' 'add_ln76' <Predicate = (!icmp_ln61)> <Delay = 3.57> <CoreInst = "Adder">   --->   Core 1 'Adder' <Latency = 0> <II = 1> <Delay = 3.57> <FuncUnit> <Opcode : 'add' 'sub'> <InPorts = 2> <OutPorts = 1>
ST_3 : Operation 37 [1/1] (3.57ns)   --->   "%sub_ln77 = sub i66 %p_load, i66 %x_s" [/usr/local/Xilinx/Vitis/2024.2/common/technology/autopilot/etc/hls_cordic_apfixed.h:77->/usr/local/Xilinx/Vitis/2024.2/common/technology/autopilot/etc/hls_cordic_apfixed.h:240->/usr/local/Xilinx/Vitis/2024.2/common/technology/autopilot/hls_math.h:1944->/home/master25/mae26/s.kim/RP/QAOA-TSP-supaero-mae-reasearch/qaoa.cpp:102]   --->   Operation 37 'sub' 'sub_ln77' <Predicate = (!icmp_ln61)> <Delay = 3.57> <CoreInst = "Adder">   --->   Core 1 'Adder' <Latency = 0> <II = 1> <Delay = 3.57> <FuncUnit> <Opcode : 'add' 'sub'> <InPorts = 2> <OutPorts = 1>
ST_3 : Operation 38 [1/1] (3.57ns)   --->   "%sub_ln81 = sub i66 %p_load6, i66 %y_s" [/usr/local/Xilinx/Vitis/2024.2/common/technology/autopilot/etc/hls_cordic_apfixed.h:81->/usr/local/Xilinx/Vitis/2024.2/common/technology/autopilot/etc/hls_cordic_apfixed.h:240->/usr/local/Xilinx/Vitis/2024.2/common/technology/autopilot/hls_math.h:1944->/home/master25/mae26/s.kim/RP/QAOA-TSP-supaero-mae-reasearch/qaoa.cpp:102]   --->   Operation 38 'sub' 'sub_ln81' <Predicate = (!icmp_ln61)> <Delay = 3.57> <CoreInst = "Adder">   --->   Core 1 'Adder' <Latency = 0> <II = 1> <Delay = 3.57> <FuncUnit> <Opcode : 'add' 'sub'> <InPorts = 2> <OutPorts = 1>
ST_3 : Operation 39 [1/1] (3.57ns)   --->   "%add_ln82 = add i66 %x_s, i66 %p_load" [/usr/local/Xilinx/Vitis/2024.2/common/technology/autopilot/etc/hls_cordic_apfixed.h:82->/usr/local/Xilinx/Vitis/2024.2/common/technology/autopilot/etc/hls_cordic_apfixed.h:240->/usr/local/Xilinx/Vitis/2024.2/common/technology/autopilot/hls_math.h:1944->/home/master25/mae26/s.kim/RP/QAOA-TSP-supaero-mae-reasearch/qaoa.cpp:102]   --->   Operation 39 'add' 'add_ln82' <Predicate = (!icmp_ln61)> <Delay = 3.57> <CoreInst = "Adder">   --->   Core 1 'Adder' <Latency = 0> <II = 1> <Delay = 3.57> <FuncUnit> <Opcode : 'add' 'sub'> <InPorts = 2> <OutPorts = 1>
ST_3 : Operation 40 [1/1] (1.42ns)   --->   "%tx = select i1 %d, i66 %add_ln76, i66 %sub_ln81" [/usr/local/Xilinx/Vitis/2024.2/common/technology/autopilot/etc/hls_cordic_apfixed.h:68->/usr/local/Xilinx/Vitis/2024.2/common/technology/autopilot/etc/hls_cordic_apfixed.h:240->/usr/local/Xilinx/Vitis/2024.2/common/technology/autopilot/hls_math.h:1944->/home/master25/mae26/s.kim/RP/QAOA-TSP-supaero-mae-reasearch/qaoa.cpp:102]   --->   Operation 40 'select' 'tx' <Predicate = (!icmp_ln61)> <Delay = 1.42> <CoreInst = "Sel">   --->   Core 73 'Sel' <Latency = 0> <II = 1> <Delay = 1.42> <FuncUnit> <Opcode : 'select'> <InPorts = 3> <OutPorts = 1>
ST_3 : Operation 41 [1/1] (1.42ns)   --->   "%ty = select i1 %d, i66 %sub_ln77, i66 %add_ln82" [/usr/local/Xilinx/Vitis/2024.2/common/technology/autopilot/etc/hls_cordic_apfixed.h:68->/usr/local/Xilinx/Vitis/2024.2/common/technology/autopilot/etc/hls_cordic_apfixed.h:240->/usr/local/Xilinx/Vitis/2024.2/common/technology/autopilot/hls_math.h:1944->/home/master25/mae26/s.kim/RP/QAOA-TSP-supaero-mae-reasearch/qaoa.cpp:102]   --->   Operation 41 'select' 'ty' <Predicate = (!icmp_ln61)> <Delay = 1.42> <CoreInst = "Sel">   --->   Core 73 'Sel' <Latency = 0> <II = 1> <Delay = 1.42> <FuncUnit> <Opcode : 'select'> <InPorts = 3> <OutPorts = 1>
ST_3 : Operation 42 [1/1] (1.58ns)   --->   "%store_ln68 = store i66 %ty, i66 %empty_56" [/usr/local/Xilinx/Vitis/2024.2/common/technology/autopilot/etc/hls_cordic_apfixed.h:68->/usr/local/Xilinx/Vitis/2024.2/common/technology/autopilot/etc/hls_cordic_apfixed.h:240->/usr/local/Xilinx/Vitis/2024.2/common/technology/autopilot/hls_math.h:1944->/home/master25/mae26/s.kim/RP/QAOA-TSP-supaero-mae-reasearch/qaoa.cpp:102]   --->   Operation 42 'store' 'store_ln68' <Predicate = (!icmp_ln61)> <Delay = 1.58>
ST_3 : Operation 43 [1/1] (1.58ns)   --->   "%store_ln68 = store i66 %tx, i66 %empty_55" [/usr/local/Xilinx/Vitis/2024.2/common/technology/autopilot/etc/hls_cordic_apfixed.h:68->/usr/local/Xilinx/Vitis/2024.2/common/technology/autopilot/etc/hls_cordic_apfixed.h:240->/usr/local/Xilinx/Vitis/2024.2/common/technology/autopilot/hls_math.h:1944->/home/master25/mae26/s.kim/RP/QAOA-TSP-supaero-mae-reasearch/qaoa.cpp:102]   --->   Operation 43 'store' 'store_ln68' <Predicate = (!icmp_ln61)> <Delay = 1.58>

State 4 <SV = 3> <Delay = 6.59>
ST_4 : Operation 44 [1/1] (0.00ns)   --->   "%specpipeline_ln62 = specpipeline void @_ssdm_op_SpecPipeline, i32 4294967295, i32 0, i32 0, i32 0, void @empty_0" [/usr/local/Xilinx/Vitis/2024.2/common/technology/autopilot/etc/hls_cordic_apfixed.h:62->/usr/local/Xilinx/Vitis/2024.2/common/technology/autopilot/etc/hls_cordic_apfixed.h:240->/usr/local/Xilinx/Vitis/2024.2/common/technology/autopilot/hls_math.h:1944->/home/master25/mae26/s.kim/RP/QAOA-TSP-supaero-mae-reasearch/qaoa.cpp:102]   --->   Operation 44 'specpipeline' 'specpipeline_ln62' <Predicate = true> <Delay = 0.00>
ST_4 : Operation 45 [1/1] (0.00ns)   --->   "%speclooptripcount_ln61 = speclooptripcount void @_ssdm_op_SpecLoopTripCount, i64 66, i64 66, i64 66" [/usr/local/Xilinx/Vitis/2024.2/common/technology/autopilot/etc/hls_cordic_apfixed.h:61->/usr/local/Xilinx/Vitis/2024.2/common/technology/autopilot/etc/hls_cordic_apfixed.h:240->/usr/local/Xilinx/Vitis/2024.2/common/technology/autopilot/hls_math.h:1944->/home/master25/mae26/s.kim/RP/QAOA-TSP-supaero-mae-reasearch/qaoa.cpp:102]   --->   Operation 45 'speclooptripcount' 'speclooptripcount_ln61' <Predicate = true> <Delay = 0.00>
ST_4 : Operation 46 [1/1] (0.00ns)   --->   "%specloopname_ln61 = specloopname void @_ssdm_op_SpecLoopName, void @empty_10" [/usr/local/Xilinx/Vitis/2024.2/common/technology/autopilot/etc/hls_cordic_apfixed.h:61->/usr/local/Xilinx/Vitis/2024.2/common/technology/autopilot/etc/hls_cordic_apfixed.h:240->/usr/local/Xilinx/Vitis/2024.2/common/technology/autopilot/hls_math.h:1944->/home/master25/mae26/s.kim/RP/QAOA-TSP-supaero-mae-reasearch/qaoa.cpp:102]   --->   Operation 46 'specloopname' 'specloopname_ln61' <Predicate = true> <Delay = 0.00>
ST_4 : Operation 47 [1/1] (0.00ns)   --->   "%zext_ln73 = zext i63 %tmp_s" [/usr/local/Xilinx/Vitis/2024.2/common/technology/autopilot/etc/hls_cordic_apfixed.h:73->/usr/local/Xilinx/Vitis/2024.2/common/technology/autopilot/etc/hls_cordic_apfixed.h:240->/usr/local/Xilinx/Vitis/2024.2/common/technology/autopilot/hls_math.h:1944->/home/master25/mae26/s.kim/RP/QAOA-TSP-supaero-mae-reasearch/qaoa.cpp:102]   --->   Operation 47 'zext' 'zext_ln73' <Predicate = true> <Delay = 0.00>
ST_4 : Operation 48 [1/1] (3.57ns)   --->   "%add_ln78 = add i66 %zext_ln73, i66 %p_load7" [/usr/local/Xilinx/Vitis/2024.2/common/technology/autopilot/etc/hls_cordic_apfixed.h:78->/usr/local/Xilinx/Vitis/2024.2/common/technology/autopilot/etc/hls_cordic_apfixed.h:240->/usr/local/Xilinx/Vitis/2024.2/common/technology/autopilot/hls_math.h:1944->/home/master25/mae26/s.kim/RP/QAOA-TSP-supaero-mae-reasearch/qaoa.cpp:102]   --->   Operation 48 'add' 'add_ln78' <Predicate = (d)> <Delay = 3.57> <CoreInst = "Adder">   --->   Core 1 'Adder' <Latency = 0> <II = 1> <Delay = 3.57> <FuncUnit> <Opcode : 'add' 'sub'> <InPorts = 2> <OutPorts = 1>
ST_4 : Operation 49 [1/1] (3.57ns)   --->   "%sub_ln83 = sub i66 %p_load7, i66 %zext_ln73" [/usr/local/Xilinx/Vitis/2024.2/common/technology/autopilot/etc/hls_cordic_apfixed.h:83->/usr/local/Xilinx/Vitis/2024.2/common/technology/autopilot/etc/hls_cordic_apfixed.h:240->/usr/local/Xilinx/Vitis/2024.2/common/technology/autopilot/hls_math.h:1944->/home/master25/mae26/s.kim/RP/QAOA-TSP-supaero-mae-reasearch/qaoa.cpp:102]   --->   Operation 49 'sub' 'sub_ln83' <Predicate = (!d)> <Delay = 3.57> <CoreInst = "Adder">   --->   Core 1 'Adder' <Latency = 0> <II = 1> <Delay = 3.57> <FuncUnit> <Opcode : 'add' 'sub'> <InPorts = 2> <OutPorts = 1>
ST_4 : Operation 50 [1/1] (1.42ns)   --->   "%tz = select i1 %d, i66 %add_ln78, i66 %sub_ln83" [/usr/local/Xilinx/Vitis/2024.2/common/technology/autopilot/etc/hls_cordic_apfixed.h:68->/usr/local/Xilinx/Vitis/2024.2/common/technology/autopilot/etc/hls_cordic_apfixed.h:240->/usr/local/Xilinx/Vitis/2024.2/common/technology/autopilot/hls_math.h:1944->/home/master25/mae26/s.kim/RP/QAOA-TSP-supaero-mae-reasearch/qaoa.cpp:102]   --->   Operation 50 'select' 'tz' <Predicate = true> <Delay = 1.42> <CoreInst = "Sel">   --->   Core 73 'Sel' <Latency = 0> <II = 1> <Delay = 1.42> <FuncUnit> <Opcode : 'select'> <InPorts = 3> <OutPorts = 1>
ST_4 : Operation 51 [1/1] (1.58ns)   --->   "%store_ln68 = store i66 %tz, i66 %empty" [/usr/local/Xilinx/Vitis/2024.2/common/technology/autopilot/etc/hls_cordic_apfixed.h:68->/usr/local/Xilinx/Vitis/2024.2/common/technology/autopilot/etc/hls_cordic_apfixed.h:240->/usr/local/Xilinx/Vitis/2024.2/common/technology/autopilot/hls_math.h:1944->/home/master25/mae26/s.kim/RP/QAOA-TSP-supaero-mae-reasearch/qaoa.cpp:102]   --->   Operation 51 'store' 'store_ln68' <Predicate = true> <Delay = 1.58>
ST_4 : Operation 52 [1/1] (0.00ns)   --->   "%br_ln61 = br void %for.body.i.i" [/usr/local/Xilinx/Vitis/2024.2/common/technology/autopilot/etc/hls_cordic_apfixed.h:61->/usr/local/Xilinx/Vitis/2024.2/common/technology/autopilot/etc/hls_cordic_apfixed.h:240->/usr/local/Xilinx/Vitis/2024.2/common/technology/autopilot/hls_math.h:1944->/home/master25/mae26/s.kim/RP/QAOA-TSP-supaero-mae-reasearch/qaoa.cpp:102]   --->   Operation 52 'br' 'br_ln61' <Predicate = true> <Delay = 0.00>


============================================================
+ Verbose Summary: Binding
============================================================
STG Binding: 
---------------- STG Properties BEGIN ----------------
- Is combinational: 0
- Is one-state seq: 0
- Is datapath-only: 0
- Is pipelined: 0
- Is top level: 0
Port [ Return ] is wired: 1; IO mode=ap_ctrl_hs:ce=0
Port [ sext_ln61]:  wired=1; compound=0; hidden=0; nouse=0; global=0; static=0; extern=0; dir=0; type=0; pingpong=0; private_global=0; IO mode=ap_none:ce=0
Port [ p_out]:  wired=1; compound=0; hidden=0; nouse=0; global=0; static=0; extern=0; dir=1; type=0; pingpong=0; private_global=0; IO mode=ap_vld:ce=0
Port [ p_out1]:  wired=1; compound=0; hidden=0; nouse=0; global=0; static=0; extern=0; dir=1; type=0; pingpong=0; private_global=0; IO mode=ap_vld:ce=0
Port [ circ_table_arctan_1289]:  wired=0; compound=1; hidden=1; nouse=0; global=1; static=1; extern=0; dir=0; type=1; pingpong=0; private_global=1; MemPort=[1]; IO mode=ap_memory:ce=0
---------------- STG Properties END ------------------

---------------- Datapath Model BEGIN ----------------

<LifeTime>
<method=bitvector/>
empty                       (alloca           ) [ 01111]
empty_55                    (alloca           ) [ 01110]
empty_56                    (alloca           ) [ 01110]
n                           (alloca           ) [ 01100]
sext_ln61_read              (read             ) [ 00000]
sext_ln61_cast              (sext             ) [ 00000]
store_ln61                  (store            ) [ 00000]
store_ln0                   (store            ) [ 00000]
store_ln0                   (store            ) [ 00000]
store_ln0                   (store            ) [ 00000]
br_ln0                      (br               ) [ 00000]
p_load6                     (load             ) [ 01010]
p_load                      (load             ) [ 01010]
n_1                         (load             ) [ 00000]
trunc_ln61                  (trunc            ) [ 00000]
trunc_ln61_1                (trunc            ) [ 00000]
icmp_ln61                   (icmp             ) [ 01110]
add_ln61                    (add              ) [ 00000]
br_ln61                     (br               ) [ 00000]
zext_ln61                   (zext             ) [ 00000]
zext_ln71                   (zext             ) [ 00000]
x_s                         (ashr             ) [ 01010]
y_s                         (ashr             ) [ 01010]
circ_table_arctan_1289_addr (getelementptr    ) [ 01010]
store_ln61                  (store            ) [ 00000]
p_load7                     (load             ) [ 00101]
d                           (bitselect        ) [ 00101]
circ_table_arctan_1289_load (load             ) [ 00000]
tmp_s                       (partselect       ) [ 00101]
add_ln76                    (add              ) [ 00000]
sub_ln77                    (sub              ) [ 00000]
sub_ln81                    (sub              ) [ 00000]
add_ln82                    (add              ) [ 00000]
tx                          (select           ) [ 00000]
ty                          (select           ) [ 00000]
store_ln68                  (store            ) [ 00000]
store_ln68                  (store            ) [ 00000]
specpipeline_ln62           (specpipeline     ) [ 00000]
speclooptripcount_ln61      (speclooptripcount) [ 00000]
specloopname_ln61           (specloopname     ) [ 00000]
zext_ln73                   (zext             ) [ 00000]
add_ln78                    (add              ) [ 00000]
sub_ln83                    (sub              ) [ 00000]
tz                          (select           ) [ 00000]
store_ln68                  (store            ) [ 00000]
br_ln61                     (br               ) [ 00000]
write_ln61                  (write            ) [ 00000]
write_ln61                  (write            ) [ 00000]
ret_ln0                     (ret              ) [ 00000]
</LifeTime>

<model>

<comp_list>
<comp id="0" class="1000" name="sext_ln61">
<pin_list>
<pin id="1" dir="1" index="0" bw="1" slack="0"/>
</pin_list>
<bind>
<StgValue><ssdm name="sext_ln61"/></StgValue>
</bind>
</comp>

<comp id="2" class="1000" name="p_out">
<pin_list>
<pin id="3" dir="1" index="0" bw="1" slack="0"/>
</pin_list>
<bind>
<StgValue><ssdm name="p_out"/></StgValue>
</bind>
</comp>

<comp id="4" class="1000" name="p_out1">
<pin_list>
<pin id="5" dir="1" index="0" bw="1" slack="0"/>
</pin_list>
<bind>
<StgValue><ssdm name="p_out1"/></StgValue>
</bind>
</comp>

<comp id="6" class="1000" name="circ_table_arctan_1289">
<pin_list>
<pin id="7" dir="1" index="0" bw="1" slack="0"/>
</pin_list>
<bind>
<StgValue><ssdm name="circ_table_arctan_1289"/><MemPortTyVec>1 </MemPortTyVec>
</StgValue>
</bind>
</comp>

<comp id="8" class="1001" name="const_8">
<pin_list>
<pin id="9" dir="1" index="0" bw="1" slack="0"/>
</pin_list>
<bind>
<StgValue><ssdm name=""/></StgValue>
</bind>
</comp>

<comp id="10" class="1001" name="const_10">
<pin_list>
<pin id="11" dir="1" index="0" bw="1" slack="0"/>
</pin_list>
<bind>
<StgValue><ssdm name="_ssdm_op_Read.ap_auto.i65"/></StgValue>
</bind>
</comp>

<comp id="12" class="1001" name="const_12">
<pin_list>
<pin id="13" dir="1" index="0" bw="1" slack="0"/>
</pin_list>
<bind>
<StgValue><ssdm name=""/></StgValue>
</bind>
</comp>

<comp id="14" class="1001" name="const_14">
<pin_list>
<pin id="15" dir="1" index="0" bw="1" slack="0"/>
</pin_list>
<bind>
<StgValue><ssdm name=""/></StgValue>
</bind>
</comp>

<comp id="16" class="1001" name="const_16">
<pin_list>
<pin id="17" dir="1" index="0" bw="1" slack="0"/>
</pin_list>
<bind>
<StgValue><ssdm name=""/></StgValue>
</bind>
</comp>

<comp id="18" class="1001" name="const_18">
<pin_list>
<pin id="19" dir="1" index="0" bw="1" slack="0"/>
</pin_list>
<bind>
<StgValue><ssdm name=""/></StgValue>
</bind>
</comp>

<comp id="20" class="1001" name="const_20">
<pin_list>
<pin id="21" dir="1" index="0" bw="1" slack="0"/>
</pin_list>
<bind>
<StgValue><ssdm name=""/></StgValue>
</bind>
</comp>

<comp id="22" class="1001" name="const_22">
<pin_list>
<pin id="23" dir="1" index="0" bw="1" slack="0"/>
</pin_list>
<bind>
<StgValue><ssdm name=""/></StgValue>
</bind>
</comp>

<comp id="24" class="1001" name="const_24">
<pin_list>
<pin id="25" dir="1" index="0" bw="1" slack="0"/>
</pin_list>
<bind>
<StgValue><ssdm name="_ssdm_op_BitSelect.i1.i66.i32"/></StgValue>
</bind>
</comp>

<comp id="26" class="1001" name="const_26">
<pin_list>
<pin id="27" dir="1" index="0" bw="1" slack="0"/>
</pin_list>
<bind>
<StgValue><ssdm name=""/></StgValue>
</bind>
</comp>

<comp id="28" class="1001" name="const_28">
<pin_list>
<pin id="29" dir="1" index="0" bw="1" slack="0"/>
</pin_list>
<bind>
<StgValue><ssdm name="_ssdm_op_PartSelect.i63.i126.i32.i32"/></StgValue>
</bind>
</comp>

<comp id="30" class="1001" name="const_30">
<pin_list>
<pin id="31" dir="1" index="0" bw="1" slack="0"/>
</pin_list>
<bind>
<StgValue><ssdm name=""/></StgValue>
</bind>
</comp>

<comp id="32" class="1001" name="const_32">
<pin_list>
<pin id="33" dir="1" index="0" bw="1" slack="0"/>
</pin_list>
<bind>
<StgValue><ssdm name=""/></StgValue>
</bind>
</comp>

<comp id="34" class="1001" name="const_34">
<pin_list>
<pin id="35" dir="1" index="0" bw="1" slack="2147483647"/>
</pin_list>
<bind>
<StgValue><ssdm name="_ssdm_op_SpecPipeline"/></StgValue>
</bind>
</comp>

<comp id="36" class="1001" name="const_36">
<pin_list>
<pin id="37" dir="1" index="0" bw="1" slack="2147483647"/>
</pin_list>
<bind>
<StgValue><ssdm name=""/></StgValue>
</bind>
</comp>

<comp id="38" class="1001" name="const_38">
<pin_list>
<pin id="39" dir="1" index="0" bw="1" slack="2147483647"/>
</pin_list>
<bind>
<StgValue><ssdm name=""/></StgValue>
</bind>
</comp>

<comp id="40" class="1001" name="const_40">
<pin_list>
<pin id="41" dir="1" index="0" bw="1" slack="2147483647"/>
</pin_list>
<bind>
<StgValue><ssdm name="empty_0"/></StgValue>
</bind>
</comp>

<comp id="42" class="1001" name="const_42">
<pin_list>
<pin id="43" dir="1" index="0" bw="1" slack="2147483647"/>
</pin_list>
<bind>
<StgValue><ssdm name="_ssdm_op_SpecLoopTripCount"/></StgValue>
</bind>
</comp>

<comp id="44" class="1001" name="const_44">
<pin_list>
<pin id="45" dir="1" index="0" bw="1" slack="2147483647"/>
</pin_list>
<bind>
<StgValue><ssdm name=""/></StgValue>
</bind>
</comp>

<comp id="46" class="1001" name="const_46">
<pin_list>
<pin id="47" dir="1" index="0" bw="1" slack="2147483647"/>
</pin_list>
<bind>
<StgValue><ssdm name="_ssdm_op_SpecLoopName"/></StgValue>
</bind>
</comp>

<comp id="48" class="1001" name="const_48">
<pin_list>
<pin id="49" dir="1" index="0" bw="1" slack="2147483647"/>
</pin_list>
<bind>
<StgValue><ssdm name="empty_10"/></StgValue>
</bind>
</comp>

<comp id="50" class="1001" name="const_50">
<pin_list>
<pin id="51" dir="1" index="0" bw="1" slack="0"/>
</pin_list>
<bind>
<StgValue><ssdm name="_ssdm_op_Write.ap_auto.i65P0A"/></StgValue>
</bind>
</comp>

<comp id="52" class="1004" name="empty_fu_52">
<pin_list>
<pin id="53" dir="0" index="0" bw="1" slack="0"/>
<pin id="54" dir="1" index="1" bw="66" slack="0"/>
</pin_list>
<bind>
<opcode="alloca(26) " fcode="alloca"/>
<opset="empty/1 "/>
</bind>
</comp>

<comp id="56" class="1004" name="empty_55_fu_56">
<pin_list>
<pin id="57" dir="0" index="0" bw="1" slack="0"/>
<pin id="58" dir="1" index="1" bw="66" slack="0"/>
</pin_list>
<bind>
<opcode="alloca(26) " fcode="alloca"/>
<opset="empty_55/1 "/>
</bind>
</comp>

<comp id="60" class="1004" name="empty_56_fu_60">
<pin_list>
<pin id="61" dir="0" index="0" bw="1" slack="0"/>
<pin id="62" dir="1" index="1" bw="66" slack="0"/>
</pin_list>
<bind>
<opcode="alloca(26) " fcode="alloca"/>
<opset="empty_56/1 "/>
</bind>
</comp>

<comp id="64" class="1004" name="n_fu_64">
<pin_list>
<pin id="65" dir="0" index="0" bw="1" slack="0"/>
<pin id="66" dir="1" index="1" bw="7" slack="0"/>
</pin_list>
<bind>
<opcode="alloca(26) " fcode="alloca"/>
<opset="n/1 "/>
</bind>
</comp>

<comp id="68" class="1004" name="sext_ln61_read_read_fu_68">
<pin_list>
<pin id="69" dir="0" index="0" bw="65" slack="0"/>
<pin id="70" dir="0" index="1" bw="65" slack="0"/>
<pin id="71" dir="1" index="2" bw="65" slack="0"/>
</pin_list>
<bind>
<opcode="read(1150) " fcode="read"/>
<opset="sext_ln61_read/1 "/>
</bind>
</comp>

<comp id="74" class="1004" name="write_ln61_write_fu_74">
<pin_list>
<pin id="75" dir="0" index="0" bw="0" slack="0"/>
<pin id="76" dir="0" index="1" bw="65" slack="0"/>
<pin id="77" dir="0" index="2" bw="65" slack="0"/>
<pin id="78" dir="1" index="3" bw="0" slack="2147483647"/>
</pin_list>
<bind>
<opcode="write(1151) " fcode="write"/>
<opset="write_ln61/2 "/>
</bind>
</comp>

<comp id="81" class="1004" name="write_ln61_write_fu_81">
<pin_list>
<pin id="82" dir="0" index="0" bw="0" slack="0"/>
<pin id="83" dir="0" index="1" bw="65" slack="0"/>
<pin id="84" dir="0" index="2" bw="65" slack="0"/>
<pin id="85" dir="1" index="3" bw="0" slack="2147483647"/>
</pin_list>
<bind>
<opcode="write(1151) " fcode="write"/>
<opset="write_ln61/2 "/>
</bind>
</comp>

<comp id="88" class="1004" name="circ_table_arctan_1289_addr_gep_fu_88">
<pin_list>
<pin id="89" dir="0" index="0" bw="126" slack="0"/>
<pin id="90" dir="0" index="1" bw="1" slack="0"/>
<pin id="91" dir="0" index="2" bw="7" slack="0"/>
<pin id="92" dir="1" index="3" bw="7" slack="0"/>
</pin_list>
<bind>
<opcode="getelementptr(29) " fcode="getelementptr"/>
<opset="circ_table_arctan_1289_addr/2 "/>
</bind>
</comp>

<comp id="95" class="1004" name="grp_access_fu_95">
<pin_list>
<pin id="96" dir="0" index="0" bw="7" slack="0"/>
<pin id="97" dir="0" index="1" bw="126" slack="2147483647"/>
<pin id="98" dir="0" index="2" bw="0" slack="2147483647"/>
<pin id="99" dir="1" index="3" bw="126" slack="0"/>
</pin_list>
<bind>
<opcode="load(27) " fcode="load"/>
<opset="circ_table_arctan_1289_load/2 "/>
</bind>
</comp>

<comp id="101" class="1004" name="sext_ln61_cast_fu_101">
<pin_list>
<pin id="102" dir="0" index="0" bw="65" slack="0"/>
<pin id="103" dir="1" index="1" bw="66" slack="0"/>
</pin_list>
<bind>
<opcode="sext(35) " fcode="sext"/>
<opset="sext_ln61_cast/1 "/>
</bind>
</comp>

<comp id="105" class="1004" name="store_ln61_store_fu_105">
<pin_list>
<pin id="106" dir="0" index="0" bw="1" slack="0"/>
<pin id="107" dir="0" index="1" bw="7" slack="0"/>
<pin id="108" dir="1" index="2" bw="0" slack="2147483647"/>
</pin_list>
<bind>
<opcode="store(28) " fcode="store"/>
<opset="store_ln61/1 "/>
</bind>
</comp>

<comp id="110" class="1004" name="store_ln0_store_fu_110">
<pin_list>
<pin id="111" dir="0" index="0" bw="1" slack="0"/>
<pin id="112" dir="0" index="1" bw="66" slack="0"/>
<pin id="113" dir="1" index="2" bw="0" slack="2147483647"/>
</pin_list>
<bind>
<opcode="store(28) " fcode="store"/>
<opset="store_ln0/1 "/>
</bind>
</comp>

<comp id="115" class="1004" name="store_ln0_store_fu_115">
<pin_list>
<pin id="116" dir="0" index="0" bw="64" slack="0"/>
<pin id="117" dir="0" index="1" bw="66" slack="0"/>
<pin id="118" dir="1" index="2" bw="0" slack="2147483647"/>
</pin_list>
<bind>
<opcode="store(28) " fcode="store"/>
<opset="store_ln0/1 "/>
</bind>
</comp>

<comp id="120" class="1004" name="store_ln0_store_fu_120">
<pin_list>
<pin id="121" dir="0" index="0" bw="65" slack="0"/>
<pin id="122" dir="0" index="1" bw="66" slack="0"/>
<pin id="123" dir="1" index="2" bw="0" slack="2147483647"/>
</pin_list>
<bind>
<opcode="store(28) " fcode="store"/>
<opset="store_ln0/1 "/>
</bind>
</comp>

<comp id="125" class="1004" name="p_load6_load_fu_125">
<pin_list>
<pin id="126" dir="0" index="0" bw="66" slack="1"/>
<pin id="127" dir="1" index="1" bw="66" slack="0"/>
</pin_list>
<bind>
<opcode="load(27) " fcode="load"/>
<opset="p_load6/2 "/>
</bind>
</comp>

<comp id="128" class="1004" name="p_load_load_fu_128">
<pin_list>
<pin id="129" dir="0" index="0" bw="66" slack="1"/>
<pin id="130" dir="1" index="1" bw="66" slack="0"/>
</pin_list>
<bind>
<opcode="load(27) " fcode="load"/>
<opset="p_load/2 "/>
</bind>
</comp>

<comp id="131" class="1004" name="n_1_load_fu_131">
<pin_list>
<pin id="132" dir="0" index="0" bw="7" slack="1"/>
<pin id="133" dir="1" index="1" bw="7" slack="0"/>
</pin_list>
<bind>
<opcode="load(27) " fcode="load"/>
<opset="n_1/2 "/>
</bind>
</comp>

<comp id="134" class="1004" name="trunc_ln61_fu_134">
<pin_list>
<pin id="135" dir="0" index="0" bw="66" slack="0"/>
<pin id="136" dir="1" index="1" bw="65" slack="0"/>
</pin_list>
<bind>
<opcode="trunc(33) " fcode="trunc"/>
<opset="trunc_ln61/2 "/>
</bind>
</comp>

<comp id="139" class="1004" name="trunc_ln61_1_fu_139">
<pin_list>
<pin id="140" dir="0" index="0" bw="66" slack="0"/>
<pin id="141" dir="1" index="1" bw="65" slack="0"/>
</pin_list>
<bind>
<opcode="trunc(33) " fcode="trunc"/>
<opset="trunc_ln61_1/2 "/>
</bind>
</comp>

<comp id="144" class="1004" name="icmp_ln61_fu_144">
<pin_list>
<pin id="145" dir="0" index="0" bw="7" slack="0"/>
<pin id="146" dir="0" index="1" bw="7" slack="0"/>
<pin id="147" dir="1" index="2" bw="1" slack="1"/>
</pin_list>
<bind>
<opcode="icmp(45) " fcode="icmp"/>
<opset="icmp_ln61/2 "/>
</bind>
</comp>

<comp id="150" class="1004" name="add_ln61_fu_150">
<pin_list>
<pin id="151" dir="0" index="0" bw="7" slack="0"/>
<pin id="152" dir="0" index="1" bw="1" slack="0"/>
<pin id="153" dir="1" index="2" bw="7" slack="0"/>
</pin_list>
<bind>
<opcode="add(8) " fcode="add"/>
<opset="add_ln61/2 "/>
</bind>
</comp>

<comp id="156" class="1004" name="zext_ln61_fu_156">
<pin_list>
<pin id="157" dir="0" index="0" bw="7" slack="0"/>
<pin id="158" dir="1" index="1" bw="64" slack="0"/>
</pin_list>
<bind>
<opcode="zext(34) " fcode="zext"/>
<opset="zext_ln61/2 "/>
</bind>
</comp>

<comp id="161" class="1004" name="zext_ln71_fu_161">
<pin_list>
<pin id="162" dir="0" index="0" bw="7" slack="0"/>
<pin id="163" dir="1" index="1" bw="66" slack="0"/>
</pin_list>
<bind>
<opcode="zext(34) " fcode="zext"/>
<opset="zext_ln71/2 "/>
</bind>
</comp>

<comp id="165" class="1004" name="x_s_fu_165">
<pin_list>
<pin id="166" dir="0" index="0" bw="66" slack="0"/>
<pin id="167" dir="0" index="1" bw="7" slack="0"/>
<pin id="168" dir="1" index="2" bw="66" slack="1"/>
</pin_list>
<bind>
<opcode="ashr(22) " fcode="ashr"/>
<opset="x_s/2 "/>
</bind>
</comp>

<comp id="171" class="1004" name="y_s_fu_171">
<pin_list>
<pin id="172" dir="0" index="0" bw="66" slack="0"/>
<pin id="173" dir="0" index="1" bw="7" slack="0"/>
<pin id="174" dir="1" index="2" bw="66" slack="1"/>
</pin_list>
<bind>
<opcode="ashr(22) " fcode="ashr"/>
<opset="y_s/2 "/>
</bind>
</comp>

<comp id="177" class="1004" name="store_ln61_store_fu_177">
<pin_list>
<pin id="178" dir="0" index="0" bw="7" slack="0"/>
<pin id="179" dir="0" index="1" bw="7" slack="1"/>
<pin id="180" dir="1" index="2" bw="0" slack="2147483647"/>
</pin_list>
<bind>
<opcode="store(28) " fcode="store"/>
<opset="store_ln61/2 "/>
</bind>
</comp>

<comp id="182" class="1004" name="p_load7_load_fu_182">
<pin_list>
<pin id="183" dir="0" index="0" bw="66" slack="2"/>
<pin id="184" dir="1" index="1" bw="66" slack="0"/>
</pin_list>
<bind>
<opcode="load(27) " fcode="load"/>
<opset="p_load7/3 "/>
</bind>
</comp>

<comp id="185" class="1004" name="d_fu_185">
<pin_list>
<pin id="186" dir="0" index="0" bw="1" slack="0"/>
<pin id="187" dir="0" index="1" bw="66" slack="0"/>
<pin id="188" dir="0" index="2" bw="8" slack="0"/>
<pin id="189" dir="1" index="3" bw="1" slack="0"/>
</pin_list>
<bind>
<opcode="bitselect(1000) " fcode="bitselect"/>
<opset="d/3 "/>
</bind>
</comp>

<comp id="193" class="1004" name="tmp_s_fu_193">
<pin_list>
<pin id="194" dir="0" index="0" bw="63" slack="0"/>
<pin id="195" dir="0" index="1" bw="126" slack="0"/>
<pin id="196" dir="0" index="2" bw="7" slack="0"/>
<pin id="197" dir="0" index="3" bw="8" slack="0"/>
<pin id="198" dir="1" index="4" bw="63" slack="1"/>
</pin_list>
<bind>
<opcode="partselect(1002) " fcode="partselect"/>
<opset="tmp_s/3 "/>
</bind>
</comp>

<comp id="203" class="1004" name="add_ln76_fu_203">
<pin_list>
<pin id="204" dir="0" index="0" bw="66" slack="1"/>
<pin id="205" dir="0" index="1" bw="66" slack="1"/>
<pin id="206" dir="1" index="2" bw="66" slack="0"/>
</pin_list>
<bind>
<opcode="add(8) " fcode="add"/>
<opset="add_ln76/3 "/>
</bind>
</comp>

<comp id="207" class="1004" name="sub_ln77_fu_207">
<pin_list>
<pin id="208" dir="0" index="0" bw="66" slack="1"/>
<pin id="209" dir="0" index="1" bw="66" slack="1"/>
<pin id="210" dir="1" index="2" bw="66" slack="0"/>
</pin_list>
<bind>
<opcode="sub(10) " fcode="sub"/>
<opset="sub_ln77/3 "/>
</bind>
</comp>

<comp id="211" class="1004" name="sub_ln81_fu_211">
<pin_list>
<pin id="212" dir="0" index="0" bw="66" slack="1"/>
<pin id="213" dir="0" index="1" bw="66" slack="1"/>
<pin id="214" dir="1" index="2" bw="66" slack="0"/>
</pin_list>
<bind>
<opcode="sub(10) " fcode="sub"/>
<opset="sub_ln81/3 "/>
</bind>
</comp>

<comp id="215" class="1004" name="add_ln82_fu_215">
<pin_list>
<pin id="216" dir="0" index="0" bw="66" slack="1"/>
<pin id="217" dir="0" index="1" bw="66" slack="1"/>
<pin id="218" dir="1" index="2" bw="66" slack="0"/>
</pin_list>
<bind>
<opcode="add(8) " fcode="add"/>
<opset="add_ln82/3 "/>
</bind>
</comp>

<comp id="219" class="1004" name="tx_fu_219">
<pin_list>
<pin id="220" dir="0" index="0" bw="1" slack="0"/>
<pin id="221" dir="0" index="1" bw="66" slack="0"/>
<pin id="222" dir="0" index="2" bw="66" slack="0"/>
<pin id="223" dir="1" index="3" bw="66" slack="0"/>
</pin_list>
<bind>
<opcode="select(49) " fcode="select"/>
<opset="tx/3 "/>
</bind>
</comp>

<comp id="227" class="1004" name="ty_fu_227">
<pin_list>
<pin id="228" dir="0" index="0" bw="1" slack="0"/>
<pin id="229" dir="0" index="1" bw="66" slack="0"/>
<pin id="230" dir="0" index="2" bw="66" slack="0"/>
<pin id="231" dir="1" index="3" bw="66" slack="0"/>
</pin_list>
<bind>
<opcode="select(49) " fcode="select"/>
<opset="ty/3 "/>
</bind>
</comp>

<comp id="235" class="1004" name="store_ln68_store_fu_235">
<pin_list>
<pin id="236" dir="0" index="0" bw="66" slack="0"/>
<pin id="237" dir="0" index="1" bw="66" slack="2"/>
<pin id="238" dir="1" index="2" bw="0" slack="2147483647"/>
</pin_list>
<bind>
<opcode="store(28) " fcode="store"/>
<opset="store_ln68/3 "/>
</bind>
</comp>

<comp id="240" class="1004" name="store_ln68_store_fu_240">
<pin_list>
<pin id="241" dir="0" index="0" bw="66" slack="0"/>
<pin id="242" dir="0" index="1" bw="66" slack="2"/>
<pin id="243" dir="1" index="2" bw="0" slack="2147483647"/>
</pin_list>
<bind>
<opcode="store(28) " fcode="store"/>
<opset="store_ln68/3 "/>
</bind>
</comp>

<comp id="245" class="1004" name="zext_ln73_fu_245">
<pin_list>
<pin id="246" dir="0" index="0" bw="63" slack="1"/>
<pin id="247" dir="1" index="1" bw="66" slack="0"/>
</pin_list>
<bind>
<opcode="zext(34) " fcode="zext"/>
<opset="zext_ln73/4 "/>
</bind>
</comp>

<comp id="248" class="1004" name="add_ln78_fu_248">
<pin_list>
<pin id="249" dir="0" index="0" bw="63" slack="0"/>
<pin id="250" dir="0" index="1" bw="66" slack="1"/>
<pin id="251" dir="1" index="2" bw="66" slack="0"/>
</pin_list>
<bind>
<opcode="add(8) " fcode="add"/>
<opset="add_ln78/4 "/>
</bind>
</comp>

<comp id="253" class="1004" name="sub_ln83_fu_253">
<pin_list>
<pin id="254" dir="0" index="0" bw="66" slack="1"/>
<pin id="255" dir="0" index="1" bw="63" slack="0"/>
<pin id="256" dir="1" index="2" bw="66" slack="0"/>
</pin_list>
<bind>
<opcode="sub(10) " fcode="sub"/>
<opset="sub_ln83/4 "/>
</bind>
</comp>

<comp id="258" class="1004" name="tz_fu_258">
<pin_list>
<pin id="259" dir="0" index="0" bw="1" slack="1"/>
<pin id="260" dir="0" index="1" bw="66" slack="0"/>
<pin id="261" dir="0" index="2" bw="66" slack="0"/>
<pin id="262" dir="1" index="3" bw="66" slack="0"/>
</pin_list>
<bind>
<opcode="select(49) " fcode="select"/>
<opset="tz/4 "/>
</bind>
</comp>

<comp id="265" class="1004" name="store_ln68_store_fu_265">
<pin_list>
<pin id="266" dir="0" index="0" bw="66" slack="0"/>
<pin id="267" dir="0" index="1" bw="66" slack="3"/>
<pin id="268" dir="1" index="2" bw="0" slack="2147483647"/>
</pin_list>
<bind>
<opcode="store(28) " fcode="store"/>
<opset="store_ln68/4 "/>
</bind>
</comp>

<comp id="270" class="1005" name="empty_reg_270">
<pin_list>
<pin id="271" dir="0" index="0" bw="66" slack="0"/>
<pin id="272" dir="1" index="1" bw="66" slack="0"/>
</pin_list>
<bind>
<opset="empty "/>
</bind>
</comp>

<comp id="277" class="1005" name="empty_55_reg_277">
<pin_list>
<pin id="278" dir="0" index="0" bw="66" slack="0"/>
<pin id="279" dir="1" index="1" bw="66" slack="0"/>
</pin_list>
<bind>
<opset="empty_55 "/>
</bind>
</comp>

<comp id="284" class="1005" name="empty_56_reg_284">
<pin_list>
<pin id="285" dir="0" index="0" bw="66" slack="0"/>
<pin id="286" dir="1" index="1" bw="66" slack="0"/>
</pin_list>
<bind>
<opset="empty_56 "/>
</bind>
</comp>

<comp id="291" class="1005" name="n_reg_291">
<pin_list>
<pin id="292" dir="0" index="0" bw="7" slack="0"/>
<pin id="293" dir="1" index="1" bw="7" slack="0"/>
</pin_list>
<bind>
<opset="n "/>
</bind>
</comp>

<comp id="298" class="1005" name="p_load6_reg_298">
<pin_list>
<pin id="299" dir="0" index="0" bw="66" slack="1"/>
<pin id="300" dir="1" index="1" bw="66" slack="1"/>
</pin_list>
<bind>
<opset="p_load6 "/>
</bind>
</comp>

<comp id="304" class="1005" name="p_load_reg_304">
<pin_list>
<pin id="305" dir="0" index="0" bw="66" slack="1"/>
<pin id="306" dir="1" index="1" bw="66" slack="1"/>
</pin_list>
<bind>
<opset="p_load "/>
</bind>
</comp>

<comp id="310" class="1005" name="icmp_ln61_reg_310">
<pin_list>
<pin id="311" dir="0" index="0" bw="1" slack="1"/>
<pin id="312" dir="1" index="1" bw="1" slack="2147483647"/>
</pin_list>
<bind>
<opset="icmp_ln61 "/>
</bind>
</comp>

<comp id="314" class="1005" name="x_s_reg_314">
<pin_list>
<pin id="315" dir="0" index="0" bw="66" slack="1"/>
<pin id="316" dir="1" index="1" bw="66" slack="1"/>
</pin_list>
<bind>
<opset="x_s "/>
</bind>
</comp>

<comp id="320" class="1005" name="y_s_reg_320">
<pin_list>
<pin id="321" dir="0" index="0" bw="66" slack="1"/>
<pin id="322" dir="1" index="1" bw="66" slack="1"/>
</pin_list>
<bind>
<opset="y_s "/>
</bind>
</comp>

<comp id="326" class="1005" name="circ_table_arctan_1289_addr_reg_326">
<pin_list>
<pin id="327" dir="0" index="0" bw="7" slack="1"/>
<pin id="328" dir="1" index="1" bw="7" slack="1"/>
</pin_list>
<bind>
<opset="circ_table_arctan_1289_addr "/>
</bind>
</comp>

<comp id="331" class="1005" name="p_load7_reg_331">
<pin_list>
<pin id="332" dir="0" index="0" bw="66" slack="1"/>
<pin id="333" dir="1" index="1" bw="66" slack="1"/>
</pin_list>
<bind>
<opset="p_load7 "/>
</bind>
</comp>

<comp id="337" class="1005" name="d_reg_337">
<pin_list>
<pin id="338" dir="0" index="0" bw="1" slack="1"/>
<pin id="339" dir="1" index="1" bw="1" slack="1"/>
</pin_list>
<bind>
<opset="d "/>
</bind>
</comp>

<comp id="342" class="1005" name="tmp_s_reg_342">
<pin_list>
<pin id="343" dir="0" index="0" bw="63" slack="1"/>
<pin id="344" dir="1" index="1" bw="63" slack="1"/>
</pin_list>
<bind>
<opset="tmp_s "/>
</bind>
</comp>

</comp_list>

<net_list>
<net id="55"><net_src comp="8" pin="0"/><net_sink comp="52" pin=0"/></net>

<net id="59"><net_src comp="8" pin="0"/><net_sink comp="56" pin=0"/></net>

<net id="63"><net_src comp="8" pin="0"/><net_sink comp="60" pin=0"/></net>

<net id="67"><net_src comp="8" pin="0"/><net_sink comp="64" pin=0"/></net>

<net id="72"><net_src comp="10" pin="0"/><net_sink comp="68" pin=0"/></net>

<net id="73"><net_src comp="0" pin="0"/><net_sink comp="68" pin=1"/></net>

<net id="79"><net_src comp="50" pin="0"/><net_sink comp="74" pin=0"/></net>

<net id="80"><net_src comp="2" pin="0"/><net_sink comp="74" pin=1"/></net>

<net id="86"><net_src comp="50" pin="0"/><net_sink comp="81" pin=0"/></net>

<net id="87"><net_src comp="4" pin="0"/><net_sink comp="81" pin=1"/></net>

<net id="93"><net_src comp="6" pin="0"/><net_sink comp="88" pin=0"/></net>

<net id="94"><net_src comp="22" pin="0"/><net_sink comp="88" pin=1"/></net>

<net id="100"><net_src comp="88" pin="3"/><net_sink comp="95" pin=0"/></net>

<net id="104"><net_src comp="68" pin="2"/><net_sink comp="101" pin=0"/></net>

<net id="109"><net_src comp="12" pin="0"/><net_sink comp="105" pin=0"/></net>

<net id="114"><net_src comp="14" pin="0"/><net_sink comp="110" pin=0"/></net>

<net id="119"><net_src comp="16" pin="0"/><net_sink comp="115" pin=0"/></net>

<net id="124"><net_src comp="101" pin="1"/><net_sink comp="120" pin=0"/></net>

<net id="137"><net_src comp="125" pin="1"/><net_sink comp="134" pin=0"/></net>

<net id="138"><net_src comp="134" pin="1"/><net_sink comp="81" pin=2"/></net>

<net id="142"><net_src comp="128" pin="1"/><net_sink comp="139" pin=0"/></net>

<net id="143"><net_src comp="139" pin="1"/><net_sink comp="74" pin=2"/></net>

<net id="148"><net_src comp="131" pin="1"/><net_sink comp="144" pin=0"/></net>

<net id="149"><net_src comp="18" pin="0"/><net_sink comp="144" pin=1"/></net>

<net id="154"><net_src comp="131" pin="1"/><net_sink comp="150" pin=0"/></net>

<net id="155"><net_src comp="20" pin="0"/><net_sink comp="150" pin=1"/></net>

<net id="159"><net_src comp="131" pin="1"/><net_sink comp="156" pin=0"/></net>

<net id="160"><net_src comp="156" pin="1"/><net_sink comp="88" pin=2"/></net>

<net id="164"><net_src comp="131" pin="1"/><net_sink comp="161" pin=0"/></net>

<net id="169"><net_src comp="125" pin="1"/><net_sink comp="165" pin=0"/></net>

<net id="170"><net_src comp="161" pin="1"/><net_sink comp="165" pin=1"/></net>

<net id="175"><net_src comp="128" pin="1"/><net_sink comp="171" pin=0"/></net>

<net id="176"><net_src comp="161" pin="1"/><net_sink comp="171" pin=1"/></net>

<net id="181"><net_src comp="150" pin="2"/><net_sink comp="177" pin=0"/></net>

<net id="190"><net_src comp="24" pin="0"/><net_sink comp="185" pin=0"/></net>

<net id="191"><net_src comp="182" pin="1"/><net_sink comp="185" pin=1"/></net>

<net id="192"><net_src comp="26" pin="0"/><net_sink comp="185" pin=2"/></net>

<net id="199"><net_src comp="28" pin="0"/><net_sink comp="193" pin=0"/></net>

<net id="200"><net_src comp="95" pin="3"/><net_sink comp="193" pin=1"/></net>

<net id="201"><net_src comp="30" pin="0"/><net_sink comp="193" pin=2"/></net>

<net id="202"><net_src comp="32" pin="0"/><net_sink comp="193" pin=3"/></net>

<net id="224"><net_src comp="185" pin="3"/><net_sink comp="219" pin=0"/></net>

<net id="225"><net_src comp="203" pin="2"/><net_sink comp="219" pin=1"/></net>

<net id="226"><net_src comp="211" pin="2"/><net_sink comp="219" pin=2"/></net>

<net id="232"><net_src comp="185" pin="3"/><net_sink comp="227" pin=0"/></net>

<net id="233"><net_src comp="207" pin="2"/><net_sink comp="227" pin=1"/></net>

<net id="234"><net_src comp="215" pin="2"/><net_sink comp="227" pin=2"/></net>

<net id="239"><net_src comp="227" pin="3"/><net_sink comp="235" pin=0"/></net>

<net id="244"><net_src comp="219" pin="3"/><net_sink comp="240" pin=0"/></net>

<net id="252"><net_src comp="245" pin="1"/><net_sink comp="248" pin=0"/></net>

<net id="257"><net_src comp="245" pin="1"/><net_sink comp="253" pin=1"/></net>

<net id="263"><net_src comp="248" pin="2"/><net_sink comp="258" pin=1"/></net>

<net id="264"><net_src comp="253" pin="2"/><net_sink comp="258" pin=2"/></net>

<net id="269"><net_src comp="258" pin="3"/><net_sink comp="265" pin=0"/></net>

<net id="273"><net_src comp="52" pin="1"/><net_sink comp="270" pin=0"/></net>

<net id="274"><net_src comp="270" pin="1"/><net_sink comp="120" pin=1"/></net>

<net id="275"><net_src comp="270" pin="1"/><net_sink comp="182" pin=0"/></net>

<net id="276"><net_src comp="270" pin="1"/><net_sink comp="265" pin=1"/></net>

<net id="280"><net_src comp="56" pin="1"/><net_sink comp="277" pin=0"/></net>

<net id="281"><net_src comp="277" pin="1"/><net_sink comp="115" pin=1"/></net>

<net id="282"><net_src comp="277" pin="1"/><net_sink comp="125" pin=0"/></net>

<net id="283"><net_src comp="277" pin="1"/><net_sink comp="240" pin=1"/></net>

<net id="287"><net_src comp="60" pin="1"/><net_sink comp="284" pin=0"/></net>

<net id="288"><net_src comp="284" pin="1"/><net_sink comp="110" pin=1"/></net>

<net id="289"><net_src comp="284" pin="1"/><net_sink comp="128" pin=0"/></net>

<net id="290"><net_src comp="284" pin="1"/><net_sink comp="235" pin=1"/></net>

<net id="294"><net_src comp="64" pin="1"/><net_sink comp="291" pin=0"/></net>

<net id="295"><net_src comp="291" pin="1"/><net_sink comp="105" pin=1"/></net>

<net id="296"><net_src comp="291" pin="1"/><net_sink comp="131" pin=0"/></net>

<net id="297"><net_src comp="291" pin="1"/><net_sink comp="177" pin=1"/></net>

<net id="301"><net_src comp="125" pin="1"/><net_sink comp="298" pin=0"/></net>

<net id="302"><net_src comp="298" pin="1"/><net_sink comp="203" pin=0"/></net>

<net id="303"><net_src comp="298" pin="1"/><net_sink comp="211" pin=0"/></net>

<net id="307"><net_src comp="128" pin="1"/><net_sink comp="304" pin=0"/></net>

<net id="308"><net_src comp="304" pin="1"/><net_sink comp="207" pin=0"/></net>

<net id="309"><net_src comp="304" pin="1"/><net_sink comp="215" pin=1"/></net>

<net id="313"><net_src comp="144" pin="2"/><net_sink comp="310" pin=0"/></net>

<net id="317"><net_src comp="165" pin="2"/><net_sink comp="314" pin=0"/></net>

<net id="318"><net_src comp="314" pin="1"/><net_sink comp="207" pin=1"/></net>

<net id="319"><net_src comp="314" pin="1"/><net_sink comp="215" pin=0"/></net>

<net id="323"><net_src comp="171" pin="2"/><net_sink comp="320" pin=0"/></net>

<net id="324"><net_src comp="320" pin="1"/><net_sink comp="203" pin=1"/></net>

<net id="325"><net_src comp="320" pin="1"/><net_sink comp="211" pin=1"/></net>

<net id="329"><net_src comp="88" pin="3"/><net_sink comp="326" pin=0"/></net>

<net id="330"><net_src comp="326" pin="1"/><net_sink comp="95" pin=0"/></net>

<net id="334"><net_src comp="182" pin="1"/><net_sink comp="331" pin=0"/></net>

<net id="335"><net_src comp="331" pin="1"/><net_sink comp="248" pin=1"/></net>

<net id="336"><net_src comp="331" pin="1"/><net_sink comp="253" pin=0"/></net>

<net id="340"><net_src comp="185" pin="3"/><net_sink comp="337" pin=0"/></net>

<net id="341"><net_src comp="337" pin="1"/><net_sink comp="258" pin=0"/></net>

<net id="345"><net_src comp="193" pin="4"/><net_sink comp="342" pin=0"/></net>

<net id="346"><net_src comp="342" pin="1"/><net_sink comp="245" pin=0"/></net>

</net_list>

</model> 
---------------- Datapath Model END ------------------

* FSMD analyzer results:
  - Output states:
	Port: p_out | {2 }
	Port: p_out1 | {2 }
 - Input state : 
	Port: applyMixer_hls<3>_Pipeline_VITIS_LOOP_61_1 : sext_ln61 | {1 }
	Port: applyMixer_hls<3>_Pipeline_VITIS_LOOP_61_1 : circ_table_arctan_1289 | {2 3 }
  - Chain level:
	State 1
		store_ln61 : 1
		store_ln0 : 1
		store_ln0 : 1
		store_ln0 : 1
	State 2
		trunc_ln61 : 1
		trunc_ln61_1 : 1
		icmp_ln61 : 1
		add_ln61 : 1
		br_ln61 : 2
		zext_ln61 : 1
		zext_ln71 : 1
		x_s : 2
		y_s : 2
		circ_table_arctan_1289_addr : 2
		circ_table_arctan_1289_load : 3
		store_ln61 : 2
		write_ln61 : 2
		write_ln61 : 2
	State 3
		d : 1
		tmp_s : 1
		tx : 2
		ty : 2
		store_ln68 : 3
		store_ln68 : 3
	State 4
		add_ln78 : 1
		sub_ln83 : 1
		tz : 2
		store_ln68 : 3


============================================================
+ Verbose Summary: Datapath Resource usage 
============================================================

* Functional unit list:
|----------|---------------------------|---------|---------|
| Operation|      Functional Unit      |    FF   |   LUT   |
|----------|---------------------------|---------|---------|
|   ashr   |         x_s_fu_165        |    0    |   190   |
|          |         y_s_fu_171        |    0    |   190   |
|----------|---------------------------|---------|---------|
|          |      add_ln61_fu_150      |    0    |    14   |
|    add   |      add_ln76_fu_203      |    0    |    73   |
|          |      add_ln82_fu_215      |    0    |    73   |
|          |      add_ln78_fu_248      |    0    |    73   |
|----------|---------------------------|---------|---------|
|          |      sub_ln77_fu_207      |    0    |    73   |
|    sub   |      sub_ln81_fu_211      |    0    |    73   |
|          |      sub_ln83_fu_253      |    0    |    73   |
|----------|---------------------------|---------|---------|
|          |         tx_fu_219         |    0    |    66   |
|  select  |         ty_fu_227         |    0    |    66   |
|          |         tz_fu_258         |    0    |    66   |
|----------|---------------------------|---------|---------|
|   icmp   |      icmp_ln61_fu_144     |    0    |    14   |
|----------|---------------------------|---------|---------|
|   read   | sext_ln61_read_read_fu_68 |    0    |    0    |
|----------|---------------------------|---------|---------|
|   write  |   write_ln61_write_fu_74  |    0    |    0    |
|          |   write_ln61_write_fu_81  |    0    |    0    |
|----------|---------------------------|---------|---------|
|   sext   |   sext_ln61_cast_fu_101   |    0    |    0    |
|----------|---------------------------|---------|---------|
|   trunc  |     trunc_ln61_fu_134     |    0    |    0    |
|          |    trunc_ln61_1_fu_139    |    0    |    0    |
|----------|---------------------------|---------|---------|
|          |      zext_ln61_fu_156     |    0    |    0    |
|   zext   |      zext_ln71_fu_161     |    0    |    0    |
|          |      zext_ln73_fu_245     |    0    |    0    |
|----------|---------------------------|---------|---------|
| bitselect|          d_fu_185         |    0    |    0    |
|----------|---------------------------|---------|---------|
|partselect|        tmp_s_fu_193       |    0    |    0    |
|----------|---------------------------|---------|---------|
|   Total  |                           |    0    |   1044  |
|----------|---------------------------|---------|---------|

Memories:
N/A

* Register list:
+-----------------------------------+--------+
|                                   |   FF   |
+-----------------------------------+--------+
|circ_table_arctan_1289_addr_reg_326|    7   |
|             d_reg_337             |    1   |
|          empty_55_reg_277         |   66   |
|          empty_56_reg_284         |   66   |
|           empty_reg_270           |   66   |
|         icmp_ln61_reg_310         |    1   |
|             n_reg_291             |    7   |
|          p_load6_reg_298          |   66   |
|          p_load7_reg_331          |   66   |
|           p_load_reg_304          |   66   |
|           tmp_s_reg_342           |   63   |
|            x_s_reg_314            |   66   |
|            y_s_reg_320            |   66   |
+-----------------------------------+--------+
|               Total               |   607  |
+-----------------------------------+--------+

* Multiplexer (MUX) list: 
|------------------|------|------|------|--------||---------||---------||---------|
|       Comp       |  Pin | Size |  BW  | S x BW ||  Delay  ||    FF   ||   LUT   |
|------------------|------|------|------|--------||---------||---------||---------|
| grp_access_fu_95 |  p0  |   2  |   7  |   14   ||    0    ||    9    |
|------------------|------|------|------|--------||---------||---------||---------|
|       Total      |      |      |      |   14   ||  1.588  ||    0    ||    9    |
|------------------|------|------|------|--------||---------||---------||---------|



* Summary:
+-----------+--------+--------+--------+
|           |  Delay |   FF   |   LUT  |
+-----------+--------+--------+--------+
|  Function |    -   |    0   |  1044  |
|   Memory  |    -   |    -   |    -   |
|Multiplexer|    1   |    0   |    9   |
|  Register |    -   |   607  |    -   |
+-----------+--------+--------+--------+
|   Total   |    1   |   607  |  1053  |
+-----------+--------+--------+--------+
