

================================================================
== Vitis HLS Report for 'Block_entry_state_re_wr_d_rd_proc'
================================================================
* Date:           Thu Nov 20 16:57:52 2025

* Version:        2024.2 (Build 5238294 on Nov  8 2024)
* Project:        qaoa_kernel
* Solution:       hls (Vivado IP Flow Target)
* Product family: zynq
* Target device:  xc7z010-clg400-1


================================================================
== Performance Estimates
================================================================
+ Timing: 
    * Summary: 
    +--------+----------+-----------+------------+
    |  Clock |  Target  | Estimated | Uncertainty|
    +--------+----------+-----------+------------+
    |ap_clk  |  10.00 ns|  15.929 ns|     2.00 ns|
    +--------+----------+-----------+------------+

+ Latency: 
    * Summary: 
    +---------+---------+----------+----------+--------+--------+---------+
    |  Latency (cycles) |  Latency (absolute) |     Interval    | Pipeline|
    |   min   |   max   |    min   |    max   |   min  |   max  |   Type  |
    +---------+---------+----------+----------+--------+--------+---------+
    |   159884|   206109|  2.547 ms|  3.283 ms|  159884|  206109|       no|
    +---------+---------+----------+----------+--------+--------+---------+

    + Detail: 
        * Instance: 
        N/A

        * Loop: 
        N/A

============================================================
+ Verbose Summary: Synthesis Manager
============================================================
InlineROM: 1
ExposeGlobal: 0
============================================================
+ Verbose Summary: CDFG Model
============================================================
IsTopModel: 0
ResetActiveHigh: 1
IsCombinational: 2
IsDatapathOnly: 0
HasWiredReturn: 1
HasMFsm: 0
HasVarLatency: 1
IsPipeline: 0
IsRtlPipelined: 0
IsInstanceOverlapped: 0
IsDontTouch: 0
HasImplIP: 0
IsGatedGlobalClock: 0


============================================================
+ Verbose Summary: Schedule
============================================================
* Number of FSM states : 9
* Pipeline : 0
* Dataflow Pipeline: 0

* FSM state transitions: 
1 --> 2 
2 --> 3 
3 --> 4 
4 --> 5 
5 --> 6 
6 --> 7 8 9 
7 --> 8 
8 --> 
9 --> 8 

* FSM state operations: 

State 1 <SV = 0> <Delay = 0.00>
ST_1 : Operation 10 [1/1] (0.00ns)   --->   "%state_im_i = alloca i64 1"   --->   Operation 10 'alloca' 'state_im_i' <Predicate = true> <Delay = 0.00> <CoreInst = "RAM_2P_BRAM">   --->   Core 90 'RAM_2P_BRAM' <Latency = 1> <II = 1> <Delay = 3.25> <Storage> <Opcode : 'load' 'store'> <Ports = 2> <Width = 32> <Depth = 512> <RAM>
ST_1 : Operation 11 [1/1] (0.00ns)   --->   "%state_re_i = alloca i64 1"   --->   Operation 11 'alloca' 'state_re_i' <Predicate = true> <Delay = 0.00> <CoreInst = "RAM_2P_BRAM">   --->   Core 90 'RAM_2P_BRAM' <Latency = 1> <II = 1> <Delay = 3.25> <Storage> <Opcode : 'load' 'store'> <Ports = 2> <Width = 32> <Depth = 512> <RAM>
ST_1 : Operation 12 [2/2] (0.00ns)   --->   "%call_ln0 = call void @Block_entry_state.re_wr_d_rd_proc_Pipeline_1, i32 %state_re_i, i32 %state_im_i"   --->   Operation 12 'call' 'call_ln0' <Predicate = true> <Delay = 0.00> <CoreType = "Generic">   --->   Generic Core

State 2 <SV = 1> <Delay = 4.99>
ST_2 : Operation 13 [1/2] (4.99ns)   --->   "%call_ln0 = call void @Block_entry_state.re_wr_d_rd_proc_Pipeline_1, i32 %state_re_i, i32 %state_im_i"   --->   Operation 13 'call' 'call_ln0' <Predicate = true> <Delay = 4.99> <CoreType = "Generic">   --->   Generic Core

State 3 <SV = 2> <Delay = 4.18>
ST_3 : Operation 14 [1/1] (0.00ns)   --->   "%gamma_read = read i32 @_ssdm_op_Read.ap_auto.i32P0A, i32 %gamma"   --->   Operation 14 'read' 'gamma_read' <Predicate = true> <Delay = 0.00>
ST_3 : Operation 15 [1/1] (0.00ns)   --->   "%beta_read = read i32 @_ssdm_op_Read.ap_auto.i32P0A, i32 %beta"   --->   Operation 15 'read' 'beta_read' <Predicate = true> <Delay = 0.00>
ST_3 : Operation 16 [2/2] (4.18ns)   --->   "%call_ln225 = call void @qaoaStep_hls<3, 1>, i32 %state_re_i, i32 %state_im_i, i32 %d, i32 %gamma_read, i32 %beta_read, i126 %cordic_apfixed_circ_table_arctan_128, i126 %circ_table_arctan_1289" [/home/master25/mae26/s.kim/RP/QAOA-TSP-supaero-mae-reasearch/qaoa.cpp:225->/home/master25/mae26/s.kim/RP/QAOA-TSP-supaero-mae-reasearch/qaoa.cpp:221->/home/master25/mae26/s.kim/RP/QAOA-TSP-supaero-mae-reasearch/qaoa.cpp:225]   --->   Operation 16 'call' 'call_ln225' <Predicate = true> <Delay = 4.18> <CoreType = "Generic">   --->   Generic Core

State 4 <SV = 3> <Delay = 0.00>
ST_4 : Operation 17 [1/2] (0.00ns)   --->   "%call_ln225 = call void @qaoaStep_hls<3, 1>, i32 %state_re_i, i32 %state_im_i, i32 %d, i32 %gamma_read, i32 %beta_read, i126 %cordic_apfixed_circ_table_arctan_128, i126 %circ_table_arctan_1289" [/home/master25/mae26/s.kim/RP/QAOA-TSP-supaero-mae-reasearch/qaoa.cpp:225->/home/master25/mae26/s.kim/RP/QAOA-TSP-supaero-mae-reasearch/qaoa.cpp:221->/home/master25/mae26/s.kim/RP/QAOA-TSP-supaero-mae-reasearch/qaoa.cpp:225]   --->   Operation 17 'call' 'call_ln225' <Predicate = true> <Delay = 0.00> <CoreType = "Generic">   --->   Generic Core

State 5 <SV = 4> <Delay = 0.00>
ST_5 : Operation 18 [2/2] (0.00ns)   --->   "%call_ret_i1 = call i64 @expectation_cost<3>, i32 %state_re_i, i32 %state_im_i, i32 %d" [/home/master25/mae26/s.kim/RP/QAOA-TSP-supaero-mae-reasearch/qaoa.cpp:228->/home/master25/mae26/s.kim/RP/QAOA-TSP-supaero-mae-reasearch/qaoa.cpp:227->/home/master25/mae26/s.kim/RP/QAOA-TSP-supaero-mae-reasearch/qaoa.cpp:227->/home/master25/mae26/s.kim/RP/QAOA-TSP-supaero-mae-reasearch/qaoa.cpp:221->/home/master25/mae26/s.kim/RP/QAOA-TSP-supaero-mae-reasearch/qaoa.cpp:225]   --->   Operation 18 'call' 'call_ret_i1' <Predicate = true> <Delay = 0.00> <CoreType = "Generic">   --->   Generic Core

State 6 <SV = 5> <Delay = 7.20>
ST_6 : Operation 19 [1/1] (0.00ns)   --->   "%get_best_state_read = read i1 @_ssdm_op_Read.ap_auto.i1, i1 %get_best_state"   --->   Operation 19 'read' 'get_best_state_read' <Predicate = true> <Delay = 0.00>
ST_6 : Operation 20 [1/1] (0.00ns)   --->   "%specmemcore_ln0 = specmemcore void @_ssdm_op_SpecMemCore, i32 %d, i64 666, i64 207, i64 1"   --->   Operation 20 'specmemcore' 'specmemcore_ln0' <Predicate = true> <Delay = 0.00>
ST_6 : Operation 21 [1/1] (0.00ns)   --->   "%specinterface_ln0 = specinterface void @_ssdm_op_SpecInterface, i32 %d, void @empty_3, i32 0, i32 0, void @empty_0, i32 1, i32 0, void @empty_0, void @empty_0, void @empty_0, i32 0, i32 0, i32 0, i32 0, void @empty_0, void @empty_0, i32 4294967295, i32 0, i32 0"   --->   Operation 21 'specinterface' 'specinterface_ln0' <Predicate = true> <Delay = 0.00>
ST_6 : Operation 22 [1/1] (0.00ns)   --->   "%specmemcore_ln225 = specmemcore void @_ssdm_op_SpecMemCore, i32 %state_re_i, i64 666, i64 22, i64 18446744073709551615" [/home/master25/mae26/s.kim/RP/QAOA-TSP-supaero-mae-reasearch/qaoa.cpp:225->/home/master25/mae26/s.kim/RP/QAOA-TSP-supaero-mae-reasearch/qaoa.cpp:225]   --->   Operation 22 'specmemcore' 'specmemcore_ln225' <Predicate = true> <Delay = 0.00>
ST_6 : Operation 23 [1/1] (0.00ns)   --->   "%specmemcore_ln225 = specmemcore void @_ssdm_op_SpecMemCore, i32 %state_im_i, i64 666, i64 22, i64 18446744073709551615" [/home/master25/mae26/s.kim/RP/QAOA-TSP-supaero-mae-reasearch/qaoa.cpp:225->/home/master25/mae26/s.kim/RP/QAOA-TSP-supaero-mae-reasearch/qaoa.cpp:225]   --->   Operation 23 'specmemcore' 'specmemcore_ln225' <Predicate = true> <Delay = 0.00>
ST_6 : Operation 24 [1/2] (0.00ns)   --->   "%call_ret_i1 = call i64 @expectation_cost<3>, i32 %state_re_i, i32 %state_im_i, i32 %d" [/home/master25/mae26/s.kim/RP/QAOA-TSP-supaero-mae-reasearch/qaoa.cpp:228->/home/master25/mae26/s.kim/RP/QAOA-TSP-supaero-mae-reasearch/qaoa.cpp:227->/home/master25/mae26/s.kim/RP/QAOA-TSP-supaero-mae-reasearch/qaoa.cpp:227->/home/master25/mae26/s.kim/RP/QAOA-TSP-supaero-mae-reasearch/qaoa.cpp:221->/home/master25/mae26/s.kim/RP/QAOA-TSP-supaero-mae-reasearch/qaoa.cpp:225]   --->   Operation 24 'call' 'call_ret_i1' <Predicate = true> <Delay = 0.00> <CoreType = "Generic">   --->   Generic Core
ST_6 : Operation 25 [1/1] (0.00ns)   --->   "%tmp_i_i_i = extractvalue i64 %call_ret_i1" [/home/master25/mae26/s.kim/RP/QAOA-TSP-supaero-mae-reasearch/qaoa.cpp:228->/home/master25/mae26/s.kim/RP/QAOA-TSP-supaero-mae-reasearch/qaoa.cpp:227->/home/master25/mae26/s.kim/RP/QAOA-TSP-supaero-mae-reasearch/qaoa.cpp:227->/home/master25/mae26/s.kim/RP/QAOA-TSP-supaero-mae-reasearch/qaoa.cpp:221->/home/master25/mae26/s.kim/RP/QAOA-TSP-supaero-mae-reasearch/qaoa.cpp:225]   --->   Operation 25 'extractvalue' 'tmp_i_i_i' <Predicate = true> <Delay = 0.00>
ST_6 : Operation 26 [1/1] (0.00ns)   --->   "%br_ln227 = br i1 %get_best_state_read, void %if.else.i.i.i.i, void %if.then.i.i.i.i" [/home/master25/mae26/s.kim/RP/QAOA-TSP-supaero-mae-reasearch/qaoa.cpp:227->/home/master25/mae26/s.kim/RP/QAOA-TSP-supaero-mae-reasearch/qaoa.cpp:227->/home/master25/mae26/s.kim/RP/QAOA-TSP-supaero-mae-reasearch/qaoa.cpp:227->/home/master25/mae26/s.kim/RP/QAOA-TSP-supaero-mae-reasearch/qaoa.cpp:221->/home/master25/mae26/s.kim/RP/QAOA-TSP-supaero-mae-reasearch/qaoa.cpp:225]   --->   Operation 26 'br' 'br_ln227' <Predicate = true> <Delay = 0.00>
ST_6 : Operation 27 [1/1] (2.55ns)   --->   "%icmp_ln231 = icmp_eq  i32 %tmp_i_i_i, i32 0" [/home/master25/mae26/s.kim/RP/QAOA-TSP-supaero-mae-reasearch/qaoa.cpp:231->/home/master25/mae26/s.kim/RP/QAOA-TSP-supaero-mae-reasearch/qaoa.cpp:227->/home/master25/mae26/s.kim/RP/QAOA-TSP-supaero-mae-reasearch/qaoa.cpp:227->/home/master25/mae26/s.kim/RP/QAOA-TSP-supaero-mae-reasearch/qaoa.cpp:221->/home/master25/mae26/s.kim/RP/QAOA-TSP-supaero-mae-reasearch/qaoa.cpp:225]   --->   Operation 27 'icmp' 'icmp_ln231' <Predicate = (!get_best_state_read)> <Delay = 2.55> <CoreInst = "Cmp">   --->   Core 9 'Cmp' <Latency = 0> <II = 1> <Delay = 2.55> <FuncUnit> <Opcode : 'seteq' 'setne' 'setle' 'setge' 'setlt' 'setgt'> <InPorts = 2> <OutPorts = 1>
ST_6 : Operation 28 [1/1] (1.70ns)   --->   "%br_ln231 = br i1 %icmp_ln231, void %if.end.i.i7.i.i.i.i_ifconv, void %Block_entry_state.re_wr_d_rd_proc.exit" [/home/master25/mae26/s.kim/RP/QAOA-TSP-supaero-mae-reasearch/qaoa.cpp:231->/home/master25/mae26/s.kim/RP/QAOA-TSP-supaero-mae-reasearch/qaoa.cpp:227->/home/master25/mae26/s.kim/RP/QAOA-TSP-supaero-mae-reasearch/qaoa.cpp:227->/home/master25/mae26/s.kim/RP/QAOA-TSP-supaero-mae-reasearch/qaoa.cpp:221->/home/master25/mae26/s.kim/RP/QAOA-TSP-supaero-mae-reasearch/qaoa.cpp:225]   --->   Operation 28 'br' 'br_ln231' <Predicate = (!get_best_state_read)> <Delay = 1.70>
ST_6 : Operation 29 [1/1] (0.00ns)   --->   "%tmp_107 = bitselect i1 @_ssdm_op_BitSelect.i1.i32.i32, i32 %tmp_i_i_i, i32 31" [/home/master25/mae26/s.kim/RP/QAOA-TSP-supaero-mae-reasearch/qaoa.cpp:231->/home/master25/mae26/s.kim/RP/QAOA-TSP-supaero-mae-reasearch/qaoa.cpp:227->/home/master25/mae26/s.kim/RP/QAOA-TSP-supaero-mae-reasearch/qaoa.cpp:227->/home/master25/mae26/s.kim/RP/QAOA-TSP-supaero-mae-reasearch/qaoa.cpp:221->/home/master25/mae26/s.kim/RP/QAOA-TSP-supaero-mae-reasearch/qaoa.cpp:225]   --->   Operation 29 'bitselect' 'tmp_107' <Predicate = (!get_best_state_read & !icmp_ln231)> <Delay = 0.00>
ST_6 : Operation 30 [1/1] (2.55ns)   --->   "%sub_ln231 = sub i32 0, i32 %tmp_i_i_i" [/home/master25/mae26/s.kim/RP/QAOA-TSP-supaero-mae-reasearch/qaoa.cpp:231->/home/master25/mae26/s.kim/RP/QAOA-TSP-supaero-mae-reasearch/qaoa.cpp:227->/home/master25/mae26/s.kim/RP/QAOA-TSP-supaero-mae-reasearch/qaoa.cpp:227->/home/master25/mae26/s.kim/RP/QAOA-TSP-supaero-mae-reasearch/qaoa.cpp:221->/home/master25/mae26/s.kim/RP/QAOA-TSP-supaero-mae-reasearch/qaoa.cpp:225]   --->   Operation 30 'sub' 'sub_ln231' <Predicate = (!get_best_state_read & !icmp_ln231)> <Delay = 2.55> <CoreInst = "Adder">   --->   Core 1 'Adder' <Latency = 0> <II = 1> <Delay = 2.55> <FuncUnit> <Opcode : 'add' 'sub'> <InPorts = 2> <OutPorts = 1>
ST_6 : Operation 31 [1/1] (0.69ns)   --->   "%select_ln231 = select i1 %tmp_107, i32 %sub_ln231, i32 %tmp_i_i_i" [/home/master25/mae26/s.kim/RP/QAOA-TSP-supaero-mae-reasearch/qaoa.cpp:231->/home/master25/mae26/s.kim/RP/QAOA-TSP-supaero-mae-reasearch/qaoa.cpp:227->/home/master25/mae26/s.kim/RP/QAOA-TSP-supaero-mae-reasearch/qaoa.cpp:227->/home/master25/mae26/s.kim/RP/QAOA-TSP-supaero-mae-reasearch/qaoa.cpp:221->/home/master25/mae26/s.kim/RP/QAOA-TSP-supaero-mae-reasearch/qaoa.cpp:225]   --->   Operation 31 'select' 'select_ln231' <Predicate = (!get_best_state_read & !icmp_ln231)> <Delay = 0.69> <CoreInst = "Sel">   --->   Core 73 'Sel' <Latency = 0> <II = 1> <Delay = 0.69> <FuncUnit> <Opcode : 'select'> <InPorts = 3> <OutPorts = 1>
ST_6 : Operation 32 [1/1] (2.12ns)   --->   "%tmp_3_i = ctlz i32 @llvm.ctlz.i32, i32 %select_ln231, i1 0" [/home/master25/mae26/s.kim/RP/QAOA-TSP-supaero-mae-reasearch/qaoa.cpp:231->/home/master25/mae26/s.kim/RP/QAOA-TSP-supaero-mae-reasearch/qaoa.cpp:227->/home/master25/mae26/s.kim/RP/QAOA-TSP-supaero-mae-reasearch/qaoa.cpp:227->/home/master25/mae26/s.kim/RP/QAOA-TSP-supaero-mae-reasearch/qaoa.cpp:221->/home/master25/mae26/s.kim/RP/QAOA-TSP-supaero-mae-reasearch/qaoa.cpp:225]   --->   Operation 32 'ctlz' 'tmp_3_i' <Predicate = (!get_best_state_read & !icmp_ln231)> <Delay = 2.12> <CoreInst = "ctlz">   --->   Core 133 'ctlz' <Latency = 0> <II = 1> <Delay = 2.12> <FuncUnit> <Opcode : 'ctlz'> <InPorts = 1> <OutPorts = 1>
ST_6 : Operation 33 [1/1] (0.00ns)   --->   "%trunc_ln231 = trunc i32 %tmp_3_i" [/home/master25/mae26/s.kim/RP/QAOA-TSP-supaero-mae-reasearch/qaoa.cpp:231->/home/master25/mae26/s.kim/RP/QAOA-TSP-supaero-mae-reasearch/qaoa.cpp:227->/home/master25/mae26/s.kim/RP/QAOA-TSP-supaero-mae-reasearch/qaoa.cpp:227->/home/master25/mae26/s.kim/RP/QAOA-TSP-supaero-mae-reasearch/qaoa.cpp:221->/home/master25/mae26/s.kim/RP/QAOA-TSP-supaero-mae-reasearch/qaoa.cpp:225]   --->   Operation 33 'trunc' 'trunc_ln231' <Predicate = (!get_best_state_read & !icmp_ln231)> <Delay = 0.00>
ST_6 : Operation 34 [1/1] (0.00ns)   --->   "%zext_ln231 = zext i5 %trunc_ln231" [/home/master25/mae26/s.kim/RP/QAOA-TSP-supaero-mae-reasearch/qaoa.cpp:231->/home/master25/mae26/s.kim/RP/QAOA-TSP-supaero-mae-reasearch/qaoa.cpp:227->/home/master25/mae26/s.kim/RP/QAOA-TSP-supaero-mae-reasearch/qaoa.cpp:227->/home/master25/mae26/s.kim/RP/QAOA-TSP-supaero-mae-reasearch/qaoa.cpp:221->/home/master25/mae26/s.kim/RP/QAOA-TSP-supaero-mae-reasearch/qaoa.cpp:225]   --->   Operation 34 'zext' 'zext_ln231' <Predicate = (!get_best_state_read & !icmp_ln231)> <Delay = 0.00>
ST_6 : Operation 35 [1/1] (1.82ns)   --->   "%sub_ln231_1 = sub i6 32, i6 %zext_ln231" [/home/master25/mae26/s.kim/RP/QAOA-TSP-supaero-mae-reasearch/qaoa.cpp:231->/home/master25/mae26/s.kim/RP/QAOA-TSP-supaero-mae-reasearch/qaoa.cpp:227->/home/master25/mae26/s.kim/RP/QAOA-TSP-supaero-mae-reasearch/qaoa.cpp:227->/home/master25/mae26/s.kim/RP/QAOA-TSP-supaero-mae-reasearch/qaoa.cpp:221->/home/master25/mae26/s.kim/RP/QAOA-TSP-supaero-mae-reasearch/qaoa.cpp:225]   --->   Operation 35 'sub' 'sub_ln231_1' <Predicate = (!get_best_state_read & !icmp_ln231)> <Delay = 1.82> <CoreInst = "Adder">   --->   Core 1 'Adder' <Latency = 0> <II = 1> <Delay = 1.82> <FuncUnit> <Opcode : 'add' 'sub'> <InPorts = 2> <OutPorts = 1>
ST_6 : Operation 36 [1/1] (0.00ns)   --->   "%trunc_ln231_1 = trunc i6 %sub_ln231_1" [/home/master25/mae26/s.kim/RP/QAOA-TSP-supaero-mae-reasearch/qaoa.cpp:231->/home/master25/mae26/s.kim/RP/QAOA-TSP-supaero-mae-reasearch/qaoa.cpp:227->/home/master25/mae26/s.kim/RP/QAOA-TSP-supaero-mae-reasearch/qaoa.cpp:227->/home/master25/mae26/s.kim/RP/QAOA-TSP-supaero-mae-reasearch/qaoa.cpp:221->/home/master25/mae26/s.kim/RP/QAOA-TSP-supaero-mae-reasearch/qaoa.cpp:225]   --->   Operation 36 'trunc' 'trunc_ln231_1' <Predicate = (!get_best_state_read & !icmp_ln231)> <Delay = 0.00>
ST_6 : Operation 37 [1/1] (0.00ns)   --->   "%best_state_ret_i = extractvalue i64 %call_ret_i1" [/home/master25/mae26/s.kim/RP/QAOA-TSP-supaero-mae-reasearch/qaoa.cpp:228->/home/master25/mae26/s.kim/RP/QAOA-TSP-supaero-mae-reasearch/qaoa.cpp:227->/home/master25/mae26/s.kim/RP/QAOA-TSP-supaero-mae-reasearch/qaoa.cpp:227->/home/master25/mae26/s.kim/RP/QAOA-TSP-supaero-mae-reasearch/qaoa.cpp:221->/home/master25/mae26/s.kim/RP/QAOA-TSP-supaero-mae-reasearch/qaoa.cpp:225]   --->   Operation 37 'extractvalue' 'best_state_ret_i' <Predicate = (get_best_state_read)> <Delay = 0.00>
ST_6 : Operation 38 [1/1] (0.00ns)   --->   "%write_ln228 = write void @_ssdm_op_Write.ap_auto.i32P0A, i32 %best_state, i32 %best_state_ret_i" [/home/master25/mae26/s.kim/RP/QAOA-TSP-supaero-mae-reasearch/qaoa.cpp:228->/home/master25/mae26/s.kim/RP/QAOA-TSP-supaero-mae-reasearch/qaoa.cpp:227->/home/master25/mae26/s.kim/RP/QAOA-TSP-supaero-mae-reasearch/qaoa.cpp:227->/home/master25/mae26/s.kim/RP/QAOA-TSP-supaero-mae-reasearch/qaoa.cpp:221->/home/master25/mae26/s.kim/RP/QAOA-TSP-supaero-mae-reasearch/qaoa.cpp:225]   --->   Operation 38 'write' 'write_ln228' <Predicate = (get_best_state_read)> <Delay = 0.00>
ST_6 : Operation 39 [1/1] (2.55ns)   --->   "%icmp_ln228 = icmp_eq  i32 %tmp_i_i_i, i32 0" [/home/master25/mae26/s.kim/RP/QAOA-TSP-supaero-mae-reasearch/qaoa.cpp:228->/home/master25/mae26/s.kim/RP/QAOA-TSP-supaero-mae-reasearch/qaoa.cpp:227->/home/master25/mae26/s.kim/RP/QAOA-TSP-supaero-mae-reasearch/qaoa.cpp:227->/home/master25/mae26/s.kim/RP/QAOA-TSP-supaero-mae-reasearch/qaoa.cpp:221->/home/master25/mae26/s.kim/RP/QAOA-TSP-supaero-mae-reasearch/qaoa.cpp:225]   --->   Operation 39 'icmp' 'icmp_ln228' <Predicate = (get_best_state_read)> <Delay = 2.55> <CoreInst = "Cmp">   --->   Core 9 'Cmp' <Latency = 0> <II = 1> <Delay = 2.55> <FuncUnit> <Opcode : 'seteq' 'setne' 'setle' 'setge' 'setlt' 'setgt'> <InPorts = 2> <OutPorts = 1>
ST_6 : Operation 40 [1/1] (1.70ns)   --->   "%br_ln228 = br i1 %icmp_ln228, void %if.end.i.i.i.i.i.i_ifconv, void %Block_entry_state.re_wr_d_rd_proc.exit" [/home/master25/mae26/s.kim/RP/QAOA-TSP-supaero-mae-reasearch/qaoa.cpp:228->/home/master25/mae26/s.kim/RP/QAOA-TSP-supaero-mae-reasearch/qaoa.cpp:227->/home/master25/mae26/s.kim/RP/QAOA-TSP-supaero-mae-reasearch/qaoa.cpp:227->/home/master25/mae26/s.kim/RP/QAOA-TSP-supaero-mae-reasearch/qaoa.cpp:221->/home/master25/mae26/s.kim/RP/QAOA-TSP-supaero-mae-reasearch/qaoa.cpp:225]   --->   Operation 40 'br' 'br_ln228' <Predicate = (get_best_state_read)> <Delay = 1.70>
ST_6 : Operation 41 [1/1] (0.00ns)   --->   "%tmp = bitselect i1 @_ssdm_op_BitSelect.i1.i32.i32, i32 %tmp_i_i_i, i32 31" [/home/master25/mae26/s.kim/RP/QAOA-TSP-supaero-mae-reasearch/qaoa.cpp:228->/home/master25/mae26/s.kim/RP/QAOA-TSP-supaero-mae-reasearch/qaoa.cpp:227->/home/master25/mae26/s.kim/RP/QAOA-TSP-supaero-mae-reasearch/qaoa.cpp:227->/home/master25/mae26/s.kim/RP/QAOA-TSP-supaero-mae-reasearch/qaoa.cpp:221->/home/master25/mae26/s.kim/RP/QAOA-TSP-supaero-mae-reasearch/qaoa.cpp:225]   --->   Operation 41 'bitselect' 'tmp' <Predicate = (get_best_state_read & !icmp_ln228)> <Delay = 0.00>
ST_6 : Operation 42 [1/1] (2.55ns)   --->   "%sub_ln228 = sub i32 0, i32 %tmp_i_i_i" [/home/master25/mae26/s.kim/RP/QAOA-TSP-supaero-mae-reasearch/qaoa.cpp:228->/home/master25/mae26/s.kim/RP/QAOA-TSP-supaero-mae-reasearch/qaoa.cpp:227->/home/master25/mae26/s.kim/RP/QAOA-TSP-supaero-mae-reasearch/qaoa.cpp:227->/home/master25/mae26/s.kim/RP/QAOA-TSP-supaero-mae-reasearch/qaoa.cpp:221->/home/master25/mae26/s.kim/RP/QAOA-TSP-supaero-mae-reasearch/qaoa.cpp:225]   --->   Operation 42 'sub' 'sub_ln228' <Predicate = (get_best_state_read & !icmp_ln228)> <Delay = 2.55> <CoreInst = "Adder">   --->   Core 1 'Adder' <Latency = 0> <II = 1> <Delay = 2.55> <FuncUnit> <Opcode : 'add' 'sub'> <InPorts = 2> <OutPorts = 1>
ST_6 : Operation 43 [1/1] (0.69ns)   --->   "%select_ln228 = select i1 %tmp, i32 %sub_ln228, i32 %tmp_i_i_i" [/home/master25/mae26/s.kim/RP/QAOA-TSP-supaero-mae-reasearch/qaoa.cpp:228->/home/master25/mae26/s.kim/RP/QAOA-TSP-supaero-mae-reasearch/qaoa.cpp:227->/home/master25/mae26/s.kim/RP/QAOA-TSP-supaero-mae-reasearch/qaoa.cpp:227->/home/master25/mae26/s.kim/RP/QAOA-TSP-supaero-mae-reasearch/qaoa.cpp:221->/home/master25/mae26/s.kim/RP/QAOA-TSP-supaero-mae-reasearch/qaoa.cpp:225]   --->   Operation 43 'select' 'select_ln228' <Predicate = (get_best_state_read & !icmp_ln228)> <Delay = 0.69> <CoreInst = "Sel">   --->   Core 73 'Sel' <Latency = 0> <II = 1> <Delay = 0.69> <FuncUnit> <Opcode : 'select'> <InPorts = 3> <OutPorts = 1>
ST_6 : Operation 44 [1/1] (2.12ns)   --->   "%tmp_1_i = ctlz i32 @llvm.ctlz.i32, i32 %select_ln228, i1 0" [/home/master25/mae26/s.kim/RP/QAOA-TSP-supaero-mae-reasearch/qaoa.cpp:228->/home/master25/mae26/s.kim/RP/QAOA-TSP-supaero-mae-reasearch/qaoa.cpp:227->/home/master25/mae26/s.kim/RP/QAOA-TSP-supaero-mae-reasearch/qaoa.cpp:227->/home/master25/mae26/s.kim/RP/QAOA-TSP-supaero-mae-reasearch/qaoa.cpp:221->/home/master25/mae26/s.kim/RP/QAOA-TSP-supaero-mae-reasearch/qaoa.cpp:225]   --->   Operation 44 'ctlz' 'tmp_1_i' <Predicate = (get_best_state_read & !icmp_ln228)> <Delay = 2.12> <CoreInst = "ctlz">   --->   Core 133 'ctlz' <Latency = 0> <II = 1> <Delay = 2.12> <FuncUnit> <Opcode : 'ctlz'> <InPorts = 1> <OutPorts = 1>
ST_6 : Operation 45 [1/1] (0.00ns)   --->   "%trunc_ln228 = trunc i32 %tmp_1_i" [/home/master25/mae26/s.kim/RP/QAOA-TSP-supaero-mae-reasearch/qaoa.cpp:228->/home/master25/mae26/s.kim/RP/QAOA-TSP-supaero-mae-reasearch/qaoa.cpp:227->/home/master25/mae26/s.kim/RP/QAOA-TSP-supaero-mae-reasearch/qaoa.cpp:227->/home/master25/mae26/s.kim/RP/QAOA-TSP-supaero-mae-reasearch/qaoa.cpp:221->/home/master25/mae26/s.kim/RP/QAOA-TSP-supaero-mae-reasearch/qaoa.cpp:225]   --->   Operation 45 'trunc' 'trunc_ln228' <Predicate = (get_best_state_read & !icmp_ln228)> <Delay = 0.00>
ST_6 : Operation 46 [1/1] (0.00ns)   --->   "%zext_ln228 = zext i5 %trunc_ln228" [/home/master25/mae26/s.kim/RP/QAOA-TSP-supaero-mae-reasearch/qaoa.cpp:228->/home/master25/mae26/s.kim/RP/QAOA-TSP-supaero-mae-reasearch/qaoa.cpp:227->/home/master25/mae26/s.kim/RP/QAOA-TSP-supaero-mae-reasearch/qaoa.cpp:227->/home/master25/mae26/s.kim/RP/QAOA-TSP-supaero-mae-reasearch/qaoa.cpp:221->/home/master25/mae26/s.kim/RP/QAOA-TSP-supaero-mae-reasearch/qaoa.cpp:225]   --->   Operation 46 'zext' 'zext_ln228' <Predicate = (get_best_state_read & !icmp_ln228)> <Delay = 0.00>
ST_6 : Operation 47 [1/1] (1.82ns)   --->   "%sub_ln228_1 = sub i6 32, i6 %zext_ln228" [/home/master25/mae26/s.kim/RP/QAOA-TSP-supaero-mae-reasearch/qaoa.cpp:228->/home/master25/mae26/s.kim/RP/QAOA-TSP-supaero-mae-reasearch/qaoa.cpp:227->/home/master25/mae26/s.kim/RP/QAOA-TSP-supaero-mae-reasearch/qaoa.cpp:227->/home/master25/mae26/s.kim/RP/QAOA-TSP-supaero-mae-reasearch/qaoa.cpp:221->/home/master25/mae26/s.kim/RP/QAOA-TSP-supaero-mae-reasearch/qaoa.cpp:225]   --->   Operation 47 'sub' 'sub_ln228_1' <Predicate = (get_best_state_read & !icmp_ln228)> <Delay = 1.82> <CoreInst = "Adder">   --->   Core 1 'Adder' <Latency = 0> <II = 1> <Delay = 1.82> <FuncUnit> <Opcode : 'add' 'sub'> <InPorts = 2> <OutPorts = 1>
ST_6 : Operation 48 [1/1] (0.00ns)   --->   "%trunc_ln228_1 = trunc i6 %sub_ln228_1" [/home/master25/mae26/s.kim/RP/QAOA-TSP-supaero-mae-reasearch/qaoa.cpp:228->/home/master25/mae26/s.kim/RP/QAOA-TSP-supaero-mae-reasearch/qaoa.cpp:227->/home/master25/mae26/s.kim/RP/QAOA-TSP-supaero-mae-reasearch/qaoa.cpp:227->/home/master25/mae26/s.kim/RP/QAOA-TSP-supaero-mae-reasearch/qaoa.cpp:221->/home/master25/mae26/s.kim/RP/QAOA-TSP-supaero-mae-reasearch/qaoa.cpp:225]   --->   Operation 48 'trunc' 'trunc_ln228_1' <Predicate = (get_best_state_read & !icmp_ln228)> <Delay = 0.00>

State 7 <SV = 6> <Delay = 7.97>
ST_7 : Operation 49 [1/1] (1.82ns)   --->   "%add_ln231 = add i6 %sub_ln231_1, i6 40" [/home/master25/mae26/s.kim/RP/QAOA-TSP-supaero-mae-reasearch/qaoa.cpp:231->/home/master25/mae26/s.kim/RP/QAOA-TSP-supaero-mae-reasearch/qaoa.cpp:227->/home/master25/mae26/s.kim/RP/QAOA-TSP-supaero-mae-reasearch/qaoa.cpp:227->/home/master25/mae26/s.kim/RP/QAOA-TSP-supaero-mae-reasearch/qaoa.cpp:221->/home/master25/mae26/s.kim/RP/QAOA-TSP-supaero-mae-reasearch/qaoa.cpp:225]   --->   Operation 49 'add' 'add_ln231' <Predicate = true> <Delay = 1.82> <CoreInst = "Adder">   --->   Core 1 'Adder' <Latency = 0> <II = 1> <Delay = 1.82> <FuncUnit> <Opcode : 'add' 'sub'> <InPorts = 2> <OutPorts = 1>
ST_7 : Operation 50 [1/1] (0.00ns)   --->   "%sext_ln231 = sext i6 %add_ln231" [/home/master25/mae26/s.kim/RP/QAOA-TSP-supaero-mae-reasearch/qaoa.cpp:231->/home/master25/mae26/s.kim/RP/QAOA-TSP-supaero-mae-reasearch/qaoa.cpp:227->/home/master25/mae26/s.kim/RP/QAOA-TSP-supaero-mae-reasearch/qaoa.cpp:227->/home/master25/mae26/s.kim/RP/QAOA-TSP-supaero-mae-reasearch/qaoa.cpp:221->/home/master25/mae26/s.kim/RP/QAOA-TSP-supaero-mae-reasearch/qaoa.cpp:225]   --->   Operation 50 'sext' 'sext_ln231' <Predicate = true> <Delay = 0.00>
ST_7 : Operation 51 [1/1] (0.00ns)   --->   "%tmp_108 = partselect i5 @_ssdm_op_PartSelect.i5.i6.i32.i32, i6 %add_ln231, i32 1, i32 5" [/home/master25/mae26/s.kim/RP/QAOA-TSP-supaero-mae-reasearch/qaoa.cpp:231->/home/master25/mae26/s.kim/RP/QAOA-TSP-supaero-mae-reasearch/qaoa.cpp:227->/home/master25/mae26/s.kim/RP/QAOA-TSP-supaero-mae-reasearch/qaoa.cpp:227->/home/master25/mae26/s.kim/RP/QAOA-TSP-supaero-mae-reasearch/qaoa.cpp:221->/home/master25/mae26/s.kim/RP/QAOA-TSP-supaero-mae-reasearch/qaoa.cpp:225]   --->   Operation 51 'partselect' 'tmp_108' <Predicate = true> <Delay = 0.00>
ST_7 : Operation 52 [1/1] (1.78ns)   --->   "%icmp_ln231_1 = icmp_sgt  i5 %tmp_108, i5 0" [/home/master25/mae26/s.kim/RP/QAOA-TSP-supaero-mae-reasearch/qaoa.cpp:231->/home/master25/mae26/s.kim/RP/QAOA-TSP-supaero-mae-reasearch/qaoa.cpp:227->/home/master25/mae26/s.kim/RP/QAOA-TSP-supaero-mae-reasearch/qaoa.cpp:227->/home/master25/mae26/s.kim/RP/QAOA-TSP-supaero-mae-reasearch/qaoa.cpp:221->/home/master25/mae26/s.kim/RP/QAOA-TSP-supaero-mae-reasearch/qaoa.cpp:225]   --->   Operation 52 'icmp' 'icmp_ln231_1' <Predicate = true> <Delay = 1.78> <CoreInst = "Cmp">   --->   Core 9 'Cmp' <Latency = 0> <II = 1> <Delay = 1.78> <FuncUnit> <Opcode : 'seteq' 'setne' 'setle' 'setge' 'setlt' 'setgt'> <InPorts = 2> <OutPorts = 1>
ST_7 : Operation 53 [1/1] (1.78ns)   --->   "%sub_ln231_4 = sub i5 25, i5 %trunc_ln231_1" [/home/master25/mae26/s.kim/RP/QAOA-TSP-supaero-mae-reasearch/qaoa.cpp:231->/home/master25/mae26/s.kim/RP/QAOA-TSP-supaero-mae-reasearch/qaoa.cpp:227->/home/master25/mae26/s.kim/RP/QAOA-TSP-supaero-mae-reasearch/qaoa.cpp:227->/home/master25/mae26/s.kim/RP/QAOA-TSP-supaero-mae-reasearch/qaoa.cpp:221->/home/master25/mae26/s.kim/RP/QAOA-TSP-supaero-mae-reasearch/qaoa.cpp:225]   --->   Operation 53 'sub' 'sub_ln231_4' <Predicate = true> <Delay = 1.78> <CoreInst = "Adder">   --->   Core 1 'Adder' <Latency = 0> <II = 1> <Delay = 1.78> <FuncUnit> <Opcode : 'add' 'sub'> <InPorts = 2> <OutPorts = 1>
ST_7 : Operation 54 [1/1] (0.00ns)   --->   "%zext_ln231_2 = zext i5 %sub_ln231_4" [/home/master25/mae26/s.kim/RP/QAOA-TSP-supaero-mae-reasearch/qaoa.cpp:231->/home/master25/mae26/s.kim/RP/QAOA-TSP-supaero-mae-reasearch/qaoa.cpp:227->/home/master25/mae26/s.kim/RP/QAOA-TSP-supaero-mae-reasearch/qaoa.cpp:227->/home/master25/mae26/s.kim/RP/QAOA-TSP-supaero-mae-reasearch/qaoa.cpp:221->/home/master25/mae26/s.kim/RP/QAOA-TSP-supaero-mae-reasearch/qaoa.cpp:225]   --->   Operation 54 'zext' 'zext_ln231_2' <Predicate = true> <Delay = 0.00>
ST_7 : Operation 55 [1/1] (2.66ns)   --->   "%lshr_ln231_2 = lshr i32 4294967295, i32 %zext_ln231_2" [/home/master25/mae26/s.kim/RP/QAOA-TSP-supaero-mae-reasearch/qaoa.cpp:231->/home/master25/mae26/s.kim/RP/QAOA-TSP-supaero-mae-reasearch/qaoa.cpp:227->/home/master25/mae26/s.kim/RP/QAOA-TSP-supaero-mae-reasearch/qaoa.cpp:227->/home/master25/mae26/s.kim/RP/QAOA-TSP-supaero-mae-reasearch/qaoa.cpp:221->/home/master25/mae26/s.kim/RP/QAOA-TSP-supaero-mae-reasearch/qaoa.cpp:225]   --->   Operation 55 'lshr' 'lshr_ln231_2' <Predicate = true> <Delay = 2.66> <CoreInst = "Shifter">   --->   Core 75 'Shifter' <Latency = 0> <II = 1> <Delay = 2.66> <FuncUnit> <Opcode : 'shl' 'lshr' 'ashr'> <InPorts = 2> <OutPorts = 1>
ST_7 : Operation 56 [1/1] (0.00ns) (grouped into LUT with out node icmp_ln231_2)   --->   "%and_ln231 = and i32 %select_ln231, i32 %lshr_ln231_2" [/home/master25/mae26/s.kim/RP/QAOA-TSP-supaero-mae-reasearch/qaoa.cpp:231->/home/master25/mae26/s.kim/RP/QAOA-TSP-supaero-mae-reasearch/qaoa.cpp:227->/home/master25/mae26/s.kim/RP/QAOA-TSP-supaero-mae-reasearch/qaoa.cpp:227->/home/master25/mae26/s.kim/RP/QAOA-TSP-supaero-mae-reasearch/qaoa.cpp:221->/home/master25/mae26/s.kim/RP/QAOA-TSP-supaero-mae-reasearch/qaoa.cpp:225]   --->   Operation 56 'and' 'and_ln231' <Predicate = true> <Delay = 0.00> <CoreInst = "LogicGate">   --->   Core 74 'LogicGate' <Latency = 0> <II = 1> <Delay = 0.99> <FuncUnit> <Opcode : 'and' 'or' 'xor'> <InPorts = 2> <OutPorts = 1>
ST_7 : Operation 57 [1/1] (2.55ns) (out node of the LUT)   --->   "%icmp_ln231_2 = icmp_ne  i32 %and_ln231, i32 0" [/home/master25/mae26/s.kim/RP/QAOA-TSP-supaero-mae-reasearch/qaoa.cpp:231->/home/master25/mae26/s.kim/RP/QAOA-TSP-supaero-mae-reasearch/qaoa.cpp:227->/home/master25/mae26/s.kim/RP/QAOA-TSP-supaero-mae-reasearch/qaoa.cpp:227->/home/master25/mae26/s.kim/RP/QAOA-TSP-supaero-mae-reasearch/qaoa.cpp:221->/home/master25/mae26/s.kim/RP/QAOA-TSP-supaero-mae-reasearch/qaoa.cpp:225]   --->   Operation 57 'icmp' 'icmp_ln231_2' <Predicate = true> <Delay = 2.55> <CoreInst = "Cmp">   --->   Core 9 'Cmp' <Latency = 0> <II = 1> <Delay = 2.55> <FuncUnit> <Opcode : 'seteq' 'setne' 'setle' 'setge' 'setlt' 'setgt'> <InPorts = 2> <OutPorts = 1>
ST_7 : Operation 58 [1/1] (0.00ns) (grouped into LUT with out node or_ln231)   --->   "%phi_ln231 = and i1 %icmp_ln231_1, i1 %icmp_ln231_2" [/home/master25/mae26/s.kim/RP/QAOA-TSP-supaero-mae-reasearch/qaoa.cpp:231->/home/master25/mae26/s.kim/RP/QAOA-TSP-supaero-mae-reasearch/qaoa.cpp:227->/home/master25/mae26/s.kim/RP/QAOA-TSP-supaero-mae-reasearch/qaoa.cpp:227->/home/master25/mae26/s.kim/RP/QAOA-TSP-supaero-mae-reasearch/qaoa.cpp:221->/home/master25/mae26/s.kim/RP/QAOA-TSP-supaero-mae-reasearch/qaoa.cpp:225]   --->   Operation 58 'and' 'phi_ln231' <Predicate = true> <Delay = 0.00> <CoreInst = "LogicGate">   --->   Core 74 'LogicGate' <Latency = 0> <II = 1> <Delay = 0.97> <FuncUnit> <Opcode : 'and' 'or' 'xor'> <InPorts = 2> <OutPorts = 1>
ST_7 : Operation 59 [1/1] (0.00ns) (grouped into LUT with out node or_ln231)   --->   "%tmp_109 = bitselect i1 @_ssdm_op_BitSelect.i1.i6.i32, i6 %add_ln231, i32 5" [/home/master25/mae26/s.kim/RP/QAOA-TSP-supaero-mae-reasearch/qaoa.cpp:231->/home/master25/mae26/s.kim/RP/QAOA-TSP-supaero-mae-reasearch/qaoa.cpp:227->/home/master25/mae26/s.kim/RP/QAOA-TSP-supaero-mae-reasearch/qaoa.cpp:227->/home/master25/mae26/s.kim/RP/QAOA-TSP-supaero-mae-reasearch/qaoa.cpp:221->/home/master25/mae26/s.kim/RP/QAOA-TSP-supaero-mae-reasearch/qaoa.cpp:225]   --->   Operation 59 'bitselect' 'tmp_109' <Predicate = true> <Delay = 0.00>
ST_7 : Operation 60 [1/1] (0.00ns) (grouped into LUT with out node or_ln231)   --->   "%xor_ln231 = xor i1 %tmp_109, i1 1" [/home/master25/mae26/s.kim/RP/QAOA-TSP-supaero-mae-reasearch/qaoa.cpp:231->/home/master25/mae26/s.kim/RP/QAOA-TSP-supaero-mae-reasearch/qaoa.cpp:227->/home/master25/mae26/s.kim/RP/QAOA-TSP-supaero-mae-reasearch/qaoa.cpp:227->/home/master25/mae26/s.kim/RP/QAOA-TSP-supaero-mae-reasearch/qaoa.cpp:221->/home/master25/mae26/s.kim/RP/QAOA-TSP-supaero-mae-reasearch/qaoa.cpp:225]   --->   Operation 60 'xor' 'xor_ln231' <Predicate = true> <Delay = 0.00> <CoreInst = "LogicGate">   --->   Core 74 'LogicGate' <Latency = 0> <II = 1> <Delay = 0.97> <FuncUnit> <Opcode : 'and' 'or' 'xor'> <InPorts = 2> <OutPorts = 1>
ST_7 : Operation 61 [1/1] (2.18ns)   --->   "%tmp_110 = bitselect i1 @_ssdm_op_BitSelect.i1.i32.i32, i32 %select_ln231, i32 %sext_ln231" [/home/master25/mae26/s.kim/RP/QAOA-TSP-supaero-mae-reasearch/qaoa.cpp:231->/home/master25/mae26/s.kim/RP/QAOA-TSP-supaero-mae-reasearch/qaoa.cpp:227->/home/master25/mae26/s.kim/RP/QAOA-TSP-supaero-mae-reasearch/qaoa.cpp:227->/home/master25/mae26/s.kim/RP/QAOA-TSP-supaero-mae-reasearch/qaoa.cpp:221->/home/master25/mae26/s.kim/RP/QAOA-TSP-supaero-mae-reasearch/qaoa.cpp:225]   --->   Operation 61 'bitselect' 'tmp_110' <Predicate = true> <Delay = 2.18> <CoreInst = "BitSelector">   --->   Core 141 'BitSelector' <Latency = 0> <II = 1> <Delay = 2.18> <FuncUnit> <Opcode : 'bitselect'> <InPorts = 2> <OutPorts = 1>
ST_7 : Operation 62 [1/1] (0.00ns) (grouped into LUT with out node or_ln231)   --->   "%phi_ln231_1 = and i1 %tmp_110, i1 %xor_ln231" [/home/master25/mae26/s.kim/RP/QAOA-TSP-supaero-mae-reasearch/qaoa.cpp:231->/home/master25/mae26/s.kim/RP/QAOA-TSP-supaero-mae-reasearch/qaoa.cpp:227->/home/master25/mae26/s.kim/RP/QAOA-TSP-supaero-mae-reasearch/qaoa.cpp:227->/home/master25/mae26/s.kim/RP/QAOA-TSP-supaero-mae-reasearch/qaoa.cpp:221->/home/master25/mae26/s.kim/RP/QAOA-TSP-supaero-mae-reasearch/qaoa.cpp:225]   --->   Operation 62 'and' 'phi_ln231_1' <Predicate = true> <Delay = 0.00> <CoreInst = "LogicGate">   --->   Core 74 'LogicGate' <Latency = 0> <II = 1> <Delay = 0.97> <FuncUnit> <Opcode : 'and' 'or' 'xor'> <InPorts = 2> <OutPorts = 1>
ST_7 : Operation 63 [1/1] (0.97ns) (out node of the LUT)   --->   "%or_ln231 = or i1 %phi_ln231_1, i1 %phi_ln231" [/home/master25/mae26/s.kim/RP/QAOA-TSP-supaero-mae-reasearch/qaoa.cpp:231->/home/master25/mae26/s.kim/RP/QAOA-TSP-supaero-mae-reasearch/qaoa.cpp:227->/home/master25/mae26/s.kim/RP/QAOA-TSP-supaero-mae-reasearch/qaoa.cpp:227->/home/master25/mae26/s.kim/RP/QAOA-TSP-supaero-mae-reasearch/qaoa.cpp:221->/home/master25/mae26/s.kim/RP/QAOA-TSP-supaero-mae-reasearch/qaoa.cpp:225]   --->   Operation 63 'or' 'or_ln231' <Predicate = true> <Delay = 0.97> <CoreInst = "LogicGate">   --->   Core 74 'LogicGate' <Latency = 0> <II = 1> <Delay = 0.97> <FuncUnit> <Opcode : 'and' 'or' 'xor'> <InPorts = 2> <OutPorts = 1>
ST_7 : Operation 64 [1/1] (0.00ns)   --->   "%zext_ln231_1 = zext i32 %select_ln231" [/home/master25/mae26/s.kim/RP/QAOA-TSP-supaero-mae-reasearch/qaoa.cpp:231->/home/master25/mae26/s.kim/RP/QAOA-TSP-supaero-mae-reasearch/qaoa.cpp:227->/home/master25/mae26/s.kim/RP/QAOA-TSP-supaero-mae-reasearch/qaoa.cpp:227->/home/master25/mae26/s.kim/RP/QAOA-TSP-supaero-mae-reasearch/qaoa.cpp:221->/home/master25/mae26/s.kim/RP/QAOA-TSP-supaero-mae-reasearch/qaoa.cpp:225]   --->   Operation 64 'zext' 'zext_ln231_1' <Predicate = true> <Delay = 0.00>
ST_7 : Operation 65 [1/1] (1.82ns)   --->   "%icmp_ln231_3 = icmp_sgt  i6 %add_ln231, i6 0" [/home/master25/mae26/s.kim/RP/QAOA-TSP-supaero-mae-reasearch/qaoa.cpp:231->/home/master25/mae26/s.kim/RP/QAOA-TSP-supaero-mae-reasearch/qaoa.cpp:227->/home/master25/mae26/s.kim/RP/QAOA-TSP-supaero-mae-reasearch/qaoa.cpp:227->/home/master25/mae26/s.kim/RP/QAOA-TSP-supaero-mae-reasearch/qaoa.cpp:221->/home/master25/mae26/s.kim/RP/QAOA-TSP-supaero-mae-reasearch/qaoa.cpp:225]   --->   Operation 65 'icmp' 'icmp_ln231_3' <Predicate = true> <Delay = 1.82> <CoreInst = "Cmp">   --->   Core 9 'Cmp' <Latency = 0> <II = 1> <Delay = 1.82> <FuncUnit> <Opcode : 'seteq' 'setne' 'setle' 'setge' 'setlt' 'setgt'> <InPorts = 2> <OutPorts = 1>
ST_7 : Operation 66 [1/1] (1.82ns)   --->   "%add_ln231_1 = add i6 %sub_ln231_1, i6 39" [/home/master25/mae26/s.kim/RP/QAOA-TSP-supaero-mae-reasearch/qaoa.cpp:231->/home/master25/mae26/s.kim/RP/QAOA-TSP-supaero-mae-reasearch/qaoa.cpp:227->/home/master25/mae26/s.kim/RP/QAOA-TSP-supaero-mae-reasearch/qaoa.cpp:227->/home/master25/mae26/s.kim/RP/QAOA-TSP-supaero-mae-reasearch/qaoa.cpp:221->/home/master25/mae26/s.kim/RP/QAOA-TSP-supaero-mae-reasearch/qaoa.cpp:225]   --->   Operation 66 'add' 'add_ln231_1' <Predicate = true> <Delay = 1.82> <CoreInst = "Adder">   --->   Core 1 'Adder' <Latency = 0> <II = 1> <Delay = 1.82> <FuncUnit> <Opcode : 'add' 'sub'> <InPorts = 2> <OutPorts = 1>
ST_7 : Operation 67 [1/1] (0.00ns)   --->   "%sext_ln231_1 = sext i6 %add_ln231_1" [/home/master25/mae26/s.kim/RP/QAOA-TSP-supaero-mae-reasearch/qaoa.cpp:231->/home/master25/mae26/s.kim/RP/QAOA-TSP-supaero-mae-reasearch/qaoa.cpp:227->/home/master25/mae26/s.kim/RP/QAOA-TSP-supaero-mae-reasearch/qaoa.cpp:227->/home/master25/mae26/s.kim/RP/QAOA-TSP-supaero-mae-reasearch/qaoa.cpp:221->/home/master25/mae26/s.kim/RP/QAOA-TSP-supaero-mae-reasearch/qaoa.cpp:225]   --->   Operation 67 'sext' 'sext_ln231_1' <Predicate = true> <Delay = 0.00>
ST_7 : Operation 68 [1/1] (0.00ns)   --->   "%zext_ln231_3 = zext i32 %sext_ln231_1" [/home/master25/mae26/s.kim/RP/QAOA-TSP-supaero-mae-reasearch/qaoa.cpp:231->/home/master25/mae26/s.kim/RP/QAOA-TSP-supaero-mae-reasearch/qaoa.cpp:227->/home/master25/mae26/s.kim/RP/QAOA-TSP-supaero-mae-reasearch/qaoa.cpp:227->/home/master25/mae26/s.kim/RP/QAOA-TSP-supaero-mae-reasearch/qaoa.cpp:221->/home/master25/mae26/s.kim/RP/QAOA-TSP-supaero-mae-reasearch/qaoa.cpp:225]   --->   Operation 68 'zext' 'zext_ln231_3' <Predicate = true> <Delay = 0.00>
ST_7 : Operation 69 [1/1] (4.42ns)   --->   "%lshr_ln231 = lshr i64 %zext_ln231_1, i64 %zext_ln231_3" [/home/master25/mae26/s.kim/RP/QAOA-TSP-supaero-mae-reasearch/qaoa.cpp:231->/home/master25/mae26/s.kim/RP/QAOA-TSP-supaero-mae-reasearch/qaoa.cpp:227->/home/master25/mae26/s.kim/RP/QAOA-TSP-supaero-mae-reasearch/qaoa.cpp:227->/home/master25/mae26/s.kim/RP/QAOA-TSP-supaero-mae-reasearch/qaoa.cpp:221->/home/master25/mae26/s.kim/RP/QAOA-TSP-supaero-mae-reasearch/qaoa.cpp:225]   --->   Operation 69 'lshr' 'lshr_ln231' <Predicate = true> <Delay = 4.42> <CoreInst = "Shifter">   --->   Core 75 'Shifter' <Latency = 0> <II = 1> <Delay = 4.42> <FuncUnit> <Opcode : 'shl' 'lshr' 'ashr'> <InPorts = 2> <OutPorts = 1>
ST_7 : Operation 70 [1/1] (1.82ns)   --->   "%sub_ln231_2 = sub i6 25, i6 %sub_ln231_1" [/home/master25/mae26/s.kim/RP/QAOA-TSP-supaero-mae-reasearch/qaoa.cpp:231->/home/master25/mae26/s.kim/RP/QAOA-TSP-supaero-mae-reasearch/qaoa.cpp:227->/home/master25/mae26/s.kim/RP/QAOA-TSP-supaero-mae-reasearch/qaoa.cpp:227->/home/master25/mae26/s.kim/RP/QAOA-TSP-supaero-mae-reasearch/qaoa.cpp:221->/home/master25/mae26/s.kim/RP/QAOA-TSP-supaero-mae-reasearch/qaoa.cpp:225]   --->   Operation 70 'sub' 'sub_ln231_2' <Predicate = true> <Delay = 1.82> <CoreInst = "Adder">   --->   Core 1 'Adder' <Latency = 0> <II = 1> <Delay = 1.82> <FuncUnit> <Opcode : 'add' 'sub'> <InPorts = 2> <OutPorts = 1>
ST_7 : Operation 71 [1/1] (0.00ns)   --->   "%sext_ln231_2 = sext i6 %sub_ln231_2" [/home/master25/mae26/s.kim/RP/QAOA-TSP-supaero-mae-reasearch/qaoa.cpp:231->/home/master25/mae26/s.kim/RP/QAOA-TSP-supaero-mae-reasearch/qaoa.cpp:227->/home/master25/mae26/s.kim/RP/QAOA-TSP-supaero-mae-reasearch/qaoa.cpp:227->/home/master25/mae26/s.kim/RP/QAOA-TSP-supaero-mae-reasearch/qaoa.cpp:221->/home/master25/mae26/s.kim/RP/QAOA-TSP-supaero-mae-reasearch/qaoa.cpp:225]   --->   Operation 71 'sext' 'sext_ln231_2' <Predicate = true> <Delay = 0.00>
ST_7 : Operation 72 [1/1] (0.00ns)   --->   "%zext_ln231_6 = zext i32 %sext_ln231_2" [/home/master25/mae26/s.kim/RP/QAOA-TSP-supaero-mae-reasearch/qaoa.cpp:231->/home/master25/mae26/s.kim/RP/QAOA-TSP-supaero-mae-reasearch/qaoa.cpp:227->/home/master25/mae26/s.kim/RP/QAOA-TSP-supaero-mae-reasearch/qaoa.cpp:227->/home/master25/mae26/s.kim/RP/QAOA-TSP-supaero-mae-reasearch/qaoa.cpp:221->/home/master25/mae26/s.kim/RP/QAOA-TSP-supaero-mae-reasearch/qaoa.cpp:225]   --->   Operation 72 'zext' 'zext_ln231_6' <Predicate = true> <Delay = 0.00>
ST_7 : Operation 73 [1/1] (4.42ns)   --->   "%shl_ln231 = shl i64 %zext_ln231_1, i64 %zext_ln231_6" [/home/master25/mae26/s.kim/RP/QAOA-TSP-supaero-mae-reasearch/qaoa.cpp:231->/home/master25/mae26/s.kim/RP/QAOA-TSP-supaero-mae-reasearch/qaoa.cpp:227->/home/master25/mae26/s.kim/RP/QAOA-TSP-supaero-mae-reasearch/qaoa.cpp:227->/home/master25/mae26/s.kim/RP/QAOA-TSP-supaero-mae-reasearch/qaoa.cpp:221->/home/master25/mae26/s.kim/RP/QAOA-TSP-supaero-mae-reasearch/qaoa.cpp:225]   --->   Operation 73 'shl' 'shl_ln231' <Predicate = true> <Delay = 4.42> <CoreInst = "Shifter">   --->   Core 75 'Shifter' <Latency = 0> <II = 1> <Delay = 4.42> <FuncUnit> <Opcode : 'shl' 'lshr' 'ashr'> <InPorts = 2> <OutPorts = 1>

State 8 <SV = 7> <Delay = 7.14>
ST_8 : Operation 74 [1/1] (0.00ns) (grouped into LUT with out node add_ln231_2)   --->   "%cond46_i_i53_i_i_i_i = select i1 %icmp_ln231_3, i64 %lshr_ln231, i64 %shl_ln231" [/home/master25/mae26/s.kim/RP/QAOA-TSP-supaero-mae-reasearch/qaoa.cpp:231->/home/master25/mae26/s.kim/RP/QAOA-TSP-supaero-mae-reasearch/qaoa.cpp:227->/home/master25/mae26/s.kim/RP/QAOA-TSP-supaero-mae-reasearch/qaoa.cpp:227->/home/master25/mae26/s.kim/RP/QAOA-TSP-supaero-mae-reasearch/qaoa.cpp:221->/home/master25/mae26/s.kim/RP/QAOA-TSP-supaero-mae-reasearch/qaoa.cpp:225]   --->   Operation 74 'select' 'cond46_i_i53_i_i_i_i' <Predicate = (!get_best_state_read & !icmp_ln231)> <Delay = 0.00> <CoreInst = "Sel">   --->   Core 73 'Sel' <Latency = 0> <II = 1> <Delay = 1.48> <FuncUnit> <Opcode : 'select'> <InPorts = 3> <OutPorts = 1>
ST_8 : Operation 75 [1/1] (0.00ns) (grouped into LUT with out node add_ln231_2)   --->   "%zext_ln231_4 = zext i1 %or_ln231" [/home/master25/mae26/s.kim/RP/QAOA-TSP-supaero-mae-reasearch/qaoa.cpp:231->/home/master25/mae26/s.kim/RP/QAOA-TSP-supaero-mae-reasearch/qaoa.cpp:227->/home/master25/mae26/s.kim/RP/QAOA-TSP-supaero-mae-reasearch/qaoa.cpp:227->/home/master25/mae26/s.kim/RP/QAOA-TSP-supaero-mae-reasearch/qaoa.cpp:221->/home/master25/mae26/s.kim/RP/QAOA-TSP-supaero-mae-reasearch/qaoa.cpp:225]   --->   Operation 75 'zext' 'zext_ln231_4' <Predicate = (!get_best_state_read & !icmp_ln231)> <Delay = 0.00>
ST_8 : Operation 76 [1/1] (3.52ns) (out node of the LUT)   --->   "%add_ln231_2 = add i64 %cond46_i_i53_i_i_i_i, i64 %zext_ln231_4" [/home/master25/mae26/s.kim/RP/QAOA-TSP-supaero-mae-reasearch/qaoa.cpp:231->/home/master25/mae26/s.kim/RP/QAOA-TSP-supaero-mae-reasearch/qaoa.cpp:227->/home/master25/mae26/s.kim/RP/QAOA-TSP-supaero-mae-reasearch/qaoa.cpp:227->/home/master25/mae26/s.kim/RP/QAOA-TSP-supaero-mae-reasearch/qaoa.cpp:221->/home/master25/mae26/s.kim/RP/QAOA-TSP-supaero-mae-reasearch/qaoa.cpp:225]   --->   Operation 76 'add' 'add_ln231_2' <Predicate = (!get_best_state_read & !icmp_ln231)> <Delay = 3.52> <CoreInst = "Adder">   --->   Core 1 'Adder' <Latency = 0> <II = 1> <Delay = 3.52> <FuncUnit> <Opcode : 'add' 'sub'> <InPorts = 2> <OutPorts = 1>
ST_8 : Operation 77 [1/1] (0.00ns)   --->   "%lshr_ln231_1 = partselect i63 @_ssdm_op_PartSelect.i63.i64.i32.i32, i64 %add_ln231_2, i32 1, i32 63" [/home/master25/mae26/s.kim/RP/QAOA-TSP-supaero-mae-reasearch/qaoa.cpp:231->/home/master25/mae26/s.kim/RP/QAOA-TSP-supaero-mae-reasearch/qaoa.cpp:227->/home/master25/mae26/s.kim/RP/QAOA-TSP-supaero-mae-reasearch/qaoa.cpp:227->/home/master25/mae26/s.kim/RP/QAOA-TSP-supaero-mae-reasearch/qaoa.cpp:221->/home/master25/mae26/s.kim/RP/QAOA-TSP-supaero-mae-reasearch/qaoa.cpp:225]   --->   Operation 77 'partselect' 'lshr_ln231_1' <Predicate = (!get_best_state_read & !icmp_ln231)> <Delay = 0.00>
ST_8 : Operation 78 [1/1] (0.00ns)   --->   "%zext_ln231_5 = zext i63 %lshr_ln231_1" [/home/master25/mae26/s.kim/RP/QAOA-TSP-supaero-mae-reasearch/qaoa.cpp:231->/home/master25/mae26/s.kim/RP/QAOA-TSP-supaero-mae-reasearch/qaoa.cpp:227->/home/master25/mae26/s.kim/RP/QAOA-TSP-supaero-mae-reasearch/qaoa.cpp:227->/home/master25/mae26/s.kim/RP/QAOA-TSP-supaero-mae-reasearch/qaoa.cpp:221->/home/master25/mae26/s.kim/RP/QAOA-TSP-supaero-mae-reasearch/qaoa.cpp:225]   --->   Operation 78 'zext' 'zext_ln231_5' <Predicate = (!get_best_state_read & !icmp_ln231)> <Delay = 0.00>
ST_8 : Operation 79 [1/1] (0.00ns) (grouped into LUT with out node add_ln231_3)   --->   "%tmp_111 = bitselect i1 @_ssdm_op_BitSelect.i1.i64.i32, i64 %add_ln231_2, i32 25" [/home/master25/mae26/s.kim/RP/QAOA-TSP-supaero-mae-reasearch/qaoa.cpp:231->/home/master25/mae26/s.kim/RP/QAOA-TSP-supaero-mae-reasearch/qaoa.cpp:227->/home/master25/mae26/s.kim/RP/QAOA-TSP-supaero-mae-reasearch/qaoa.cpp:227->/home/master25/mae26/s.kim/RP/QAOA-TSP-supaero-mae-reasearch/qaoa.cpp:221->/home/master25/mae26/s.kim/RP/QAOA-TSP-supaero-mae-reasearch/qaoa.cpp:225]   --->   Operation 79 'bitselect' 'tmp_111' <Predicate = (!get_best_state_read & !icmp_ln231)> <Delay = 0.00>
ST_8 : Operation 80 [1/1] (0.00ns) (grouped into LUT with out node add_ln231_3)   --->   "%select_ln231_1 = select i1 %tmp_111, i8 127, i8 126" [/home/master25/mae26/s.kim/RP/QAOA-TSP-supaero-mae-reasearch/qaoa.cpp:231->/home/master25/mae26/s.kim/RP/QAOA-TSP-supaero-mae-reasearch/qaoa.cpp:227->/home/master25/mae26/s.kim/RP/QAOA-TSP-supaero-mae-reasearch/qaoa.cpp:227->/home/master25/mae26/s.kim/RP/QAOA-TSP-supaero-mae-reasearch/qaoa.cpp:221->/home/master25/mae26/s.kim/RP/QAOA-TSP-supaero-mae-reasearch/qaoa.cpp:225]   --->   Operation 80 'select' 'select_ln231_1' <Predicate = (!get_best_state_read & !icmp_ln231)> <Delay = 0.00> <CoreInst = "Sel">   --->   Core 73 'Sel' <Latency = 0> <II = 1> <Delay = 1.24> <FuncUnit> <Opcode : 'select'> <InPorts = 3> <OutPorts = 1>
ST_8 : Operation 81 [1/1] (1.78ns)   --->   "%sub_ln231_3 = sub i6 12, i6 %zext_ln231" [/home/master25/mae26/s.kim/RP/QAOA-TSP-supaero-mae-reasearch/qaoa.cpp:231->/home/master25/mae26/s.kim/RP/QAOA-TSP-supaero-mae-reasearch/qaoa.cpp:227->/home/master25/mae26/s.kim/RP/QAOA-TSP-supaero-mae-reasearch/qaoa.cpp:227->/home/master25/mae26/s.kim/RP/QAOA-TSP-supaero-mae-reasearch/qaoa.cpp:221->/home/master25/mae26/s.kim/RP/QAOA-TSP-supaero-mae-reasearch/qaoa.cpp:225]   --->   Operation 81 'sub' 'sub_ln231_3' <Predicate = (!get_best_state_read & !icmp_ln231)> <Delay = 1.78> <CoreInst = "Adder">   --->   Core 1 'Adder' <Latency = 0> <II = 1> <Delay = 1.78> <FuncUnit> <Opcode : 'add' 'sub'> <InPorts = 2> <OutPorts = 1>
ST_8 : Operation 82 [1/1] (0.00ns) (grouped into LUT with out node add_ln231_3)   --->   "%sext_ln231_3 = sext i6 %sub_ln231_3" [/home/master25/mae26/s.kim/RP/QAOA-TSP-supaero-mae-reasearch/qaoa.cpp:231->/home/master25/mae26/s.kim/RP/QAOA-TSP-supaero-mae-reasearch/qaoa.cpp:227->/home/master25/mae26/s.kim/RP/QAOA-TSP-supaero-mae-reasearch/qaoa.cpp:227->/home/master25/mae26/s.kim/RP/QAOA-TSP-supaero-mae-reasearch/qaoa.cpp:221->/home/master25/mae26/s.kim/RP/QAOA-TSP-supaero-mae-reasearch/qaoa.cpp:225]   --->   Operation 82 'sext' 'sext_ln231_3' <Predicate = (!get_best_state_read & !icmp_ln231)> <Delay = 0.00>
ST_8 : Operation 83 [1/1] (1.91ns) (out node of the LUT)   --->   "%add_ln231_3 = add i8 %select_ln231_1, i8 %sext_ln231_3" [/home/master25/mae26/s.kim/RP/QAOA-TSP-supaero-mae-reasearch/qaoa.cpp:231->/home/master25/mae26/s.kim/RP/QAOA-TSP-supaero-mae-reasearch/qaoa.cpp:227->/home/master25/mae26/s.kim/RP/QAOA-TSP-supaero-mae-reasearch/qaoa.cpp:227->/home/master25/mae26/s.kim/RP/QAOA-TSP-supaero-mae-reasearch/qaoa.cpp:221->/home/master25/mae26/s.kim/RP/QAOA-TSP-supaero-mae-reasearch/qaoa.cpp:225]   --->   Operation 83 'add' 'add_ln231_3' <Predicate = (!get_best_state_read & !icmp_ln231)> <Delay = 1.91> <CoreInst = "Adder">   --->   Core 1 'Adder' <Latency = 0> <II = 1> <Delay = 1.91> <FuncUnit> <Opcode : 'add' 'sub'> <InPorts = 2> <OutPorts = 1>
ST_8 : Operation 84 [1/1] (0.00ns)   --->   "%tmp_12_i = bitconcatenate i9 @_ssdm_op_BitConcatenate.i9.i1.i8, i1 %tmp_107, i8 %add_ln231_3" [/home/master25/mae26/s.kim/RP/QAOA-TSP-supaero-mae-reasearch/qaoa.cpp:231->/home/master25/mae26/s.kim/RP/QAOA-TSP-supaero-mae-reasearch/qaoa.cpp:227->/home/master25/mae26/s.kim/RP/QAOA-TSP-supaero-mae-reasearch/qaoa.cpp:227->/home/master25/mae26/s.kim/RP/QAOA-TSP-supaero-mae-reasearch/qaoa.cpp:221->/home/master25/mae26/s.kim/RP/QAOA-TSP-supaero-mae-reasearch/qaoa.cpp:225]   --->   Operation 84 'bitconcatenate' 'tmp_12_i' <Predicate = (!get_best_state_read & !icmp_ln231)> <Delay = 0.00>
ST_8 : Operation 85 [1/1] (0.00ns)   --->   "%pi_1 = partset i64 @_ssdm_op_PartSet.i64.i64.i9.i32.i32, i64 %zext_ln231_5, i9 %tmp_12_i, i32 23, i32 31" [/home/master25/mae26/s.kim/RP/QAOA-TSP-supaero-mae-reasearch/qaoa.cpp:231->/home/master25/mae26/s.kim/RP/QAOA-TSP-supaero-mae-reasearch/qaoa.cpp:227->/home/master25/mae26/s.kim/RP/QAOA-TSP-supaero-mae-reasearch/qaoa.cpp:227->/home/master25/mae26/s.kim/RP/QAOA-TSP-supaero-mae-reasearch/qaoa.cpp:221->/home/master25/mae26/s.kim/RP/QAOA-TSP-supaero-mae-reasearch/qaoa.cpp:225]   --->   Operation 85 'partset' 'pi_1' <Predicate = (!get_best_state_read & !icmp_ln231)> <Delay = 0.00>
ST_8 : Operation 86 [1/1] (0.00ns)   --->   "%trunc_ln757_1 = trunc i64 %pi_1" [/home/master25/mae26/s.kim/RP/QAOA-TSP-supaero-mae-reasearch/qaoa.cpp:757->/home/master25/mae26/s.kim/RP/QAOA-TSP-supaero-mae-reasearch/qaoa.cpp:227->/home/master25/mae26/s.kim/RP/QAOA-TSP-supaero-mae-reasearch/qaoa.cpp:227->/home/master25/mae26/s.kim/RP/QAOA-TSP-supaero-mae-reasearch/qaoa.cpp:221->/home/master25/mae26/s.kim/RP/QAOA-TSP-supaero-mae-reasearch/qaoa.cpp:225]   --->   Operation 86 'trunc' 'trunc_ln757_1' <Predicate = (!get_best_state_read & !icmp_ln231)> <Delay = 0.00>
ST_8 : Operation 87 [1/1] (0.00ns)   --->   "%bitcast_ln758_1 = bitcast i32 %trunc_ln757_1" [/home/master25/mae26/s.kim/RP/QAOA-TSP-supaero-mae-reasearch/qaoa.cpp:758->/home/master25/mae26/s.kim/RP/QAOA-TSP-supaero-mae-reasearch/qaoa.cpp:227->/home/master25/mae26/s.kim/RP/QAOA-TSP-supaero-mae-reasearch/qaoa.cpp:227->/home/master25/mae26/s.kim/RP/QAOA-TSP-supaero-mae-reasearch/qaoa.cpp:221->/home/master25/mae26/s.kim/RP/QAOA-TSP-supaero-mae-reasearch/qaoa.cpp:225]   --->   Operation 87 'bitcast' 'bitcast_ln758_1' <Predicate = (!get_best_state_read & !icmp_ln231)> <Delay = 0.00>
ST_8 : Operation 88 [1/1] (1.70ns)   --->   "%br_ln231 = br void %Block_entry_state.re_wr_d_rd_proc.exit" [/home/master25/mae26/s.kim/RP/QAOA-TSP-supaero-mae-reasearch/qaoa.cpp:231->/home/master25/mae26/s.kim/RP/QAOA-TSP-supaero-mae-reasearch/qaoa.cpp:227->/home/master25/mae26/s.kim/RP/QAOA-TSP-supaero-mae-reasearch/qaoa.cpp:227->/home/master25/mae26/s.kim/RP/QAOA-TSP-supaero-mae-reasearch/qaoa.cpp:221->/home/master25/mae26/s.kim/RP/QAOA-TSP-supaero-mae-reasearch/qaoa.cpp:225]   --->   Operation 88 'br' 'br_ln231' <Predicate = (!get_best_state_read & !icmp_ln231)> <Delay = 1.70>
ST_8 : Operation 89 [1/1] (0.00ns) (grouped into LUT with out node add_ln228_2)   --->   "%cond46_i_i_i_i_i_i = select i1 %icmp_ln228_3, i64 %lshr_ln228, i64 %shl_ln228" [/home/master25/mae26/s.kim/RP/QAOA-TSP-supaero-mae-reasearch/qaoa.cpp:228->/home/master25/mae26/s.kim/RP/QAOA-TSP-supaero-mae-reasearch/qaoa.cpp:227->/home/master25/mae26/s.kim/RP/QAOA-TSP-supaero-mae-reasearch/qaoa.cpp:227->/home/master25/mae26/s.kim/RP/QAOA-TSP-supaero-mae-reasearch/qaoa.cpp:221->/home/master25/mae26/s.kim/RP/QAOA-TSP-supaero-mae-reasearch/qaoa.cpp:225]   --->   Operation 89 'select' 'cond46_i_i_i_i_i_i' <Predicate = (get_best_state_read & !icmp_ln228)> <Delay = 0.00> <CoreInst = "Sel">   --->   Core 73 'Sel' <Latency = 0> <II = 1> <Delay = 1.48> <FuncUnit> <Opcode : 'select'> <InPorts = 3> <OutPorts = 1>
ST_8 : Operation 90 [1/1] (0.00ns) (grouped into LUT with out node add_ln228_2)   --->   "%zext_ln228_4 = zext i1 %or_ln228" [/home/master25/mae26/s.kim/RP/QAOA-TSP-supaero-mae-reasearch/qaoa.cpp:228->/home/master25/mae26/s.kim/RP/QAOA-TSP-supaero-mae-reasearch/qaoa.cpp:227->/home/master25/mae26/s.kim/RP/QAOA-TSP-supaero-mae-reasearch/qaoa.cpp:227->/home/master25/mae26/s.kim/RP/QAOA-TSP-supaero-mae-reasearch/qaoa.cpp:221->/home/master25/mae26/s.kim/RP/QAOA-TSP-supaero-mae-reasearch/qaoa.cpp:225]   --->   Operation 90 'zext' 'zext_ln228_4' <Predicate = (get_best_state_read & !icmp_ln228)> <Delay = 0.00>
ST_8 : Operation 91 [1/1] (3.52ns) (out node of the LUT)   --->   "%add_ln228_2 = add i64 %cond46_i_i_i_i_i_i, i64 %zext_ln228_4" [/home/master25/mae26/s.kim/RP/QAOA-TSP-supaero-mae-reasearch/qaoa.cpp:228->/home/master25/mae26/s.kim/RP/QAOA-TSP-supaero-mae-reasearch/qaoa.cpp:227->/home/master25/mae26/s.kim/RP/QAOA-TSP-supaero-mae-reasearch/qaoa.cpp:227->/home/master25/mae26/s.kim/RP/QAOA-TSP-supaero-mae-reasearch/qaoa.cpp:221->/home/master25/mae26/s.kim/RP/QAOA-TSP-supaero-mae-reasearch/qaoa.cpp:225]   --->   Operation 91 'add' 'add_ln228_2' <Predicate = (get_best_state_read & !icmp_ln228)> <Delay = 3.52> <CoreInst = "Adder">   --->   Core 1 'Adder' <Latency = 0> <II = 1> <Delay = 3.52> <FuncUnit> <Opcode : 'add' 'sub'> <InPorts = 2> <OutPorts = 1>
ST_8 : Operation 92 [1/1] (0.00ns)   --->   "%lshr_ln228_1 = partselect i63 @_ssdm_op_PartSelect.i63.i64.i32.i32, i64 %add_ln228_2, i32 1, i32 63" [/home/master25/mae26/s.kim/RP/QAOA-TSP-supaero-mae-reasearch/qaoa.cpp:228->/home/master25/mae26/s.kim/RP/QAOA-TSP-supaero-mae-reasearch/qaoa.cpp:227->/home/master25/mae26/s.kim/RP/QAOA-TSP-supaero-mae-reasearch/qaoa.cpp:227->/home/master25/mae26/s.kim/RP/QAOA-TSP-supaero-mae-reasearch/qaoa.cpp:221->/home/master25/mae26/s.kim/RP/QAOA-TSP-supaero-mae-reasearch/qaoa.cpp:225]   --->   Operation 92 'partselect' 'lshr_ln228_1' <Predicate = (get_best_state_read & !icmp_ln228)> <Delay = 0.00>
ST_8 : Operation 93 [1/1] (0.00ns)   --->   "%zext_ln228_5 = zext i63 %lshr_ln228_1" [/home/master25/mae26/s.kim/RP/QAOA-TSP-supaero-mae-reasearch/qaoa.cpp:228->/home/master25/mae26/s.kim/RP/QAOA-TSP-supaero-mae-reasearch/qaoa.cpp:227->/home/master25/mae26/s.kim/RP/QAOA-TSP-supaero-mae-reasearch/qaoa.cpp:227->/home/master25/mae26/s.kim/RP/QAOA-TSP-supaero-mae-reasearch/qaoa.cpp:221->/home/master25/mae26/s.kim/RP/QAOA-TSP-supaero-mae-reasearch/qaoa.cpp:225]   --->   Operation 93 'zext' 'zext_ln228_5' <Predicate = (get_best_state_read & !icmp_ln228)> <Delay = 0.00>
ST_8 : Operation 94 [1/1] (0.00ns) (grouped into LUT with out node add_ln228_3)   --->   "%tmp_106 = bitselect i1 @_ssdm_op_BitSelect.i1.i64.i32, i64 %add_ln228_2, i32 25" [/home/master25/mae26/s.kim/RP/QAOA-TSP-supaero-mae-reasearch/qaoa.cpp:228->/home/master25/mae26/s.kim/RP/QAOA-TSP-supaero-mae-reasearch/qaoa.cpp:227->/home/master25/mae26/s.kim/RP/QAOA-TSP-supaero-mae-reasearch/qaoa.cpp:227->/home/master25/mae26/s.kim/RP/QAOA-TSP-supaero-mae-reasearch/qaoa.cpp:221->/home/master25/mae26/s.kim/RP/QAOA-TSP-supaero-mae-reasearch/qaoa.cpp:225]   --->   Operation 94 'bitselect' 'tmp_106' <Predicate = (get_best_state_read & !icmp_ln228)> <Delay = 0.00>
ST_8 : Operation 95 [1/1] (0.00ns) (grouped into LUT with out node add_ln228_3)   --->   "%select_ln228_1 = select i1 %tmp_106, i8 127, i8 126" [/home/master25/mae26/s.kim/RP/QAOA-TSP-supaero-mae-reasearch/qaoa.cpp:228->/home/master25/mae26/s.kim/RP/QAOA-TSP-supaero-mae-reasearch/qaoa.cpp:227->/home/master25/mae26/s.kim/RP/QAOA-TSP-supaero-mae-reasearch/qaoa.cpp:227->/home/master25/mae26/s.kim/RP/QAOA-TSP-supaero-mae-reasearch/qaoa.cpp:221->/home/master25/mae26/s.kim/RP/QAOA-TSP-supaero-mae-reasearch/qaoa.cpp:225]   --->   Operation 95 'select' 'select_ln228_1' <Predicate = (get_best_state_read & !icmp_ln228)> <Delay = 0.00> <CoreInst = "Sel">   --->   Core 73 'Sel' <Latency = 0> <II = 1> <Delay = 1.24> <FuncUnit> <Opcode : 'select'> <InPorts = 3> <OutPorts = 1>
ST_8 : Operation 96 [1/1] (1.78ns)   --->   "%sub_ln228_3 = sub i6 12, i6 %zext_ln228" [/home/master25/mae26/s.kim/RP/QAOA-TSP-supaero-mae-reasearch/qaoa.cpp:228->/home/master25/mae26/s.kim/RP/QAOA-TSP-supaero-mae-reasearch/qaoa.cpp:227->/home/master25/mae26/s.kim/RP/QAOA-TSP-supaero-mae-reasearch/qaoa.cpp:227->/home/master25/mae26/s.kim/RP/QAOA-TSP-supaero-mae-reasearch/qaoa.cpp:221->/home/master25/mae26/s.kim/RP/QAOA-TSP-supaero-mae-reasearch/qaoa.cpp:225]   --->   Operation 96 'sub' 'sub_ln228_3' <Predicate = (get_best_state_read & !icmp_ln228)> <Delay = 1.78> <CoreInst = "Adder">   --->   Core 1 'Adder' <Latency = 0> <II = 1> <Delay = 1.78> <FuncUnit> <Opcode : 'add' 'sub'> <InPorts = 2> <OutPorts = 1>
ST_8 : Operation 97 [1/1] (0.00ns) (grouped into LUT with out node add_ln228_3)   --->   "%sext_ln228_3 = sext i6 %sub_ln228_3" [/home/master25/mae26/s.kim/RP/QAOA-TSP-supaero-mae-reasearch/qaoa.cpp:228->/home/master25/mae26/s.kim/RP/QAOA-TSP-supaero-mae-reasearch/qaoa.cpp:227->/home/master25/mae26/s.kim/RP/QAOA-TSP-supaero-mae-reasearch/qaoa.cpp:227->/home/master25/mae26/s.kim/RP/QAOA-TSP-supaero-mae-reasearch/qaoa.cpp:221->/home/master25/mae26/s.kim/RP/QAOA-TSP-supaero-mae-reasearch/qaoa.cpp:225]   --->   Operation 97 'sext' 'sext_ln228_3' <Predicate = (get_best_state_read & !icmp_ln228)> <Delay = 0.00>
ST_8 : Operation 98 [1/1] (1.91ns) (out node of the LUT)   --->   "%add_ln228_3 = add i8 %select_ln228_1, i8 %sext_ln228_3" [/home/master25/mae26/s.kim/RP/QAOA-TSP-supaero-mae-reasearch/qaoa.cpp:228->/home/master25/mae26/s.kim/RP/QAOA-TSP-supaero-mae-reasearch/qaoa.cpp:227->/home/master25/mae26/s.kim/RP/QAOA-TSP-supaero-mae-reasearch/qaoa.cpp:227->/home/master25/mae26/s.kim/RP/QAOA-TSP-supaero-mae-reasearch/qaoa.cpp:221->/home/master25/mae26/s.kim/RP/QAOA-TSP-supaero-mae-reasearch/qaoa.cpp:225]   --->   Operation 98 'add' 'add_ln228_3' <Predicate = (get_best_state_read & !icmp_ln228)> <Delay = 1.91> <CoreInst = "Adder">   --->   Core 1 'Adder' <Latency = 0> <II = 1> <Delay = 1.91> <FuncUnit> <Opcode : 'add' 'sub'> <InPorts = 2> <OutPorts = 1>
ST_8 : Operation 99 [1/1] (0.00ns)   --->   "%tmp_11_i = bitconcatenate i9 @_ssdm_op_BitConcatenate.i9.i1.i8, i1 %tmp, i8 %add_ln228_3" [/home/master25/mae26/s.kim/RP/QAOA-TSP-supaero-mae-reasearch/qaoa.cpp:228->/home/master25/mae26/s.kim/RP/QAOA-TSP-supaero-mae-reasearch/qaoa.cpp:227->/home/master25/mae26/s.kim/RP/QAOA-TSP-supaero-mae-reasearch/qaoa.cpp:227->/home/master25/mae26/s.kim/RP/QAOA-TSP-supaero-mae-reasearch/qaoa.cpp:221->/home/master25/mae26/s.kim/RP/QAOA-TSP-supaero-mae-reasearch/qaoa.cpp:225]   --->   Operation 99 'bitconcatenate' 'tmp_11_i' <Predicate = (get_best_state_read & !icmp_ln228)> <Delay = 0.00>
ST_8 : Operation 100 [1/1] (0.00ns)   --->   "%pi = partset i64 @_ssdm_op_PartSet.i64.i64.i9.i32.i32, i64 %zext_ln228_5, i9 %tmp_11_i, i32 23, i32 31" [/home/master25/mae26/s.kim/RP/QAOA-TSP-supaero-mae-reasearch/qaoa.cpp:228->/home/master25/mae26/s.kim/RP/QAOA-TSP-supaero-mae-reasearch/qaoa.cpp:227->/home/master25/mae26/s.kim/RP/QAOA-TSP-supaero-mae-reasearch/qaoa.cpp:227->/home/master25/mae26/s.kim/RP/QAOA-TSP-supaero-mae-reasearch/qaoa.cpp:221->/home/master25/mae26/s.kim/RP/QAOA-TSP-supaero-mae-reasearch/qaoa.cpp:225]   --->   Operation 100 'partset' 'pi' <Predicate = (get_best_state_read & !icmp_ln228)> <Delay = 0.00>
ST_8 : Operation 101 [1/1] (0.00ns)   --->   "%trunc_ln757 = trunc i64 %pi" [/home/master25/mae26/s.kim/RP/QAOA-TSP-supaero-mae-reasearch/qaoa.cpp:757->/home/master25/mae26/s.kim/RP/QAOA-TSP-supaero-mae-reasearch/qaoa.cpp:227->/home/master25/mae26/s.kim/RP/QAOA-TSP-supaero-mae-reasearch/qaoa.cpp:227->/home/master25/mae26/s.kim/RP/QAOA-TSP-supaero-mae-reasearch/qaoa.cpp:221->/home/master25/mae26/s.kim/RP/QAOA-TSP-supaero-mae-reasearch/qaoa.cpp:225]   --->   Operation 101 'trunc' 'trunc_ln757' <Predicate = (get_best_state_read & !icmp_ln228)> <Delay = 0.00>
ST_8 : Operation 102 [1/1] (0.00ns)   --->   "%bitcast_ln758 = bitcast i32 %trunc_ln757" [/home/master25/mae26/s.kim/RP/QAOA-TSP-supaero-mae-reasearch/qaoa.cpp:758->/home/master25/mae26/s.kim/RP/QAOA-TSP-supaero-mae-reasearch/qaoa.cpp:227->/home/master25/mae26/s.kim/RP/QAOA-TSP-supaero-mae-reasearch/qaoa.cpp:227->/home/master25/mae26/s.kim/RP/QAOA-TSP-supaero-mae-reasearch/qaoa.cpp:221->/home/master25/mae26/s.kim/RP/QAOA-TSP-supaero-mae-reasearch/qaoa.cpp:225]   --->   Operation 102 'bitcast' 'bitcast_ln758' <Predicate = (get_best_state_read & !icmp_ln228)> <Delay = 0.00>
ST_8 : Operation 103 [1/1] (1.70ns)   --->   "%br_ln228 = br void %Block_entry_state.re_wr_d_rd_proc.exit" [/home/master25/mae26/s.kim/RP/QAOA-TSP-supaero-mae-reasearch/qaoa.cpp:228->/home/master25/mae26/s.kim/RP/QAOA-TSP-supaero-mae-reasearch/qaoa.cpp:227->/home/master25/mae26/s.kim/RP/QAOA-TSP-supaero-mae-reasearch/qaoa.cpp:227->/home/master25/mae26/s.kim/RP/QAOA-TSP-supaero-mae-reasearch/qaoa.cpp:221->/home/master25/mae26/s.kim/RP/QAOA-TSP-supaero-mae-reasearch/qaoa.cpp:225]   --->   Operation 103 'br' 'br_ln228' <Predicate = (get_best_state_read & !icmp_ln228)> <Delay = 1.70>
ST_8 : Operation 104 [1/1] (0.00ns)   --->   "%retval_0_loc_0 = phi i32 %bitcast_ln758, void %if.end.i.i.i.i.i.i_ifconv, i32 %bitcast_ln758_1, void %if.end.i.i7.i.i.i.i_ifconv, i32 0, void %if.else.i.i.i.i, i32 0, void %if.then.i.i.i.i" [/home/master25/mae26/s.kim/RP/QAOA-TSP-supaero-mae-reasearch/qaoa.cpp:758->/home/master25/mae26/s.kim/RP/QAOA-TSP-supaero-mae-reasearch/qaoa.cpp:227->/home/master25/mae26/s.kim/RP/QAOA-TSP-supaero-mae-reasearch/qaoa.cpp:227->/home/master25/mae26/s.kim/RP/QAOA-TSP-supaero-mae-reasearch/qaoa.cpp:221->/home/master25/mae26/s.kim/RP/QAOA-TSP-supaero-mae-reasearch/qaoa.cpp:225]   --->   Operation 104 'phi' 'retval_0_loc_0' <Predicate = true> <Delay = 0.00>
ST_8 : Operation 105 [1/1] (0.00ns)   --->   "%ret_ln225 = ret i32 %retval_0_loc_0" [/home/master25/mae26/s.kim/RP/QAOA-TSP-supaero-mae-reasearch/qaoa.cpp:225]   --->   Operation 105 'ret' 'ret_ln225' <Predicate = true> <Delay = 0.00>

State 9 <SV = 6> <Delay = 7.97>
ST_9 : Operation 106 [1/1] (1.82ns)   --->   "%add_ln228 = add i6 %sub_ln228_1, i6 40" [/home/master25/mae26/s.kim/RP/QAOA-TSP-supaero-mae-reasearch/qaoa.cpp:228->/home/master25/mae26/s.kim/RP/QAOA-TSP-supaero-mae-reasearch/qaoa.cpp:227->/home/master25/mae26/s.kim/RP/QAOA-TSP-supaero-mae-reasearch/qaoa.cpp:227->/home/master25/mae26/s.kim/RP/QAOA-TSP-supaero-mae-reasearch/qaoa.cpp:221->/home/master25/mae26/s.kim/RP/QAOA-TSP-supaero-mae-reasearch/qaoa.cpp:225]   --->   Operation 106 'add' 'add_ln228' <Predicate = true> <Delay = 1.82> <CoreInst = "Adder">   --->   Core 1 'Adder' <Latency = 0> <II = 1> <Delay = 1.82> <FuncUnit> <Opcode : 'add' 'sub'> <InPorts = 2> <OutPorts = 1>
ST_9 : Operation 107 [1/1] (0.00ns)   --->   "%sext_ln228 = sext i6 %add_ln228" [/home/master25/mae26/s.kim/RP/QAOA-TSP-supaero-mae-reasearch/qaoa.cpp:228->/home/master25/mae26/s.kim/RP/QAOA-TSP-supaero-mae-reasearch/qaoa.cpp:227->/home/master25/mae26/s.kim/RP/QAOA-TSP-supaero-mae-reasearch/qaoa.cpp:227->/home/master25/mae26/s.kim/RP/QAOA-TSP-supaero-mae-reasearch/qaoa.cpp:221->/home/master25/mae26/s.kim/RP/QAOA-TSP-supaero-mae-reasearch/qaoa.cpp:225]   --->   Operation 107 'sext' 'sext_ln228' <Predicate = true> <Delay = 0.00>
ST_9 : Operation 108 [1/1] (0.00ns)   --->   "%tmp_103 = partselect i5 @_ssdm_op_PartSelect.i5.i6.i32.i32, i6 %add_ln228, i32 1, i32 5" [/home/master25/mae26/s.kim/RP/QAOA-TSP-supaero-mae-reasearch/qaoa.cpp:228->/home/master25/mae26/s.kim/RP/QAOA-TSP-supaero-mae-reasearch/qaoa.cpp:227->/home/master25/mae26/s.kim/RP/QAOA-TSP-supaero-mae-reasearch/qaoa.cpp:227->/home/master25/mae26/s.kim/RP/QAOA-TSP-supaero-mae-reasearch/qaoa.cpp:221->/home/master25/mae26/s.kim/RP/QAOA-TSP-supaero-mae-reasearch/qaoa.cpp:225]   --->   Operation 108 'partselect' 'tmp_103' <Predicate = true> <Delay = 0.00>
ST_9 : Operation 109 [1/1] (1.78ns)   --->   "%icmp_ln228_1 = icmp_sgt  i5 %tmp_103, i5 0" [/home/master25/mae26/s.kim/RP/QAOA-TSP-supaero-mae-reasearch/qaoa.cpp:228->/home/master25/mae26/s.kim/RP/QAOA-TSP-supaero-mae-reasearch/qaoa.cpp:227->/home/master25/mae26/s.kim/RP/QAOA-TSP-supaero-mae-reasearch/qaoa.cpp:227->/home/master25/mae26/s.kim/RP/QAOA-TSP-supaero-mae-reasearch/qaoa.cpp:221->/home/master25/mae26/s.kim/RP/QAOA-TSP-supaero-mae-reasearch/qaoa.cpp:225]   --->   Operation 109 'icmp' 'icmp_ln228_1' <Predicate = true> <Delay = 1.78> <CoreInst = "Cmp">   --->   Core 9 'Cmp' <Latency = 0> <II = 1> <Delay = 1.78> <FuncUnit> <Opcode : 'seteq' 'setne' 'setle' 'setge' 'setlt' 'setgt'> <InPorts = 2> <OutPorts = 1>
ST_9 : Operation 110 [1/1] (1.78ns)   --->   "%sub_ln228_4 = sub i5 25, i5 %trunc_ln228_1" [/home/master25/mae26/s.kim/RP/QAOA-TSP-supaero-mae-reasearch/qaoa.cpp:228->/home/master25/mae26/s.kim/RP/QAOA-TSP-supaero-mae-reasearch/qaoa.cpp:227->/home/master25/mae26/s.kim/RP/QAOA-TSP-supaero-mae-reasearch/qaoa.cpp:227->/home/master25/mae26/s.kim/RP/QAOA-TSP-supaero-mae-reasearch/qaoa.cpp:221->/home/master25/mae26/s.kim/RP/QAOA-TSP-supaero-mae-reasearch/qaoa.cpp:225]   --->   Operation 110 'sub' 'sub_ln228_4' <Predicate = true> <Delay = 1.78> <CoreInst = "Adder">   --->   Core 1 'Adder' <Latency = 0> <II = 1> <Delay = 1.78> <FuncUnit> <Opcode : 'add' 'sub'> <InPorts = 2> <OutPorts = 1>
ST_9 : Operation 111 [1/1] (0.00ns)   --->   "%zext_ln228_2 = zext i5 %sub_ln228_4" [/home/master25/mae26/s.kim/RP/QAOA-TSP-supaero-mae-reasearch/qaoa.cpp:228->/home/master25/mae26/s.kim/RP/QAOA-TSP-supaero-mae-reasearch/qaoa.cpp:227->/home/master25/mae26/s.kim/RP/QAOA-TSP-supaero-mae-reasearch/qaoa.cpp:227->/home/master25/mae26/s.kim/RP/QAOA-TSP-supaero-mae-reasearch/qaoa.cpp:221->/home/master25/mae26/s.kim/RP/QAOA-TSP-supaero-mae-reasearch/qaoa.cpp:225]   --->   Operation 111 'zext' 'zext_ln228_2' <Predicate = true> <Delay = 0.00>
ST_9 : Operation 112 [1/1] (2.66ns)   --->   "%lshr_ln228_2 = lshr i32 4294967295, i32 %zext_ln228_2" [/home/master25/mae26/s.kim/RP/QAOA-TSP-supaero-mae-reasearch/qaoa.cpp:228->/home/master25/mae26/s.kim/RP/QAOA-TSP-supaero-mae-reasearch/qaoa.cpp:227->/home/master25/mae26/s.kim/RP/QAOA-TSP-supaero-mae-reasearch/qaoa.cpp:227->/home/master25/mae26/s.kim/RP/QAOA-TSP-supaero-mae-reasearch/qaoa.cpp:221->/home/master25/mae26/s.kim/RP/QAOA-TSP-supaero-mae-reasearch/qaoa.cpp:225]   --->   Operation 112 'lshr' 'lshr_ln228_2' <Predicate = true> <Delay = 2.66> <CoreInst = "Shifter">   --->   Core 75 'Shifter' <Latency = 0> <II = 1> <Delay = 2.66> <FuncUnit> <Opcode : 'shl' 'lshr' 'ashr'> <InPorts = 2> <OutPorts = 1>
ST_9 : Operation 113 [1/1] (0.00ns) (grouped into LUT with out node icmp_ln228_2)   --->   "%and_ln228 = and i32 %select_ln228, i32 %lshr_ln228_2" [/home/master25/mae26/s.kim/RP/QAOA-TSP-supaero-mae-reasearch/qaoa.cpp:228->/home/master25/mae26/s.kim/RP/QAOA-TSP-supaero-mae-reasearch/qaoa.cpp:227->/home/master25/mae26/s.kim/RP/QAOA-TSP-supaero-mae-reasearch/qaoa.cpp:227->/home/master25/mae26/s.kim/RP/QAOA-TSP-supaero-mae-reasearch/qaoa.cpp:221->/home/master25/mae26/s.kim/RP/QAOA-TSP-supaero-mae-reasearch/qaoa.cpp:225]   --->   Operation 113 'and' 'and_ln228' <Predicate = true> <Delay = 0.00> <CoreInst = "LogicGate">   --->   Core 74 'LogicGate' <Latency = 0> <II = 1> <Delay = 0.99> <FuncUnit> <Opcode : 'and' 'or' 'xor'> <InPorts = 2> <OutPorts = 1>
ST_9 : Operation 114 [1/1] (2.55ns) (out node of the LUT)   --->   "%icmp_ln228_2 = icmp_ne  i32 %and_ln228, i32 0" [/home/master25/mae26/s.kim/RP/QAOA-TSP-supaero-mae-reasearch/qaoa.cpp:228->/home/master25/mae26/s.kim/RP/QAOA-TSP-supaero-mae-reasearch/qaoa.cpp:227->/home/master25/mae26/s.kim/RP/QAOA-TSP-supaero-mae-reasearch/qaoa.cpp:227->/home/master25/mae26/s.kim/RP/QAOA-TSP-supaero-mae-reasearch/qaoa.cpp:221->/home/master25/mae26/s.kim/RP/QAOA-TSP-supaero-mae-reasearch/qaoa.cpp:225]   --->   Operation 114 'icmp' 'icmp_ln228_2' <Predicate = true> <Delay = 2.55> <CoreInst = "Cmp">   --->   Core 9 'Cmp' <Latency = 0> <II = 1> <Delay = 2.55> <FuncUnit> <Opcode : 'seteq' 'setne' 'setle' 'setge' 'setlt' 'setgt'> <InPorts = 2> <OutPorts = 1>
ST_9 : Operation 115 [1/1] (0.00ns) (grouped into LUT with out node or_ln228)   --->   "%phi_ln228 = and i1 %icmp_ln228_1, i1 %icmp_ln228_2" [/home/master25/mae26/s.kim/RP/QAOA-TSP-supaero-mae-reasearch/qaoa.cpp:228->/home/master25/mae26/s.kim/RP/QAOA-TSP-supaero-mae-reasearch/qaoa.cpp:227->/home/master25/mae26/s.kim/RP/QAOA-TSP-supaero-mae-reasearch/qaoa.cpp:227->/home/master25/mae26/s.kim/RP/QAOA-TSP-supaero-mae-reasearch/qaoa.cpp:221->/home/master25/mae26/s.kim/RP/QAOA-TSP-supaero-mae-reasearch/qaoa.cpp:225]   --->   Operation 115 'and' 'phi_ln228' <Predicate = true> <Delay = 0.00> <CoreInst = "LogicGate">   --->   Core 74 'LogicGate' <Latency = 0> <II = 1> <Delay = 0.97> <FuncUnit> <Opcode : 'and' 'or' 'xor'> <InPorts = 2> <OutPorts = 1>
ST_9 : Operation 116 [1/1] (0.00ns) (grouped into LUT with out node or_ln228)   --->   "%tmp_104 = bitselect i1 @_ssdm_op_BitSelect.i1.i6.i32, i6 %add_ln228, i32 5" [/home/master25/mae26/s.kim/RP/QAOA-TSP-supaero-mae-reasearch/qaoa.cpp:228->/home/master25/mae26/s.kim/RP/QAOA-TSP-supaero-mae-reasearch/qaoa.cpp:227->/home/master25/mae26/s.kim/RP/QAOA-TSP-supaero-mae-reasearch/qaoa.cpp:227->/home/master25/mae26/s.kim/RP/QAOA-TSP-supaero-mae-reasearch/qaoa.cpp:221->/home/master25/mae26/s.kim/RP/QAOA-TSP-supaero-mae-reasearch/qaoa.cpp:225]   --->   Operation 116 'bitselect' 'tmp_104' <Predicate = true> <Delay = 0.00>
ST_9 : Operation 117 [1/1] (0.00ns) (grouped into LUT with out node or_ln228)   --->   "%xor_ln228 = xor i1 %tmp_104, i1 1" [/home/master25/mae26/s.kim/RP/QAOA-TSP-supaero-mae-reasearch/qaoa.cpp:228->/home/master25/mae26/s.kim/RP/QAOA-TSP-supaero-mae-reasearch/qaoa.cpp:227->/home/master25/mae26/s.kim/RP/QAOA-TSP-supaero-mae-reasearch/qaoa.cpp:227->/home/master25/mae26/s.kim/RP/QAOA-TSP-supaero-mae-reasearch/qaoa.cpp:221->/home/master25/mae26/s.kim/RP/QAOA-TSP-supaero-mae-reasearch/qaoa.cpp:225]   --->   Operation 117 'xor' 'xor_ln228' <Predicate = true> <Delay = 0.00> <CoreInst = "LogicGate">   --->   Core 74 'LogicGate' <Latency = 0> <II = 1> <Delay = 0.97> <FuncUnit> <Opcode : 'and' 'or' 'xor'> <InPorts = 2> <OutPorts = 1>
ST_9 : Operation 118 [1/1] (2.18ns)   --->   "%tmp_105 = bitselect i1 @_ssdm_op_BitSelect.i1.i32.i32, i32 %select_ln228, i32 %sext_ln228" [/home/master25/mae26/s.kim/RP/QAOA-TSP-supaero-mae-reasearch/qaoa.cpp:228->/home/master25/mae26/s.kim/RP/QAOA-TSP-supaero-mae-reasearch/qaoa.cpp:227->/home/master25/mae26/s.kim/RP/QAOA-TSP-supaero-mae-reasearch/qaoa.cpp:227->/home/master25/mae26/s.kim/RP/QAOA-TSP-supaero-mae-reasearch/qaoa.cpp:221->/home/master25/mae26/s.kim/RP/QAOA-TSP-supaero-mae-reasearch/qaoa.cpp:225]   --->   Operation 118 'bitselect' 'tmp_105' <Predicate = true> <Delay = 2.18> <CoreInst = "BitSelector">   --->   Core 141 'BitSelector' <Latency = 0> <II = 1> <Delay = 2.18> <FuncUnit> <Opcode : 'bitselect'> <InPorts = 2> <OutPorts = 1>
ST_9 : Operation 119 [1/1] (0.00ns) (grouped into LUT with out node or_ln228)   --->   "%phi_ln228_1 = and i1 %tmp_105, i1 %xor_ln228" [/home/master25/mae26/s.kim/RP/QAOA-TSP-supaero-mae-reasearch/qaoa.cpp:228->/home/master25/mae26/s.kim/RP/QAOA-TSP-supaero-mae-reasearch/qaoa.cpp:227->/home/master25/mae26/s.kim/RP/QAOA-TSP-supaero-mae-reasearch/qaoa.cpp:227->/home/master25/mae26/s.kim/RP/QAOA-TSP-supaero-mae-reasearch/qaoa.cpp:221->/home/master25/mae26/s.kim/RP/QAOA-TSP-supaero-mae-reasearch/qaoa.cpp:225]   --->   Operation 119 'and' 'phi_ln228_1' <Predicate = true> <Delay = 0.00> <CoreInst = "LogicGate">   --->   Core 74 'LogicGate' <Latency = 0> <II = 1> <Delay = 0.97> <FuncUnit> <Opcode : 'and' 'or' 'xor'> <InPorts = 2> <OutPorts = 1>
ST_9 : Operation 120 [1/1] (0.97ns) (out node of the LUT)   --->   "%or_ln228 = or i1 %phi_ln228_1, i1 %phi_ln228" [/home/master25/mae26/s.kim/RP/QAOA-TSP-supaero-mae-reasearch/qaoa.cpp:228->/home/master25/mae26/s.kim/RP/QAOA-TSP-supaero-mae-reasearch/qaoa.cpp:227->/home/master25/mae26/s.kim/RP/QAOA-TSP-supaero-mae-reasearch/qaoa.cpp:227->/home/master25/mae26/s.kim/RP/QAOA-TSP-supaero-mae-reasearch/qaoa.cpp:221->/home/master25/mae26/s.kim/RP/QAOA-TSP-supaero-mae-reasearch/qaoa.cpp:225]   --->   Operation 120 'or' 'or_ln228' <Predicate = true> <Delay = 0.97> <CoreInst = "LogicGate">   --->   Core 74 'LogicGate' <Latency = 0> <II = 1> <Delay = 0.97> <FuncUnit> <Opcode : 'and' 'or' 'xor'> <InPorts = 2> <OutPorts = 1>
ST_9 : Operation 121 [1/1] (0.00ns)   --->   "%zext_ln228_1 = zext i32 %select_ln228" [/home/master25/mae26/s.kim/RP/QAOA-TSP-supaero-mae-reasearch/qaoa.cpp:228->/home/master25/mae26/s.kim/RP/QAOA-TSP-supaero-mae-reasearch/qaoa.cpp:227->/home/master25/mae26/s.kim/RP/QAOA-TSP-supaero-mae-reasearch/qaoa.cpp:227->/home/master25/mae26/s.kim/RP/QAOA-TSP-supaero-mae-reasearch/qaoa.cpp:221->/home/master25/mae26/s.kim/RP/QAOA-TSP-supaero-mae-reasearch/qaoa.cpp:225]   --->   Operation 121 'zext' 'zext_ln228_1' <Predicate = true> <Delay = 0.00>
ST_9 : Operation 122 [1/1] (1.82ns)   --->   "%icmp_ln228_3 = icmp_sgt  i6 %add_ln228, i6 0" [/home/master25/mae26/s.kim/RP/QAOA-TSP-supaero-mae-reasearch/qaoa.cpp:228->/home/master25/mae26/s.kim/RP/QAOA-TSP-supaero-mae-reasearch/qaoa.cpp:227->/home/master25/mae26/s.kim/RP/QAOA-TSP-supaero-mae-reasearch/qaoa.cpp:227->/home/master25/mae26/s.kim/RP/QAOA-TSP-supaero-mae-reasearch/qaoa.cpp:221->/home/master25/mae26/s.kim/RP/QAOA-TSP-supaero-mae-reasearch/qaoa.cpp:225]   --->   Operation 122 'icmp' 'icmp_ln228_3' <Predicate = true> <Delay = 1.82> <CoreInst = "Cmp">   --->   Core 9 'Cmp' <Latency = 0> <II = 1> <Delay = 1.82> <FuncUnit> <Opcode : 'seteq' 'setne' 'setle' 'setge' 'setlt' 'setgt'> <InPorts = 2> <OutPorts = 1>
ST_9 : Operation 123 [1/1] (1.82ns)   --->   "%add_ln228_1 = add i6 %sub_ln228_1, i6 39" [/home/master25/mae26/s.kim/RP/QAOA-TSP-supaero-mae-reasearch/qaoa.cpp:228->/home/master25/mae26/s.kim/RP/QAOA-TSP-supaero-mae-reasearch/qaoa.cpp:227->/home/master25/mae26/s.kim/RP/QAOA-TSP-supaero-mae-reasearch/qaoa.cpp:227->/home/master25/mae26/s.kim/RP/QAOA-TSP-supaero-mae-reasearch/qaoa.cpp:221->/home/master25/mae26/s.kim/RP/QAOA-TSP-supaero-mae-reasearch/qaoa.cpp:225]   --->   Operation 123 'add' 'add_ln228_1' <Predicate = true> <Delay = 1.82> <CoreInst = "Adder">   --->   Core 1 'Adder' <Latency = 0> <II = 1> <Delay = 1.82> <FuncUnit> <Opcode : 'add' 'sub'> <InPorts = 2> <OutPorts = 1>
ST_9 : Operation 124 [1/1] (0.00ns)   --->   "%sext_ln228_1 = sext i6 %add_ln228_1" [/home/master25/mae26/s.kim/RP/QAOA-TSP-supaero-mae-reasearch/qaoa.cpp:228->/home/master25/mae26/s.kim/RP/QAOA-TSP-supaero-mae-reasearch/qaoa.cpp:227->/home/master25/mae26/s.kim/RP/QAOA-TSP-supaero-mae-reasearch/qaoa.cpp:227->/home/master25/mae26/s.kim/RP/QAOA-TSP-supaero-mae-reasearch/qaoa.cpp:221->/home/master25/mae26/s.kim/RP/QAOA-TSP-supaero-mae-reasearch/qaoa.cpp:225]   --->   Operation 124 'sext' 'sext_ln228_1' <Predicate = true> <Delay = 0.00>
ST_9 : Operation 125 [1/1] (0.00ns)   --->   "%zext_ln228_3 = zext i32 %sext_ln228_1" [/home/master25/mae26/s.kim/RP/QAOA-TSP-supaero-mae-reasearch/qaoa.cpp:228->/home/master25/mae26/s.kim/RP/QAOA-TSP-supaero-mae-reasearch/qaoa.cpp:227->/home/master25/mae26/s.kim/RP/QAOA-TSP-supaero-mae-reasearch/qaoa.cpp:227->/home/master25/mae26/s.kim/RP/QAOA-TSP-supaero-mae-reasearch/qaoa.cpp:221->/home/master25/mae26/s.kim/RP/QAOA-TSP-supaero-mae-reasearch/qaoa.cpp:225]   --->   Operation 125 'zext' 'zext_ln228_3' <Predicate = true> <Delay = 0.00>
ST_9 : Operation 126 [1/1] (4.42ns)   --->   "%lshr_ln228 = lshr i64 %zext_ln228_1, i64 %zext_ln228_3" [/home/master25/mae26/s.kim/RP/QAOA-TSP-supaero-mae-reasearch/qaoa.cpp:228->/home/master25/mae26/s.kim/RP/QAOA-TSP-supaero-mae-reasearch/qaoa.cpp:227->/home/master25/mae26/s.kim/RP/QAOA-TSP-supaero-mae-reasearch/qaoa.cpp:227->/home/master25/mae26/s.kim/RP/QAOA-TSP-supaero-mae-reasearch/qaoa.cpp:221->/home/master25/mae26/s.kim/RP/QAOA-TSP-supaero-mae-reasearch/qaoa.cpp:225]   --->   Operation 126 'lshr' 'lshr_ln228' <Predicate = true> <Delay = 4.42> <CoreInst = "Shifter">   --->   Core 75 'Shifter' <Latency = 0> <II = 1> <Delay = 4.42> <FuncUnit> <Opcode : 'shl' 'lshr' 'ashr'> <InPorts = 2> <OutPorts = 1>
ST_9 : Operation 127 [1/1] (1.82ns)   --->   "%sub_ln228_2 = sub i6 25, i6 %sub_ln228_1" [/home/master25/mae26/s.kim/RP/QAOA-TSP-supaero-mae-reasearch/qaoa.cpp:228->/home/master25/mae26/s.kim/RP/QAOA-TSP-supaero-mae-reasearch/qaoa.cpp:227->/home/master25/mae26/s.kim/RP/QAOA-TSP-supaero-mae-reasearch/qaoa.cpp:227->/home/master25/mae26/s.kim/RP/QAOA-TSP-supaero-mae-reasearch/qaoa.cpp:221->/home/master25/mae26/s.kim/RP/QAOA-TSP-supaero-mae-reasearch/qaoa.cpp:225]   --->   Operation 127 'sub' 'sub_ln228_2' <Predicate = true> <Delay = 1.82> <CoreInst = "Adder">   --->   Core 1 'Adder' <Latency = 0> <II = 1> <Delay = 1.82> <FuncUnit> <Opcode : 'add' 'sub'> <InPorts = 2> <OutPorts = 1>
ST_9 : Operation 128 [1/1] (0.00ns)   --->   "%sext_ln228_2 = sext i6 %sub_ln228_2" [/home/master25/mae26/s.kim/RP/QAOA-TSP-supaero-mae-reasearch/qaoa.cpp:228->/home/master25/mae26/s.kim/RP/QAOA-TSP-supaero-mae-reasearch/qaoa.cpp:227->/home/master25/mae26/s.kim/RP/QAOA-TSP-supaero-mae-reasearch/qaoa.cpp:227->/home/master25/mae26/s.kim/RP/QAOA-TSP-supaero-mae-reasearch/qaoa.cpp:221->/home/master25/mae26/s.kim/RP/QAOA-TSP-supaero-mae-reasearch/qaoa.cpp:225]   --->   Operation 128 'sext' 'sext_ln228_2' <Predicate = true> <Delay = 0.00>
ST_9 : Operation 129 [1/1] (0.00ns)   --->   "%zext_ln228_6 = zext i32 %sext_ln228_2" [/home/master25/mae26/s.kim/RP/QAOA-TSP-supaero-mae-reasearch/qaoa.cpp:228->/home/master25/mae26/s.kim/RP/QAOA-TSP-supaero-mae-reasearch/qaoa.cpp:227->/home/master25/mae26/s.kim/RP/QAOA-TSP-supaero-mae-reasearch/qaoa.cpp:227->/home/master25/mae26/s.kim/RP/QAOA-TSP-supaero-mae-reasearch/qaoa.cpp:221->/home/master25/mae26/s.kim/RP/QAOA-TSP-supaero-mae-reasearch/qaoa.cpp:225]   --->   Operation 129 'zext' 'zext_ln228_6' <Predicate = true> <Delay = 0.00>
ST_9 : Operation 130 [1/1] (4.42ns)   --->   "%shl_ln228 = shl i64 %zext_ln228_1, i64 %zext_ln228_6" [/home/master25/mae26/s.kim/RP/QAOA-TSP-supaero-mae-reasearch/qaoa.cpp:228->/home/master25/mae26/s.kim/RP/QAOA-TSP-supaero-mae-reasearch/qaoa.cpp:227->/home/master25/mae26/s.kim/RP/QAOA-TSP-supaero-mae-reasearch/qaoa.cpp:227->/home/master25/mae26/s.kim/RP/QAOA-TSP-supaero-mae-reasearch/qaoa.cpp:221->/home/master25/mae26/s.kim/RP/QAOA-TSP-supaero-mae-reasearch/qaoa.cpp:225]   --->   Operation 130 'shl' 'shl_ln228' <Predicate = true> <Delay = 4.42> <CoreInst = "Shifter">   --->   Core 75 'Shifter' <Latency = 0> <II = 1> <Delay = 4.42> <FuncUnit> <Opcode : 'shl' 'lshr' 'ashr'> <InPorts = 2> <OutPorts = 1>


============================================================
+ Verbose Summary: Timing violations
============================================================
Target clock period: 10.000ns, clock uncertainty: 2.000ns.

 <State 1>: 0.000ns
The critical path consists of the following:

 <State 2>: 4.999ns
The critical path consists of the following:
	'call' operation 0 bit ('call_ln0') to 'Block_entry_state.re_wr_d_rd_proc_Pipeline_1' [17]  (4.999 ns)

 <State 3>: 4.188ns
The critical path consists of the following:
	wire read operation ('gamma_read') on port 'gamma' [11]  (0.000 ns)
	'call' operation 0 bit ('call_ln225', /home/master25/mae26/s.kim/RP/QAOA-TSP-supaero-mae-reasearch/qaoa.cpp:225->/home/master25/mae26/s.kim/RP/QAOA-TSP-supaero-mae-reasearch/qaoa.cpp:221->/home/master25/mae26/s.kim/RP/QAOA-TSP-supaero-mae-reasearch/qaoa.cpp:225) to 'qaoaStep_hls<3, 1>' [18]  (4.188 ns)

 <State 4>: 0.000ns
The critical path consists of the following:

 <State 5>: 0.000ns
The critical path consists of the following:

 <State 6>: 7.204ns
The critical path consists of the following:
	'call' operation 64 bit ('call_ret_i1', /home/master25/mae26/s.kim/RP/QAOA-TSP-supaero-mae-reasearch/qaoa.cpp:228->/home/master25/mae26/s.kim/RP/QAOA-TSP-supaero-mae-reasearch/qaoa.cpp:227->/home/master25/mae26/s.kim/RP/QAOA-TSP-supaero-mae-reasearch/qaoa.cpp:227->/home/master25/mae26/s.kim/RP/QAOA-TSP-supaero-mae-reasearch/qaoa.cpp:221->/home/master25/mae26/s.kim/RP/QAOA-TSP-supaero-mae-reasearch/qaoa.cpp:225) to 'expectation_cost<3>' [19]  (0.000 ns)
	'sub' operation 32 bit ('sub_ln231', /home/master25/mae26/s.kim/RP/QAOA-TSP-supaero-mae-reasearch/qaoa.cpp:231->/home/master25/mae26/s.kim/RP/QAOA-TSP-supaero-mae-reasearch/qaoa.cpp:227->/home/master25/mae26/s.kim/RP/QAOA-TSP-supaero-mae-reasearch/qaoa.cpp:227->/home/master25/mae26/s.kim/RP/QAOA-TSP-supaero-mae-reasearch/qaoa.cpp:221->/home/master25/mae26/s.kim/RP/QAOA-TSP-supaero-mae-reasearch/qaoa.cpp:225) [27]  (2.552 ns)
	'select' operation 32 bit ('select_ln231', /home/master25/mae26/s.kim/RP/QAOA-TSP-supaero-mae-reasearch/qaoa.cpp:231->/home/master25/mae26/s.kim/RP/QAOA-TSP-supaero-mae-reasearch/qaoa.cpp:227->/home/master25/mae26/s.kim/RP/QAOA-TSP-supaero-mae-reasearch/qaoa.cpp:227->/home/master25/mae26/s.kim/RP/QAOA-TSP-supaero-mae-reasearch/qaoa.cpp:221->/home/master25/mae26/s.kim/RP/QAOA-TSP-supaero-mae-reasearch/qaoa.cpp:225) [28]  (0.698 ns)
	'ctlz' operation 32 bit ('tmp_3_i', /home/master25/mae26/s.kim/RP/QAOA-TSP-supaero-mae-reasearch/qaoa.cpp:231->/home/master25/mae26/s.kim/RP/QAOA-TSP-supaero-mae-reasearch/qaoa.cpp:227->/home/master25/mae26/s.kim/RP/QAOA-TSP-supaero-mae-reasearch/qaoa.cpp:227->/home/master25/mae26/s.kim/RP/QAOA-TSP-supaero-mae-reasearch/qaoa.cpp:221->/home/master25/mae26/s.kim/RP/QAOA-TSP-supaero-mae-reasearch/qaoa.cpp:225) [29]  (2.129 ns)
	'sub' operation 6 bit ('sub_ln231_1', /home/master25/mae26/s.kim/RP/QAOA-TSP-supaero-mae-reasearch/qaoa.cpp:231->/home/master25/mae26/s.kim/RP/QAOA-TSP-supaero-mae-reasearch/qaoa.cpp:227->/home/master25/mae26/s.kim/RP/QAOA-TSP-supaero-mae-reasearch/qaoa.cpp:227->/home/master25/mae26/s.kim/RP/QAOA-TSP-supaero-mae-reasearch/qaoa.cpp:221->/home/master25/mae26/s.kim/RP/QAOA-TSP-supaero-mae-reasearch/qaoa.cpp:225) [32]  (1.825 ns)

 <State 7>: 7.979ns
The critical path consists of the following:
	'sub' operation 5 bit ('sub_ln231_4', /home/master25/mae26/s.kim/RP/QAOA-TSP-supaero-mae-reasearch/qaoa.cpp:231->/home/master25/mae26/s.kim/RP/QAOA-TSP-supaero-mae-reasearch/qaoa.cpp:227->/home/master25/mae26/s.kim/RP/QAOA-TSP-supaero-mae-reasearch/qaoa.cpp:227->/home/master25/mae26/s.kim/RP/QAOA-TSP-supaero-mae-reasearch/qaoa.cpp:221->/home/master25/mae26/s.kim/RP/QAOA-TSP-supaero-mae-reasearch/qaoa.cpp:225) [38]  (1.780 ns)
	'lshr' operation 32 bit ('lshr_ln231_2', /home/master25/mae26/s.kim/RP/QAOA-TSP-supaero-mae-reasearch/qaoa.cpp:231->/home/master25/mae26/s.kim/RP/QAOA-TSP-supaero-mae-reasearch/qaoa.cpp:227->/home/master25/mae26/s.kim/RP/QAOA-TSP-supaero-mae-reasearch/qaoa.cpp:227->/home/master25/mae26/s.kim/RP/QAOA-TSP-supaero-mae-reasearch/qaoa.cpp:221->/home/master25/mae26/s.kim/RP/QAOA-TSP-supaero-mae-reasearch/qaoa.cpp:225) [40]  (2.669 ns)
	'and' operation 32 bit ('and_ln231', /home/master25/mae26/s.kim/RP/QAOA-TSP-supaero-mae-reasearch/qaoa.cpp:231->/home/master25/mae26/s.kim/RP/QAOA-TSP-supaero-mae-reasearch/qaoa.cpp:227->/home/master25/mae26/s.kim/RP/QAOA-TSP-supaero-mae-reasearch/qaoa.cpp:227->/home/master25/mae26/s.kim/RP/QAOA-TSP-supaero-mae-reasearch/qaoa.cpp:221->/home/master25/mae26/s.kim/RP/QAOA-TSP-supaero-mae-reasearch/qaoa.cpp:225) [41]  (0.000 ns)
	'icmp' operation 1 bit ('icmp_ln231_2', /home/master25/mae26/s.kim/RP/QAOA-TSP-supaero-mae-reasearch/qaoa.cpp:231->/home/master25/mae26/s.kim/RP/QAOA-TSP-supaero-mae-reasearch/qaoa.cpp:227->/home/master25/mae26/s.kim/RP/QAOA-TSP-supaero-mae-reasearch/qaoa.cpp:227->/home/master25/mae26/s.kim/RP/QAOA-TSP-supaero-mae-reasearch/qaoa.cpp:221->/home/master25/mae26/s.kim/RP/QAOA-TSP-supaero-mae-reasearch/qaoa.cpp:225) [42]  (2.552 ns)
	'and' operation 1 bit ('phi_ln231', /home/master25/mae26/s.kim/RP/QAOA-TSP-supaero-mae-reasearch/qaoa.cpp:231->/home/master25/mae26/s.kim/RP/QAOA-TSP-supaero-mae-reasearch/qaoa.cpp:227->/home/master25/mae26/s.kim/RP/QAOA-TSP-supaero-mae-reasearch/qaoa.cpp:227->/home/master25/mae26/s.kim/RP/QAOA-TSP-supaero-mae-reasearch/qaoa.cpp:221->/home/master25/mae26/s.kim/RP/QAOA-TSP-supaero-mae-reasearch/qaoa.cpp:225) [43]  (0.000 ns)
	'or' operation 1 bit ('or_ln231', /home/master25/mae26/s.kim/RP/QAOA-TSP-supaero-mae-reasearch/qaoa.cpp:231->/home/master25/mae26/s.kim/RP/QAOA-TSP-supaero-mae-reasearch/qaoa.cpp:227->/home/master25/mae26/s.kim/RP/QAOA-TSP-supaero-mae-reasearch/qaoa.cpp:227->/home/master25/mae26/s.kim/RP/QAOA-TSP-supaero-mae-reasearch/qaoa.cpp:221->/home/master25/mae26/s.kim/RP/QAOA-TSP-supaero-mae-reasearch/qaoa.cpp:225) [48]  (0.978 ns)

 <State 8>: 7.142ns
The critical path consists of the following:
	'select' operation 64 bit ('cond46_i_i53_i_i_i_i', /home/master25/mae26/s.kim/RP/QAOA-TSP-supaero-mae-reasearch/qaoa.cpp:231->/home/master25/mae26/s.kim/RP/QAOA-TSP-supaero-mae-reasearch/qaoa.cpp:227->/home/master25/mae26/s.kim/RP/QAOA-TSP-supaero-mae-reasearch/qaoa.cpp:227->/home/master25/mae26/s.kim/RP/QAOA-TSP-supaero-mae-reasearch/qaoa.cpp:221->/home/master25/mae26/s.kim/RP/QAOA-TSP-supaero-mae-reasearch/qaoa.cpp:225) [59]  (0.000 ns)
	'add' operation 64 bit ('add_ln231_2', /home/master25/mae26/s.kim/RP/QAOA-TSP-supaero-mae-reasearch/qaoa.cpp:231->/home/master25/mae26/s.kim/RP/QAOA-TSP-supaero-mae-reasearch/qaoa.cpp:227->/home/master25/mae26/s.kim/RP/QAOA-TSP-supaero-mae-reasearch/qaoa.cpp:227->/home/master25/mae26/s.kim/RP/QAOA-TSP-supaero-mae-reasearch/qaoa.cpp:221->/home/master25/mae26/s.kim/RP/QAOA-TSP-supaero-mae-reasearch/qaoa.cpp:225) [61]  (3.520 ns)
	'select' operation 8 bit ('select_ln231_1', /home/master25/mae26/s.kim/RP/QAOA-TSP-supaero-mae-reasearch/qaoa.cpp:231->/home/master25/mae26/s.kim/RP/QAOA-TSP-supaero-mae-reasearch/qaoa.cpp:227->/home/master25/mae26/s.kim/RP/QAOA-TSP-supaero-mae-reasearch/qaoa.cpp:227->/home/master25/mae26/s.kim/RP/QAOA-TSP-supaero-mae-reasearch/qaoa.cpp:221->/home/master25/mae26/s.kim/RP/QAOA-TSP-supaero-mae-reasearch/qaoa.cpp:225) [65]  (0.000 ns)
	'add' operation 8 bit ('add_ln231_3', /home/master25/mae26/s.kim/RP/QAOA-TSP-supaero-mae-reasearch/qaoa.cpp:231->/home/master25/mae26/s.kim/RP/QAOA-TSP-supaero-mae-reasearch/qaoa.cpp:227->/home/master25/mae26/s.kim/RP/QAOA-TSP-supaero-mae-reasearch/qaoa.cpp:227->/home/master25/mae26/s.kim/RP/QAOA-TSP-supaero-mae-reasearch/qaoa.cpp:221->/home/master25/mae26/s.kim/RP/QAOA-TSP-supaero-mae-reasearch/qaoa.cpp:225) [68]  (1.915 ns)
	multiplexor before 'phi' operation 32 bit ('retval_0_loc_0', /home/master25/mae26/s.kim/RP/QAOA-TSP-supaero-mae-reasearch/qaoa.cpp:758->/home/master25/mae26/s.kim/RP/QAOA-TSP-supaero-mae-reasearch/qaoa.cpp:227->/home/master25/mae26/s.kim/RP/QAOA-TSP-supaero-mae-reasearch/qaoa.cpp:227->/home/master25/mae26/s.kim/RP/QAOA-TSP-supaero-mae-reasearch/qaoa.cpp:221->/home/master25/mae26/s.kim/RP/QAOA-TSP-supaero-mae-reasearch/qaoa.cpp:225) with incoming values : ('bitcast_ln758_1', /home/master25/mae26/s.kim/RP/QAOA-TSP-supaero-mae-reasearch/qaoa.cpp:758->/home/master25/mae26/s.kim/RP/QAOA-TSP-supaero-mae-reasearch/qaoa.cpp:227->/home/master25/mae26/s.kim/RP/QAOA-TSP-supaero-mae-reasearch/qaoa.cpp:227->/home/master25/mae26/s.kim/RP/QAOA-TSP-supaero-mae-reasearch/qaoa.cpp:221->/home/master25/mae26/s.kim/RP/QAOA-TSP-supaero-mae-reasearch/qaoa.cpp:225) ('bitcast_ln758', /home/master25/mae26/s.kim/RP/QAOA-TSP-supaero-mae-reasearch/qaoa.cpp:758->/home/master25/mae26/s.kim/RP/QAOA-TSP-supaero-mae-reasearch/qaoa.cpp:227->/home/master25/mae26/s.kim/RP/QAOA-TSP-supaero-mae-reasearch/qaoa.cpp:227->/home/master25/mae26/s.kim/RP/QAOA-TSP-supaero-mae-reasearch/qaoa.cpp:221->/home/master25/mae26/s.kim/RP/QAOA-TSP-supaero-mae-reasearch/qaoa.cpp:225) [129]  (1.707 ns)
	'phi' operation 32 bit ('retval_0_loc_0', /home/master25/mae26/s.kim/RP/QAOA-TSP-supaero-mae-reasearch/qaoa.cpp:758->/home/master25/mae26/s.kim/RP/QAOA-TSP-supaero-mae-reasearch/qaoa.cpp:227->/home/master25/mae26/s.kim/RP/QAOA-TSP-supaero-mae-reasearch/qaoa.cpp:227->/home/master25/mae26/s.kim/RP/QAOA-TSP-supaero-mae-reasearch/qaoa.cpp:221->/home/master25/mae26/s.kim/RP/QAOA-TSP-supaero-mae-reasearch/qaoa.cpp:225) with incoming values : ('bitcast_ln758_1', /home/master25/mae26/s.kim/RP/QAOA-TSP-supaero-mae-reasearch/qaoa.cpp:758->/home/master25/mae26/s.kim/RP/QAOA-TSP-supaero-mae-reasearch/qaoa.cpp:227->/home/master25/mae26/s.kim/RP/QAOA-TSP-supaero-mae-reasearch/qaoa.cpp:227->/home/master25/mae26/s.kim/RP/QAOA-TSP-supaero-mae-reasearch/qaoa.cpp:221->/home/master25/mae26/s.kim/RP/QAOA-TSP-supaero-mae-reasearch/qaoa.cpp:225) ('bitcast_ln758', /home/master25/mae26/s.kim/RP/QAOA-TSP-supaero-mae-reasearch/qaoa.cpp:758->/home/master25/mae26/s.kim/RP/QAOA-TSP-supaero-mae-reasearch/qaoa.cpp:227->/home/master25/mae26/s.kim/RP/QAOA-TSP-supaero-mae-reasearch/qaoa.cpp:227->/home/master25/mae26/s.kim/RP/QAOA-TSP-supaero-mae-reasearch/qaoa.cpp:221->/home/master25/mae26/s.kim/RP/QAOA-TSP-supaero-mae-reasearch/qaoa.cpp:225) [129]  (0.000 ns)

 <State 9>: 7.979ns
The critical path consists of the following:
	'sub' operation 5 bit ('sub_ln228_4', /home/master25/mae26/s.kim/RP/QAOA-TSP-supaero-mae-reasearch/qaoa.cpp:228->/home/master25/mae26/s.kim/RP/QAOA-TSP-supaero-mae-reasearch/qaoa.cpp:227->/home/master25/mae26/s.kim/RP/QAOA-TSP-supaero-mae-reasearch/qaoa.cpp:227->/home/master25/mae26/s.kim/RP/QAOA-TSP-supaero-mae-reasearch/qaoa.cpp:221->/home/master25/mae26/s.kim/RP/QAOA-TSP-supaero-mae-reasearch/qaoa.cpp:225) [92]  (1.780 ns)
	'lshr' operation 32 bit ('lshr_ln228_2', /home/master25/mae26/s.kim/RP/QAOA-TSP-supaero-mae-reasearch/qaoa.cpp:228->/home/master25/mae26/s.kim/RP/QAOA-TSP-supaero-mae-reasearch/qaoa.cpp:227->/home/master25/mae26/s.kim/RP/QAOA-TSP-supaero-mae-reasearch/qaoa.cpp:227->/home/master25/mae26/s.kim/RP/QAOA-TSP-supaero-mae-reasearch/qaoa.cpp:221->/home/master25/mae26/s.kim/RP/QAOA-TSP-supaero-mae-reasearch/qaoa.cpp:225) [94]  (2.669 ns)
	'and' operation 32 bit ('and_ln228', /home/master25/mae26/s.kim/RP/QAOA-TSP-supaero-mae-reasearch/qaoa.cpp:228->/home/master25/mae26/s.kim/RP/QAOA-TSP-supaero-mae-reasearch/qaoa.cpp:227->/home/master25/mae26/s.kim/RP/QAOA-TSP-supaero-mae-reasearch/qaoa.cpp:227->/home/master25/mae26/s.kim/RP/QAOA-TSP-supaero-mae-reasearch/qaoa.cpp:221->/home/master25/mae26/s.kim/RP/QAOA-TSP-supaero-mae-reasearch/qaoa.cpp:225) [95]  (0.000 ns)
	'icmp' operation 1 bit ('icmp_ln228_2', /home/master25/mae26/s.kim/RP/QAOA-TSP-supaero-mae-reasearch/qaoa.cpp:228->/home/master25/mae26/s.kim/RP/QAOA-TSP-supaero-mae-reasearch/qaoa.cpp:227->/home/master25/mae26/s.kim/RP/QAOA-TSP-supaero-mae-reasearch/qaoa.cpp:227->/home/master25/mae26/s.kim/RP/QAOA-TSP-supaero-mae-reasearch/qaoa.cpp:221->/home/master25/mae26/s.kim/RP/QAOA-TSP-supaero-mae-reasearch/qaoa.cpp:225) [96]  (2.552 ns)
	'and' operation 1 bit ('phi_ln228', /home/master25/mae26/s.kim/RP/QAOA-TSP-supaero-mae-reasearch/qaoa.cpp:228->/home/master25/mae26/s.kim/RP/QAOA-TSP-supaero-mae-reasearch/qaoa.cpp:227->/home/master25/mae26/s.kim/RP/QAOA-TSP-supaero-mae-reasearch/qaoa.cpp:227->/home/master25/mae26/s.kim/RP/QAOA-TSP-supaero-mae-reasearch/qaoa.cpp:221->/home/master25/mae26/s.kim/RP/QAOA-TSP-supaero-mae-reasearch/qaoa.cpp:225) [97]  (0.000 ns)
	'or' operation 1 bit ('or_ln228', /home/master25/mae26/s.kim/RP/QAOA-TSP-supaero-mae-reasearch/qaoa.cpp:228->/home/master25/mae26/s.kim/RP/QAOA-TSP-supaero-mae-reasearch/qaoa.cpp:227->/home/master25/mae26/s.kim/RP/QAOA-TSP-supaero-mae-reasearch/qaoa.cpp:227->/home/master25/mae26/s.kim/RP/QAOA-TSP-supaero-mae-reasearch/qaoa.cpp:221->/home/master25/mae26/s.kim/RP/QAOA-TSP-supaero-mae-reasearch/qaoa.cpp:225) [102]  (0.978 ns)


============================================================
+ Verbose Summary: Binding
============================================================
N/A
* FSMD analyzer results:
  - Output states:
 - Input state : 
  - Chain level:
	State 1
	State 2
	State 3
	State 4
	State 5
	State 6
	State 7
	State 8
	State 9


============================================================
+ Verbose Summary: Datapath Resource usage 
============================================================
N/A
