

================================================================
== Vitis HLS Report for 'applyCost_hls_3_s'
================================================================
* Date:           Thu Nov 20 16:57:53 2025

* Version:        2024.2 (Build 5238294 on Nov  8 2024)
* Project:        qaoa_kernel
* Solution:       hls (Vivado IP Flow Target)
* Product family: zynq
* Target device:  xc7z010-clg400-1


================================================================
== Performance Estimates
================================================================
+ Timing: 
    * Summary: 
    +--------+----------+----------+------------+
    |  Clock |  Target  | Estimated| Uncertainty|
    +--------+----------+----------+------------+
    |ap_clk  |  10.00 ns|  8.697 ns|     2.00 ns|
    +--------+----------+----------+------------+

+ Latency: 
    * Summary: 
    +---------+---------+----------+----------+--------+--------+------------------------------------------------+
    |  Latency (cycles) |  Latency (absolute) |     Interval    |                    Pipeline                    |
    |   min   |   max   |    min   |    max   |   min  |   max  |                      Type                      |
    +---------+---------+----------+----------+--------+--------+------------------------------------------------+
    |   156709|   156709|  1.567 ms|  1.567 ms|  156681|  156681|  loop auto-rewind stp (delay=0 clock cycles(s))|
    +---------+---------+----------+----------+--------+--------+------------------------------------------------+

    + Detail: 
        * Instance: 
        +--------------------------------+---------------------+---------+---------+----------+----------+-----+-----+---------+
        |                                |                     |  Latency (cycles) |  Latency (absolute) |  Interval | Pipeline|
        |            Instance            |        Module       |   min   |   max   |    min   |    max   | min | max |   Type  |
        +--------------------------------+---------------------+---------+---------+----------+----------+-----+-----+---------+
        |grp_costHamiltonian_3_s_fu_209  |costHamiltonian_3_s  |       29|       29|  0.290 us|  0.290 us|    9|    9|      yes|
        +--------------------------------+---------------------+---------+---------+----------+----------+-----+-----+---------+

        * Loop: 
        +-----------------------------------+---------+---------+----------+-----------+-----------+-------+----------+
        |                                   |  Latency (cycles) | Iteration|  Initiation Interval  |  Trip |          |
        |             Loop Name             |   min   |   max   |  Latency |  achieved |   target  | Count | Pipelined|
        +-----------------------------------+---------+---------+----------+-----------+-----------+-------+----------+
        |- VITIS_LOOP_86_1_VITIS_LOOP_61_1  |   156707|   156707|        45|          9|          1|  17408|       yes|
        +-----------------------------------+---------+---------+----------+-----------+-----------+-------+----------+



================================================================
== Utilization Estimates
================================================================
* Summary: 
+-----------------+---------+----+-------+-------+-----+
|       Name      | BRAM_18K| DSP|   FF  |  LUT  | URAM|
+-----------------+---------+----+-------+-------+-----+
|DSP              |        -|   -|      -|      -|    -|
|Expression       |        -|   -|      0|   1253|    -|
|FIFO             |        -|   -|      -|      -|    -|
|Instance         |        -|  11|   3374|   9657|    -|
|Memory           |        4|   -|      0|      0|    -|
|Multiplexer      |        -|   -|      0|    162|    -|
|Register         |        -|   -|   1273|    160|    -|
+-----------------+---------+----+-------+-------+-----+
|Total            |        4|  11|   4647|  11232|    0|
+-----------------+---------+----+-------+-------+-----+
|Available        |      120|  80|  35200|  17600|    0|
+-----------------+---------+----+-------+-------+-----+
|Utilization (%)  |        3|  13|     13|     63|    0|
+-----------------+---------+----+-------+-------+-----+

+ Detail: 
    * Instance: 
    +--------------------------------+----------------------+---------+----+------+------+-----+
    |            Instance            |        Module        | BRAM_18K| DSP|  FF  |  LUT | URAM|
    +--------------------------------+----------------------+---------+----+------+------+-----+
    |grp_costHamiltonian_3_s_fu_209  |costHamiltonian_3_s   |        0|   3|  2983|  9509|    0|
    |mul_11ns_33ns_34_2_1_U9         |mul_11ns_33ns_34_2_1  |        0|   2|   169|    52|    0|
    |mul_32ns_46ns_76_3_1_U10        |mul_32ns_46ns_76_3_1  |        0|   6|   222|    78|    0|
    |sparsemux_7_2_33_1_1_U13        |sparsemux_7_2_33_1_1  |        0|   0|     0|     9|    0|
    |sparsemux_7_2_33_1_1_U14        |sparsemux_7_2_33_1_1  |        0|   0|     0|     9|    0|
    +--------------------------------+----------------------+---------+----+------+------+-----+
    |Total                           |                      |        0|  11|  3374|  9657|    0|
    +--------------------------------+----------------------+---------+----+------+------+-----+

    * DSP: 
    N/A

    * Memory: 
    +----------------------------------------+--------------------------------------------------------------------+---------+---+----+-----+------+-----+------+-------------+
    |                 Memory                 |                               Module                               | BRAM_18K| FF| LUT| URAM| Words| Bits| Banks| W*Bits*Banks|
    +----------------------------------------+--------------------------------------------------------------------+---------+---+----+-----+------+-----+------+-------------+
    |cordic_apfixed_circ_table_arctan_128_U  |applyCost_hls_3_s_cordic_apfixed_circ_table_arctan_128_ROM_AUTO_1R  |        4|  0|   0|    0|   128|  126|     1|        16128|
    +----------------------------------------+--------------------------------------------------------------------+---------+---+----+-----+------+-----+------+-------------+
    |Total                                   |                                                                    |        4|  0|   0|    0|   128|  126|     1|        16128|
    +----------------------------------------+--------------------------------------------------------------------+---------+---+----+-----+------+-----+------+-------------+

    * FIFO: 
    N/A

    * Expression: 
    +-------------------------+----------+----+---+-----+------------+------------+
    |      Variable Name      | Operation| DSP| FF| LUT | Bitwidth P0| Bitwidth P1|
    +-------------------------+----------+----+---+-----+------------+------------+
    |add_ln42_fu_475_p2       |         +|   0|  0|   41|          34|          34|
    |add_ln61_fu_322_p2       |         +|   0|  0|   14|           6|           1|
    |add_ln65_fu_767_p2       |         +|   0|  0|   59|          52|          52|
    |add_ln76_fu_567_p2       |         +|   0|  0|   41|          34|          34|
    |add_ln78_fu_610_p2       |         +|   0|  0|   41|          34|          34|
    |add_ln82_fu_579_p2       |         +|   0|  0|   41|          34|          34|
    |add_ln86_1_fu_272_p2     |         +|   0|  0|   20|          15|           1|
    |add_ln86_fu_289_p2       |         +|   0|  0|   13|          10|           1|
    |sub_ln211_fu_392_p2      |         -|   0|  0|   39|           1|          32|
    |sub_ln228_fu_494_p2      |         -|   0|  0|   41|          33|          34|
    |sub_ln254_fu_632_p2      |         -|   0|  0|   40|           1|          33|
    |sub_ln261_fu_627_p2      |         -|   0|  0|   40|           1|          33|
    |sub_ln266_fu_725_p2      |         -|   0|  0|   29|           1|          22|
    |sub_ln77_fu_571_p2       |         -|   0|  0|   41|          34|          34|
    |sub_ln81_fu_575_p2       |         -|   0|  0|   41|          34|          34|
    |sub_ln83_fu_615_p2       |         -|   0|  0|   41|          34|          34|
    |x_s_fu_371_p2            |      ashr|   0|  0|  108|          34|          34|
    |y_s_fu_408_p2            |      ashr|   0|  0|  108|          34|          34|
    |first_iter_0_fu_417_p2   |      icmp|   0|  0|   14|           6|           1|
    |icmp_ln225_2_fu_505_p2   |      icmp|   0|  0|   10|           2|           1|
    |icmp_ln225_fu_500_p2     |      icmp|   0|  0|   10|           2|           2|
    |icmp_ln248_2_fu_642_p2   |      icmp|   0|  0|   10|           2|           1|
    |icmp_ln248_fu_637_p2     |      icmp|   0|  0|   11|           2|           3|
    |icmp_ln61_1_fu_328_p2    |      icmp|   0|  0|   14|           6|           6|
    |icmp_ln61_fu_295_p2      |      icmp|   0|  0|   14|           6|           6|
    |icmp_ln86_fu_266_p2      |      icmp|   0|  0|   20|          15|          15|
    |sign0_fu_387_p2          |      icmp|   0|  0|   39|          32|           1|
    |or_ln225_fu_510_p2       |        or|   0|  0|    2|           1|           1|
    |or_ln248_fu_647_p2       |        or|   0|  0|    2|           1|           1|
    |empty_63_fu_540_p3       |    select|   0|  0|   33|           1|          33|
    |inabs_fu_397_p3          |    select|   0|  0|   32|           1|          32|
    |outsin_fu_731_p3         |    select|   0|  0|   22|           1|          22|
    |select_ln61_fu_552_p3    |    select|   0|  0|   34|           1|          34|
    |select_ln86_1_fu_380_p3  |    select|   0|  0|   34|           1|           1|
    |select_ln86_2_fu_351_p3  |    select|   0|  0|   34|           1|          31|
    |select_ln86_3_fu_309_p3  |    select|   0|  0|   10|           1|          10|
    |select_ln86_fu_301_p3    |    select|   0|  0|    6|           1|           1|
    |x_fu_583_p3              |    select|   0|  0|   34|           1|          34|
    |y_fu_591_p3              |    select|   0|  0|   34|           1|          34|
    |z_fu_620_p3              |    select|   0|  0|   34|           1|          34|
    |ap_enable_pp0            |       xor|   0|  0|    2|           1|           2|
    +-------------------------+----------+----+---+-----+------------+------------+
    |Total                    |          |   0|  0| 1253|         513|         821|
    +-------------------------+----------+----+---+-----+------------+------------+

    * Multiplexer: 
    +--------------------------------------+----+-----------+-----+-----------+
    |                 Name                 | LUT| Input Size| Bits| Total Bits|
    +--------------------------------------+----+-----------+-----+-----------+
    |ap_NS_fsm                             |  53|         10|    1|         10|
    |ap_done_int                           |   9|          2|    1|          2|
    |ap_enable_reg_pp0_iter0               |   9|          2|    1|          2|
    |ap_enable_reg_pp0_iter1               |   9|          2|    1|          2|
    |ap_sig_allocacmp_indvar_flatten_load  |   9|          2|   15|         30|
    |empty_61_fu_140                       |   9|          2|   34|         68|
    |empty_62_fu_144                       |   9|          2|   34|         68|
    |grp_fu_226_p0                         |  14|          3|   32|         96|
    |grp_fu_226_p1                         |  14|          3|   22|         66|
    |indvar_flatten_fu_156                 |   9|          2|   15|         30|
    |n_fu_148                              |   9|          2|    6|         12|
    |s_fu_152                              |   9|          2|   10|         20|
    +--------------------------------------+----+-----------+-----+-----------+
    |Total                                 | 162|         34|  172|        406|
    +--------------------------------------+----+-----------+-----+-----------+

    * Register: 
    +---------------------------------------------+----+----+-----+-----------+
    |                     Name                    | FF | LUT| Bits| Const Bits|
    +---------------------------------------------+----+----+-----+-----------+
    |Hs_reg_854                                   |  32|   0|   32|          0|
    |ang_reg_870                                  |  32|   0|   32|          0|
    |ap_CS_fsm                                    |   9|   0|    9|          0|
    |ap_done_reg                                  |   1|   0|    1|          0|
    |ap_enable_reg_pp0_iter0_reg                  |   1|   0|    1|          0|
    |ap_enable_reg_pp0_iter1                      |   1|   0|    1|          0|
    |ap_enable_reg_pp0_iter2                      |   1|   0|    1|          0|
    |ap_enable_reg_pp0_iter3                      |   1|   0|    1|          0|
    |ap_enable_reg_pp0_iter4                      |   1|   0|    1|          0|
    |ap_loop_exit_ready_pp0_iter1_reg             |   1|   0|    1|          0|
    |ap_loop_exit_ready_pp0_iter2_reg             |   1|   0|    1|          0|
    |ap_loop_exit_ready_pp0_iter3_reg             |   1|   0|    1|          0|
    |d_1_reg_991                                  |   1|   0|    1|          0|
    |empty_61_fu_140                              |  34|   0|   34|          0|
    |empty_62_fu_144                              |  34|   0|   34|          0|
    |empty_fu_136                                 |  34|   0|   34|          0|
    |first_iter_0_reg_920                         |   1|   0|    1|          0|
    |grp_costHamiltonian_3_s_fu_209_ap_start_reg  |   1|   0|    1|          0|
    |icmp_ln225_2_reg_979                         |   1|   0|    1|          0|
    |icmp_ln61_1_reg_850                          |   1|   0|    1|          0|
    |icmp_ln61_reg_832                            |   1|   0|    1|          0|
    |icmp_ln86_reg_828                            |   1|   0|    1|          0|
    |inabs_reg_899                                |  32|   0|   32|          0|
    |indvar_flatten_fu_156                        |  15|   0|   15|          0|
    |k_reg_930                                    |   2|   0|    2|          0|
    |mul_ln42_reg_974                             |  34|   0|   34|          0|
    |mul_ln65_1_reg_1053                          |  52|   0|   52|          0|
    |mul_ln65_reg_1038                            |  52|   0|   52|          0|
    |n_fu_148                                     |   6|   0|    6|          0|
    |outcos_reg_1018                              |  22|   0|   22|          0|
    |outsin_reg_1023                              |  22|   0|   22|          0|
    |s_fu_152                                     |  10|   0|   10|          0|
    |select_ln61_reg_985                          |  34|   0|   34|          0|
    |select_ln86_1_reg_888                        |  34|   0|   34|          0|
    |select_ln86_2_reg_864                        |  34|   0|   34|          0|
    |select_ln86_3_reg_845                        |  10|   0|   10|          0|
    |select_ln86_reg_838                          |   6|   0|    6|          0|
    |sext_ln86_reg_823                            |  52|   0|   52|          0|
    |sign0_reg_894                                |   1|   0|    1|          0|
    |this_im_load_reg_969                         |  32|   0|   32|          0|
    |this_re_load_reg_964                         |  32|   0|   32|          0|
    |this_re_reg_943                              |   9|   0|    9|          0|
    |tmp_73_reg_959                               |  31|   0|   31|          0|
    |tmp_reg_925                                  |  11|   0|   11|          0|
    |trunc_ln42_reg_904                           |  21|   0|   21|          0|
    |trunc_ln61_2_reg_1012                        |  33|   0|   33|          0|
    |trunc_ln61_reg_1006                          |  33|   0|   33|          0|
    |x_reg_996                                    |  34|   0|   34|          0|
    |x_s_reg_882                                  |  34|   0|   34|          0|
    |y_reg_1001                                   |  34|   0|   34|          0|
    |y_s_reg_909                                  |  34|   0|   34|          0|
    |zext_ln71_reg_877                            |   6|   0|   34|         28|
    |icmp_ln61_1_reg_850                          |  64|  32|    1|          0|
    |icmp_ln61_reg_832                            |  64|  32|    1|          0|
    |icmp_ln86_reg_828                            |  64|  32|    1|          0|
    |select_ln86_3_reg_845                        |  64|  32|   10|          0|
    |select_ln86_reg_838                          |  64|  32|    6|          0|
    +---------------------------------------------+----+----+-----+-----------+
    |Total                                        |1273| 160| 1000|         28|
    +---------------------------------------------+----+----+-----+-----------+



================================================================
== Interface
================================================================
* Summary: 
+--------------------+-----+-----+------------+------------------+--------------+
|      RTL Ports     | Dir | Bits|  Protocol  |   Source Object  |    C Type    |
+--------------------+-----+-----+------------+------------------+--------------+
|ap_clk              |   in|    1|  ap_ctrl_hs|  applyCost_hls<3>|  return value|
|ap_rst              |   in|    1|  ap_ctrl_hs|  applyCost_hls<3>|  return value|
|ap_start            |   in|    1|  ap_ctrl_hs|  applyCost_hls<3>|  return value|
|ap_done             |  out|    1|  ap_ctrl_hs|  applyCost_hls<3>|  return value|
|ap_idle             |  out|    1|  ap_ctrl_hs|  applyCost_hls<3>|  return value|
|ap_ready            |  out|    1|  ap_ctrl_hs|  applyCost_hls<3>|  return value|
|grp_fu_102_p_din0   |  out|   32|  ap_ctrl_hs|  applyCost_hls<3>|  return value|
|grp_fu_102_p_din1   |  out|   22|  ap_ctrl_hs|  applyCost_hls<3>|  return value|
|grp_fu_102_p_dout0  |   in|   52|  ap_ctrl_hs|  applyCost_hls<3>|  return value|
|grp_fu_102_p_ce     |  out|    1|  ap_ctrl_hs|  applyCost_hls<3>|  return value|
|grp_fu_106_p_din0   |  out|   32|  ap_ctrl_hs|  applyCost_hls<3>|  return value|
|grp_fu_106_p_din1   |  out|   32|  ap_ctrl_hs|  applyCost_hls<3>|  return value|
|grp_fu_106_p_dout0  |   in|   52|  ap_ctrl_hs|  applyCost_hls<3>|  return value|
|grp_fu_106_p_ce     |  out|    1|  ap_ctrl_hs|  applyCost_hls<3>|  return value|
|state_re_address0   |  out|    9|   ap_memory|          state_re|         array|
|state_re_ce0        |  out|    1|   ap_memory|          state_re|         array|
|state_re_q0         |   in|   32|   ap_memory|          state_re|         array|
|state_re_address1   |  out|    9|   ap_memory|          state_re|         array|
|state_re_ce1        |  out|    1|   ap_memory|          state_re|         array|
|state_re_we1        |  out|    1|   ap_memory|          state_re|         array|
|state_re_d1         |  out|   32|   ap_memory|          state_re|         array|
|state_im_address0   |  out|    9|   ap_memory|          state_im|         array|
|state_im_ce0        |  out|    1|   ap_memory|          state_im|         array|
|state_im_q0         |   in|   32|   ap_memory|          state_im|         array|
|d_address0          |  out|    4|   ap_memory|                 d|         array|
|d_ce0               |  out|    1|   ap_memory|                 d|         array|
|d_q0                |   in|   32|   ap_memory|                 d|         array|
|gamma               |   in|   32|     ap_none|             gamma|        scalar|
+--------------------+-----+-----+------------+------------------+--------------+

